
 *******************************************************************************

         NASA-GLENN CHEMICAL EQUILIBRIUM PROGRAM CEA2, MAY 21, 2004
                   BY  BONNIE MCBRIDE AND SANFORD GORDON
      REFS: NASA RP-1311, PART I, 1994 AND NASA RP-1311, PART II, 1996

 *******************************************************************************



 problem rocket eq fr
     p(bar) = 11.73
     o/f = 6.7
     sup = 1.9248, 1.9375, 1.9502, 1.963, 1.9758, 1.9886
 reac
     fuel = H2(L) t(K) = 30.000
     ox = O2(L) t(K) = 96.700
 outp trans
 end

 OPTIONS: TP=F  HP=F  SP=F  TV=F  UV=F  SV=F  DETN=F  SHOCK=F  REFL=F  INCD=F
 RKT=T  FROZ=T  EQL=T  IONS=F  SIUNIT=T  DEBUGF=F  SHKDBG=F  DETDBG=F  TRNSPT=T

 TRACE= 0.00E+00  S/R= 0.000000E+00  H/R= 0.000000E+00  U/R= 0.000000E+00

 Pc,BAR =    11.730000

 Pc/P =

 SUBSONIC AREA RATIOS =

 SUPERSONIC AREA RATIOS =     1.9248     1.9375     1.9502     1.9630     1.9758
     1.9886

 NFZ=  1  Mdot/Ac= 0.000000E+00  Ac/At= 0.000000E+00

 NOTE! REACTANT H2(L)          HAS BEEN DEFINED FOR TEMPERATURE   20.27K ONLY.
 YOUR TEMPERATURE ASSIGNMENT   30.00 IS NOT = BUT <10 K FROM THIS VALUE. (REACT)

 WARNING!!  AMOUNT MISSING FOR REACTANT  1.
 PROGRAM SETS WEIGHT PERCENT = 100. (REACT)

 NOTE! REACTANT O2(L)          HAS BEEN DEFINED FOR TEMPERATURE   90.17K ONLY.
 YOUR TEMPERATURE ASSIGNMENT   96.70 IS NOT = BUT <10 K FROM THIS VALUE. (REACT)

 WARNING!!  AMOUNT MISSING FOR REACTANT  2.
 PROGRAM SETS WEIGHT PERCENT = 100. (REACT)

    REACTANT          WT.FRAC   (ENERGY/R),K   TEMP,K  DENSITY
        EXPLODED FORMULA
 F: H2(L)            1.000000  -0.108389E+04    20.27  0.0000
          H  2.00000
 O: O2(L)            1.000000  -0.156101E+04    90.17  0.0000
          O  2.00000

  SPECIES BEING CONSIDERED IN THIS SYSTEM
 (CONDENSED PHASE MAY HAVE NAME LISTED SEVERAL TIMES)
  LAST thermo.inp UPDATE:    9/09/04

  g 6/97  *H               g 4/02  HO2              tpis78  *H2            
  g 8/89  H2O              g 6/99  H2O2             g 5/97  *O             
  g 4/02  *OH              tpis89  *O2              g 8/01  O3             
  g11/99  H2O(cr)          g 8/01  H2O(L)           g 8/01  H2O(L)         

 SPECIES WITH TRANSPORT PROPERTIES

        PURE SPECIES

  H                 H2                H2O               O               
  OH                O2              

     BINARY INTERACTIONS

     H               H2              
     H               O               
     H2              H2O             
     H2              O2              
     H2O             O2              
     O               O2              


 O/F =   6.700000

                       EFFECTIVE FUEL     EFFECTIVE OXIDANT        MIXTURE
 ENTHALPY                  h(2)/R              h(1)/R               h0/R
 (KG-MOL)(K)/KG       -0.53767500E+03     -0.48783267E+02     -0.11227570E+03

 KG-FORM.WT./KG             bi(2)               bi(1)               b0i
  *H                   0.99212255E+00      0.00000000E+00      0.12884708E+00
  *O                   0.00000000E+00      0.62502344E-01      0.54385156E-01

 POINT ITN      T            H           O 
   1    9    3326.707     -10.197     -16.247
 Pinf/Pt = 1.725231
   2    3    3177.948     -10.404     -16.506
 Pinf/Pt = 1.723576
   2    2    3178.203     -10.404     -16.506
   3    4    2789.105     -10.999     -17.375
   3    3    2824.257     -10.944     -17.282
   3    2    2824.710     -10.943     -17.281
   4    3    2786.138     -11.004     -17.383
   4    3    2821.859     -10.947     -17.288
   4    2    2822.321     -10.947     -17.287
   5    3    2783.193     -11.009     -17.391
   5    3    2819.482     -10.951     -17.295
   5    2    2819.953     -10.950     -17.293
   6    3    2780.246     -11.013     -17.399
   6    3    2817.107     -10.955     -17.301
   6    2    2817.587     -10.954     -17.300
   7    3    2777.321     -11.018     -17.407
   7    3    2814.753     -10.959     -17.307
   7    2    2815.241     -10.958     -17.306
   8    3    2774.417     -11.023     -17.415
   8    3    2812.419     -10.962     -17.313
   8    2    2812.916     -10.962     -17.312





              THEORETICAL ROCKET PERFORMANCE ASSUMING EQUILIBRIUM

           COMPOSITION DURING EXPANSION FROM INFINITE AREA COMBUSTOR

 Pin =   170.1 PSIA
 CASE =                

             REACTANT                    WT FRACTION      ENERGY      TEMP
                                          (SEE NOTE)     KJ/KG-MOL      K  
 FUEL        H2(L)                        1.0000000     -9012.000     20.270
 OXIDANT     O2(L)                        1.0000000    -12979.000     90.170

 O/F=    6.70000  %FUEL= 12.987013  R,EQ.RATIO= 1.184580  PHI,EQ.RATIO= 1.184580

                 CHAMBER   THROAT     EXIT     EXIT     EXIT     EXIT     EXIT     EXIT
 Pinf/P            1.0000   1.7236   7.0372   7.1073   7.1775   7.2484   7.3193   7.3904
 P, BAR            11.730   6.8056   1.6669   1.6504   1.6343   1.6183   1.6026   1.5872
 T, K             3326.71  3178.20  2824.71  2822.32  2819.95  2817.59  2815.24  2812.92
 RHO, KG/CU M    6.0027-1 3.6967-1 1.0528-1 1.0436-1 1.0344-1 1.0254-1 1.0165-1 1.0078-1
 H, KJ/KG         -933.52 -1966.15 -4369.68 -4385.36 -4400.90 -4416.41 -4431.78 -4447.01
 U, KJ/KG        -2887.62 -3807.16 -5952.88 -5966.89 -5980.76 -5994.62 -6008.34 -6021.94
 G, KJ/KG        -60782.5 -59143.5 -55187.5 -55160.2 -55133.1 -55106.1 -55079.3 -55052.6
 S, KJ/(KG)(K)    17.9905  17.9905  17.9905  17.9905  17.9905  17.9905  17.9905  17.9905

 M, (1/n)          14.155   14.354   14.835   14.838   14.841   14.844   14.847   14.850
 (dLV/dLP)t      -1.04668 -1.04060 -1.02490 -1.02479 -1.02468 -1.02457 -1.02446 -1.02436
 (dLV/dLT)p        1.8632   1.7866   1.5439   1.5420   1.5401   1.5382   1.5363   1.5344
 Cp, KJ/(KG)(K)   12.9713  12.3934  10.1402  10.1204  10.1006  10.0809  10.0612  10.0417
 GAMMAs            1.1243   1.1218   1.1196   1.1197   1.1197   1.1197   1.1197   1.1197
 SON VEL,M/SEC     1482.2   1437.1   1331.4   1330.7   1330.0   1329.3   1328.6   1328.0
 MACH NUMBER        0.000    1.000    1.969    1.975    1.980    1.985    1.991    1.996

 TRANSPORT PROPERTIES (GASES ONLY)
   CONDUCTIVITY IN UNITS OF MILLIWATTS/(CM)(K)

 VISC,MILLIPOISE   1.0408   1.0060  0.92052  0.91993  0.91934  0.91875  0.91817  0.91759

  WITH EQUILIBRIUM REACTIONS

 Cp, KJ/(KG)(K)   12.9713  12.3934  10.1402  10.1204  10.1006  10.0809  10.0612  10.0417
 CONDUCTIVITY     25.9572  23.8289  17.4681  17.4197  17.3717  17.3237  17.2760  17.2287
 PRANDTL NUMBER    0.5201   0.5232   0.5344   0.5345   0.5345   0.5346   0.5347   0.5348

  WITH FROZEN REACTIONS

 Cp, KJ/(KG)(K)    3.5241   3.4986   3.4265   3.4259   3.4254   3.4248   3.4243   3.4237
 CONDUCTIVITY      5.1593   4.9042   4.2958   4.2917   4.2876   4.2836   4.2795   4.2755
 PRANDTL NUMBER    0.7109   0.7177   0.7342   0.7343   0.7345   0.7346   0.7347   0.7348

 PERFORMANCE PARAMETERS

 Ae/At                      1.0000   1.9248   1.9375   1.9502   1.9630   1.9758   1.9886
 CSTAR, M/SEC               2208.0   2208.0   2208.0   2208.0   2208.0   2208.0   2208.0
 CF                         0.6509   1.1873   1.1900   1.1927   1.1953   1.1980   1.2006
 Ivac, M/SEC                2718.2   3225.4   3229.4   3233.3   3237.2   3241.1   3245.0
 Isp, M/SEC                 1437.1   2621.5   2627.5   2633.4   2639.3   2645.1   2650.8


 MOLE FRACTIONS

 *H               0.05034  0.04402  0.02863  0.02853  0.02842  0.02832  0.02822  0.02812
 HO2              0.00005  0.00003  0.00001  0.00001  0.00001  0.00001  0.00001  0.00001
 *H2              0.19404  0.18749  0.17119  0.17108  0.17098  0.17087  0.17077  0.17067
 H2O              0.65468  0.68254  0.75055  0.75100  0.75144  0.75189  0.75233  0.75276
 H2O2             0.00001  0.00000  0.00000  0.00000  0.00000  0.00000  0.00000  0.00000
 *O               0.01080  0.00850  0.00376  0.00373  0.00370  0.00368  0.00365  0.00363
 *OH              0.07595  0.06531  0.03927  0.03910  0.03893  0.03875  0.03858  0.03841
 *O2              0.01413  0.01210  0.00659  0.00655  0.00652  0.00648  0.00644  0.00640

  * THERMODYNAMIC PROPERTIES FITTED TO 20000.K

    PRODUCTS WHICH WERE CONSIDERED BUT WHOSE MOLE FRACTIONS
    WERE LESS THAN 5.000000E-06 FOR ALL ASSIGNED CONDITIONS

 O3              H2O(cr)         H2O(L)         

 NOTE. WEIGHT FRACTION OF FUEL IN TOTAL FUELS AND OF OXIDANT IN TOTAL OXIDANTS





           THEORETICAL ROCKET PERFORMANCE ASSUMING FROZEN COMPOSITION

 Pin =   170.1 PSIA
 CASE =                

             REACTANT                    WT FRACTION      ENERGY      TEMP
                                          (SEE NOTE)     KJ/KG-MOL      K  
 FUEL        H2(L)                        1.0000000     -9012.000     20.270
 OXIDANT     O2(L)                        1.0000000    -12979.000     90.170

 O/F=    6.70000  %FUEL= 12.987013  R,EQ.RATIO= 1.184580  PHI,EQ.RATIO= 1.184580

                 CHAMBER   THROAT     EXIT     EXIT     EXIT     EXIT     EXIT     EXIT
 Pinf/P            1.0000   1.7741   7.9013   7.9853   8.0696   8.1547   8.2400   8.3254
 P, BAR            11.730   6.6116   1.4846   1.4689   1.4536   1.4384   1.4235   1.4089
 T, K             3326.71  3021.30  2331.69  2327.29  2322.94  2318.60  2314.30  2310.04
 RHO, KG/CU M    6.0027-1 3.7255-1 1.0839-1 1.0745-1 1.0653-1 1.0562-1 1.0472-1 1.0383-1
 H, KJ/KG         -933.52 -2001.73 -4339.60 -4354.08 -4368.41 -4382.71 -4396.87 -4410.88
 U, KJ/KG        -2887.62 -3776.43 -5709.23 -5721.13 -5732.91 -5744.66 -5756.29 -5767.80
 G, KJ/KG        -60782.5 -56356.2 -46287.7 -46223.2 -46159.2 -46095.4 -46032.2 -45969.6
 S, KJ/(KG)(K)    17.9905  17.9905  17.9905  17.9905  17.9905  17.9905  17.9905  17.9905

 M, (1/n)          14.155   14.155   14.155   14.155   14.155   14.155   14.155   14.155
 Cp, KJ/(KG)(K)    3.5241   3.4695   3.2970   3.2956   3.2942   3.2928   3.2914   3.2901
 GAMMAs            1.2000   1.2038   1.2168   1.2169   1.2170   1.2171   1.2172   1.2173
 SON VEL,M/SEC     1531.3   1461.6   1290.9   1289.8   1288.6   1287.5   1286.4   1285.2
 MACH NUMBER        0.000    1.000    2.022    2.028    2.034    2.040    2.046    2.052

 TRANSPORT PROPERTIES (GASES ONLY)
   CONDUCTIVITY IN UNITS OF MILLIWATTS/(CM)(K)

 VISC,MILLIPOISE   1.0408  0.96978  0.79722  0.79606  0.79491  0.79375  0.79261  0.79148

  WITH FROZEN REACTIONS

 Cp, KJ/(KG)(K)    3.5241   3.4695   3.2970   3.2956   3.2942   3.2928   3.2914   3.2901
 CONDUCTIVITY      5.1593   4.7246   3.6826   3.6757   3.6688   3.6620   3.6552   3.6485
 PRANDTL NUMBER    0.7109   0.7122   0.7137   0.7137   0.7137   0.7137   0.7137   0.7137

 PERFORMANCE PARAMETERS

 Ae/At                      1.0000   1.9248   1.9375   1.9502   1.9630   1.9758   1.9886
 CSTAR, M/SEC               2154.1   2154.1   2154.1   2154.1   2154.1   2154.1   2154.1
 CF                         0.6785   1.2116   1.2142   1.2167   1.2193   1.2218   1.2242
 Ivac, M/SEC                2675.8   3134.8   3138.2   3141.6   3145.0   3148.4   3151.7
 Isp, M/SEC                 1461.6   2610.0   2615.6   2621.0   2626.5   2631.9   2637.2

 MOLE FRACTIONS

 *H              0.05034   HO2             0.00005   *H2             0.19404
 H2O             0.65468   H2O2            0.00001   *O              0.01080
 *OH             0.07595   *O2             0.01413

  * THERMODYNAMIC PROPERTIES FITTED TO 20000.K

    PRODUCTS WHICH WERE CONSIDERED BUT WHOSE MOLE FRACTIONS
    WERE LESS THAN 5.000000E-06 FOR ALL ASSIGNED CONDITIONS

 O3              H2O(cr)         H2O(L)         

 NOTE. WEIGHT FRACTION OF FUEL IN TOTAL FUELS AND OF OXIDANT IN TOTAL OXIDANTS



