
 *******************************************************************************

         NASA-GLENN CHEMICAL EQUILIBRIUM PROGRAM CEA2, MAY 21, 2004
                   BY  BONNIE MCBRIDE AND SANFORD GORDON
      REFS: NASA RP-1311, PART I, 1994 AND NASA RP-1311, PART II, 1996

 *******************************************************************************



 problem rocket eq fr
     p(bar) = 11.73
     o/f = 6.7
     sub = 2.2212, 2.2208, 2.2233, 2.2196, 2.2159, 2.2122
 reac
     fuel = H2(L) t(K) = 30.000
     ox = O2(L) t(K) = 96.700
 outp trans
 end

 OPTIONS: TP=F  HP=F  SP=F  TV=F  UV=F  SV=F  DETN=F  SHOCK=F  REFL=F  INCD=F
 RKT=T  FROZ=T  EQL=T  IONS=F  SIUNIT=T  DEBUGF=F  SHKDBG=F  DETDBG=F  TRNSPT=T

 TRACE= 0.00E+00  S/R= 0.000000E+00  H/R= 0.000000E+00  U/R= 0.000000E+00

 Pc,BAR =    11.730000

 Pc/P =

 SUBSONIC AREA RATIOS =     2.2212     2.2208     2.2233     2.2196     2.2159
     2.2122

 SUPERSONIC AREA RATIOS =

 NFZ=  1  Mdot/Ac= 0.000000E+00  Ac/At= 0.000000E+00

 NOTE! REACTANT H2(L)          HAS BEEN DEFINED FOR TEMPERATURE   20.27K ONLY.
 YOUR TEMPERATURE ASSIGNMENT   30.00 IS NOT = BUT <10 K FROM THIS VALUE. (REACT)

 WARNING!!  AMOUNT MISSING FOR REACTANT  1.
 PROGRAM SETS WEIGHT PERCENT = 100. (REACT)

 NOTE! REACTANT O2(L)          HAS BEEN DEFINED FOR TEMPERATURE   90.17K ONLY.
 YOUR TEMPERATURE ASSIGNMENT   96.70 IS NOT = BUT <10 K FROM THIS VALUE. (REACT)

 WARNING!!  AMOUNT MISSING FOR REACTANT  2.
 PROGRAM SETS WEIGHT PERCENT = 100. (REACT)

    REACTANT          WT.FRAC   (ENERGY/R),K   TEMP,K  DENSITY
        EXPLODED FORMULA
 F: H2(L)            1.000000  -0.108389E+04    20.27  0.0000
          H  2.00000
 O: O2(L)            1.000000  -0.156101E+04    90.17  0.0000
          O  2.00000

  SPECIES BEING CONSIDERED IN THIS SYSTEM
 (CONDENSED PHASE MAY HAVE NAME LISTED SEVERAL TIMES)
  LAST thermo.inp UPDATE:    9/09/04

  g 6/97  *H               g 4/02  HO2              tpis78  *H2            
  g 8/89  H2O              g 6/99  H2O2             g 5/97  *O             
  g 4/02  *OH              tpis89  *O2              g 8/01  O3             
  g11/99  H2O(cr)          g 8/01  H2O(L)           g 8/01  H2O(L)         

 SPECIES WITH TRANSPORT PROPERTIES

        PURE SPECIES

  H                 H2                H2O               O               
  OH                O2              

     BINARY INTERACTIONS

     H               H2              
     H               O               
     H2              H2O             
     H2              O2              
     H2O             O2              
     O               O2              


 O/F =   6.700000

                       EFFECTIVE FUEL     EFFECTIVE OXIDANT        MIXTURE
 ENTHALPY                  h(2)/R              h(1)/R               h0/R
 (KG-MOL)(K)/KG       -0.53767500E+03     -0.48783267E+02     -0.11227570E+03

 KG-FORM.WT./KG             bi(2)               bi(1)               b0i
  *H                   0.99212255E+00      0.00000000E+00      0.12884708E+00
  *O                   0.00000000E+00      0.62502344E-01      0.54385156E-01

 POINT ITN      T            H           O 
   1    9    3326.707     -10.197     -16.247
 Pinf/Pt = 1.725231
   2    3    3177.948     -10.404     -16.506
 Pinf/Pt = 1.723576
   2    2    3178.203     -10.404     -16.506
   3    2    3316.638     -10.211     -16.264
   3    2    3314.613     -10.214     -16.267
   3    2    3314.378     -10.214     -16.267
   3    1    3314.376     -10.214     -16.267
   4    2    3316.634     -10.211     -16.264
   4    2    3314.608     -10.214     -16.267
   4    2    3314.373     -10.214     -16.267
   4    1    3314.371     -10.214     -16.267
   5    2    3316.658     -10.211     -16.264
   5    2    3314.638     -10.213     -16.267
   5    2    3314.403     -10.214     -16.267
   5    1    3314.401     -10.214     -16.267
   6    2    3316.623     -10.211     -16.264
   6    2    3314.594     -10.214     -16.267
   6    2    3314.359     -10.214     -16.268
   6    1    3314.356     -10.214     -16.268
   7    2    3316.588     -10.211     -16.264
   7    2    3314.551     -10.214     -16.267
   7    2    3314.314     -10.214     -16.268
   7    1    3314.311     -10.214     -16.268
   8    2    3316.552     -10.211     -16.264
   8    2    3314.507     -10.214     -16.267
   8    2    3314.269     -10.214     -16.268
   8    1    3314.266     -10.214     -16.268





              THEORETICAL ROCKET PERFORMANCE ASSUMING EQUILIBRIUM

           COMPOSITION DURING EXPANSION FROM INFINITE AREA COMBUSTOR

 Pin =   170.1 PSIA
 CASE =                

             REACTANT                    WT FRACTION      ENERGY      TEMP
                                          (SEE NOTE)     KJ/KG-MOL      K  
 FUEL        H2(L)                        1.0000000     -9012.000     20.270
 OXIDANT     O2(L)                        1.0000000    -12979.000     90.170

 O/F=    6.70000  %FUEL= 12.987013  R,EQ.RATIO= 1.184580  PHI,EQ.RATIO= 1.184580

                 CHAMBER   THROAT     EXIT     EXIT     EXIT     EXIT     EXIT     EXIT
 Pinf/P            1.0000   1.7236   1.0450   1.0450   1.0449   1.0451   1.0453   1.0454
 P, BAR            11.730   6.8056   11.225   11.224   11.226   11.224   11.222   11.220
 T, K             3326.71  3178.20  3314.38  3314.37  3314.40  3314.36  3314.31  3314.27
 RHO, KG/CU M    6.0027-1 3.6967-1 5.7721-1 5.7721-1 5.7726-1 5.7718-1 5.7710-1 5.7701-1
 H, KJ/KG         -933.52 -1966.15 -1019.36 -1019.40 -1019.19 -1019.50 -1019.81 -1020.12
 U, KJ/KG        -2887.62 -3807.16 -2963.99 -2964.02 -2963.83 -2964.11 -2964.38 -2964.66
 G, KJ/KG        -60782.5 -59143.5 -60646.5 -60646.4 -60646.8 -60646.3 -60645.8 -60645.3
 S, KJ/(KG)(K)    17.9905  17.9905  17.9905  17.9905  17.9905  17.9905  17.9905  17.9905

 M, (1/n)          14.155   14.354   14.171   14.171   14.171   14.171   14.171   14.171
 (dLV/dLP)t      -1.04668 -1.04060 -1.04619 -1.04619 -1.04619 -1.04619 -1.04619 -1.04619
 (dLV/dLT)p        1.8632   1.7866   1.8574   1.8574   1.8574   1.8574   1.8574   1.8574
 Cp, KJ/(KG)(K)   12.9713  12.3934  12.9303  12.9303  12.9304  12.9303  12.9301  12.9300
 GAMMAs            1.1243   1.1218   1.1240   1.1240   1.1240   1.1240   1.1240   1.1240
 SON VEL,M/SEC     1482.2   1437.1   1478.5   1478.5   1478.5   1478.5   1478.4   1478.4
 MACH NUMBER        0.000    1.000    0.280    0.280    0.280    0.280    0.281    0.282

 TRANSPORT PROPERTIES (GASES ONLY)
   CONDUCTIVITY IN UNITS OF MILLIWATTS/(CM)(K)

 VISC,MILLIPOISE   1.0408   1.0060   1.0379   1.0379   1.0379   1.0379   1.0379   1.0379

  WITH EQUILIBRIUM REACTIONS

 Cp, KJ/(KG)(K)   12.9713  12.3934  12.9303  12.9303  12.9304  12.9303  12.9301  12.9300
 CONDUCTIVITY     25.9572  23.8289  25.7929  25.7928  25.7932  25.7926  25.7920  25.7914
 PRANDTL NUMBER    0.5201   0.5232   0.5203   0.5203   0.5203   0.5203   0.5203   0.5203

  WITH FROZEN REACTIONS

 Cp, KJ/(KG)(K)    3.5241   3.4986   3.5221   3.5221   3.5221   3.5221   3.5220   3.5220
 CONDUCTIVITY      5.1593   4.9042   5.1382   5.1382   5.1382   5.1381   5.1381   5.1380
 PRANDTL NUMBER    0.7109   0.7177   0.7115   0.7115   0.7115   0.7115   0.7115   0.7115

 PERFORMANCE PARAMETERS

 Ae/At                      1.0000   2.2212   2.2208   2.2233   2.2196   2.2159   2.2122
 CSTAR, M/SEC               2208.0   2208.0   2208.0   2208.0   2208.0   2208.0   2208.0
 CF                         0.6509   0.1877   0.1877   0.1875   0.1878   0.1882   0.1885
 Ivac, M/SEC                2718.2   5107.5   5106.6   5111.9   5104.1   5096.3   5088.4
 Isp, M/SEC                 1437.1    414.4    414.4    413.9    414.7    415.4    416.2


 MOLE FRACTIONS

 *H               0.05034  0.04402  0.04982  0.04982  0.04982  0.04982  0.04981  0.04981
 HO2              0.00005  0.00003  0.00004  0.00004  0.00004  0.00004  0.00004  0.00004
 *H2              0.19404  0.18749  0.19351  0.19351  0.19351  0.19351  0.19351  0.19351
 H2O              0.65468  0.68254  0.65696  0.65696  0.65695  0.65696  0.65697  0.65698
 H2O2             0.00001  0.00000  0.00001  0.00001  0.00001  0.00001  0.00001  0.00001
 *O               0.01080  0.00850  0.01060  0.01060  0.01060  0.01060  0.01060  0.01060
 *OH              0.07595  0.06531  0.07508  0.07508  0.07509  0.07508  0.07508  0.07508
 *O2              0.01413  0.01210  0.01397  0.01397  0.01397  0.01397  0.01397  0.01397

  * THERMODYNAMIC PROPERTIES FITTED TO 20000.K

    PRODUCTS WHICH WERE CONSIDERED BUT WHOSE MOLE FRACTIONS
    WERE LESS THAN 5.000000E-06 FOR ALL ASSIGNED CONDITIONS

 O3              H2O(cr)         H2O(L)         

 NOTE. WEIGHT FRACTION OF FUEL IN TOTAL FUELS AND OF OXIDANT IN TOTAL OXIDANTS





           THEORETICAL ROCKET PERFORMANCE ASSUMING FROZEN COMPOSITION

 Pin =   170.1 PSIA
 CASE =                

             REACTANT                    WT FRACTION      ENERGY      TEMP
                                          (SEE NOTE)     KJ/KG-MOL      K  
 FUEL        H2(L)                        1.0000000     -9012.000     20.270
 OXIDANT     O2(L)                        1.0000000    -12979.000     90.170

 O/F=    6.70000  %FUEL= 12.987013  R,EQ.RATIO= 1.184580  PHI,EQ.RATIO= 1.184580

                 CHAMBER   THROAT     EXIT     EXIT     EXIT     EXIT     EXIT     EXIT
 Pinf/P            1.0000   1.7741   1.0474   1.0474   1.0473   1.0474   1.0476   1.0478
 P, BAR            11.730   6.6116   11.200   11.199   11.201   11.199   11.197   11.195
 T, K             3326.71  3021.30  3301.13  3301.12  3301.18  3301.09  3301.00  3300.90
 RHO, KG/CU M    6.0027-1 3.7255-1 5.7757-1 5.7756-1 5.7762-1 5.7753-1 5.7745-1 5.7737-1
 H, KJ/KG         -933.52 -2001.73 -1023.60 -1023.63 -1023.41 -1023.74 -1024.07 -1024.40
 U, KJ/KG        -2887.62 -3776.43 -2962.68 -2962.71 -2962.53 -2962.80 -2963.07 -2963.34
 G, KJ/KG        -60782.5 -56356.2 -60412.4 -60412.3 -60413.2 -60411.9 -60410.5 -60409.2
 S, KJ/(KG)(K)    17.9905  17.9905  17.9905  17.9905  17.9905  17.9905  17.9905  17.9905

 M, (1/n)          14.155   14.155   14.155   14.155   14.155   14.155   14.155   14.155
 Cp, KJ/(KG)(K)    3.5241   3.4695   3.5199   3.5199   3.5199   3.5199   3.5199   3.5198
 GAMMAs            1.2000   1.2038   1.2003   1.2003   1.2003   1.2003   1.2003   1.2003
 SON VEL,M/SEC     1531.3   1461.6   1525.6   1525.6   1525.6   1525.6   1525.6   1525.6
 MACH NUMBER        0.000    1.000    0.278    0.278    0.278    0.278    0.279    0.279

 TRANSPORT PROPERTIES (GASES ONLY)
   CONDUCTIVITY IN UNITS OF MILLIWATTS/(CM)(K)

 VISC,MILLIPOISE   1.0408  0.96978   1.0349   1.0349   1.0349   1.0349   1.0349   1.0349

  WITH FROZEN REACTIONS

 Cp, KJ/(KG)(K)    3.5241   3.4695   3.5199   3.5199   3.5199   3.5199   3.5199   3.5198
 CONDUCTIVITY      5.1593   4.7246   5.1235   5.1235   5.1236   5.1235   5.1233   5.1232
 PRANDTL NUMBER    0.7109   0.7122   0.7110   0.7110   0.7110   0.7110   0.7110   0.7110

 PERFORMANCE PARAMETERS

 Ae/At                      1.0000   2.2212   2.2208   2.2233   2.2196   2.2159   2.2122
 CSTAR, M/SEC               2154.1   2154.1   2154.1   2154.1   2154.1   2154.1   2154.1
 CF                         0.6785   0.1970   0.1971   0.1968   0.1972   0.1976   0.1979
 Ivac, M/SEC                2675.8   4992.8   4992.0   4997.2   4989.6   4981.9   4974.3
 Isp, M/SEC                 1461.6    424.5    424.5    424.0    424.8    425.6    426.3

 MOLE FRACTIONS

 *H              0.05034   HO2             0.00005   *H2             0.19404
 H2O             0.65468   H2O2            0.00001   *O              0.01080
 *OH             0.07595   *O2             0.01413

  * THERMODYNAMIC PROPERTIES FITTED TO 20000.K

    PRODUCTS WHICH WERE CONSIDERED BUT WHOSE MOLE FRACTIONS
    WERE LESS THAN 5.000000E-06 FOR ALL ASSIGNED CONDITIONS

 O3              H2O(cr)         H2O(L)         

 NOTE. WEIGHT FRACTION OF FUEL IN TOTAL FUELS AND OF OXIDANT IN TOTAL OXIDANTS



