
 *******************************************************************************

         NASA-GLENN CHEMICAL EQUILIBRIUM PROGRAM CEA2, MAY 21, 2004
                   BY  BONNIE MCBRIDE AND SANFORD GORDON
      REFS: NASA RP-1311, PART I, 1994 AND NASA RP-1311, PART II, 1996

 *******************************************************************************



 problem rocket eq fr
     p(bar) = 11.73
     o/f = 6.7
     sub = 1.6058, 1.5978, 1.5898, 1.5818, 1.5738, 1.5658
 reac
     fuel = H2(L) t(K) = 30.000
     ox = O2(L) t(K) = 96.700
 outp trans
 end

 OPTIONS: TP=F  HP=F  SP=F  TV=F  UV=F  SV=F  DETN=F  SHOCK=F  REFL=F  INCD=F
 RKT=T  FROZ=T  EQL=T  IONS=F  SIUNIT=T  DEBUGF=F  SHKDBG=F  DETDBG=F  TRNSPT=T

 TRACE= 0.00E+00  S/R= 0.000000E+00  H/R= 0.000000E+00  U/R= 0.000000E+00

 Pc,BAR =    11.730000

 Pc/P =

 SUBSONIC AREA RATIOS =     1.6058     1.5978     1.5898     1.5818     1.5738
     1.5658

 SUPERSONIC AREA RATIOS =

 NFZ=  1  Mdot/Ac= 0.000000E+00  Ac/At= 0.000000E+00

 NOTE! REACTANT H2(L)          HAS BEEN DEFINED FOR TEMPERATURE   20.27K ONLY.
 YOUR TEMPERATURE ASSIGNMENT   30.00 IS NOT = BUT <10 K FROM THIS VALUE. (REACT)

 WARNING!!  AMOUNT MISSING FOR REACTANT  1.
 PROGRAM SETS WEIGHT PERCENT = 100. (REACT)

 NOTE! REACTANT O2(L)          HAS BEEN DEFINED FOR TEMPERATURE   90.17K ONLY.
 YOUR TEMPERATURE ASSIGNMENT   96.70 IS NOT = BUT <10 K FROM THIS VALUE. (REACT)

 WARNING!!  AMOUNT MISSING FOR REACTANT  2.
 PROGRAM SETS WEIGHT PERCENT = 100. (REACT)

    REACTANT          WT.FRAC   (ENERGY/R),K   TEMP,K  DENSITY
        EXPLODED FORMULA
 F: H2(L)            1.000000  -0.108389E+04    20.27  0.0000
          H  2.00000
 O: O2(L)            1.000000  -0.156101E+04    90.17  0.0000
          O  2.00000

  SPECIES BEING CONSIDERED IN THIS SYSTEM
 (CONDENSED PHASE MAY HAVE NAME LISTED SEVERAL TIMES)
  LAST thermo.inp UPDATE:    9/09/04

  g 6/97  *H               g 4/02  HO2              tpis78  *H2            
  g 8/89  H2O              g 6/99  H2O2             g 5/97  *O             
  g 4/02  *OH              tpis89  *O2              g 8/01  O3             
  g11/99  H2O(cr)          g 8/01  H2O(L)           g 8/01  H2O(L)         

 SPECIES WITH TRANSPORT PROPERTIES

        PURE SPECIES

  H                 H2                H2O               O               
  OH                O2              

     BINARY INTERACTIONS

     H               H2              
     H               O               
     H2              H2O             
     H2              O2              
     H2O             O2              
     O               O2              


 O/F =   6.700000

                       EFFECTIVE FUEL     EFFECTIVE OXIDANT        MIXTURE
 ENTHALPY                  h(2)/R              h(1)/R               h0/R
 (KG-MOL)(K)/KG       -0.53767500E+03     -0.48783267E+02     -0.11227570E+03

 KG-FORM.WT./KG             bi(2)               bi(1)               b0i
  *H                   0.99212255E+00      0.00000000E+00      0.12884708E+00
  *O                   0.00000000E+00      0.62502344E-01      0.54385156E-01

 POINT ITN      T            H           O 
   1    9    3326.707     -10.197     -16.247
 Pinf/Pt = 1.725231
   2    3    3177.948     -10.404     -16.506
 Pinf/Pt = 1.723576
   2    2    3178.203     -10.404     -16.506
   3    3    3305.595     -10.226     -16.282
   3    2    3301.517     -10.231     -16.289
   3    2    3301.015     -10.232     -16.290
   3    1    3301.009     -10.232     -16.290
   4    2    3305.328     -10.226     -16.282
   4    2    3301.212     -10.232     -16.289
   4    2    3300.706     -10.232     -16.290
   4    1    3300.700     -10.232     -16.290
   5    2    3305.055     -10.226     -16.283
   5    2    3300.901     -10.232     -16.290
   5    2    3300.390     -10.233     -16.291
   5    1    3300.384     -10.233     -16.291
   6    2    3304.776     -10.227     -16.283
   6    2    3300.583     -10.233     -16.290
   6    2    3300.069     -10.233     -16.291
   6    1    3300.062     -10.233     -16.291
   7    2    3304.491     -10.227     -16.284
   7    2    3300.259     -10.233     -16.291
   7    2    3299.740     -10.234     -16.292
   7    1    3299.734     -10.234     -16.292
   8    2    3304.199     -10.228     -16.284
   8    2    3299.928     -10.233     -16.291
   8    2    3299.405     -10.234     -16.292
   8    1    3299.399     -10.234     -16.292





              THEORETICAL ROCKET PERFORMANCE ASSUMING EQUILIBRIUM

           COMPOSITION DURING EXPANSION FROM INFINITE AREA COMBUSTOR

 Pin =   170.1 PSIA
 CASE =                

             REACTANT                    WT FRACTION      ENERGY      TEMP
                                          (SEE NOTE)     KJ/KG-MOL      K  
 FUEL        H2(L)                        1.0000000     -9012.000     20.270
 OXIDANT     O2(L)                        1.0000000    -12979.000     90.170

 O/F=    6.70000  %FUEL= 12.987013  R,EQ.RATIO= 1.184580  PHI,EQ.RATIO= 1.184580

                 CHAMBER   THROAT     EXIT     EXIT     EXIT     EXIT     EXIT     EXIT
 Pinf/P            1.0000   1.7236   1.0964   1.0976   1.0988   1.1001   1.1014   1.1028
 P, BAR            11.730   6.8056   10.699   10.687   10.675   10.662   10.650   10.637
 T, K             3326.71  3178.20  3301.01  3300.70  3300.38  3300.06  3299.73  3299.40
 RHO, KG/CU M    6.0027-1 3.6967-1 5.5309-1 5.5255-1 5.5199-1 5.5142-1 5.5084-1 5.5025-1
 H, KJ/KG         -933.52 -1966.15 -1112.41 -1114.56 -1116.76 -1119.00 -1121.29 -1123.62
 U, KJ/KG        -2887.62 -3807.16 -3046.77 -3048.69 -3050.65 -3052.64 -3054.67 -3056.75
 G, KJ/KG        -60782.5 -59143.5 -60499.1 -60495.7 -60492.2 -60488.6 -60485.0 -60481.3
 S, KJ/(KG)(K)    17.9905  17.9905  17.9905  17.9905  17.9905  17.9905  17.9905  17.9905

 M, (1/n)          14.155   14.354   14.189   14.189   14.190   14.190   14.190   14.191
 (dLV/dLP)t      -1.04668 -1.04060 -1.04566 -1.04564 -1.04563 -1.04562 -1.04561 -1.04559
 (dLV/dLT)p        1.8632   1.7866   1.8510   1.8508   1.8507   1.8505   1.8504   1.8502
 Cp, KJ/(KG)(K)   12.9713  12.3934  12.8846  12.8835  12.8824  12.8813  12.8802  12.8790
 GAMMAs            1.1243   1.1218   1.1238   1.1238   1.1238   1.1238   1.1238   1.1238
 SON VEL,M/SEC     1482.2   1437.1   1474.4   1474.3   1474.2   1474.1   1474.0   1473.9
 MACH NUMBER        0.000    1.000    0.406    0.408    0.411    0.413    0.416    0.418

 TRANSPORT PROPERTIES (GASES ONLY)
   CONDUCTIVITY IN UNITS OF MILLIWATTS/(CM)(K)

 VISC,MILLIPOISE   1.0408   1.0060   1.0348   1.0347   1.0347   1.0346   1.0345   1.0344

  WITH EQUILIBRIUM REACTIONS

 Cp, KJ/(KG)(K)   12.9713  12.3934  12.8846  12.8835  12.8824  12.8813  12.8802  12.8790
 CONDUCTIVITY     25.9572  23.8289  25.6122  25.6080  25.6037  25.5993  25.5948  25.5903
 PRANDTL NUMBER    0.5201   0.5232   0.5206   0.5206   0.5206   0.5206   0.5206   0.5206

  WITH FROZEN REACTIONS

 Cp, KJ/(KG)(K)    3.5241   3.4986   3.5198   3.5198   3.5197   3.5197   3.5196   3.5196
 CONDUCTIVITY      5.1593   4.9042   5.1152   5.1147   5.1142   5.1136   5.1131   5.1125
 PRANDTL NUMBER    0.7109   0.7177   0.7121   0.7121   0.7121   0.7121   0.7121   0.7121

 PERFORMANCE PARAMETERS

 Ae/At                      1.0000   1.6058   1.5978   1.5898   1.5818   1.5738   1.5658
 CSTAR, M/SEC               2208.0   2208.0   2208.0   2208.0   2208.0   2208.0   2208.0
 CF                         0.6509   0.2709   0.2725   0.2742   0.2758   0.2775   0.2793
 Ivac, M/SEC                2718.2   3832.1   3816.0   3799.9   3783.8   3767.8   3751.7
 Isp, M/SEC                 1437.1    598.2    601.7    605.4    609.1    612.8    616.6


 MOLE FRACTIONS

 *H               0.05034  0.04402  0.04925  0.04924  0.04923  0.04921  0.04920  0.04919
 HO2              0.00005  0.00003  0.00004  0.00004  0.00004  0.00004  0.00004  0.00004
 *H2              0.19404  0.18749  0.19294  0.19292  0.19291  0.19289  0.19288  0.19287
 H2O              0.65468  0.68254  0.65943  0.65949  0.65955  0.65961  0.65967  0.65973
 H2O2             0.00001  0.00000  0.00001  0.00001  0.00001  0.00001  0.00001  0.00001
 *O               0.01080  0.00850  0.01039  0.01039  0.01038  0.01038  0.01037  0.01037
 *OH              0.07595  0.06531  0.07414  0.07412  0.07409  0.07407  0.07405  0.07402
 *O2              0.01413  0.01210  0.01380  0.01380  0.01379  0.01379  0.01378  0.01378

  * THERMODYNAMIC PROPERTIES FITTED TO 20000.K

    PRODUCTS WHICH WERE CONSIDERED BUT WHOSE MOLE FRACTIONS
    WERE LESS THAN 5.000000E-06 FOR ALL ASSIGNED CONDITIONS

 O3              H2O(cr)         H2O(L)         

 NOTE. WEIGHT FRACTION OF FUEL IN TOTAL FUELS AND OF OXIDANT IN TOTAL OXIDANTS





           THEORETICAL ROCKET PERFORMANCE ASSUMING FROZEN COMPOSITION

 Pin =   170.1 PSIA
 CASE =                

             REACTANT                    WT FRACTION      ENERGY      TEMP
                                          (SEE NOTE)     KJ/KG-MOL      K  
 FUEL        H2(L)                        1.0000000     -9012.000     20.270
 OXIDANT     O2(L)                        1.0000000    -12979.000     90.170

 O/F=    6.70000  %FUEL= 12.987013  R,EQ.RATIO= 1.184580  PHI,EQ.RATIO= 1.184580

                 CHAMBER   THROAT     EXIT     EXIT     EXIT     EXIT     EXIT     EXIT
 Pinf/P            1.0000   1.7741   1.1015   1.1028   1.1041   1.1055   1.1069   1.1083
 P, BAR            11.730   6.6116   10.649   10.636   10.624   10.611   10.597   10.584
 T, K             3326.71  3021.30  3273.45  3272.80  3272.15  3271.49  3270.81  3270.11
 RHO, KG/CU M    6.0027-1 3.7255-1 5.5381-1 5.5327-1 5.5272-1 5.5216-1 5.5159-1 5.5100-1
 H, KJ/KG         -933.52 -2001.73 -1120.98 -1123.23 -1125.53 -1127.87 -1130.26 -1132.69
 U, KJ/KG        -2887.62 -3776.43 -3043.80 -3045.68 -3047.59 -3049.54 -3051.53 -3053.56
 G, KJ/KG        -60782.5 -56356.2 -60011.8 -60002.5 -59993.0 -59983.4 -59973.6 -59963.5
 S, KJ/(KG)(K)    17.9905  17.9905  17.9905  17.9905  17.9905  17.9905  17.9905  17.9905

 M, (1/n)          14.155   14.155   14.155   14.155   14.155   14.155   14.155   14.155
 Cp, KJ/(KG)(K)    3.5241   3.4695   3.5153   3.5151   3.5150   3.5149   3.5148   3.5147
 GAMMAs            1.2000   1.2038   1.2006   1.2006   1.2006   1.2006   1.2007   1.2007
 SON VEL,M/SEC     1531.3   1461.6   1519.4   1519.3   1519.1   1519.0   1518.8   1518.7
 MACH NUMBER        0.000    1.000    0.403    0.405    0.408    0.410    0.413    0.416

 TRANSPORT PROPERTIES (GASES ONLY)
   CONDUCTIVITY IN UNITS OF MILLIWATTS/(CM)(K)

 VISC,MILLIPOISE   1.0408  0.96978   1.0286   1.0285   1.0283   1.0281   1.0280   1.0278

  WITH FROZEN REACTIONS

 Cp, KJ/(KG)(K)    3.5241   3.4695   3.5153   3.5151   3.5150   3.5149   3.5148   3.5147
 CONDUCTIVITY      5.1593   4.7246   5.0846   5.0837   5.0828   5.0819   5.0809   5.0799
 PRANDTL NUMBER    0.7109   0.7122   0.7111   0.7111   0.7111   0.7111   0.7111   0.7111

 PERFORMANCE PARAMETERS

 Ae/At                      1.0000   1.6058   1.5978   1.5898   1.5818   1.5738   1.5658
 CSTAR, M/SEC               2154.1   2154.1   2154.1   2154.1   2154.1   2154.1   2154.1
 CF                         0.6785   0.2843   0.2860   0.2877   0.2894   0.2912   0.2930
 Ivac, M/SEC                2675.8   3752.6   3736.9   3721.3   3705.7   3690.1   3674.6
 Isp, M/SEC                 1461.6    612.3    616.0    619.7    623.5    627.3    631.2

 MOLE FRACTIONS

 *H              0.05034   HO2             0.00005   *H2             0.19404
 H2O             0.65468   H2O2            0.00001   *O              0.01080
 *OH             0.07595   *O2             0.01413

  * THERMODYNAMIC PROPERTIES FITTED TO 20000.K

    PRODUCTS WHICH WERE CONSIDERED BUT WHOSE MOLE FRACTIONS
    WERE LESS THAN 5.000000E-06 FOR ALL ASSIGNED CONDITIONS

 O3              H2O(cr)         H2O(L)         

 NOTE. WEIGHT FRACTION OF FUEL IN TOTAL FUELS AND OF OXIDANT IN TOTAL OXIDANTS



