
 *******************************************************************************

         NASA-GLENN CHEMICAL EQUILIBRIUM PROGRAM CEA2, MAY 21, 2004
                   BY  BONNIE MCBRIDE AND SANFORD GORDON
      REFS: NASA RP-1311, PART I, 1994 AND NASA RP-1311, PART II, 1996

 *******************************************************************************



 problem rocket eq fr
     p(bar) = 11.73
     o/f = 6.7
     sub = 2.2518, 2.2514, 2.251, 2.2506, 2.2502, 2.2498
 reac
     fuel = H2(L) t(K) = 30.000
     ox = O2(L) t(K) = 96.700
 outp trans
 end

 OPTIONS: TP=F  HP=F  SP=F  TV=F  UV=F  SV=F  DETN=F  SHOCK=F  REFL=F  INCD=F
 RKT=T  FROZ=T  EQL=T  IONS=F  SIUNIT=T  DEBUGF=F  SHKDBG=F  DETDBG=F  TRNSPT=T

 TRACE= 0.00E+00  S/R= 0.000000E+00  H/R= 0.000000E+00  U/R= 0.000000E+00

 Pc,BAR =    11.730000

 Pc/P =

 SUBSONIC AREA RATIOS =     2.2518     2.2514     2.2510     2.2506     2.2502
     2.2498

 SUPERSONIC AREA RATIOS =

 NFZ=  1  Mdot/Ac= 0.000000E+00  Ac/At= 0.000000E+00

 NOTE! REACTANT H2(L)          HAS BEEN DEFINED FOR TEMPERATURE   20.27K ONLY.
 YOUR TEMPERATURE ASSIGNMENT   30.00 IS NOT = BUT <10 K FROM THIS VALUE. (REACT)

 WARNING!!  AMOUNT MISSING FOR REACTANT  1.
 PROGRAM SETS WEIGHT PERCENT = 100. (REACT)

 NOTE! REACTANT O2(L)          HAS BEEN DEFINED FOR TEMPERATURE   90.17K ONLY.
 YOUR TEMPERATURE ASSIGNMENT   96.70 IS NOT = BUT <10 K FROM THIS VALUE. (REACT)

 WARNING!!  AMOUNT MISSING FOR REACTANT  2.
 PROGRAM SETS WEIGHT PERCENT = 100. (REACT)

    REACTANT          WT.FRAC   (ENERGY/R),K   TEMP,K  DENSITY
        EXPLODED FORMULA
 F: H2(L)            1.000000  -0.108389E+04    20.27  0.0000
          H  2.00000
 O: O2(L)            1.000000  -0.156101E+04    90.17  0.0000
          O  2.00000

  SPECIES BEING CONSIDERED IN THIS SYSTEM
 (CONDENSED PHASE MAY HAVE NAME LISTED SEVERAL TIMES)
  LAST thermo.inp UPDATE:    9/09/04

  g 6/97  *H               g 4/02  HO2              tpis78  *H2            
  g 8/89  H2O              g 6/99  H2O2             g 5/97  *O             
  g 4/02  *OH              tpis89  *O2              g 8/01  O3             
  g11/99  H2O(cr)          g 8/01  H2O(L)           g 8/01  H2O(L)         

 SPECIES WITH TRANSPORT PROPERTIES

        PURE SPECIES

  H                 H2                H2O               O               
  OH                O2              

     BINARY INTERACTIONS

     H               H2              
     H               O               
     H2              H2O             
     H2              O2              
     H2O             O2              
     O               O2              


 O/F =   6.700000

                       EFFECTIVE FUEL     EFFECTIVE OXIDANT        MIXTURE
 ENTHALPY                  h(2)/R              h(1)/R               h0/R
 (KG-MOL)(K)/KG       -0.53767500E+03     -0.48783267E+02     -0.11227570E+03

 KG-FORM.WT./KG             bi(2)               bi(1)               b0i
  *H                   0.99212255E+00      0.00000000E+00      0.12884708E+00
  *O                   0.00000000E+00      0.62502344E-01      0.54385156E-01

 POINT ITN      T            H           O 
   1    9    3326.707     -10.197     -16.247
 Pinf/Pt = 1.725231
   2    3    3177.948     -10.404     -16.506
 Pinf/Pt = 1.723576
   2    2    3178.203     -10.404     -16.506
   3    2    3316.923     -10.210     -16.263
   3    2    3314.964     -10.213     -16.267
   3    2    3314.738     -10.213     -16.267
   3    1    3314.736     -10.213     -16.267
   4    2    3316.919     -10.210     -16.263
   4    2    3314.960     -10.213     -16.267
   4    2    3314.734     -10.213     -16.267
   4    1    3314.731     -10.213     -16.267
   5    2    3316.916     -10.210     -16.263
   5    2    3314.955     -10.213     -16.267
   5    2    3314.729     -10.213     -16.267
   5    1    3314.727     -10.213     -16.267
   6    2    3316.912     -10.210     -16.263
   6    2    3314.951     -10.213     -16.267
   6    2    3314.724     -10.213     -16.267
   6    1    3314.722     -10.213     -16.267
   7    2    3316.908     -10.210     -16.263
   7    2    3314.946     -10.213     -16.267
   7    2    3314.720     -10.213     -16.267
   7    1    3314.717     -10.213     -16.267
   8    2    3316.905     -10.210     -16.263
   8    2    3314.942     -10.213     -16.267
   8    2    3314.715     -10.213     -16.267
   8    1    3314.713     -10.213     -16.267





              THEORETICAL ROCKET PERFORMANCE ASSUMING EQUILIBRIUM

           COMPOSITION DURING EXPANSION FROM INFINITE AREA COMBUSTOR

 Pin =   170.1 PSIA
 CASE =                

             REACTANT                    WT FRACTION      ENERGY      TEMP
                                          (SEE NOTE)     KJ/KG-MOL      K  
 FUEL        H2(L)                        1.0000000     -9012.000     20.270
 OXIDANT     O2(L)                        1.0000000    -12979.000     90.170

 O/F=    6.70000  %FUEL= 12.987013  R,EQ.RATIO= 1.184580  PHI,EQ.RATIO= 1.184580

                 CHAMBER   THROAT     EXIT     EXIT     EXIT     EXIT     EXIT     EXIT
 Pinf/P            1.0000   1.7236   1.0437   1.0437   1.0437   1.0437   1.0437   1.0438
 P, BAR            11.730   6.8056   11.239   11.239   11.239   11.239   11.238   11.238
 T, K             3326.71  3178.20  3314.74  3314.73  3314.73  3314.72  3314.72  3314.71
 RHO, KG/CU M    6.0027-1 3.6967-1 5.7788-1 5.7787-1 5.7786-1 5.7785-1 5.7784-1 5.7783-1
 H, KJ/KG         -933.52 -1966.15 -1016.86 -1016.89 -1016.92 -1016.95 -1016.98 -1017.02
 U, KJ/KG        -2887.62 -3807.16 -2961.76 -2961.78 -2961.81 -2961.84 -2961.87 -2961.90
 G, KJ/KG        -60782.5 -59143.5 -60650.5 -60650.4 -60650.4 -60650.3 -60650.3 -60650.2
 S, KJ/(KG)(K)    17.9905  17.9905  17.9905  17.9905  17.9905  17.9905  17.9905  17.9905

 M, (1/n)          14.155   14.354   14.171   14.171   14.171   14.171   14.171   14.171
 (dLV/dLP)t      -1.04668 -1.04060 -1.04621 -1.04621 -1.04621 -1.04621 -1.04621 -1.04621
 (dLV/dLT)p        1.8632   1.7866   1.8576   1.8576   1.8576   1.8576   1.8576   1.8576
 Cp, KJ/(KG)(K)   12.9713  12.3934  12.9316  12.9315  12.9315  12.9315  12.9315  12.9315
 GAMMAs            1.1243   1.1218   1.1240   1.1240   1.1240   1.1240   1.1240   1.1240
 SON VEL,M/SEC     1482.2   1437.1   1478.6   1478.6   1478.6   1478.6   1478.6   1478.6
 MACH NUMBER        0.000    1.000    0.276    0.276    0.276    0.276    0.276    0.276

 TRANSPORT PROPERTIES (GASES ONLY)
   CONDUCTIVITY IN UNITS OF MILLIWATTS/(CM)(K)

 VISC,MILLIPOISE   1.0408   1.0060   1.0380   1.0380   1.0380   1.0380   1.0380   1.0380

  WITH EQUILIBRIUM REACTIONS

 Cp, KJ/(KG)(K)   12.9713  12.3934  12.9316  12.9315  12.9315  12.9315  12.9315  12.9315
 CONDUCTIVITY     25.9572  23.8289  25.7977  25.7976  25.7976  25.7975  25.7975  25.7974
 PRANDTL NUMBER    0.5201   0.5232   0.5203   0.5203   0.5203   0.5203   0.5203   0.5203

  WITH FROZEN REACTIONS

 Cp, KJ/(KG)(K)    3.5241   3.4986   3.5221   3.5221   3.5221   3.5221   3.5221   3.5221
 CONDUCTIVITY      5.1593   4.9042   5.1388   5.1388   5.1388   5.1388   5.1388   5.1388
 PRANDTL NUMBER    0.7109   0.7177   0.7114   0.7114   0.7114   0.7114   0.7114   0.7114

 PERFORMANCE PARAMETERS

 Ae/At                      1.0000   2.2518   2.2514   2.2510   2.2506   2.2502   2.2498
 CSTAR, M/SEC               2208.0   2208.0   2208.0   2208.0   2208.0   2208.0   2208.0
 CF                         0.6509   0.1849   0.1849   0.1850   0.1850   0.1850   0.1851
 Ivac, M/SEC                2718.2   5172.1   5171.3   5170.5   5169.6   5168.8   5167.9
 Isp, M/SEC                 1437.1    408.3    408.3    408.4    408.5    408.6    408.7


 MOLE FRACTIONS

 *H               0.05034  0.04402  0.04983  0.04983  0.04983  0.04983  0.04983  0.04983
 HO2              0.00005  0.00003  0.00004  0.00004  0.00004  0.00004  0.00004  0.00004
 *H2              0.19404  0.18749  0.19353  0.19353  0.19353  0.19353  0.19353  0.19353
 H2O              0.65468  0.68254  0.65689  0.65689  0.65689  0.65689  0.65690  0.65690
 H2O2             0.00001  0.00000  0.00001  0.00001  0.00001  0.00001  0.00001  0.00001
 *O               0.01080  0.00850  0.01061  0.01061  0.01061  0.01061  0.01061  0.01061
 *OH              0.07595  0.06531  0.07511  0.07511  0.07511  0.07511  0.07511  0.07511
 *O2              0.01413  0.01210  0.01398  0.01398  0.01398  0.01398  0.01398  0.01398

  * THERMODYNAMIC PROPERTIES FITTED TO 20000.K

    PRODUCTS WHICH WERE CONSIDERED BUT WHOSE MOLE FRACTIONS
    WERE LESS THAN 5.000000E-06 FOR ALL ASSIGNED CONDITIONS

 O3              H2O(cr)         H2O(L)         

 NOTE. WEIGHT FRACTION OF FUEL IN TOTAL FUELS AND OF OXIDANT IN TOTAL OXIDANTS





           THEORETICAL ROCKET PERFORMANCE ASSUMING FROZEN COMPOSITION

 Pin =   170.1 PSIA
 CASE =                

             REACTANT                    WT FRACTION      ENERGY      TEMP
                                          (SEE NOTE)     KJ/KG-MOL      K  
 FUEL        H2(L)                        1.0000000     -9012.000     20.270
 OXIDANT     O2(L)                        1.0000000    -12979.000     90.170

 O/F=    6.70000  %FUEL= 12.987013  R,EQ.RATIO= 1.184580  PHI,EQ.RATIO= 1.184580

                 CHAMBER   THROAT     EXIT     EXIT     EXIT     EXIT     EXIT     EXIT
 Pinf/P            1.0000   1.7741   1.0459   1.0460   1.0460   1.0460   1.0460   1.0460
 P, BAR            11.730   6.6116   11.215   11.215   11.214   11.214   11.214   11.214
 T, K             3326.71  3021.30  3301.88  3301.87  3301.86  3301.85  3301.84  3301.83
 RHO, KG/CU M    6.0027-1 3.7255-1 5.7822-1 5.7821-1 5.7821-1 5.7820-1 5.7819-1 5.7818-1
 H, KJ/KG         -933.52 -2001.73 -1020.97 -1021.00 -1021.04 -1021.07 -1021.10 -1021.14
 U, KJ/KG        -2887.62 -3776.43 -2960.49 -2960.52 -2960.55 -2960.57 -2960.60 -2960.63
 G, KJ/KG        -60782.5 -56356.2 -60423.2 -60423.1 -60423.0 -60422.8 -60422.7 -60422.6
 S, KJ/(KG)(K)    17.9905  17.9905  17.9905  17.9905  17.9905  17.9905  17.9905  17.9905

 M, (1/n)          14.155   14.155   14.155   14.155   14.155   14.155   14.155   14.155
 Cp, KJ/(KG)(K)    3.5241   3.4695   3.5200   3.5200   3.5200   3.5200   3.5200   3.5200
 GAMMAs            1.2000   1.2038   1.2003   1.2003   1.2003   1.2003   1.2003   1.2003
 SON VEL,M/SEC     1531.3   1461.6   1525.8   1525.8   1525.8   1525.8   1525.8   1525.8
 MACH NUMBER        0.000    1.000    0.274    0.274    0.274    0.274    0.274    0.274

 TRANSPORT PROPERTIES (GASES ONLY)
   CONDUCTIVITY IN UNITS OF MILLIWATTS/(CM)(K)

 VISC,MILLIPOISE   1.0408  0.96978   1.0351   1.0351   1.0351   1.0351   1.0351   1.0351

  WITH FROZEN REACTIONS

 Cp, KJ/(KG)(K)    3.5241   3.4695   3.5200   3.5200   3.5200   3.5200   3.5200   3.5200
 CONDUCTIVITY      5.1593   4.7246   5.1246   5.1246   5.1245   5.1245   5.1245   5.1245
 PRANDTL NUMBER    0.7109   0.7122   0.7110   0.7110   0.7110   0.7110   0.7110   0.7110

 PERFORMANCE PARAMETERS

 Ae/At                      1.0000   2.2518   2.2514   2.2510   2.2506   2.2502   2.2498
 CSTAR, M/SEC               2154.1   2154.1   2154.1   2154.1   2154.1   2154.1   2154.1
 CF                         0.6785   0.1941   0.1942   0.1942   0.1943   0.1943   0.1943
 Ivac, M/SEC                2675.8   5055.8   5055.0   5054.2   5053.4   5052.5   5051.7
 Isp, M/SEC                 1461.6    418.2    418.3    418.4    418.5    418.5    418.6

 MOLE FRACTIONS

 *H              0.05034   HO2             0.00005   *H2             0.19404
 H2O             0.65468   H2O2            0.00001   *O              0.01080
 *OH             0.07595   *O2             0.01413

  * THERMODYNAMIC PROPERTIES FITTED TO 20000.K

    PRODUCTS WHICH WERE CONSIDERED BUT WHOSE MOLE FRACTIONS
    WERE LESS THAN 5.000000E-06 FOR ALL ASSIGNED CONDITIONS

 O3              H2O(cr)         H2O(L)         

 NOTE. WEIGHT FRACTION OF FUEL IN TOTAL FUELS AND OF OXIDANT IN TOTAL OXIDANTS



