
 *******************************************************************************

         NASA-GLENN CHEMICAL EQUILIBRIUM PROGRAM CEA2, MAY 21, 2004
                   BY  BONNIE MCBRIDE AND SANFORD GORDON
      REFS: NASA RP-1311, PART I, 1994 AND NASA RP-1311, PART II, 1996

 *******************************************************************************



 problem rocket eq fr
     p(bar) = 11.73
     o/f = 6.7
     sup = 2.0014, 2.0143, 2.0273, 2.0402, 2.0532, 2.0663
 reac
     fuel = H2(L) t(K) = 30.000
     ox = O2(L) t(K) = 96.700
 outp trans
 end

 OPTIONS: TP=F  HP=F  SP=F  TV=F  UV=F  SV=F  DETN=F  SHOCK=F  REFL=F  INCD=F
 RKT=T  FROZ=T  EQL=T  IONS=F  SIUNIT=T  DEBUGF=F  SHKDBG=F  DETDBG=F  TRNSPT=T

 TRACE= 0.00E+00  S/R= 0.000000E+00  H/R= 0.000000E+00  U/R= 0.000000E+00

 Pc,BAR =    11.730000

 Pc/P =

 SUBSONIC AREA RATIOS =

 SUPERSONIC AREA RATIOS =     2.0014     2.0143     2.0273     2.0402     2.0532
     2.0663

 NFZ=  1  Mdot/Ac= 0.000000E+00  Ac/At= 0.000000E+00

 NOTE! REACTANT H2(L)          HAS BEEN DEFINED FOR TEMPERATURE   20.27K ONLY.
 YOUR TEMPERATURE ASSIGNMENT   30.00 IS NOT = BUT <10 K FROM THIS VALUE. (REACT)

 WARNING!!  AMOUNT MISSING FOR REACTANT  1.
 PROGRAM SETS WEIGHT PERCENT = 100. (REACT)

 NOTE! REACTANT O2(L)          HAS BEEN DEFINED FOR TEMPERATURE   90.17K ONLY.
 YOUR TEMPERATURE ASSIGNMENT   96.70 IS NOT = BUT <10 K FROM THIS VALUE. (REACT)

 WARNING!!  AMOUNT MISSING FOR REACTANT  2.
 PROGRAM SETS WEIGHT PERCENT = 100. (REACT)

    REACTANT          WT.FRAC   (ENERGY/R),K   TEMP,K  DENSITY
        EXPLODED FORMULA
 F: H2(L)            1.000000  -0.108389E+04    20.27  0.0000
          H  2.00000
 O: O2(L)            1.000000  -0.156101E+04    90.17  0.0000
          O  2.00000

  SPECIES BEING CONSIDERED IN THIS SYSTEM
 (CONDENSED PHASE MAY HAVE NAME LISTED SEVERAL TIMES)
  LAST thermo.inp UPDATE:    9/09/04

  g 6/97  *H               g 4/02  HO2              tpis78  *H2            
  g 8/89  H2O              g 6/99  H2O2             g 5/97  *O             
  g 4/02  *OH              tpis89  *O2              g 8/01  O3             
  g11/99  H2O(cr)          g 8/01  H2O(L)           g 8/01  H2O(L)         

 SPECIES WITH TRANSPORT PROPERTIES

        PURE SPECIES

  H                 H2                H2O               O               
  OH                O2              

     BINARY INTERACTIONS

     H               H2              
     H               O               
     H2              H2O             
     H2              O2              
     H2O             O2              
     O               O2              


 O/F =   6.700000

                       EFFECTIVE FUEL     EFFECTIVE OXIDANT        MIXTURE
 ENTHALPY                  h(2)/R              h(1)/R               h0/R
 (KG-MOL)(K)/KG       -0.53767500E+03     -0.48783267E+02     -0.11227570E+03

 KG-FORM.WT./KG             bi(2)               bi(1)               b0i
  *H                   0.99212255E+00      0.00000000E+00      0.12884708E+00
  *O                   0.00000000E+00      0.62502344E-01      0.54385156E-01

 POINT ITN      T            H           O 
   1    9    3326.707     -10.197     -16.247
 Pinf/Pt = 1.725231
   2    3    3177.948     -10.404     -16.506
 Pinf/Pt = 1.723576
   2    2    3178.203     -10.404     -16.506
   3    4    2790.559     -10.997     -17.371
   3    3    2810.468     -10.966     -17.318
   3    2    2810.610     -10.965     -17.318
   4    2    2808.445     -10.969     -17.324
   4    2    2808.305     -10.969     -17.324
   5    2    2805.861     -10.973     -17.330
   5    2    2806.003     -10.973     -17.330
   6    2    2803.877     -10.976     -17.336
   6    2    2803.737     -10.976     -17.336
   7    2    2801.330     -10.980     -17.342
   7    2    2801.472     -10.980     -17.342
   8    2    2799.350     -10.983     -17.348
   8    2    2799.209     -10.983     -17.348





              THEORETICAL ROCKET PERFORMANCE ASSUMING EQUILIBRIUM

           COMPOSITION DURING EXPANSION FROM INFINITE AREA COMBUSTOR

 Pin =   170.1 PSIA
 CASE =                

             REACTANT                    WT FRACTION      ENERGY      TEMP
                                          (SEE NOTE)     KJ/KG-MOL      K  
 FUEL        H2(L)                        1.0000000     -9012.000     20.270
 OXIDANT     O2(L)                        1.0000000    -12979.000     90.170

 O/F=    6.70000  %FUEL= 12.987013  R,EQ.RATIO= 1.184580  PHI,EQ.RATIO= 1.184580

                 CHAMBER   THROAT     EXIT     EXIT     EXIT     EXIT     EXIT     EXIT
 Pinf/P            1.0000   1.7236   7.4615   7.5334   7.6058   7.6779   7.7506   7.8239
 P, BAR            11.730   6.8056   1.5721   1.5571   1.5422   1.5278   1.5134   1.4993
 T, K             3326.71  3178.20  2810.61  2808.31  2806.00  2803.74  2801.47  2799.21
 RHO, KG/CU M    6.0027-1 3.6967-1 9.9920-2 9.9069-2 9.8225-2 9.7402-2 9.6586-2 9.5777-2
 H, KJ/KG         -933.52 -1966.15 -4462.09 -4477.15 -4492.20 -4506.99 -4521.76 -4536.51
 U, KJ/KG        -2887.62 -3807.16 -6035.41 -6048.86 -6062.30 -6075.50 -6088.70 -6101.87
 G, KJ/KG        -60782.5 -59143.5 -55026.2 -54999.9 -54973.5 -54947.5 -54921.5 -54895.6
 S, KJ/(KG)(K)    17.9905  17.9905  17.9905  17.9905  17.9905  17.9905  17.9905  17.9905

 M, (1/n)          14.155   14.354   14.853   14.856   14.859   14.862   14.865   14.868
 (dLV/dLP)t      -1.04668 -1.04060 -1.02425 -1.02415 -1.02404 -1.02394 -1.02384 -1.02373
 (dLV/dLT)p        1.8632   1.7866   1.5326   1.5307   1.5289   1.5270   1.5252   1.5233
 Cp, KJ/(KG)(K)   12.9713  12.3934  10.0223  10.0028   9.9833   9.9640   9.9447   9.9254
 GAMMAs            1.1243   1.1218   1.1197   1.1198   1.1198   1.1198   1.1198   1.1198
 SON VEL,M/SEC     1482.2   1437.1   1327.3   1326.6   1326.0   1325.3   1324.6   1324.0
 MACH NUMBER        0.000    1.000    2.001    2.007    2.012    2.017    2.022    2.028

 TRANSPORT PROPERTIES (GASES ONLY)
   CONDUCTIVITY IN UNITS OF MILLIWATTS/(CM)(K)

 VISC,MILLIPOISE   1.0408   1.0060  0.91702  0.91644  0.91587  0.91531  0.91474  0.91418

  WITH EQUILIBRIUM REACTIONS

 Cp, KJ/(KG)(K)   12.9713  12.3934  10.0223  10.0028   9.9833   9.9640   9.9447   9.9254
 CONDUCTIVITY     25.9572  23.8289  17.1818  17.1349  17.0879  17.0417  16.9954  16.9491
 PRANDTL NUMBER    0.5201   0.5232   0.5349   0.5350   0.5351   0.5352   0.5353   0.5353

  WITH FROZEN REACTIONS

 Cp, KJ/(KG)(K)    3.5241   3.4986   3.4232   3.4226   3.4221   3.4216   3.4210   3.4205
 CONDUCTIVITY      5.1593   4.9042   4.2716   4.2676   4.2637   4.2598   4.2559   4.2520
 PRANDTL NUMBER    0.7109   0.7177   0.7349   0.7350   0.7351   0.7352   0.7353   0.7354

 PERFORMANCE PARAMETERS

 Ae/At                      1.0000   2.0014   2.0143   2.0273   2.0402   2.0532   2.0663
 CSTAR, M/SEC               2208.0   2208.0   2208.0   2208.0   2208.0   2208.0   2208.0
 CF                         0.6509   1.2031   1.2057   1.2083   1.2108   1.2133   1.2158
 Ivac, M/SEC                2718.2   3248.8   3252.6   3256.4   3260.1   3263.8   3267.5
 Isp, M/SEC                 1437.1   2656.5   2662.2   2667.8   2673.4   2678.9   2684.4


 MOLE FRACTIONS

 *H               0.05034  0.04402  0.02802  0.02792  0.02782  0.02772  0.02762  0.02753
 HO2              0.00005  0.00003  0.00001  0.00001  0.00001  0.00001  0.00001  0.00001
 *H2              0.19404  0.18749  0.17056  0.17046  0.17036  0.17026  0.17016  0.17006
 H2O              0.65468  0.68254  0.75320  0.75363  0.75406  0.75448  0.75490  0.75532
 H2O2             0.00001  0.00000  0.00000  0.00000  0.00000  0.00000  0.00000  0.00000
 *O               0.01080  0.00850  0.00360  0.00358  0.00355  0.00352  0.00350  0.00348
 *OH              0.07595  0.06531  0.03825  0.03808  0.03791  0.03775  0.03759  0.03742
 *O2              0.01413  0.01210  0.00637  0.00633  0.00629  0.00626  0.00622  0.00619

  * THERMODYNAMIC PROPERTIES FITTED TO 20000.K

    PRODUCTS WHICH WERE CONSIDERED BUT WHOSE MOLE FRACTIONS
    WERE LESS THAN 5.000000E-06 FOR ALL ASSIGNED CONDITIONS

 O3              H2O(cr)         H2O(L)         

 NOTE. WEIGHT FRACTION OF FUEL IN TOTAL FUELS AND OF OXIDANT IN TOTAL OXIDANTS





           THEORETICAL ROCKET PERFORMANCE ASSUMING FROZEN COMPOSITION

 Pin =   170.1 PSIA
 CASE =                

             REACTANT                    WT FRACTION      ENERGY      TEMP
                                          (SEE NOTE)     KJ/KG-MOL      K  
 FUEL        H2(L)                        1.0000000     -9012.000     20.270
 OXIDANT     O2(L)                        1.0000000    -12979.000     90.170

 O/F=    6.70000  %FUEL= 12.987013  R,EQ.RATIO= 1.184580  PHI,EQ.RATIO= 1.184580

                 CHAMBER   THROAT     EXIT     EXIT     EXIT     EXIT     EXIT     EXIT
 Pinf/P            1.0000   1.7741   8.4111   8.4976   8.5849   8.6718   8.7596   8.8482
 P, BAR            11.730   6.6116   1.3946   1.3804   1.3663   1.3527   1.3391   1.3257
 T, K             3326.71  3021.30  2305.82  2301.61  2297.41  2293.28  2289.15  2285.03
 RHO, KG/CU M    6.0027-1 3.7255-1 1.0296-1 1.0210-1 1.0125-1 1.0041-1 9.9588-2 9.8769-2
 H, KJ/KG         -933.52 -2001.73 -4424.76 -4438.60 -4452.42 -4465.99 -4479.54 -4493.06
 U, KJ/KG        -2887.62 -3776.43 -5779.20 -5790.57 -5801.92 -5813.06 -5824.19 -5835.29
 G, KJ/KG        -60782.5 -56356.2 -45907.6 -45845.7 -45783.9 -45723.1 -45662.4 -45601.9
 S, KJ/(KG)(K)    17.9905  17.9905  17.9905  17.9905  17.9905  17.9905  17.9905  17.9905

 M, (1/n)          14.155   14.155   14.155   14.155   14.155   14.155   14.155   14.155
 Cp, KJ/(KG)(K)    3.5241   3.4695   3.2887   3.2874   3.2860   3.2846   3.2833   3.2820
 GAMMAs            1.2000   1.2038   1.2174   1.2176   1.2177   1.2178   1.2179   1.2180
 SON VEL,M/SEC     1531.3   1461.6   1284.1   1283.0   1281.9   1280.8   1279.7   1278.6
 MACH NUMBER        0.000    1.000    2.058    2.064    2.070    2.075    2.081    2.087

 TRANSPORT PROPERTIES (GASES ONLY)
   CONDUCTIVITY IN UNITS OF MILLIWATTS/(CM)(K)

 VISC,MILLIPOISE   1.0408  0.96978  0.79036  0.78924  0.78812  0.78702  0.78592  0.78482

  WITH FROZEN REACTIONS

 Cp, KJ/(KG)(K)    3.5241   3.4695   3.2887   3.2874   3.2860   3.2846   3.2833   3.2820
 CONDUCTIVITY      5.1593   4.7246   3.6418   3.6352   3.6285   3.6220   3.6155   3.6089
 PRANDTL NUMBER    0.7109   0.7122   0.7137   0.7137   0.7137   0.7137   0.7137   0.7137

 PERFORMANCE PARAMETERS

 Ae/At                      1.0000   2.0014   2.0143   2.0273   2.0402   2.0532   2.0663
 CSTAR, M/SEC               2154.1   2154.1   2154.1   2154.1   2154.1   2154.1   2154.1
 CF                         0.6785   1.2267   1.2291   1.2315   1.2339   1.2363   1.2386
 Ivac, M/SEC                2675.8   3155.0   3158.3   3161.6   3164.8   3168.0   3171.2
 Isp, M/SEC                 1461.6   2642.4   2647.7   2652.9   2658.0   2663.1   2668.2

 MOLE FRACTIONS

 *H              0.05034   HO2             0.00005   *H2             0.19404
 H2O             0.65468   H2O2            0.00001   *O              0.01080
 *OH             0.07595   *O2             0.01413

  * THERMODYNAMIC PROPERTIES FITTED TO 20000.K

    PRODUCTS WHICH WERE CONSIDERED BUT WHOSE MOLE FRACTIONS
    WERE LESS THAN 5.000000E-06 FOR ALL ASSIGNED CONDITIONS

 O3              H2O(cr)         H2O(L)         

 NOTE. WEIGHT FRACTION OF FUEL IN TOTAL FUELS AND OF OXIDANT IN TOTAL OXIDANTS



