
 *******************************************************************************

         NASA-GLENN CHEMICAL EQUILIBRIUM PROGRAM CEA2, MAY 21, 2004
                   BY  BONNIE MCBRIDE AND SANFORD GORDON
      REFS: NASA RP-1311, PART I, 1994 AND NASA RP-1311, PART II, 1996

 *******************************************************************************



 problem rocket eq fr
     p(bar) = 11.73
     o/f = 6.7
     sup = 2.0793, 2.0924, 2.1056, 2.1187, 2.1319, 2.1452
 reac
     fuel = H2(L) t(K) = 30.000
     ox = O2(L) t(K) = 96.700
 outp trans
 end

 OPTIONS: TP=F  HP=F  SP=F  TV=F  UV=F  SV=F  DETN=F  SHOCK=F  REFL=F  INCD=F
 RKT=T  FROZ=T  EQL=T  IONS=F  SIUNIT=T  DEBUGF=F  SHKDBG=F  DETDBG=F  TRNSPT=T

 TRACE= 0.00E+00  S/R= 0.000000E+00  H/R= 0.000000E+00  U/R= 0.000000E+00

 Pc,BAR =    11.730000

 Pc/P =

 SUBSONIC AREA RATIOS =

 SUPERSONIC AREA RATIOS =     2.0793     2.0924     2.1056     2.1187     2.1319
     2.1452

 NFZ=  1  Mdot/Ac= 0.000000E+00  Ac/At= 0.000000E+00

 NOTE! REACTANT H2(L)          HAS BEEN DEFINED FOR TEMPERATURE   20.27K ONLY.
 YOUR TEMPERATURE ASSIGNMENT   30.00 IS NOT = BUT <10 K FROM THIS VALUE. (REACT)

 WARNING!!  AMOUNT MISSING FOR REACTANT  1.
 PROGRAM SETS WEIGHT PERCENT = 100. (REACT)

 NOTE! REACTANT O2(L)          HAS BEEN DEFINED FOR TEMPERATURE   90.17K ONLY.
 YOUR TEMPERATURE ASSIGNMENT   96.70 IS NOT = BUT <10 K FROM THIS VALUE. (REACT)

 WARNING!!  AMOUNT MISSING FOR REACTANT  2.
 PROGRAM SETS WEIGHT PERCENT = 100. (REACT)

    REACTANT          WT.FRAC   (ENERGY/R),K   TEMP,K  DENSITY
        EXPLODED FORMULA
 F: H2(L)            1.000000  -0.108389E+04    20.27  0.0000
          H  2.00000
 O: O2(L)            1.000000  -0.156101E+04    90.17  0.0000
          O  2.00000

  SPECIES BEING CONSIDERED IN THIS SYSTEM
 (CONDENSED PHASE MAY HAVE NAME LISTED SEVERAL TIMES)
  LAST thermo.inp UPDATE:    9/09/04

  g 6/97  *H               g 4/02  HO2              tpis78  *H2            
  g 8/89  H2O              g 6/99  H2O2             g 5/97  *O             
  g 4/02  *OH              tpis89  *O2              g 8/01  O3             
  g11/99  H2O(cr)          g 8/01  H2O(L)           g 8/01  H2O(L)         

 SPECIES WITH TRANSPORT PROPERTIES

        PURE SPECIES

  H                 H2                H2O               O               
  OH                O2              

     BINARY INTERACTIONS

     H               H2              
     H               O               
     H2              H2O             
     H2              O2              
     H2O             O2              
     O               O2              


 O/F =   6.700000

                       EFFECTIVE FUEL     EFFECTIVE OXIDANT        MIXTURE
 ENTHALPY                  h(2)/R              h(1)/R               h0/R
 (KG-MOL)(K)/KG       -0.53767500E+03     -0.48783267E+02     -0.11227570E+03

 KG-FORM.WT./KG             bi(2)               bi(1)               b0i
  *H                   0.99212255E+00      0.00000000E+00      0.12884708E+00
  *O                   0.00000000E+00      0.62502344E-01      0.54385156E-01

 POINT ITN      T            H           O 
   1    9    3326.707     -10.197     -16.247
 Pinf/Pt = 1.725231
   2    3    3177.948     -10.404     -16.506
 Pinf/Pt = 1.723576
   2    2    3178.203     -10.404     -16.506
   3    4    2777.737     -11.017     -17.406
   3    3    2796.859     -10.987     -17.354
   3    2    2796.981     -10.987     -17.354
   4    2    2794.876     -10.990     -17.360
   4    2    2794.755     -10.990     -17.360
   5    2    2792.406     -10.994     -17.366
   5    2    2792.529     -10.994     -17.366
   6    2    2790.459     -10.997     -17.372
   6    2    2790.338     -10.997     -17.372
   7    2    2788.024     -11.001     -17.378
   7    2    2788.147     -11.001     -17.378
   8    2    2786.080     -11.004     -17.383
   8    2    2785.958     -11.004     -17.384





              THEORETICAL ROCKET PERFORMANCE ASSUMING EQUILIBRIUM

           COMPOSITION DURING EXPANSION FROM INFINITE AREA COMBUSTOR

 Pin =   170.1 PSIA
 CASE =                

             REACTANT                    WT FRACTION      ENERGY      TEMP
                                          (SEE NOTE)     KJ/KG-MOL      K  
 FUEL        H2(L)                        1.0000000     -9012.000     20.270
 OXIDANT     O2(L)                        1.0000000    -12979.000     90.170

 O/F=    6.70000  %FUEL= 12.987013  R,EQ.RATIO= 1.184580  PHI,EQ.RATIO= 1.184580

                 CHAMBER   THROAT     EXIT     EXIT     EXIT     EXIT     EXIT     EXIT
 Pinf/P            1.0000   1.7236   7.8968   7.9704   8.0446   8.1183   8.1928   8.2679
 P, BAR            11.730   6.8056   1.4854   1.4717   1.4581   1.4449   1.4317   1.4187
 T, K             3326.71  3178.20  2796.98  2794.75  2792.53  2790.34  2788.15  2785.96
 RHO, KG/CU M    6.0027-1 3.6967-1 9.4987-2 9.4204-2 9.3427-2 9.2669-2 9.1917-2 9.1171-2
 H, KJ/KG         -933.52 -1966.15 -4551.02 -4565.51 -4579.99 -4594.23 -4608.45 -4622.66
 U, KJ/KG        -2887.62 -3807.16 -6114.83 -6127.77 -6140.69 -6153.41 -6166.11 -6178.79
 G, KJ/KG        -60782.5 -59143.5 -54870.0 -54844.4 -54818.9 -54793.7 -54768.5 -54743.3
 S, KJ/(KG)(K)    17.9905  17.9905  17.9905  17.9905  17.9905  17.9905  17.9905  17.9905

 M, (1/n)          14.155   14.354   14.871   14.874   14.877   14.880   14.883   14.886
 (dLV/dLP)t      -1.04668 -1.04060 -1.02363 -1.02353 -1.02343 -1.02333 -1.02323 -1.02313
 (dLV/dLT)p        1.8632   1.7866   1.5215   1.5197   1.5179   1.5161   1.5143   1.5125
 Cp, KJ/(KG)(K)   12.9713  12.3934   9.9063   9.8872   9.8680   9.8491   9.8301   9.8111
 GAMMAs            1.1243   1.1218   1.1199   1.1199   1.1199   1.1199   1.1199   1.1200
 SON VEL,M/SEC     1482.2   1437.1   1323.3   1322.7   1322.1   1321.4   1320.8   1320.2
 MACH NUMBER        0.000    1.000    2.033    2.038    2.043    2.048    2.053    2.058

 TRANSPORT PROPERTIES (GASES ONLY)
   CONDUCTIVITY IN UNITS OF MILLIWATTS/(CM)(K)

 VISC,MILLIPOISE   1.0408   1.0060  0.91362  0.91307  0.91251  0.91197  0.91142  0.91087

  WITH EQUILIBRIUM REACTIONS

 Cp, KJ/(KG)(K)   12.9713  12.3934   9.9063   9.8872   9.8680   9.8491   9.8301   9.8111
 CONDUCTIVITY     25.9572  23.8289  16.9035  16.8579  16.8122  16.7673  16.7223  16.6773
 PRANDTL NUMBER    0.5201   0.5232   0.5354   0.5355   0.5356   0.5357   0.5358   0.5359

  WITH FROZEN REACTIONS

 Cp, KJ/(KG)(K)    3.5241   3.4986   3.4200   3.4194   3.4189   3.4184   3.4179   3.4174
 CONDUCTIVITY      5.1593   4.9042   4.2482   4.2444   4.2406   4.2368   4.2330   4.2293
 PRANDTL NUMBER    0.7109   0.7177   0.7355   0.7356   0.7357   0.7358   0.7359   0.7360

 PERFORMANCE PARAMETERS

 Ae/At                      1.0000   2.0793   2.0924   2.1056   2.1187   2.1319   2.1452
 CSTAR, M/SEC               2208.0   2208.0   2208.0   2208.0   2208.0   2208.0   2208.0
 CF                         0.6509   1.2182   1.2206   1.2231   1.2255   1.2278   1.2302
 Ivac, M/SEC                2718.2   3271.2   3274.8   3278.5   3282.0   3285.6   3289.2
 Isp, M/SEC                 1437.1   2689.8   2695.2   2700.5   2705.8   2711.1   2716.3


 MOLE FRACTIONS

 *H               0.05034  0.04402  0.02743  0.02733  0.02724  0.02714  0.02705  0.02695
 HO2              0.00005  0.00003  0.00001  0.00001  0.00001  0.00001  0.00001  0.00001
 *H2              0.19404  0.18749  0.16996  0.16986  0.16977  0.16967  0.16957  0.16948
 H2O              0.65468  0.68254  0.75574  0.75615  0.75657  0.75697  0.75738  0.75778
 H2O2             0.00001  0.00000  0.00000  0.00000  0.00000  0.00000  0.00000  0.00000
 *O               0.01080  0.00850  0.00345  0.00343  0.00340  0.00338  0.00336  0.00333
 *OH              0.07595  0.06531  0.03726  0.03710  0.03694  0.03678  0.03662  0.03647
 *O2              0.01413  0.01210  0.00615  0.00612  0.00608  0.00605  0.00601  0.00598

  * THERMODYNAMIC PROPERTIES FITTED TO 20000.K

    PRODUCTS WHICH WERE CONSIDERED BUT WHOSE MOLE FRACTIONS
    WERE LESS THAN 5.000000E-06 FOR ALL ASSIGNED CONDITIONS

 O3              H2O(cr)         H2O(L)         

 NOTE. WEIGHT FRACTION OF FUEL IN TOTAL FUELS AND OF OXIDANT IN TOTAL OXIDANTS





           THEORETICAL ROCKET PERFORMANCE ASSUMING FROZEN COMPOSITION

 Pin =   170.1 PSIA
 CASE =                

             REACTANT                    WT FRACTION      ENERGY      TEMP
                                          (SEE NOTE)     KJ/KG-MOL      K  
 FUEL        H2(L)                        1.0000000     -9012.000     20.270
 OXIDANT     O2(L)                        1.0000000    -12979.000     90.170

 O/F=    6.70000  %FUEL= 12.987013  R,EQ.RATIO= 1.184580  PHI,EQ.RATIO= 1.184580

                 CHAMBER   THROAT     EXIT     EXIT     EXIT     EXIT     EXIT     EXIT
 Pinf/P            1.0000   1.7741   8.9363   9.0252   9.1151   9.2044   9.2947   9.3858
 P, BAR            11.730   6.6116   1.3126   1.2997   1.2869   1.2744   1.2620   1.2498
 T, K             3326.71  3021.30  2280.98  2276.94  2272.90  2268.93  2264.97  2261.01
 RHO, KG/CU M    6.0027-1 3.7255-1 9.7969-2 9.7175-2 9.6388-2 9.5619-2 9.4857-2 9.4101-2
 H, KJ/KG         -933.52 -2001.73 -4506.35 -4519.61 -4532.85 -4545.86 -4558.85 -4571.82
 U, KJ/KG        -2887.62 -3776.43 -5846.20 -5857.09 -5867.95 -5878.63 -5889.29 -5899.93
 G, KJ/KG        -60782.5 -56356.2 -45542.3 -45482.8 -45423.4 -45365.0 -45306.7 -45248.4
 S, KJ/(KG)(K)    17.9905  17.9905  17.9905  17.9905  17.9905  17.9905  17.9905  17.9905

 M, (1/n)          14.155   14.155   14.155   14.155   14.155   14.155   14.155   14.155
 Cp, KJ/(KG)(K)    3.5241   3.4695   3.2806   3.2793   3.2780   3.2766   3.2753   3.2740
 GAMMAs            1.2000   1.2038   1.2181   1.2182   1.2183   1.2184   1.2185   1.2186
 SON VEL,M/SEC     1531.3   1461.6   1277.5   1276.4   1275.4   1274.3   1273.3   1272.2
 MACH NUMBER        0.000    1.000    2.092    2.098    2.104    2.109    2.115    2.120

 TRANSPORT PROPERTIES (GASES ONLY)
   CONDUCTIVITY IN UNITS OF MILLIWATTS/(CM)(K)

 VISC,MILLIPOISE   1.0408  0.96978  0.78374  0.78266  0.78158  0.78051  0.77945  0.77839

  WITH FROZEN REACTIONS

 Cp, KJ/(KG)(K)    3.5241   3.4695   3.2806   3.2793   3.2780   3.2766   3.2753   3.2740
 CONDUCTIVITY      5.1593   4.7246   3.6025   3.5961   3.5897   3.5834   3.5772   3.5709
 PRANDTL NUMBER    0.7109   0.7122   0.7137   0.7137   0.7137   0.7137   0.7137   0.7137

 PERFORMANCE PARAMETERS

 Ae/At                      1.0000   2.0793   2.0924   2.1056   2.1187   2.1319   2.1452
 CSTAR, M/SEC               2154.1   2154.1   2154.1   2154.1   2154.1   2154.1   2154.1
 CF                         0.6785   1.2409   1.2432   1.2455   1.2478   1.2500   1.2523
 Ivac, M/SEC                2675.8   3174.4   3177.5   3180.6   3183.7   3186.8   3189.9
 Isp, M/SEC                 1461.6   2673.1   2678.1   2683.0   2687.9   2692.7   2697.5

 MOLE FRACTIONS

 *H              0.05034   HO2             0.00005   *H2             0.19404
 H2O             0.65468   H2O2            0.00001   *O              0.01080
 *OH             0.07595   *O2             0.01413

  * THERMODYNAMIC PROPERTIES FITTED TO 20000.K

    PRODUCTS WHICH WERE CONSIDERED BUT WHOSE MOLE FRACTIONS
    WERE LESS THAN 5.000000E-06 FOR ALL ASSIGNED CONDITIONS

 O3              H2O(cr)         H2O(L)         

 NOTE. WEIGHT FRACTION OF FUEL IN TOTAL FUELS AND OF OXIDANT IN TOTAL OXIDANTS



