
 *******************************************************************************

         NASA-GLENN CHEMICAL EQUILIBRIUM PROGRAM CEA2, MAY 21, 2004
                   BY  BONNIE MCBRIDE AND SANFORD GORDON
      REFS: NASA RP-1311, PART I, 1994 AND NASA RP-1311, PART II, 1996

 *******************************************************************************



 problem rocket eq fr
     p(bar) = 11.73
     o/f = 6.7
     sup = 2.9253, 2.9404, 2.9555, 2.9707, 2.9859, 3.0011
 reac
     fuel = H2(L) t(K) = 30.000
     ox = O2(L) t(K) = 96.700
 outp trans
 end

 OPTIONS: TP=F  HP=F  SP=F  TV=F  UV=F  SV=F  DETN=F  SHOCK=F  REFL=F  INCD=F
 RKT=T  FROZ=T  EQL=T  IONS=F  SIUNIT=T  DEBUGF=F  SHKDBG=F  DETDBG=F  TRNSPT=T

 TRACE= 0.00E+00  S/R= 0.000000E+00  H/R= 0.000000E+00  U/R= 0.000000E+00

 Pc,BAR =    11.730000

 Pc/P =

 SUBSONIC AREA RATIOS =

 SUPERSONIC AREA RATIOS =     2.9253     2.9404     2.9555     2.9707     2.9859
     3.0011

 NFZ=  1  Mdot/Ac= 0.000000E+00  Ac/At= 0.000000E+00

 NOTE! REACTANT H2(L)          HAS BEEN DEFINED FOR TEMPERATURE   20.27K ONLY.
 YOUR TEMPERATURE ASSIGNMENT   30.00 IS NOT = BUT <10 K FROM THIS VALUE. (REACT)

 WARNING!!  AMOUNT MISSING FOR REACTANT  1.
 PROGRAM SETS WEIGHT PERCENT = 100. (REACT)

 NOTE! REACTANT O2(L)          HAS BEEN DEFINED FOR TEMPERATURE   90.17K ONLY.
 YOUR TEMPERATURE ASSIGNMENT   96.70 IS NOT = BUT <10 K FROM THIS VALUE. (REACT)

 WARNING!!  AMOUNT MISSING FOR REACTANT  2.
 PROGRAM SETS WEIGHT PERCENT = 100. (REACT)

    REACTANT          WT.FRAC   (ENERGY/R),K   TEMP,K  DENSITY
        EXPLODED FORMULA
 F: H2(L)            1.000000  -0.108389E+04    20.27  0.0000
          H  2.00000
 O: O2(L)            1.000000  -0.156101E+04    90.17  0.0000
          O  2.00000

  SPECIES BEING CONSIDERED IN THIS SYSTEM
 (CONDENSED PHASE MAY HAVE NAME LISTED SEVERAL TIMES)
  LAST thermo.inp UPDATE:    9/09/04

  g 6/97  *H               g 4/02  HO2              tpis78  *H2            
  g 8/89  H2O              g 6/99  H2O2             g 5/97  *O             
  g 4/02  *OH              tpis89  *O2              g 8/01  O3             
  g11/99  H2O(cr)          g 8/01  H2O(L)           g 8/01  H2O(L)         

 SPECIES WITH TRANSPORT PROPERTIES

        PURE SPECIES

  H                 H2                H2O               O               
  OH                O2              

     BINARY INTERACTIONS

     H               H2              
     H               O               
     H2              H2O             
     H2              O2              
     H2O             O2              
     O               O2              


 O/F =   6.700000

                       EFFECTIVE FUEL     EFFECTIVE OXIDANT        MIXTURE
 ENTHALPY                  h(2)/R              h(1)/R               h0/R
 (KG-MOL)(K)/KG       -0.53767500E+03     -0.48783267E+02     -0.11227570E+03

 KG-FORM.WT./KG             bi(2)               bi(1)               b0i
  *H                   0.99212255E+00      0.00000000E+00      0.12884708E+00
  *O                   0.00000000E+00      0.62502344E-01      0.54385156E-01

 POINT ITN      T            H           O 
   1    9    3326.707     -10.197     -16.247
 Pinf/Pt = 1.725231
   2    3    3177.948     -10.404     -16.506
 Pinf/Pt = 1.723576
   2    2    3178.203     -10.404     -16.506
   3    5    2663.482     -11.198     -17.739
   3    3    2680.397     -11.171     -17.687
   3    2    2680.454     -11.171     -17.687
   4    2    2678.805     -11.174     -17.692
   4    2    2678.749     -11.174     -17.692
   5    2    2676.996     -11.176     -17.697
   5    2    2677.053     -11.176     -17.697
   6    2    2675.413     -11.179     -17.702
   6    2    2675.357     -11.179     -17.702
   7    2    2673.613     -11.182     -17.707
   7    2    2673.670     -11.182     -17.707
   8    2    2672.049     -11.184     -17.712
   8    2    2671.992     -11.184     -17.712





              THEORETICAL ROCKET PERFORMANCE ASSUMING EQUILIBRIUM

           COMPOSITION DURING EXPANSION FROM INFINITE AREA COMBUSTOR

 Pin =   170.1 PSIA
 CASE =                

             REACTANT                    WT FRACTION      ENERGY      TEMP
                                          (SEE NOTE)     KJ/KG-MOL      K  
 FUEL        H2(L)                        1.0000000     -9012.000     20.270
 OXIDANT     O2(L)                        1.0000000    -12979.000     90.170

 O/F=    6.70000  %FUEL= 12.987013  R,EQ.RATIO= 1.184580  PHI,EQ.RATIO= 1.184580

                 CHAMBER   THROAT     EXIT     EXIT     EXIT     EXIT     EXIT     EXIT
 Pinf/P            1.0000   1.7236   12.853   12.945   13.037   13.130   13.223   13.316
 P, BAR            11.730   6.8056  0.91263  0.90614  0.89974  0.89337  0.88709  0.88088
 T, K             3326.71  3178.20  2680.45  2678.75  2677.05  2675.36  2673.67  2671.99
 RHO, KG/CU M    6.0027-1 3.6967-1 6.1502-2 6.1112-2 6.0727-2 6.0344-2 5.9965-2 5.9591-2
 H, KJ/KG         -933.52 -1966.15 -5293.19 -5303.77 -5314.29 -5324.80 -5335.25 -5345.63
 U, KJ/KG        -2887.62 -3807.16 -6777.10 -6786.53 -6795.91 -6805.28 -6814.59 -6823.84
 G, KJ/KG        -60782.5 -59143.5 -53515.8 -53495.7 -53475.7 -53455.7 -53435.8 -53416.0
 S, KJ/(KG)(K)    17.9905  17.9905  17.9905  17.9905  17.9905  17.9905  17.9905  17.9905

 M, (1/n)          14.155   14.354   15.019   15.021   15.023   15.025   15.027   15.029
 (dLV/dLP)t      -1.04668 -1.04060 -1.01840 -1.01833 -1.01825 -1.01818 -1.01810 -1.01803
 (dLV/dLT)p        1.8632   1.7866   1.4239   1.4225   1.4210   1.4196   1.4182   1.4167
 Cp, KJ/(KG)(K)   12.9713  12.3934   8.8431   8.8267   8.8104   8.7940   8.7778   8.7616
 GAMMAs            1.1243   1.1218   1.1217   1.1218   1.1218   1.1219   1.1219   1.1220
 SON VEL,M/SEC     1482.2   1437.1   1290.2   1289.7   1289.2   1288.8   1288.3   1287.8
 MACH NUMBER        0.000    1.000    2.289    2.292    2.296    2.300    2.303    2.307

 TRANSPORT PROPERTIES (GASES ONLY)
   CONDUCTIVITY IN UNITS OF MILLIWATTS/(CM)(K)

 VISC,MILLIPOISE   1.0408   1.0060  0.88431  0.88388  0.88345  0.88301  0.88259  0.88216

  WITH EQUILIBRIUM REACTIONS

 Cp, KJ/(KG)(K)   12.9713  12.3934   8.8431   8.8267   8.8104   8.7940   8.7778   8.7616
 CONDUCTIVITY     25.9572  23.8289  14.4769  14.4411  14.4054  14.3697  14.3343  14.2990
 PRANDTL NUMBER    0.5201   0.5232   0.5402   0.5402   0.5403   0.5404   0.5405   0.5405

  WITH FROZEN REACTIONS

 Cp, KJ/(KG)(K)    3.5241   3.4986   3.3911   3.3907   3.3903   3.3898   3.3894   3.3889
 CONDUCTIVITY      5.1593   4.9042   4.0489   4.0460   4.0431   4.0402   4.0373   4.0345
 PRANDTL NUMBER    0.7109   0.7177   0.7407   0.7407   0.7408   0.7409   0.7409   0.7410

 PERFORMANCE PARAMETERS

 Ae/At                      1.0000   2.9253   2.9404   2.9555   2.9707   2.9859   3.0011
 CSTAR, M/SEC               2208.0   2208.0   2208.0   2208.0   2208.0   2208.0   2208.0
 CF                         0.6509   1.3373   1.3390   1.3406   1.3422   1.3438   1.3454
 Ivac, M/SEC                2718.2   3455.4   3458.0   3460.5   3463.1   3465.7   3468.2
 Isp, M/SEC                 1437.1   2952.9   2956.4   2960.0   2963.5   2967.1   2970.6


 MOLE FRACTIONS

 *H               0.05034  0.04402  0.02247  0.02240  0.02233  0.02226  0.02219  0.02212
 HO2              0.00005  0.00003  0.00000  0.00000  0.00000  0.00000  0.00000  0.00000
 *H2              0.19404  0.18749  0.16510  0.16503  0.16496  0.16490  0.16483  0.16477
 H2O              0.65468  0.68254  0.77671  0.77701  0.77730  0.77759  0.77788  0.77817
 H2O2             0.00001  0.00000  0.00000  0.00000  0.00000  0.00000  0.00000  0.00000
 *O               0.01080  0.00850  0.00230  0.00228  0.00227  0.00225  0.00224  0.00222
 *OH              0.07595  0.06531  0.02905  0.02893  0.02882  0.02870  0.02858  0.02847
 *O2              0.01413  0.01210  0.00437  0.00435  0.00432  0.00430  0.00427  0.00425

  * THERMODYNAMIC PROPERTIES FITTED TO 20000.K

    PRODUCTS WHICH WERE CONSIDERED BUT WHOSE MOLE FRACTIONS
    WERE LESS THAN 5.000000E-06 FOR ALL ASSIGNED CONDITIONS

 O3              H2O(cr)         H2O(L)         

 NOTE. WEIGHT FRACTION OF FUEL IN TOTAL FUELS AND OF OXIDANT IN TOTAL OXIDANTS





           THEORETICAL ROCKET PERFORMANCE ASSUMING FROZEN COMPOSITION

 Pin =   170.1 PSIA
 CASE =                

             REACTANT                    WT FRACTION      ENERGY      TEMP
                                          (SEE NOTE)     KJ/KG-MOL      K  
 FUEL        H2(L)                        1.0000000     -9012.000     20.270
 OXIDANT     O2(L)                        1.0000000    -12979.000     90.170

 O/F=    6.70000  %FUEL= 12.987013  R,EQ.RATIO= 1.184580  PHI,EQ.RATIO= 1.184580

                 CHAMBER   THROAT     EXIT     EXIT     EXIT     EXIT     EXIT     EXIT
 Pinf/P            1.0000   1.7741   15.050   15.166   15.281   15.398   15.515   15.632
 P, BAR            11.730   6.6116  0.77939  0.77345  0.76760  0.76178  0.75604  0.75037
 T, K             3326.71  3021.30  2075.56  2072.66  2069.77  2066.89  2064.03  2061.18
 RHO, KG/CU M    6.0027-1 3.7255-1 6.3927-2 6.3529-2 6.3136-2 6.2745-2 6.2358-2 6.1976-2
 H, KJ/KG         -933.52 -2001.73 -5172.95 -5182.27 -5191.52 -5200.76 -5209.94 -5219.05
 U, KJ/KG        -2887.62 -3776.43 -6392.14 -6399.75 -6407.30 -6414.85 -6422.35 -6429.79
 G, KJ/KG        -60782.5 -56356.2 -42513.3 -42470.4 -42427.7 -42385.1 -42342.7 -42300.6
 S, KJ/(KG)(K)    17.9905  17.9905  17.9905  17.9905  17.9905  17.9905  17.9905  17.9905

 M, (1/n)          14.155   14.155   14.155   14.155   14.155   14.155   14.155   14.155
 Cp, KJ/(KG)(K)    3.5241   3.4695   3.2077   3.2066   3.2055   3.2044   3.2033   3.2022
 GAMMAs            1.2000   1.2038   1.2242   1.2243   1.2244   1.2245   1.2246   1.2246
 SON VEL,M/SEC     1531.3   1461.6   1221.7   1220.9   1220.1   1219.3   1218.5   1217.7
 MACH NUMBER        0.000    1.000    2.383    2.388    2.392    2.396    2.400    2.404

 TRANSPORT PROPERTIES (GASES ONLY)
   CONDUCTIVITY IN UNITS OF MILLIWATTS/(CM)(K)

 VISC,MILLIPOISE   1.0408  0.96978  0.72776  0.72695  0.72615  0.72535  0.72455  0.72376

  WITH FROZEN REACTIONS

 Cp, KJ/(KG)(K)    3.5241   3.4695   3.2077   3.2066   3.2055   3.2044   3.2033   3.2022
 CONDUCTIVITY      5.1593   4.7246   3.2736   3.2689   3.2642   3.2595   3.2549   3.2503
 PRANDTL NUMBER    0.7109   0.7122   0.7131   0.7131   0.7131   0.7131   0.7131   0.7130

 PERFORMANCE PARAMETERS

 Ae/At                      1.0000   2.9253   2.9404   2.9555   2.9707   2.9859   3.0011
 CSTAR, M/SEC               2154.1   2154.1   2154.1   2154.1   2154.1   2154.1   2154.1
 CF                         0.6785   1.3517   1.3532   1.3547   1.3562   1.3576   1.3591
 Ivac, M/SEC                2675.8   3330.5   3332.7   3334.8   3337.0   3339.1   3341.2
 Isp, M/SEC                 1461.6   2911.9   2915.0   2918.2   2921.4   2924.5   2927.6

 MOLE FRACTIONS

 *H              0.05034   HO2             0.00005   *H2             0.19404
 H2O             0.65468   H2O2            0.00001   *O              0.01080
 *OH             0.07595   *O2             0.01413

  * THERMODYNAMIC PROPERTIES FITTED TO 20000.K

    PRODUCTS WHICH WERE CONSIDERED BUT WHOSE MOLE FRACTIONS
    WERE LESS THAN 5.000000E-06 FOR ALL ASSIGNED CONDITIONS

 O3              H2O(cr)         H2O(L)         

 NOTE. WEIGHT FRACTION OF FUEL IN TOTAL FUELS AND OF OXIDANT IN TOTAL OXIDANTS



