
 *******************************************************************************

         NASA-GLENN CHEMICAL EQUILIBRIUM PROGRAM CEA2, MAY 21, 2004
                   BY  BONNIE MCBRIDE AND SANFORD GORDON
      REFS: NASA RP-1311, PART I, 1994 AND NASA RP-1311, PART II, 1996

 *******************************************************************************



 problem rocket eq fr
     p(bar) = 11.73
     o/f = 6.7
     sup = 3.2019, 3.2176, 3.2332, 3.249, 3.2647, 3.2805
 reac
     fuel = H2(L) t(K) = 30.000
     ox = O2(L) t(K) = 96.700
 outp trans
 end

 OPTIONS: TP=F  HP=F  SP=F  TV=F  UV=F  SV=F  DETN=F  SHOCK=F  REFL=F  INCD=F
 RKT=T  FROZ=T  EQL=T  IONS=F  SIUNIT=T  DEBUGF=F  SHKDBG=F  DETDBG=F  TRNSPT=T

 TRACE= 0.00E+00  S/R= 0.000000E+00  H/R= 0.000000E+00  U/R= 0.000000E+00

 Pc,BAR =    11.730000

 Pc/P =

 SUBSONIC AREA RATIOS =

 SUPERSONIC AREA RATIOS =     3.2019     3.2176     3.2332     3.2490     3.2647
     3.2805

 NFZ=  1  Mdot/Ac= 0.000000E+00  Ac/At= 0.000000E+00

 NOTE! REACTANT H2(L)          HAS BEEN DEFINED FOR TEMPERATURE   20.27K ONLY.
 YOUR TEMPERATURE ASSIGNMENT   30.00 IS NOT = BUT <10 K FROM THIS VALUE. (REACT)

 WARNING!!  AMOUNT MISSING FOR REACTANT  1.
 PROGRAM SETS WEIGHT PERCENT = 100. (REACT)

 NOTE! REACTANT O2(L)          HAS BEEN DEFINED FOR TEMPERATURE   90.17K ONLY.
 YOUR TEMPERATURE ASSIGNMENT   96.70 IS NOT = BUT <10 K FROM THIS VALUE. (REACT)

 WARNING!!  AMOUNT MISSING FOR REACTANT  2.
 PROGRAM SETS WEIGHT PERCENT = 100. (REACT)

    REACTANT          WT.FRAC   (ENERGY/R),K   TEMP,K  DENSITY
        EXPLODED FORMULA
 F: H2(L)            1.000000  -0.108389E+04    20.27  0.0000
          H  2.00000
 O: O2(L)            1.000000  -0.156101E+04    90.17  0.0000
          O  2.00000

  SPECIES BEING CONSIDERED IN THIS SYSTEM
 (CONDENSED PHASE MAY HAVE NAME LISTED SEVERAL TIMES)
  LAST thermo.inp UPDATE:    9/09/04

  g 6/97  *H               g 4/02  HO2              tpis78  *H2            
  g 8/89  H2O              g 6/99  H2O2             g 5/97  *O             
  g 4/02  *OH              tpis89  *O2              g 8/01  O3             
  g11/99  H2O(cr)          g 8/01  H2O(L)           g 8/01  H2O(L)         

 SPECIES WITH TRANSPORT PROPERTIES

        PURE SPECIES

  H                 H2                H2O               O               
  OH                O2              

     BINARY INTERACTIONS

     H               H2              
     H               O               
     H2              H2O             
     H2              O2              
     H2O             O2              
     O               O2              


 O/F =   6.700000

                       EFFECTIVE FUEL     EFFECTIVE OXIDANT        MIXTURE
 ENTHALPY                  h(2)/R              h(1)/R               h0/R
 (KG-MOL)(K)/KG       -0.53767500E+03     -0.48783267E+02     -0.11227570E+03

 KG-FORM.WT./KG             bi(2)               bi(1)               b0i
  *H                   0.99212255E+00      0.00000000E+00      0.12884708E+00
  *O                   0.00000000E+00      0.62502344E-01      0.54385156E-01

 POINT ITN      T            H           O 
   1    9    3326.707     -10.197     -16.247
 Pinf/Pt = 1.725231
   2    3    3177.948     -10.404     -16.506
 Pinf/Pt = 1.723576
   2    2    3178.203     -10.404     -16.506
   3    5    2633.202     -11.245     -17.834
   3    3    2650.627     -11.218     -17.779
   3    2    2650.680     -11.218     -17.779
   4    2    2649.129     -11.220     -17.784
   4    2    2649.076     -11.220     -17.784
   5    2    2647.438     -11.223     -17.789
   5    2    2647.491     -11.222     -17.789
   6    2    2645.946     -11.225     -17.794
   6    2    2645.894     -11.225     -17.794
   7    2    2644.262     -11.227     -17.799
   7    2    2644.315     -11.227     -17.799
   8    2    2642.787     -11.230     -17.804
   8    2    2642.735     -11.230     -17.804





              THEORETICAL ROCKET PERFORMANCE ASSUMING EQUILIBRIUM

           COMPOSITION DURING EXPANSION FROM INFINITE AREA COMBUSTOR

 Pin =   170.1 PSIA
 CASE =                

             REACTANT                    WT FRACTION      ENERGY      TEMP
                                          (SEE NOTE)     KJ/KG-MOL      K  
 FUEL        H2(L)                        1.0000000     -9012.000     20.270
 OXIDANT     O2(L)                        1.0000000    -12979.000     90.170

 O/F=    6.70000  %FUEL= 12.987013  R,EQ.RATIO= 1.184580  PHI,EQ.RATIO= 1.184580

                 CHAMBER   THROAT     EXIT     EXIT     EXIT     EXIT     EXIT     EXIT
 Pinf/P            1.0000   1.7236   14.557   14.655   14.753   14.851   14.949   15.048
 P, BAR            11.730   6.8056  0.80578  0.80040  0.79512  0.78983  0.78464  0.77948
 T, K             3326.71  3178.20  2650.68  2649.08  2647.49  2645.89  2644.32  2642.73
 RHO, KG/CU M    6.0027-1 3.6967-1 5.5042-2 5.4715-2 5.4393-2 5.4071-2 5.3754-2 5.3439-2
 H, KJ/KG         -933.52 -1966.15 -5476.72 -5486.52 -5496.21 -5505.95 -5515.58 -5525.21
 U, KJ/KG        -2887.62 -3807.16 -6940.65 -6949.38 -6958.01 -6966.69 -6975.27 -6983.85
 G, KJ/KG        -60782.5 -59143.5 -53163.7 -53144.6 -53125.8 -53106.8 -53088.0 -53069.2
 S, KJ/(KG)(K)    17.9905  17.9905  17.9905  17.9905  17.9905  17.9905  17.9905  17.9905

 M, (1/n)          14.155   14.354   15.055   15.057   15.059   15.060   15.062   15.064
 (dLV/dLP)t      -1.04668 -1.04060 -1.01710 -1.01704 -1.01697 -1.01690 -1.01683 -1.01676
 (dLV/dLT)p        1.8632   1.7866   1.3985   1.3971   1.3958   1.3944   1.3931   1.3917
 Cp, KJ/(KG)(K)   12.9713  12.3934   8.5542   8.5385   8.5229   8.5073   8.4918   8.4762
 GAMMAs            1.1243   1.1218   1.1225   1.1226   1.1226   1.1227   1.1227   1.1228
 SON VEL,M/SEC     1482.2   1437.1   1281.9   1281.5   1281.0   1280.6   1280.2   1279.7
 MACH NUMBER        0.000    1.000    2.351    2.355    2.358    2.361    2.365    2.368

 TRANSPORT PROPERTIES (GASES ONLY)
   CONDUCTIVITY IN UNITS OF MILLIWATTS/(CM)(K)

 VISC,MILLIPOISE   1.0408   1.0060  0.87673  0.87632  0.87591  0.87551  0.87510  0.87470

  WITH EQUILIBRIUM REACTIONS

 Cp, KJ/(KG)(K)   12.9713  12.3934   8.5542   8.5385   8.5229   8.5073   8.4918   8.4762
 CONDUCTIVITY     25.9572  23.8289  13.8509  13.8172  13.7839  13.7504  13.7172  13.6840
 PRANDTL NUMBER    0.5201   0.5232   0.5415   0.5415   0.5416   0.5417   0.5417   0.5418

  WITH FROZEN REACTIONS

 Cp, KJ/(KG)(K)    3.5241   3.4986   3.3833   3.3829   3.3825   3.3821   3.3817   3.3812
 CONDUCTIVITY      5.1593   4.9042   3.9982   3.9955   3.9928   3.9901   3.9874   3.9847
 PRANDTL NUMBER    0.7109   0.7177   0.7419   0.7420   0.7420   0.7421   0.7422   0.7422

 PERFORMANCE PARAMETERS

 Ae/At                      1.0000   3.2019   3.2176   3.2332   3.2490   3.2647   3.2805
 CSTAR, M/SEC               2208.0   2208.0   2208.0   2208.0   2208.0   2208.0   2208.0
 CF                         0.6509   1.3652   1.3667   1.3681   1.3696   1.3710   1.3725
 Ivac, M/SEC                2718.2   3500.0   3502.4   3504.7   3507.1   3509.4   3511.7
 Isp, M/SEC                 1437.1   3014.4   3017.6   3020.8   3024.0   3027.2   3030.4


 MOLE FRACTIONS

 *H               0.05034  0.04402  0.02124  0.02117  0.02110  0.02104  0.02097  0.02091
 HO2              0.00005  0.00003  0.00000  0.00000  0.00000  0.00000  0.00000  0.00000
 *H2              0.19404  0.18749  0.16396  0.16390  0.16384  0.16378  0.16372  0.16366
 H2O              0.65468  0.68254  0.78178  0.78205  0.78232  0.78259  0.78285  0.78311
 H2O2             0.00001  0.00000  0.00000  0.00000  0.00000  0.00000  0.00000  0.00000
 *O               0.01080  0.00850  0.00204  0.00203  0.00202  0.00200  0.00199  0.00198
 *OH              0.07595  0.06531  0.02703  0.02692  0.02682  0.02671  0.02661  0.02650
 *O2              0.01413  0.01210  0.00394  0.00392  0.00390  0.00388  0.00386  0.00383

  * THERMODYNAMIC PROPERTIES FITTED TO 20000.K

    PRODUCTS WHICH WERE CONSIDERED BUT WHOSE MOLE FRACTIONS
    WERE LESS THAN 5.000000E-06 FOR ALL ASSIGNED CONDITIONS

 O3              H2O(cr)         H2O(L)         

 NOTE. WEIGHT FRACTION OF FUEL IN TOTAL FUELS AND OF OXIDANT IN TOTAL OXIDANTS





           THEORETICAL ROCKET PERFORMANCE ASSUMING FROZEN COMPOSITION

 Pin =   170.1 PSIA
 CASE =                

             REACTANT                    WT FRACTION      ENERGY      TEMP
                                          (SEE NOTE)     KJ/KG-MOL      K  
 FUEL        H2(L)                        1.0000000     -9012.000     20.270
 OXIDANT     O2(L)                        1.0000000    -12979.000     90.170

 O/F=    6.70000  %FUEL= 12.987013  R,EQ.RATIO= 1.184580  PHI,EQ.RATIO= 1.184580

                 CHAMBER   THROAT     EXIT     EXIT     EXIT     EXIT     EXIT     EXIT
 Pinf/P            1.0000   1.7741   17.199   17.323   17.447   17.572   17.697   17.822
 P, BAR            11.730   6.6116  0.68200  0.67712  0.67233  0.66754  0.66284  0.65816
 T, K             3326.71  3021.30  2025.30  2022.62  2019.97  2017.31  2014.68  2012.05
 RHO, KG/CU M    6.0027-1 3.7255-1 5.7328-2 5.6993-2 5.6664-2 5.6334-2 5.6010-2 5.5688-2
 H, KJ/KG         -933.52 -2001.73 -5333.71 -5342.25 -5350.68 -5359.16 -5367.54 -5375.91
 U, KJ/KG        -2887.62 -3776.43 -6523.37 -6530.34 -6537.21 -6544.13 -6550.96 -6557.78
 G, KJ/KG        -60782.5 -56356.2 -41769.7 -41730.0 -41690.9 -41651.5 -41612.5 -41573.6
 S, KJ/(KG)(K)    17.9905  17.9905  17.9905  17.9905  17.9905  17.9905  17.9905  17.9905

 M, (1/n)          14.155   14.155   14.155   14.155   14.155   14.155   14.155   14.155
 Cp, KJ/(KG)(K)    3.5241   3.4695   3.1881   3.1870   3.1860   3.1849   3.1839   3.1828
 GAMMAs            1.2000   1.2038   1.2259   1.2260   1.2260   1.2261   1.2262   1.2263
 SON VEL,M/SEC     1531.3   1461.6   1207.6   1206.9   1206.1   1205.4   1204.6   1203.9
 MACH NUMBER        0.000    1.000    2.457    2.460    2.464    2.468    2.472    2.476

 TRANSPORT PROPERTIES (GASES ONLY)
   CONDUCTIVITY IN UNITS OF MILLIWATTS/(CM)(K)

 VISC,MILLIPOISE   1.0408  0.96978  0.71372  0.71296  0.71222  0.71147  0.71073  0.70999

  WITH FROZEN REACTIONS

 Cp, KJ/(KG)(K)    3.5241   3.4695   3.1881   3.1870   3.1860   3.1849   3.1839   3.1828
 CONDUCTIVITY      5.1593   4.7246   3.1920   3.1876   3.1833   3.1790   3.1747   3.1704
 PRANDTL NUMBER    0.7109   0.7122   0.7129   0.7128   0.7128   0.7128   0.7128   0.7128

 PERFORMANCE PARAMETERS

 Ae/At                      1.0000   3.2019   3.2176   3.2332   3.2490   3.2647   3.2805
 CSTAR, M/SEC               2154.1   2154.1   2154.1   2154.1   2154.1   2154.1   2154.1
 CF                         0.6785   1.3771   1.3785   1.3798   1.3811   1.3824   1.3837
 Ivac, M/SEC                2675.8   3367.6   3369.5   3371.5   3373.4   3375.3   3377.2
 Isp, M/SEC                 1461.6   2966.5   2969.4   2972.3   2975.1   2977.9   2980.7

 MOLE FRACTIONS

 *H              0.05034   HO2             0.00005   *H2             0.19404
 H2O             0.65468   H2O2            0.00001   *O              0.01080
 *OH             0.07595   *O2             0.01413

  * THERMODYNAMIC PROPERTIES FITTED TO 20000.K

    PRODUCTS WHICH WERE CONSIDERED BUT WHOSE MOLE FRACTIONS
    WERE LESS THAN 5.000000E-06 FOR ALL ASSIGNED CONDITIONS

 O3              H2O(cr)         H2O(L)         

 NOTE. WEIGHT FRACTION OF FUEL IN TOTAL FUELS AND OF OXIDANT IN TOTAL OXIDANTS



