
 *******************************************************************************

         NASA-GLENN CHEMICAL EQUILIBRIUM PROGRAM CEA2, MAY 21, 2004
                   BY  BONNIE MCBRIDE AND SANFORD GORDON
      REFS: NASA RP-1311, PART I, 1994 AND NASA RP-1311, PART II, 1996

 *******************************************************************************



 problem rocket eq fr
     p(bar) = 11.73
     o/f = 6.7
     sub = 2.1315, 2.1267, 2.1218, 2.117, 2.112, 2.107
 reac
     fuel = H2(L) t(K) = 30.000
     ox = O2(L) t(K) = 96.700
 outp trans
 end

 OPTIONS: TP=F  HP=F  SP=F  TV=F  UV=F  SV=F  DETN=F  SHOCK=F  REFL=F  INCD=F
 RKT=T  FROZ=T  EQL=T  IONS=F  SIUNIT=T  DEBUGF=F  SHKDBG=F  DETDBG=F  TRNSPT=T

 TRACE= 0.00E+00  S/R= 0.000000E+00  H/R= 0.000000E+00  U/R= 0.000000E+00

 Pc,BAR =    11.730000

 Pc/P =

 SUBSONIC AREA RATIOS =     2.1315     2.1267     2.1218     2.1170     2.1120
     2.1070

 SUPERSONIC AREA RATIOS =

 NFZ=  1  Mdot/Ac= 0.000000E+00  Ac/At= 0.000000E+00

 NOTE! REACTANT H2(L)          HAS BEEN DEFINED FOR TEMPERATURE   20.27K ONLY.
 YOUR TEMPERATURE ASSIGNMENT   30.00 IS NOT = BUT <10 K FROM THIS VALUE. (REACT)

 WARNING!!  AMOUNT MISSING FOR REACTANT  1.
 PROGRAM SETS WEIGHT PERCENT = 100. (REACT)

 NOTE! REACTANT O2(L)          HAS BEEN DEFINED FOR TEMPERATURE   90.17K ONLY.
 YOUR TEMPERATURE ASSIGNMENT   96.70 IS NOT = BUT <10 K FROM THIS VALUE. (REACT)

 WARNING!!  AMOUNT MISSING FOR REACTANT  2.
 PROGRAM SETS WEIGHT PERCENT = 100. (REACT)

    REACTANT          WT.FRAC   (ENERGY/R),K   TEMP,K  DENSITY
        EXPLODED FORMULA
 F: H2(L)            1.000000  -0.108389E+04    20.27  0.0000
          H  2.00000
 O: O2(L)            1.000000  -0.156101E+04    90.17  0.0000
          O  2.00000

  SPECIES BEING CONSIDERED IN THIS SYSTEM
 (CONDENSED PHASE MAY HAVE NAME LISTED SEVERAL TIMES)
  LAST thermo.inp UPDATE:    9/09/04

  g 6/97  *H               g 4/02  HO2              tpis78  *H2            
  g 8/89  H2O              g 6/99  H2O2             g 5/97  *O             
  g 4/02  *OH              tpis89  *O2              g 8/01  O3             
  g11/99  H2O(cr)          g 8/01  H2O(L)           g 8/01  H2O(L)         

 SPECIES WITH TRANSPORT PROPERTIES

        PURE SPECIES

  H                 H2                H2O               O               
  OH                O2              

     BINARY INTERACTIONS

     H               H2              
     H               O               
     H2              H2O             
     H2              O2              
     H2O             O2              
     O               O2              


 O/F =   6.700000

                       EFFECTIVE FUEL     EFFECTIVE OXIDANT        MIXTURE
 ENTHALPY                  h(2)/R              h(1)/R               h0/R
 (KG-MOL)(K)/KG       -0.53767500E+03     -0.48783267E+02     -0.11227570E+03

 KG-FORM.WT./KG             bi(2)               bi(1)               b0i
  *H                   0.99212255E+00      0.00000000E+00      0.12884708E+00
  *O                   0.00000000E+00      0.62502344E-01      0.54385156E-01

 POINT ITN      T            H           O 
   1    9    3326.707     -10.197     -16.247
 Pinf/Pt = 1.725231
   2    3    3177.948     -10.404     -16.506
 Pinf/Pt = 1.723576
   2    2    3178.203     -10.404     -16.506
   3    2    3315.718     -10.212     -16.265
   3    2    3313.484     -10.215     -16.269
   3    2    3313.219     -10.215     -16.269
   3    1    3313.217     -10.215     -16.269
   4    2    3315.665     -10.212     -16.265
   4    2    3313.419     -10.215     -16.269
   4    2    3313.153     -10.215     -16.270
   4    1    3313.150     -10.215     -16.270
   5    2    3315.610     -10.212     -16.265
   5    2    3313.352     -10.215     -16.269
   5    2    3313.084     -10.216     -16.270
   5    1    3313.081     -10.216     -16.270
   6    2    3315.556     -10.212     -16.266
   6    2    3313.286     -10.215     -16.269
   6    2    3313.016     -10.216     -16.270
   6    1    3313.013     -10.216     -16.270
   7    2    3315.499     -10.212     -16.266
   7    2    3313.217     -10.215     -16.269
   7    2    3312.945     -10.216     -16.270
   7    1    3312.942     -10.216     -16.270
   8    2    3315.442     -10.212     -16.266
   8    2    3313.147     -10.215     -16.270
   8    2    3312.874     -10.216     -16.270
   8    1    3312.870     -10.216     -16.270





              THEORETICAL ROCKET PERFORMANCE ASSUMING EQUILIBRIUM

           COMPOSITION DURING EXPANSION FROM INFINITE AREA COMBUSTOR

 Pin =   170.1 PSIA
 CASE =                

             REACTANT                    WT FRACTION      ENERGY      TEMP
                                          (SEE NOTE)     KJ/KG-MOL      K  
 FUEL        H2(L)                        1.0000000     -9012.000     20.270
 OXIDANT     O2(L)                        1.0000000    -12979.000     90.170

 O/F=    6.70000  %FUEL= 12.987013  R,EQ.RATIO= 1.184580  PHI,EQ.RATIO= 1.184580

                 CHAMBER   THROAT     EXIT     EXIT     EXIT     EXIT     EXIT     EXIT
 Pinf/P            1.0000   1.7236   1.0494   1.0496   1.0499   1.0501   1.0504   1.0507
 P, BAR            11.730   6.8056   11.178   11.175   11.173   11.170   11.167   11.164
 T, K             3326.71  3178.20  3313.22  3313.15  3313.08  3313.01  3312.94  3312.87
 RHO, KG/CU M    6.0027-1 3.6967-1 5.7509-1 5.7496-1 5.7484-1 5.7471-1 5.7458-1 5.7445-1
 H, KJ/KG         -933.52 -1966.15 -1027.43 -1027.90 -1028.37 -1028.85 -1029.34 -1029.84
 U, KJ/KG        -2887.62 -3807.16 -2971.17 -2971.58 -2972.00 -2972.42 -2972.86 -2973.31
 G, KJ/KG        -60782.5 -59143.5 -60633.7 -60633.0 -60632.2 -60631.5 -60630.7 -60629.9
 S, KJ/(KG)(K)    17.9905  17.9905  17.9905  17.9905  17.9905  17.9905  17.9905  17.9905

 M, (1/n)          14.155   14.354   14.173   14.173   14.173   14.173   14.173   14.173
 (dLV/dLP)t      -1.04668 -1.04060 -1.04615 -1.04614 -1.04614 -1.04614 -1.04613 -1.04613
 (dLV/dLT)p        1.8632   1.7866   1.8569   1.8568   1.8568   1.8568   1.8567   1.8567
 Cp, KJ/(KG)(K)   12.9713  12.3934  12.9264  12.9262  12.9260  12.9257  12.9255  12.9253
 GAMMAs            1.1243   1.1218   1.1240   1.1240   1.1240   1.1240   1.1240   1.1240
 SON VEL,M/SEC     1482.2   1437.1   1478.1   1478.1   1478.1   1478.0   1478.0   1478.0
 MACH NUMBER        0.000    1.000    0.293    0.294    0.295    0.295    0.296    0.297

 TRANSPORT PROPERTIES (GASES ONLY)
   CONDUCTIVITY IN UNITS OF MILLIWATTS/(CM)(K)

 VISC,MILLIPOISE   1.0408   1.0060   1.0376   1.0376   1.0376   1.0376   1.0376   1.0376

  WITH EQUILIBRIUM REACTIONS

 Cp, KJ/(KG)(K)   12.9713  12.3934  12.9264  12.9262  12.9260  12.9257  12.9255  12.9253
 CONDUCTIVITY     25.9572  23.8289  25.7773  25.7764  25.7755  25.7746  25.7736  25.7727
 PRANDTL NUMBER    0.5201   0.5232   0.5203   0.5203   0.5203   0.5203   0.5203   0.5203

  WITH FROZEN REACTIONS

 Cp, KJ/(KG)(K)    3.5241   3.4986   3.5219   3.5219   3.5218   3.5218   3.5218   3.5218
 CONDUCTIVITY      5.1593   4.9042   5.1362   5.1361   5.1360   5.1358   5.1357   5.1356
 PRANDTL NUMBER    0.7109   0.7177   0.7115   0.7115   0.7115   0.7115   0.7115   0.7115

 PERFORMANCE PARAMETERS

 Ae/At                      1.0000   2.1315   2.1267   2.1218   2.1170   2.1120   2.1070
 CSTAR, M/SEC               2208.0   2208.0   2208.0   2208.0   2208.0   2208.0   2208.0
 CF                         0.6509   0.1963   0.1968   0.1973   0.1978   0.1983   0.1988
 Ivac, M/SEC                2718.2   4918.3   4908.2   4897.9   4887.8   4877.3   4866.8
 Isp, M/SEC                 1437.1    433.4    434.5    435.6    436.6    437.8    438.9


 MOLE FRACTIONS

 *H               0.05034  0.04402  0.04977  0.04977  0.04976  0.04976  0.04976  0.04975
 HO2              0.00005  0.00003  0.00004  0.00004  0.00004  0.00004  0.00004  0.00004
 *H2              0.19404  0.18749  0.19346  0.19346  0.19346  0.19345  0.19345  0.19345
 H2O              0.65468  0.68254  0.65717  0.65718  0.65720  0.65721  0.65722  0.65724
 H2O2             0.00001  0.00000  0.00001  0.00001  0.00001  0.00001  0.00001  0.00001
 *O               0.01080  0.00850  0.01058  0.01058  0.01058  0.01058  0.01058  0.01058
 *OH              0.07595  0.06531  0.07500  0.07500  0.07499  0.07499  0.07498  0.07498
 *O2              0.01413  0.01210  0.01396  0.01396  0.01396  0.01396  0.01396  0.01395

  * THERMODYNAMIC PROPERTIES FITTED TO 20000.K

    PRODUCTS WHICH WERE CONSIDERED BUT WHOSE MOLE FRACTIONS
    WERE LESS THAN 5.000000E-06 FOR ALL ASSIGNED CONDITIONS

 O3              H2O(cr)         H2O(L)         

 NOTE. WEIGHT FRACTION OF FUEL IN TOTAL FUELS AND OF OXIDANT IN TOTAL OXIDANTS





           THEORETICAL ROCKET PERFORMANCE ASSUMING FROZEN COMPOSITION

 Pin =   170.1 PSIA
 CASE =                

             REACTANT                    WT FRACTION      ENERGY      TEMP
                                          (SEE NOTE)     KJ/KG-MOL      K  
 FUEL        H2(L)                        1.0000000     -9012.000     20.270
 OXIDANT     O2(L)                        1.0000000    -12979.000     90.170

 O/F=    6.70000  %FUEL= 12.987013  R,EQ.RATIO= 1.184580  PHI,EQ.RATIO= 1.184580

                 CHAMBER   THROAT     EXIT     EXIT     EXIT     EXIT     EXIT     EXIT
 Pinf/P            1.0000   1.7741   1.0519   1.0522   1.0525   1.0527   1.0530   1.0533
 P, BAR            11.730   6.6116   11.151   11.148   11.145   11.142   11.139   11.136
 T, K             3326.71  3021.30  3298.73  3298.59  3298.45  3298.31  3298.16  3298.01
 RHO, KG/CU M    6.0027-1 3.7255-1 5.7547-1 5.7535-1 5.7523-1 5.7511-1 5.7498-1 5.7485-1
 H, KJ/KG         -933.52 -2001.73 -1032.05 -1032.54 -1033.04 -1033.54 -1034.05 -1034.58
 U, KJ/KG        -2887.62 -3776.43 -2969.72 -2970.13 -2970.55 -2970.96 -2971.39 -2971.83
 G, KJ/KG        -60782.5 -56356.2 -60377.7 -60375.7 -60373.6 -60371.6 -60369.5 -60367.3
 S, KJ/(KG)(K)    17.9905  17.9905  17.9905  17.9905  17.9905  17.9905  17.9905  17.9905

 M, (1/n)          14.155   14.155   14.155   14.155   14.155   14.155   14.155   14.155
 Cp, KJ/(KG)(K)    3.5241   3.4695   3.5195   3.5195   3.5194   3.5194   3.5194   3.5194
 GAMMAs            1.2000   1.2038   1.2003   1.2003   1.2003   1.2003   1.2003   1.2003
 SON VEL,M/SEC     1531.3   1461.6   1525.1   1525.0   1525.0   1525.0   1524.9   1524.9
 MACH NUMBER        0.000    1.000    0.291    0.292    0.293    0.293    0.294    0.295

 TRANSPORT PROPERTIES (GASES ONLY)
   CONDUCTIVITY IN UNITS OF MILLIWATTS/(CM)(K)

 VISC,MILLIPOISE   1.0408  0.96978   1.0344   1.0344   1.0343   1.0343   1.0343   1.0342

  WITH FROZEN REACTIONS

 Cp, KJ/(KG)(K)    3.5241   3.4695   3.5195   3.5195   3.5194   3.5194   3.5194   3.5194
 CONDUCTIVITY      5.1593   4.7246   5.1201   5.1200   5.1198   5.1196   5.1194   5.1191
 PRANDTL NUMBER    0.7109   0.7122   0.7110   0.7110   0.7110   0.7110   0.7110   0.7110

 PERFORMANCE PARAMETERS

 Ae/At                      1.0000   2.1315   2.1267   2.1218   2.1170   2.1120   2.1070
 CSTAR, M/SEC               2154.1   2154.1   2154.1   2154.1   2154.1   2154.1   2154.1
 CF                         0.6785   0.2061   0.2066   0.2071   0.2076   0.2082   0.2087
 Ivac, M/SEC                2675.8   4808.7   4798.9   4788.9   4779.1   4768.8   4758.6
 Isp, M/SEC                 1461.6    443.9    445.0    446.1    447.3    448.4    449.6

 MOLE FRACTIONS

 *H              0.05034   HO2             0.00005   *H2             0.19404
 H2O             0.65468   H2O2            0.00001   *O              0.01080
 *OH             0.07595   *O2             0.01413

  * THERMODYNAMIC PROPERTIES FITTED TO 20000.K

    PRODUCTS WHICH WERE CONSIDERED BUT WHOSE MOLE FRACTIONS
    WERE LESS THAN 5.000000E-06 FOR ALL ASSIGNED CONDITIONS

 O3              H2O(cr)         H2O(L)         

 NOTE. WEIGHT FRACTION OF FUEL IN TOTAL FUELS AND OF OXIDANT IN TOTAL OXIDANTS



