
 *******************************************************************************

         NASA-GLENN CHEMICAL EQUILIBRIUM PROGRAM CEA2, MAY 21, 2004
                   BY  BONNIE MCBRIDE AND SANFORD GORDON
      REFS: NASA RP-1311, PART I, 1994 AND NASA RP-1311, PART II, 1996

 *******************************************************************************



 problem rocket eq fr
     p(bar) = 11.73
     o/f = 6.7
     sub = 1.923, 1.9162, 1.9093, 1.9024, 1.8955, 1.8885
 reac
     fuel = H2(L) t(K) = 30.000
     ox = O2(L) t(K) = 96.700
 outp trans
 end

 OPTIONS: TP=F  HP=F  SP=F  TV=F  UV=F  SV=F  DETN=F  SHOCK=F  REFL=F  INCD=F
 RKT=T  FROZ=T  EQL=T  IONS=F  SIUNIT=T  DEBUGF=F  SHKDBG=F  DETDBG=F  TRNSPT=T

 TRACE= 0.00E+00  S/R= 0.000000E+00  H/R= 0.000000E+00  U/R= 0.000000E+00

 Pc,BAR =    11.730000

 Pc/P =

 SUBSONIC AREA RATIOS =     1.9230     1.9162     1.9093     1.9024     1.8955
     1.8885

 SUPERSONIC AREA RATIOS =

 NFZ=  1  Mdot/Ac= 0.000000E+00  Ac/At= 0.000000E+00

 NOTE! REACTANT H2(L)          HAS BEEN DEFINED FOR TEMPERATURE   20.27K ONLY.
 YOUR TEMPERATURE ASSIGNMENT   30.00 IS NOT = BUT <10 K FROM THIS VALUE. (REACT)

 WARNING!!  AMOUNT MISSING FOR REACTANT  1.
 PROGRAM SETS WEIGHT PERCENT = 100. (REACT)

 NOTE! REACTANT O2(L)          HAS BEEN DEFINED FOR TEMPERATURE   90.17K ONLY.
 YOUR TEMPERATURE ASSIGNMENT   96.70 IS NOT = BUT <10 K FROM THIS VALUE. (REACT)

 WARNING!!  AMOUNT MISSING FOR REACTANT  2.
 PROGRAM SETS WEIGHT PERCENT = 100. (REACT)

    REACTANT          WT.FRAC   (ENERGY/R),K   TEMP,K  DENSITY
        EXPLODED FORMULA
 F: H2(L)            1.000000  -0.108389E+04    20.27  0.0000
          H  2.00000
 O: O2(L)            1.000000  -0.156101E+04    90.17  0.0000
          O  2.00000

  SPECIES BEING CONSIDERED IN THIS SYSTEM
 (CONDENSED PHASE MAY HAVE NAME LISTED SEVERAL TIMES)
  LAST thermo.inp UPDATE:    9/09/04

  g 6/97  *H               g 4/02  HO2              tpis78  *H2            
  g 8/89  H2O              g 6/99  H2O2             g 5/97  *O             
  g 4/02  *OH              tpis89  *O2              g 8/01  O3             
  g11/99  H2O(cr)          g 8/01  H2O(L)           g 8/01  H2O(L)         

 SPECIES WITH TRANSPORT PROPERTIES

        PURE SPECIES

  H                 H2                H2O               O               
  OH                O2              

     BINARY INTERACTIONS

     H               H2              
     H               O               
     H2              H2O             
     H2              O2              
     H2O             O2              
     O               O2              


 O/F =   6.700000

                       EFFECTIVE FUEL     EFFECTIVE OXIDANT        MIXTURE
 ENTHALPY                  h(2)/R              h(1)/R               h0/R
 (KG-MOL)(K)/KG       -0.53767500E+03     -0.48783267E+02     -0.11227570E+03

 KG-FORM.WT./KG             bi(2)               bi(1)               b0i
  *H                   0.99212255E+00      0.00000000E+00      0.12884708E+00
  *O                   0.00000000E+00      0.62502344E-01      0.54385156E-01

 POINT ITN      T            H           O 
   1    9    3326.707     -10.197     -16.247
 Pinf/Pt = 1.725231
   2    3    3177.948     -10.404     -16.506
 Pinf/Pt = 1.723576
   2    2    3178.203     -10.404     -16.506
   3    3    3312.934     -10.216     -16.270
   3    2    3310.113     -10.220     -16.275
   3    2    3309.767     -10.220     -16.275
   3    1    3309.763     -10.220     -16.275
   4    2    3312.823     -10.216     -16.270
   4    2    3309.980     -10.220     -16.275
   4    2    3309.632     -10.220     -16.275
   4    1    3309.628     -10.220     -16.275
   5    2    3312.710     -10.216     -16.270
   5    2    3309.845     -10.220     -16.275
   5    2    3309.493     -10.220     -16.276
   5    1    3309.489     -10.220     -16.276
   6    2    3312.595     -10.216     -16.270
   6    2    3309.707     -10.220     -16.275
   6    2    3309.353     -10.221     -16.276
   6    1    3309.349     -10.221     -16.276
   7    2    3312.478     -10.216     -16.271
   7    2    3309.568     -10.220     -16.275
   7    2    3309.210     -10.221     -16.276
   7    1    3309.206     -10.221     -16.276
   8    2    3312.358     -10.217     -16.271
   8    2    3309.424     -10.221     -16.276
   8    2    3309.064     -10.221     -16.276
   8    1    3309.060     -10.221     -16.276





              THEORETICAL ROCKET PERFORMANCE ASSUMING EQUILIBRIUM

           COMPOSITION DURING EXPANSION FROM INFINITE AREA COMBUSTOR

 Pin =   170.1 PSIA
 CASE =                

             REACTANT                    WT FRACTION      ENERGY      TEMP
                                          (SEE NOTE)     KJ/KG-MOL      K  
 FUEL        H2(L)                        1.0000000     -9012.000     20.270
 OXIDANT     O2(L)                        1.0000000    -12979.000     90.170

 O/F=    6.70000  %FUEL= 12.987013  R,EQ.RATIO= 1.184580  PHI,EQ.RATIO= 1.184580

                 CHAMBER   THROAT     EXIT     EXIT     EXIT     EXIT     EXIT     EXIT
 Pinf/P            1.0000   1.7236   1.0624   1.0630   1.0635   1.0640   1.0646   1.0651
 P, BAR            11.730   6.8056   11.041   11.035   11.030   11.024   11.019   11.013
 T, K             3326.71  3178.20  3309.76  3309.63  3309.49  3309.35  3309.21  3309.06
 RHO, KG/CU M    6.0027-1 3.6967-1 5.6879-1 5.6854-1 5.6829-1 5.6804-1 5.6778-1 5.6751-1
 H, KJ/KG         -933.52 -1966.15 -1051.47 -1052.41 -1053.38 -1054.36 -1055.35 -1056.37
 U, KJ/KG        -2887.62 -3807.16 -2992.55 -2993.39 -2994.25 -2995.12 -2996.00 -2996.91
 G, KJ/KG        -60782.5 -59143.5 -60595.6 -60594.1 -60592.6 -60591.1 -60589.5 -60587.9
 S, KJ/(KG)(K)    17.9905  17.9905  17.9905  17.9905  17.9905  17.9905  17.9905  17.9905

 M, (1/n)          14.155   14.354   14.177   14.177   14.178   14.178   14.178   14.178
 (dLV/dLP)t      -1.04668 -1.04060 -1.04601 -1.04600 -1.04600 -1.04599 -1.04599 -1.04598
 (dLV/dLT)p        1.8632   1.7866   1.8552   1.8552   1.8551   1.8550   1.8549   1.8549
 Cp, KJ/(KG)(K)   12.9713  12.3934  12.9147  12.9143  12.9138  12.9133  12.9128  12.9123
 GAMMAs            1.1243   1.1218   1.1240   1.1240   1.1240   1.1240   1.1240   1.1239
 SON VEL,M/SEC     1482.2   1437.1   1477.1   1477.0   1477.0   1476.9   1476.9   1476.8
 MACH NUMBER        0.000    1.000    0.329    0.330    0.331    0.333    0.334    0.336

 TRANSPORT PROPERTIES (GASES ONLY)
   CONDUCTIVITY IN UNITS OF MILLIWATTS/(CM)(K)

 VISC,MILLIPOISE   1.0408   1.0060   1.0368   1.0368   1.0368   1.0367   1.0367   1.0367

  WITH EQUILIBRIUM REACTIONS

 Cp, KJ/(KG)(K)   12.9713  12.3934  12.9147  12.9143  12.9138  12.9133  12.9128  12.9123
 CONDUCTIVITY     25.9572  23.8289  25.7308  25.7290  25.7271  25.7252  25.7233  25.7213
 PRANDTL NUMBER    0.5201   0.5232   0.5204   0.5204   0.5204   0.5204   0.5204   0.5204

  WITH FROZEN REACTIONS

 Cp, KJ/(KG)(K)    3.5241   3.4986   3.5213   3.5213   3.5212   3.5212   3.5212   3.5212
 CONDUCTIVITY      5.1593   4.9042   5.1303   5.1300   5.1298   5.1296   5.1293   5.1291
 PRANDTL NUMBER    0.7109   0.7177   0.7117   0.7117   0.7117   0.7117   0.7117   0.7117

 PERFORMANCE PARAMETERS

 Ae/At                      1.0000   1.9230   1.9162   1.9093   1.9024   1.8955   1.8885
 CSTAR, M/SEC               2208.0   2208.0   2208.0   2208.0   2208.0   2208.0   2208.0
 CF                         0.6509   0.2200   0.2209   0.2217   0.2227   0.2236   0.2245
 Ivac, M/SEC                2718.2   4482.1   4468.0   4453.7   4439.4   4425.1   4410.5
 Isp, M/SEC                 1437.1    485.7    487.6    489.6    491.6    493.6    495.7


 MOLE FRACTIONS

 *H               0.05034  0.04402  0.04962  0.04962  0.04961  0.04961  0.04960  0.04959
 HO2              0.00005  0.00003  0.00004  0.00004  0.00004  0.00004  0.00004  0.00004
 *H2              0.19404  0.18749  0.19331  0.19331  0.19330  0.19330  0.19329  0.19328
 H2O              0.65468  0.68254  0.65781  0.65784  0.65786  0.65789  0.65791  0.65794
 H2O2             0.00001  0.00000  0.00001  0.00001  0.00001  0.00001  0.00001  0.00001
 *O               0.01080  0.00850  0.01053  0.01053  0.01052  0.01052  0.01052  0.01052
 *OH              0.07595  0.06531  0.07476  0.07475  0.07474  0.07473  0.07472  0.07471
 *O2              0.01413  0.01210  0.01391  0.01391  0.01391  0.01391  0.01391  0.01390

  * THERMODYNAMIC PROPERTIES FITTED TO 20000.K

    PRODUCTS WHICH WERE CONSIDERED BUT WHOSE MOLE FRACTIONS
    WERE LESS THAN 5.000000E-06 FOR ALL ASSIGNED CONDITIONS

 O3              H2O(cr)         H2O(L)         

 NOTE. WEIGHT FRACTION OF FUEL IN TOTAL FUELS AND OF OXIDANT IN TOTAL OXIDANTS





           THEORETICAL ROCKET PERFORMANCE ASSUMING FROZEN COMPOSITION

 Pin =   170.1 PSIA
 CASE =                

             REACTANT                    WT FRACTION      ENERGY      TEMP
                                          (SEE NOTE)     KJ/KG-MOL      K  
 FUEL        H2(L)                        1.0000000     -9012.000     20.270
 OXIDANT     O2(L)                        1.0000000    -12979.000     90.170

 O/F=    6.70000  %FUEL= 12.987013  R,EQ.RATIO= 1.184580  PHI,EQ.RATIO= 1.184580

                 CHAMBER   THROAT     EXIT     EXIT     EXIT     EXIT     EXIT     EXIT
 Pinf/P            1.0000   1.7741   1.0657   1.0663   1.0668   1.0674   1.0680   1.0685
 P, BAR            11.730   6.6116   11.007   11.001   10.995   10.989   10.984   10.978
 T, K             3326.71  3021.30  3291.57  3291.29  3291.00  3290.71  3290.42  3290.11
 RHO, KG/CU M    6.0027-1 3.7255-1 5.6927-1 5.6903-1 5.6878-1 5.6853-1 5.6828-1 5.6801-1
 H, KJ/KG         -933.52 -2001.73 -1057.23 -1058.22 -1059.23 -1060.26 -1061.29 -1062.36
 U, KJ/KG        -2887.62 -3776.43 -2990.70 -2991.52 -2992.36 -2993.22 -2994.08 -2994.97
 G, KJ/KG        -60782.5 -56356.2 -60274.1 -60270.1 -60265.9 -60261.7 -60257.4 -60253.0
 S, KJ/(KG)(K)    17.9905  17.9905  17.9905  17.9905  17.9905  17.9905  17.9905  17.9905

 M, (1/n)          14.155   14.155   14.155   14.155   14.155   14.155   14.155   14.155
 Cp, KJ/(KG)(K)    3.5241   3.4695   3.5183   3.5182   3.5182   3.5181   3.5181   3.5180
 GAMMAs            1.2000   1.2038   1.2004   1.2004   1.2004   1.2004   1.2004   1.2004
 SON VEL,M/SEC     1531.3   1461.6   1523.5   1523.4   1523.3   1523.3   1523.2   1523.1
 MACH NUMBER        0.000    1.000    0.327    0.328    0.329    0.331    0.332    0.333

 TRANSPORT PROPERTIES (GASES ONLY)
   CONDUCTIVITY IN UNITS OF MILLIWATTS/(CM)(K)

 VISC,MILLIPOISE   1.0408  0.96978   1.0328   1.0327   1.0326   1.0326   1.0325   1.0324

  WITH FROZEN REACTIONS

 Cp, KJ/(KG)(K)    3.5241   3.4695   3.5183   3.5182   3.5182   3.5181   3.5181   3.5180
 CONDUCTIVITY      5.1593   4.7246   5.1101   5.1097   5.1093   5.1089   5.1085   5.1081
 PRANDTL NUMBER    0.7109   0.7122   0.7110   0.7110   0.7110   0.7110   0.7111   0.7111

 PERFORMANCE PARAMETERS

 Ae/At                      1.0000   1.9230   1.9162   1.9093   1.9024   1.8955   1.8885
 CSTAR, M/SEC               2154.1   2154.1   2154.1   2154.1   2154.1   2154.1   2154.1
 CF                         0.6785   0.2309   0.2318   0.2328   0.2337   0.2347   0.2357
 Ivac, M/SEC                2675.8   4384.4   4370.6   4356.7   4342.8   4328.9   4314.7
 Isp, M/SEC                 1461.6    497.4    499.4    501.4    503.5    505.5    507.6

 MOLE FRACTIONS

 *H              0.05034   HO2             0.00005   *H2             0.19404
 H2O             0.65468   H2O2            0.00001   *O              0.01080
 *OH             0.07595   *O2             0.01413

  * THERMODYNAMIC PROPERTIES FITTED TO 20000.K

    PRODUCTS WHICH WERE CONSIDERED BUT WHOSE MOLE FRACTIONS
    WERE LESS THAN 5.000000E-06 FOR ALL ASSIGNED CONDITIONS

 O3              H2O(cr)         H2O(L)         

 NOTE. WEIGHT FRACTION OF FUEL IN TOTAL FUELS AND OF OXIDANT IN TOTAL OXIDANTS



