
 *******************************************************************************

         NASA-GLENN CHEMICAL EQUILIBRIUM PROGRAM CEA2, MAY 21, 2004
                   BY  BONNIE MCBRIDE AND SANFORD GORDON
      REFS: NASA RP-1311, PART I, 1994 AND NASA RP-1311, PART II, 1996

 *******************************************************************************



 problem rocket eq fr
     p(bar) = 11.73
     o/f = 6.7
     sup = 2.4873, 2.5014, 2.5156, 2.5298, 2.544, 2.5582
 reac
     fuel = H2(L) t(K) = 30.000
     ox = O2(L) t(K) = 96.700
 outp trans
 end

 OPTIONS: TP=F  HP=F  SP=F  TV=F  UV=F  SV=F  DETN=F  SHOCK=F  REFL=F  INCD=F
 RKT=T  FROZ=T  EQL=T  IONS=F  SIUNIT=T  DEBUGF=F  SHKDBG=F  DETDBG=F  TRNSPT=T

 TRACE= 0.00E+00  S/R= 0.000000E+00  H/R= 0.000000E+00  U/R= 0.000000E+00

 Pc,BAR =    11.730000

 Pc/P =

 SUBSONIC AREA RATIOS =

 SUPERSONIC AREA RATIOS =     2.4873     2.5014     2.5156     2.5298     2.5440
     2.5582

 NFZ=  1  Mdot/Ac= 0.000000E+00  Ac/At= 0.000000E+00

 NOTE! REACTANT H2(L)          HAS BEEN DEFINED FOR TEMPERATURE   20.27K ONLY.
 YOUR TEMPERATURE ASSIGNMENT   30.00 IS NOT = BUT <10 K FROM THIS VALUE. (REACT)

 WARNING!!  AMOUNT MISSING FOR REACTANT  1.
 PROGRAM SETS WEIGHT PERCENT = 100. (REACT)

 NOTE! REACTANT O2(L)          HAS BEEN DEFINED FOR TEMPERATURE   90.17K ONLY.
 YOUR TEMPERATURE ASSIGNMENT   96.70 IS NOT = BUT <10 K FROM THIS VALUE. (REACT)

 WARNING!!  AMOUNT MISSING FOR REACTANT  2.
 PROGRAM SETS WEIGHT PERCENT = 100. (REACT)

    REACTANT          WT.FRAC   (ENERGY/R),K   TEMP,K  DENSITY
        EXPLODED FORMULA
 F: H2(L)            1.000000  -0.108389E+04    20.27  0.0000
          H  2.00000
 O: O2(L)            1.000000  -0.156101E+04    90.17  0.0000
          O  2.00000

  SPECIES BEING CONSIDERED IN THIS SYSTEM
 (CONDENSED PHASE MAY HAVE NAME LISTED SEVERAL TIMES)
  LAST thermo.inp UPDATE:    9/09/04

  g 6/97  *H               g 4/02  HO2              tpis78  *H2            
  g 8/89  H2O              g 6/99  H2O2             g 5/97  *O             
  g 4/02  *OH              tpis89  *O2              g 8/01  O3             
  g11/99  H2O(cr)          g 8/01  H2O(L)           g 8/01  H2O(L)         

 SPECIES WITH TRANSPORT PROPERTIES

        PURE SPECIES

  H                 H2                H2O               O               
  OH                O2              

     BINARY INTERACTIONS

     H               H2              
     H               O               
     H2              H2O             
     H2              O2              
     H2O             O2              
     O               O2              


 O/F =   6.700000

                       EFFECTIVE FUEL     EFFECTIVE OXIDANT        MIXTURE
 ENTHALPY                  h(2)/R              h(1)/R               h0/R
 (KG-MOL)(K)/KG       -0.53767500E+03     -0.48783267E+02     -0.11227570E+03

 KG-FORM.WT./KG             bi(2)               bi(1)               b0i
  *H                   0.99212255E+00      0.00000000E+00      0.12884708E+00
  *O                   0.00000000E+00      0.62502344E-01      0.54385156E-01

 POINT ITN      T            H           O 
   1    9    3326.707     -10.197     -16.247
 Pinf/Pt = 1.725231
   2    3    3177.948     -10.404     -16.506
 Pinf/Pt = 1.723576
   2    2    3178.203     -10.404     -16.506
   3    4    2717.737     -11.112     -17.576
   3    3    2734.764     -11.086     -17.526
   3    2    2734.837     -11.085     -17.526
   4    2    2732.989     -11.088     -17.531
   4    2    2732.917     -11.088     -17.532
   5    2    2730.922     -11.092     -17.537
   5    2    2730.996     -11.091     -17.537
   6    2    2729.160     -11.094     -17.542
   6    2    2729.087     -11.095     -17.543
   7    2    2727.118     -11.098     -17.548
   7    2    2727.192     -11.098     -17.548
   8    2    2725.381     -11.100     -17.553
   8    2    2725.308     -11.100     -17.554





              THEORETICAL ROCKET PERFORMANCE ASSUMING EQUILIBRIUM

           COMPOSITION DURING EXPANSION FROM INFINITE AREA COMBUSTOR

 Pin =   170.1 PSIA
 CASE =                

             REACTANT                    WT FRACTION      ENERGY      TEMP
                                          (SEE NOTE)     KJ/KG-MOL      K  
 FUEL        H2(L)                        1.0000000     -9012.000     20.270
 OXIDANT     O2(L)                        1.0000000    -12979.000     90.170

 O/F=    6.70000  %FUEL= 12.987013  R,EQ.RATIO= 1.184580  PHI,EQ.RATIO= 1.184580

                 CHAMBER   THROAT     EXIT     EXIT     EXIT     EXIT     EXIT     EXIT
 Pinf/P            1.0000   1.7236   10.236   10.319   10.402   10.485   10.569   10.653
 P, BAR            11.730   6.8056   1.1459   1.1368   1.1277   1.1187   1.1099   1.1011
 T, K             3326.71  3178.20  2734.84  2732.92  2731.00  2729.09  2727.19  2725.31
 RHO, KG/CU M    6.0027-1 3.6967-1 7.5348-2 7.4809-2 7.4275-2 7.3747-2 7.3227-2 7.2714-2
 H, KJ/KG         -933.52 -1966.15 -4951.19 -4963.40 -4975.61 -4987.73 -4999.76 -5011.70
 U, KJ/KG        -2887.62 -3807.16 -6472.05 -6482.95 -6493.85 -6504.66 -6515.40 -6526.05
 G, KJ/KG        -60782.5 -59143.5 -54152.2 -54129.8 -54107.5 -54085.3 -54063.2 -54041.2
 S, KJ/(KG)(K)    17.9905  17.9905  17.9905  17.9905  17.9905  17.9905  17.9905  17.9905

 M, (1/n)          14.155   14.354   14.951   14.954   14.956   14.959   14.961   14.963
 (dLV/dLP)t      -1.04668 -1.04060 -1.02082 -1.02073 -1.02065 -1.02056 -1.02048 -1.02039
 (dLV/dLT)p        1.8632   1.7866   1.4700   1.4684   1.4668   1.4652   1.4636   1.4620
 Cp, KJ/(KG)(K)   12.9713  12.3934   9.3542   9.3366   9.3189   9.3013   9.2838   9.2664
 GAMMAs            1.1243   1.1218   1.1206   1.1207   1.1207   1.1207   1.1208   1.1208
 SON VEL,M/SEC     1482.2   1437.1   1305.5   1305.0   1304.4   1303.9   1303.3   1302.8
 MACH NUMBER        0.000    1.000    2.171    2.176    2.180    2.184    2.188    2.192

 TRANSPORT PROPERTIES (GASES ONLY)
   CONDUCTIVITY IN UNITS OF MILLIWATTS/(CM)(K)

 VISC,MILLIPOISE   1.0408   1.0060  0.89806  0.89758  0.89709  0.89661  0.89613  0.89566

  WITH EQUILIBRIUM REACTIONS

 Cp, KJ/(KG)(K)   12.9713  12.3934   9.3542   9.3366   9.3189   9.3013   9.2838   9.2664
 CONDUCTIVITY     25.9572  23.8289  15.6173  15.5772  15.5371  15.4972  15.4576  15.4182
 PRANDTL NUMBER    0.5201   0.5232   0.5379   0.5380   0.5381   0.5381   0.5382   0.5383

  WITH FROZEN REACTIONS

 Cp, KJ/(KG)(K)    3.5241   3.4986   3.4049   3.4044   3.4040   3.4035   3.4030   3.4025
 CONDUCTIVITY      5.1593   4.9042   4.1417   4.1385   4.1352   4.1319   4.1287   4.1255
 PRANDTL NUMBER    0.7109   0.7177   0.7383   0.7384   0.7385   0.7385   0.7386   0.7387

 PERFORMANCE PARAMETERS

 Ae/At                      1.0000   2.4873   2.5014   2.5156   2.5298   2.5440   2.5582
 CSTAR, M/SEC               2208.0   2208.0   2208.0   2208.0   2208.0   2208.0   2208.0
 CF                         0.6509   1.2838   1.2858   1.2877   1.2896   1.2916   1.2935
 Ivac, M/SEC                2718.2   3371.2   3374.2   3377.2   3380.2   3383.2   3386.2
 Isp, M/SEC                 1437.1   2834.7   2839.0   2843.3   2847.5   2851.8   2855.9


 MOLE FRACTIONS

 *H               0.05034  0.04402  0.02477  0.02468  0.02460  0.02452  0.02444  0.02436
 HO2              0.00005  0.00003  0.00000  0.00000  0.00000  0.00000  0.00000  0.00000
 *H2              0.19404  0.18749  0.16730  0.16722  0.16714  0.16706  0.16698  0.16690
 H2O              0.65468  0.68254  0.76712  0.76746  0.76781  0.76815  0.76849  0.76883
 H2O2             0.00001  0.00000  0.00000  0.00000  0.00000  0.00000  0.00000  0.00000
 *O               0.01080  0.00850  0.00281  0.00279  0.00277  0.00275  0.00273  0.00271
 *OH              0.07595  0.06531  0.03283  0.03269  0.03255  0.03242  0.03229  0.03216
 *O2              0.01413  0.01210  0.00518  0.00515  0.00512  0.00510  0.00507  0.00504

  * THERMODYNAMIC PROPERTIES FITTED TO 20000.K

    PRODUCTS WHICH WERE CONSIDERED BUT WHOSE MOLE FRACTIONS
    WERE LESS THAN 5.000000E-06 FOR ALL ASSIGNED CONDITIONS

 O3              H2O(cr)         H2O(L)         

 NOTE. WEIGHT FRACTION OF FUEL IN TOTAL FUELS AND OF OXIDANT IN TOTAL OXIDANTS





           THEORETICAL ROCKET PERFORMANCE ASSUMING FROZEN COMPOSITION

 Pin =   170.1 PSIA
 CASE =                

             REACTANT                    WT FRACTION      ENERGY      TEMP
                                          (SEE NOTE)     KJ/KG-MOL      K  
 FUEL        H2(L)                        1.0000000     -9012.000     20.270
 OXIDANT     O2(L)                        1.0000000    -12979.000     90.170

 O/F=    6.70000  %FUEL= 12.987013  R,EQ.RATIO= 1.184580  PHI,EQ.RATIO= 1.184580

                 CHAMBER   THROAT     EXIT     EXIT     EXIT     EXIT     EXIT     EXIT
 Pinf/P            1.0000   1.7741   11.794   11.896   11.999   12.102   12.205   12.308
 P, BAR            11.730   6.6116  0.99456  0.98605  0.97760  0.96928  0.96108  0.95301
 T, K             3326.71  3021.30  2169.80  2166.42  2163.04  2159.69  2156.37  2153.07
 RHO, KG/CU M    6.0027-1 3.7255-1 7.8033-2 7.7486-2 7.6942-2 7.6405-2 7.5876-2 7.5354-2
 H, KJ/KG         -933.52 -2001.73 -4869.02 -4879.97 -4890.91 -4901.76 -4912.53 -4923.21
 U, KJ/KG        -2887.62 -3776.43 -6143.55 -6152.52 -6161.48 -6170.37 -6179.18 -6187.92
 G, KJ/KG        -60782.5 -56356.2 -43904.7 -43854.9 -43805.1 -43755.7 -43706.6 -43658.0
 S, KJ/(KG)(K)    17.9905  17.9905  17.9905  17.9905  17.9905  17.9905  17.9905  17.9905

 M, (1/n)          14.155   14.155   14.155   14.155   14.155   14.155   14.155   14.155
 Cp, KJ/(KG)(K)    3.5241   3.4695   3.2425   3.2413   3.2401   3.2389   3.2377   3.2365
 GAMMAs            1.2000   1.2038   1.2212   1.2213   1.2214   1.2215   1.2216   1.2217
 SON VEL,M/SEC     1531.3   1461.6   1247.6   1246.7   1245.8   1244.8   1243.9   1243.0
 MACH NUMBER        0.000    1.000    2.249    2.254    2.258    2.263    2.268    2.272

 TRANSPORT PROPERTIES (GASES ONLY)
   CONDUCTIVITY IN UNITS OF MILLIWATTS/(CM)(K)

 VISC,MILLIPOISE   1.0408  0.96978  0.75371  0.75279  0.75187  0.75095  0.75004  0.74914

  WITH FROZEN REACTIONS

 Cp, KJ/(KG)(K)    3.5241   3.4695   3.2425   3.2413   3.2401   3.2389   3.2377   3.2365
 CONDUCTIVITY      5.1593   4.7246   3.4254   3.4200   3.4146   3.4092   3.4039   3.3986
 PRANDTL NUMBER    0.7109   0.7122   0.7135   0.7135   0.7135   0.7134   0.7134   0.7134

 PERFORMANCE PARAMETERS

 Ae/At                      1.0000   2.4873   2.5014   2.5156   2.5298   2.5440   2.5582
 CSTAR, M/SEC               2154.1   2154.1   2154.1   2154.1   2154.1   2154.1   2154.1
 CF                         0.6785   1.3024   1.3042   1.3060   1.3078   1.3096   1.3113
 Ivac, M/SEC                2675.8   3259.8   3262.4   3264.9   3267.5   3270.0   3272.5
 Isp, M/SEC                 1461.6   2805.5   2809.4   2813.3   2817.2   2821.0   2824.8

 MOLE FRACTIONS

 *H              0.05034   HO2             0.00005   *H2             0.19404
 H2O             0.65468   H2O2            0.00001   *O              0.01080
 *OH             0.07595   *O2             0.01413

  * THERMODYNAMIC PROPERTIES FITTED TO 20000.K

    PRODUCTS WHICH WERE CONSIDERED BUT WHOSE MOLE FRACTIONS
    WERE LESS THAN 5.000000E-06 FOR ALL ASSIGNED CONDITIONS

 O3              H2O(cr)         H2O(L)         

 NOTE. WEIGHT FRACTION OF FUEL IN TOTAL FUELS AND OF OXIDANT IN TOTAL OXIDANTS



