
 *******************************************************************************

         NASA-GLENN CHEMICAL EQUILIBRIUM PROGRAM CEA2, MAY 21, 2004
                   BY  BONNIE MCBRIDE AND SANFORD GORDON
      REFS: NASA RP-1311, PART I, 1994 AND NASA RP-1311, PART II, 1996

 *******************************************************************************



 problem rocket eq fr
     p(bar) = 11.73
     o/f = 6.7
     sub = 2.159, 2.1546, 2.15, 2.1455, 2.1409, 2.1362
 reac
     fuel = H2(L) t(K) = 30.000
     ox = O2(L) t(K) = 96.700
 outp trans
 end

 OPTIONS: TP=F  HP=F  SP=F  TV=F  UV=F  SV=F  DETN=F  SHOCK=F  REFL=F  INCD=F
 RKT=T  FROZ=T  EQL=T  IONS=F  SIUNIT=T  DEBUGF=F  SHKDBG=F  DETDBG=F  TRNSPT=T

 TRACE= 0.00E+00  S/R= 0.000000E+00  H/R= 0.000000E+00  U/R= 0.000000E+00

 Pc,BAR =    11.730000

 Pc/P =

 SUBSONIC AREA RATIOS =     2.1590     2.1546     2.1500     2.1455     2.1409
     2.1362

 SUPERSONIC AREA RATIOS =

 NFZ=  1  Mdot/Ac= 0.000000E+00  Ac/At= 0.000000E+00

 NOTE! REACTANT H2(L)          HAS BEEN DEFINED FOR TEMPERATURE   20.27K ONLY.
 YOUR TEMPERATURE ASSIGNMENT   30.00 IS NOT = BUT <10 K FROM THIS VALUE. (REACT)

 WARNING!!  AMOUNT MISSING FOR REACTANT  1.
 PROGRAM SETS WEIGHT PERCENT = 100. (REACT)

 NOTE! REACTANT O2(L)          HAS BEEN DEFINED FOR TEMPERATURE   90.17K ONLY.
 YOUR TEMPERATURE ASSIGNMENT   96.70 IS NOT = BUT <10 K FROM THIS VALUE. (REACT)

 WARNING!!  AMOUNT MISSING FOR REACTANT  2.
 PROGRAM SETS WEIGHT PERCENT = 100. (REACT)

    REACTANT          WT.FRAC   (ENERGY/R),K   TEMP,K  DENSITY
        EXPLODED FORMULA
 F: H2(L)            1.000000  -0.108389E+04    20.27  0.0000
          H  2.00000
 O: O2(L)            1.000000  -0.156101E+04    90.17  0.0000
          O  2.00000

  SPECIES BEING CONSIDERED IN THIS SYSTEM
 (CONDENSED PHASE MAY HAVE NAME LISTED SEVERAL TIMES)
  LAST thermo.inp UPDATE:    9/09/04

  g 6/97  *H               g 4/02  HO2              tpis78  *H2            
  g 8/89  H2O              g 6/99  H2O2             g 5/97  *O             
  g 4/02  *OH              tpis89  *O2              g 8/01  O3             
  g11/99  H2O(cr)          g 8/01  H2O(L)           g 8/01  H2O(L)         

 SPECIES WITH TRANSPORT PROPERTIES

        PURE SPECIES

  H                 H2                H2O               O               
  OH                O2              

     BINARY INTERACTIONS

     H               H2              
     H               O               
     H2              H2O             
     H2              O2              
     H2O             O2              
     O               O2              


 O/F =   6.700000

                       EFFECTIVE FUEL     EFFECTIVE OXIDANT        MIXTURE
 ENTHALPY                  h(2)/R              h(1)/R               h0/R
 (KG-MOL)(K)/KG       -0.53767500E+03     -0.48783267E+02     -0.11227570E+03

 KG-FORM.WT./KG             bi(2)               bi(1)               b0i
  *H                   0.99212255E+00      0.00000000E+00      0.12884708E+00
  *O                   0.00000000E+00      0.62502344E-01      0.54385156E-01

 POINT ITN      T            H           O 
   1    9    3326.707     -10.197     -16.247
 Pinf/Pt = 1.725231
   2    3    3177.948     -10.404     -16.506
 Pinf/Pt = 1.723576
   2    2    3178.203     -10.404     -16.506
   3    2    3316.015     -10.212     -16.265
   3    2    3313.847     -10.215     -16.268
   3    2    3313.592     -10.215     -16.269
   3    1    3313.589     -10.215     -16.269
   4    2    3315.968     -10.212     -16.265
   4    2    3313.790     -10.215     -16.268
   4    2    3313.533     -10.215     -16.269
   4    1    3313.531     -10.215     -16.269
   5    2    3315.919     -10.212     -16.265
   5    2    3313.730     -10.215     -16.269
   5    2    3313.472     -10.215     -16.269
   5    1    3313.469     -10.215     -16.269
   6    2    3315.871     -10.212     -16.265
   6    2    3313.671     -10.215     -16.269
   6    2    3313.411     -10.215     -16.269
   6    1    3313.408     -10.215     -16.269
   7    2    3315.821     -10.212     -16.265
   7    2    3313.610     -10.215     -16.269
   7    2    3313.349     -10.215     -16.269
   7    1    3313.346     -10.215     -16.269
   8    2    3315.770     -10.212     -16.265
   8    2    3313.547     -10.215     -16.269
   8    2    3313.284     -10.215     -16.269
   8    1    3313.281     -10.215     -16.269





              THEORETICAL ROCKET PERFORMANCE ASSUMING EQUILIBRIUM

           COMPOSITION DURING EXPANSION FROM INFINITE AREA COMBUSTOR

 Pin =   170.1 PSIA
 CASE =                

             REACTANT                    WT FRACTION      ENERGY      TEMP
                                          (SEE NOTE)     KJ/KG-MOL      K  
 FUEL        H2(L)                        1.0000000     -9012.000     20.270
 OXIDANT     O2(L)                        1.0000000    -12979.000     90.170

 O/F=    6.70000  %FUEL= 12.987013  R,EQ.RATIO= 1.184580  PHI,EQ.RATIO= 1.184580

                 CHAMBER   THROAT     EXIT     EXIT     EXIT     EXIT     EXIT     EXIT
 Pinf/P            1.0000   1.7236   1.0480   1.0482   1.0484   1.0486   1.0489   1.0491
 P, BAR            11.730   6.8056   11.193   11.191   11.188   11.186   11.183   11.181
 T, K             3326.71  3178.20  3313.59  3313.53  3313.47  3313.41  3313.35  3313.28
 RHO, KG/CU M    6.0027-1 3.6967-1 5.7577-1 5.7566-1 5.7555-1 5.7544-1 5.7532-1 5.7521-1
 H, KJ/KG         -933.52 -1966.15 -1024.84 -1025.25 -1025.67 -1026.10 -1026.53 -1026.98
 U, KJ/KG        -2887.62 -3807.16 -2968.86 -2969.22 -2969.60 -2969.98 -2970.37 -2970.76
 G, KJ/KG        -60782.5 -59143.5 -60637.8 -60637.2 -60636.5 -60635.8 -60635.1 -60634.4
 S, KJ/(KG)(K)    17.9905  17.9905  17.9905  17.9905  17.9905  17.9905  17.9905  17.9905

 M, (1/n)          14.155   14.354   14.172   14.172   14.172   14.172   14.172   14.173
 (dLV/dLP)t      -1.04668 -1.04060 -1.04616 -1.04616 -1.04616 -1.04615 -1.04615 -1.04615
 (dLV/dLT)p        1.8632   1.7866   1.8570   1.8570   1.8570   1.8570   1.8569   1.8569
 Cp, KJ/(KG)(K)   12.9713  12.3934  12.9277  12.9275  12.9273  12.9271  12.9269  12.9267
 GAMMAs            1.1243   1.1218   1.1240   1.1240   1.1240   1.1240   1.1240   1.1240
 SON VEL,M/SEC     1482.2   1437.1   1478.2   1478.2   1478.2   1478.2   1478.1   1478.1
 MACH NUMBER        0.000    1.000    0.289    0.290    0.290    0.291    0.292    0.292

 TRANSPORT PROPERTIES (GASES ONLY)
   CONDUCTIVITY IN UNITS OF MILLIWATTS/(CM)(K)

 VISC,MILLIPOISE   1.0408   1.0060   1.0377   1.0377   1.0377   1.0377   1.0377   1.0377

  WITH EQUILIBRIUM REACTIONS

 Cp, KJ/(KG)(K)   12.9713  12.3934  12.9277  12.9275  12.9273  12.9271  12.9269  12.9267
 CONDUCTIVITY     25.9572  23.8289  25.7823  25.7815  25.7807  25.7799  25.7790  25.7782
 PRANDTL NUMBER    0.5201   0.5232   0.5203   0.5203   0.5203   0.5203   0.5203   0.5203

  WITH FROZEN REACTIONS

 Cp, KJ/(KG)(K)    3.5241   3.4986   3.5219   3.5219   3.5219   3.5219   3.5219   3.5219
 CONDUCTIVITY      5.1593   4.9042   5.1368   5.1367   5.1366   5.1365   5.1364   5.1363
 PRANDTL NUMBER    0.7109   0.7177   0.7115   0.7115   0.7115   0.7115   0.7115   0.7115

 PERFORMANCE PARAMETERS

 Ae/At                      1.0000   2.1590   2.1546   2.1500   2.1455   2.1409   2.1362
 CSTAR, M/SEC               2208.0   2208.0   2208.0   2208.0   2208.0   2208.0   2208.0
 CF                         0.6509   0.1936   0.1940   0.1944   0.1949   0.1953   0.1958
 Ivac, M/SEC                2718.2   4976.2   4966.9   4957.3   4947.8   4938.1   4928.2
 Isp, M/SEC                 1437.1    427.4    428.3    429.3    430.3    431.3    432.4


 MOLE FRACTIONS

 *H               0.05034  0.04402  0.04978  0.04978  0.04978  0.04978  0.04977  0.04977
 HO2              0.00005  0.00003  0.00004  0.00004  0.00004  0.00004  0.00004  0.00004
 *H2              0.19404  0.18749  0.19348  0.19348  0.19347  0.19347  0.19347  0.19347
 H2O              0.65468  0.68254  0.65710  0.65711  0.65713  0.65714  0.65715  0.65716
 H2O2             0.00001  0.00000  0.00001  0.00001  0.00001  0.00001  0.00001  0.00001
 *O               0.01080  0.00850  0.01059  0.01059  0.01059  0.01059  0.01059  0.01058
 *OH              0.07595  0.06531  0.07503  0.07502  0.07502  0.07502  0.07501  0.07501
 *O2              0.01413  0.01210  0.01396  0.01396  0.01396  0.01396  0.01396  0.01396

  * THERMODYNAMIC PROPERTIES FITTED TO 20000.K

    PRODUCTS WHICH WERE CONSIDERED BUT WHOSE MOLE FRACTIONS
    WERE LESS THAN 5.000000E-06 FOR ALL ASSIGNED CONDITIONS

 O3              H2O(cr)         H2O(L)         

 NOTE. WEIGHT FRACTION OF FUEL IN TOTAL FUELS AND OF OXIDANT IN TOTAL OXIDANTS





           THEORETICAL ROCKET PERFORMANCE ASSUMING FROZEN COMPOSITION

 Pin =   170.1 PSIA
 CASE =                

             REACTANT                    WT FRACTION      ENERGY      TEMP
                                          (SEE NOTE)     KJ/KG-MOL      K  
 FUEL        H2(L)                        1.0000000     -9012.000     20.270
 OXIDANT     O2(L)                        1.0000000    -12979.000     90.170

 O/F=    6.70000  %FUEL= 12.987013  R,EQ.RATIO= 1.184580  PHI,EQ.RATIO= 1.184580

                 CHAMBER   THROAT     EXIT     EXIT     EXIT     EXIT     EXIT     EXIT
 Pinf/P            1.0000   1.7741   1.0505   1.0507   1.0509   1.0512   1.0514   1.0517
 P, BAR            11.730   6.6116   11.166   11.164   11.161   11.159   11.156   11.154
 T, K             3326.71  3021.30  3299.50  3299.38  3299.25  3299.13  3299.00  3298.86
 RHO, KG/CU M    6.0027-1 3.7255-1 5.7615-1 5.7604-1 5.7593-1 5.7582-1 5.7571-1 5.7559-1
 H, KJ/KG         -933.52 -2001.73 -1029.34 -1029.76 -1030.21 -1030.66 -1031.11 -1031.58
 U, KJ/KG        -2887.62 -3776.43 -2967.46 -2967.82 -2968.19 -2968.56 -2968.94 -2969.33
 G, KJ/KG        -60782.5 -56356.2 -60388.9 -60387.1 -60385.3 -60383.4 -60381.6 -60379.6
 S, KJ/(KG)(K)    17.9905  17.9905  17.9905  17.9905  17.9905  17.9905  17.9905  17.9905

 M, (1/n)          14.155   14.155   14.155   14.155   14.155   14.155   14.155   14.155
 Cp, KJ/(KG)(K)    3.5241   3.4695   3.5196   3.5196   3.5196   3.5195   3.5195   3.5195
 GAMMAs            1.2000   1.2038   1.2003   1.2003   1.2003   1.2003   1.2003   1.2003
 SON VEL,M/SEC     1531.3   1461.6   1525.2   1525.2   1525.2   1525.2   1525.1   1525.1
 MACH NUMBER        0.000    1.000    0.287    0.288    0.288    0.289    0.290    0.290

 TRANSPORT PROPERTIES (GASES ONLY)
   CONDUCTIVITY IN UNITS OF MILLIWATTS/(CM)(K)

 VISC,MILLIPOISE   1.0408  0.96978   1.0346   1.0345   1.0345   1.0345   1.0344   1.0344

  WITH FROZEN REACTIONS

 Cp, KJ/(KG)(K)    3.5241   3.4695   3.5196   3.5196   3.5196   3.5195   3.5195   3.5195
 CONDUCTIVITY      5.1593   4.7246   5.1212   5.1211   5.1209   5.1207   5.1205   5.1203
 PRANDTL NUMBER    0.7109   0.7122   0.7110   0.7110   0.7110   0.7110   0.7110   0.7110

 PERFORMANCE PARAMETERS

 Ae/At                      1.0000   2.1590   2.1546   2.1500   2.1455   2.1409   2.1362
 CSTAR, M/SEC               2154.1   2154.1   2154.1   2154.1   2154.1   2154.1   2154.1
 CF                         0.6785   0.2032   0.2037   0.2041   0.2046   0.2051   0.2056
 Ivac, M/SEC                2675.8   4865.1   4856.1   4846.6   4837.4   4828.0   4818.4
 Isp, M/SEC                 1461.6    437.8    438.7    439.8    440.8    441.8    442.9

 MOLE FRACTIONS

 *H              0.05034   HO2             0.00005   *H2             0.19404
 H2O             0.65468   H2O2            0.00001   *O              0.01080
 *OH             0.07595   *O2             0.01413

  * THERMODYNAMIC PROPERTIES FITTED TO 20000.K

    PRODUCTS WHICH WERE CONSIDERED BUT WHOSE MOLE FRACTIONS
    WERE LESS THAN 5.000000E-06 FOR ALL ASSIGNED CONDITIONS

 O3              H2O(cr)         H2O(L)         

 NOTE. WEIGHT FRACTION OF FUEL IN TOTAL FUELS AND OF OXIDANT IN TOTAL OXIDANTS



