
 *******************************************************************************

         NASA-GLENN CHEMICAL EQUILIBRIUM PROGRAM CEA2, MAY 21, 2004
                   BY  BONNIE MCBRIDE AND SANFORD GORDON
      REFS: NASA RP-1311, PART I, 1994 AND NASA RP-1311, PART II, 1996

 *******************************************************************************



 problem rocket eq fr
     p(bar) = 11.73
     o/f = 6.7
     sub = 2.2306, 2.2302, 2.2298, 2.2294, 2.229, 2.2286
 reac
     fuel = H2(L) t(K) = 30.000
     ox = O2(L) t(K) = 96.700
 outp trans
 end

 OPTIONS: TP=F  HP=F  SP=F  TV=F  UV=F  SV=F  DETN=F  SHOCK=F  REFL=F  INCD=F
 RKT=T  FROZ=T  EQL=T  IONS=F  SIUNIT=T  DEBUGF=F  SHKDBG=F  DETDBG=F  TRNSPT=T

 TRACE= 0.00E+00  S/R= 0.000000E+00  H/R= 0.000000E+00  U/R= 0.000000E+00

 Pc,BAR =    11.730000

 Pc/P =

 SUBSONIC AREA RATIOS =     2.2306     2.2302     2.2298     2.2294     2.2290
     2.2286

 SUPERSONIC AREA RATIOS =

 NFZ=  1  Mdot/Ac= 0.000000E+00  Ac/At= 0.000000E+00

 NOTE! REACTANT H2(L)          HAS BEEN DEFINED FOR TEMPERATURE   20.27K ONLY.
 YOUR TEMPERATURE ASSIGNMENT   30.00 IS NOT = BUT <10 K FROM THIS VALUE. (REACT)

 WARNING!!  AMOUNT MISSING FOR REACTANT  1.
 PROGRAM SETS WEIGHT PERCENT = 100. (REACT)

 NOTE! REACTANT O2(L)          HAS BEEN DEFINED FOR TEMPERATURE   90.17K ONLY.
 YOUR TEMPERATURE ASSIGNMENT   96.70 IS NOT = BUT <10 K FROM THIS VALUE. (REACT)

 WARNING!!  AMOUNT MISSING FOR REACTANT  2.
 PROGRAM SETS WEIGHT PERCENT = 100. (REACT)

    REACTANT          WT.FRAC   (ENERGY/R),K   TEMP,K  DENSITY
        EXPLODED FORMULA
 F: H2(L)            1.000000  -0.108389E+04    20.27  0.0000
          H  2.00000
 O: O2(L)            1.000000  -0.156101E+04    90.17  0.0000
          O  2.00000

  SPECIES BEING CONSIDERED IN THIS SYSTEM
 (CONDENSED PHASE MAY HAVE NAME LISTED SEVERAL TIMES)
  LAST thermo.inp UPDATE:    9/09/04

  g 6/97  *H               g 4/02  HO2              tpis78  *H2            
  g 8/89  H2O              g 6/99  H2O2             g 5/97  *O             
  g 4/02  *OH              tpis89  *O2              g 8/01  O3             
  g11/99  H2O(cr)          g 8/01  H2O(L)           g 8/01  H2O(L)         

 SPECIES WITH TRANSPORT PROPERTIES

        PURE SPECIES

  H                 H2                H2O               O               
  OH                O2              

     BINARY INTERACTIONS

     H               H2              
     H               O               
     H2              H2O             
     H2              O2              
     H2O             O2              
     O               O2              


 O/F =   6.700000

                       EFFECTIVE FUEL     EFFECTIVE OXIDANT        MIXTURE
 ENTHALPY                  h(2)/R              h(1)/R               h0/R
 (KG-MOL)(K)/KG       -0.53767500E+03     -0.48783267E+02     -0.11227570E+03

 KG-FORM.WT./KG             bi(2)               bi(1)               b0i
  *H                   0.99212255E+00      0.00000000E+00      0.12884708E+00
  *O                   0.00000000E+00      0.62502344E-01      0.54385156E-01

 POINT ITN      T            H           O 
   1    9    3326.707     -10.197     -16.247
 Pinf/Pt = 1.725231
   2    3    3177.948     -10.404     -16.506
 Pinf/Pt = 1.723576
   2    2    3178.203     -10.404     -16.506
   3    2    3316.727     -10.211     -16.264
   3    2    3314.723     -10.213     -16.267
   3    2    3314.490     -10.214     -16.267
   3    1    3314.488     -10.214     -16.267
   4    2    3316.723     -10.211     -16.264
   4    2    3314.718     -10.213     -16.267
   4    2    3314.486     -10.214     -16.267
   4    1    3314.483     -10.214     -16.267
   5    2    3316.720     -10.211     -16.264
   5    2    3314.713     -10.213     -16.267
   5    2    3314.481     -10.214     -16.267
   5    1    3314.478     -10.214     -16.267
   6    2    3316.716     -10.211     -16.264
   6    2    3314.709     -10.213     -16.267
   6    2    3314.476     -10.214     -16.267
   6    1    3314.474     -10.214     -16.267
   7    2    3316.712     -10.211     -16.264
   7    2    3314.704     -10.213     -16.267
   7    2    3314.471     -10.214     -16.267
   7    1    3314.469     -10.214     -16.267
   8    2    3316.708     -10.211     -16.264
   8    2    3314.700     -10.213     -16.267
   8    2    3314.467     -10.214     -16.267
   8    1    3314.464     -10.214     -16.267





              THEORETICAL ROCKET PERFORMANCE ASSUMING EQUILIBRIUM

           COMPOSITION DURING EXPANSION FROM INFINITE AREA COMBUSTOR

 Pin =   170.1 PSIA
 CASE =                

             REACTANT                    WT FRACTION      ENERGY      TEMP
                                          (SEE NOTE)     KJ/KG-MOL      K  
 FUEL        H2(L)                        1.0000000     -9012.000     20.270
 OXIDANT     O2(L)                        1.0000000    -12979.000     90.170

 O/F=    6.70000  %FUEL= 12.987013  R,EQ.RATIO= 1.184580  PHI,EQ.RATIO= 1.184580

                 CHAMBER   THROAT     EXIT     EXIT     EXIT     EXIT     EXIT     EXIT
 Pinf/P            1.0000   1.7236   1.0446   1.0446   1.0446   1.0447   1.0447   1.0447
 P, BAR            11.730   6.8056   11.229   11.229   11.229   11.229   11.228   11.228
 T, K             3326.71  3178.20  3314.49  3314.48  3314.48  3314.47  3314.47  3314.46
 RHO, KG/CU M    6.0027-1 3.6967-1 5.7742-1 5.7741-1 5.7740-1 5.7739-1 5.7739-1 5.7738-1
 H, KJ/KG         -933.52 -1966.15 -1018.58 -1018.61 -1018.65 -1018.68 -1018.71 -1018.75
 U, KJ/KG        -2887.62 -3807.16 -2963.29 -2963.32 -2963.35 -2963.38 -2963.41 -2963.44
 G, KJ/KG        -60782.5 -59143.5 -60647.7 -60647.7 -60647.6 -60647.6 -60647.5 -60647.5
 S, KJ/(KG)(K)    17.9905  17.9905  17.9905  17.9905  17.9905  17.9905  17.9905  17.9905

 M, (1/n)          14.155   14.354   14.171   14.171   14.171   14.171   14.171   14.171
 (dLV/dLP)t      -1.04668 -1.04060 -1.04620 -1.04620 -1.04620 -1.04620 -1.04620 -1.04620
 (dLV/dLT)p        1.8632   1.7866   1.8575   1.8575   1.8575   1.8575   1.8575   1.8575
 Cp, KJ/(KG)(K)   12.9713  12.3934  12.9307  12.9307  12.9307  12.9307  12.9307  12.9306
 GAMMAs            1.1243   1.1218   1.1240   1.1240   1.1240   1.1240   1.1240   1.1240
 SON VEL,M/SEC     1482.2   1437.1   1478.5   1478.5   1478.5   1478.5   1478.5   1478.5
 MACH NUMBER        0.000    1.000    0.279    0.279    0.279    0.279    0.279    0.279

 TRANSPORT PROPERTIES (GASES ONLY)
   CONDUCTIVITY IN UNITS OF MILLIWATTS/(CM)(K)

 VISC,MILLIPOISE   1.0408   1.0060   1.0379   1.0379   1.0379   1.0379   1.0379   1.0379

  WITH EQUILIBRIUM REACTIONS

 Cp, KJ/(KG)(K)   12.9713  12.3934  12.9307  12.9307  12.9307  12.9307  12.9307  12.9306
 CONDUCTIVITY     25.9572  23.8289  25.7944  25.7943  25.7942  25.7942  25.7941  25.7941
 PRANDTL NUMBER    0.5201   0.5232   0.5203   0.5203   0.5203   0.5203   0.5203   0.5203

  WITH FROZEN REACTIONS

 Cp, KJ/(KG)(K)    3.5241   3.4986   3.5221   3.5221   3.5221   3.5221   3.5221   3.5221
 CONDUCTIVITY      5.1593   4.9042   5.1384   5.1384   5.1384   5.1383   5.1383   5.1383
 PRANDTL NUMBER    0.7109   0.7177   0.7114   0.7115   0.7115   0.7115   0.7115   0.7115

 PERFORMANCE PARAMETERS

 Ae/At                      1.0000   2.2306   2.2302   2.2298   2.2294   2.2290   2.2286
 CSTAR, M/SEC               2208.0   2208.0   2208.0   2208.0   2208.0   2208.0   2208.0
 CF                         0.6509   0.1868   0.1868   0.1869   0.1869   0.1870   0.1870
 Ivac, M/SEC                2718.2   5127.3   5126.5   5125.6   5124.8   5123.9   5123.1
 Isp, M/SEC                 1437.1    412.5    412.5    412.6    412.7    412.8    412.9


 MOLE FRACTIONS

 *H               0.05034  0.04402  0.04982  0.04982  0.04982  0.04982  0.04982  0.04982
 HO2              0.00005  0.00003  0.00004  0.00004  0.00004  0.00004  0.00004  0.00004
 *H2              0.19404  0.18749  0.19352  0.19352  0.19352  0.19352  0.19352  0.19352
 H2O              0.65468  0.68254  0.65694  0.65694  0.65694  0.65694  0.65694  0.65694
 H2O2             0.00001  0.00000  0.00001  0.00001  0.00001  0.00001  0.00001  0.00001
 *O               0.01080  0.00850  0.01060  0.01060  0.01060  0.01060  0.01060  0.01060
 *OH              0.07595  0.06531  0.07509  0.07509  0.07509  0.07509  0.07509  0.07509
 *O2              0.01413  0.01210  0.01398  0.01398  0.01398  0.01398  0.01398  0.01398

  * THERMODYNAMIC PROPERTIES FITTED TO 20000.K

    PRODUCTS WHICH WERE CONSIDERED BUT WHOSE MOLE FRACTIONS
    WERE LESS THAN 5.000000E-06 FOR ALL ASSIGNED CONDITIONS

 O3              H2O(cr)         H2O(L)         

 NOTE. WEIGHT FRACTION OF FUEL IN TOTAL FUELS AND OF OXIDANT IN TOTAL OXIDANTS





           THEORETICAL ROCKET PERFORMANCE ASSUMING FROZEN COMPOSITION

 Pin =   170.1 PSIA
 CASE =                

             REACTANT                    WT FRACTION      ENERGY      TEMP
                                          (SEE NOTE)     KJ/KG-MOL      K  
 FUEL        H2(L)                        1.0000000     -9012.000     20.270
 OXIDANT     O2(L)                        1.0000000    -12979.000     90.170

 O/F=    6.70000  %FUEL= 12.987013  R,EQ.RATIO= 1.184580  PHI,EQ.RATIO= 1.184580

                 CHAMBER   THROAT     EXIT     EXIT     EXIT     EXIT     EXIT     EXIT
 Pinf/P            1.0000   1.7741   1.0469   1.0469   1.0470   1.0470   1.0470   1.0470
 P, BAR            11.730   6.6116   11.204   11.204   11.204   11.204   11.203   11.203
 T, K             3326.71  3021.30  3301.36  3301.35  3301.34  3301.33  3301.32  3301.31
 RHO, KG/CU M    6.0027-1 3.7255-1 5.7777-1 5.7776-1 5.7776-1 5.7775-1 5.7774-1 5.7773-1
 H, KJ/KG         -933.52 -2001.73 -1022.78 -1022.81 -1022.85 -1022.88 -1022.92 -1022.95
 U, KJ/KG        -2887.62 -3776.43 -2962.00 -2962.03 -2962.05 -2962.08 -2962.11 -2962.14
 G, KJ/KG        -60782.5 -56356.2 -60415.8 -60415.7 -60415.5 -60415.4 -60415.2 -60415.1
 S, KJ/(KG)(K)    17.9905  17.9905  17.9905  17.9905  17.9905  17.9905  17.9905  17.9905

 M, (1/n)          14.155   14.155   14.155   14.155   14.155   14.155   14.155   14.155
 Cp, KJ/(KG)(K)    3.5241   3.4695   3.5199   3.5199   3.5199   3.5199   3.5199   3.5199
 GAMMAs            1.2000   1.2038   1.2003   1.2003   1.2003   1.2003   1.2003   1.2003
 SON VEL,M/SEC     1531.3   1461.6   1525.7   1525.7   1525.7   1525.7   1525.7   1525.7
 MACH NUMBER        0.000    1.000    0.277    0.277    0.277    0.277    0.277    0.277

 TRANSPORT PROPERTIES (GASES ONLY)
   CONDUCTIVITY IN UNITS OF MILLIWATTS/(CM)(K)

 VISC,MILLIPOISE   1.0408  0.96978   1.0350   1.0350   1.0350   1.0350   1.0350   1.0350

  WITH FROZEN REACTIONS

 Cp, KJ/(KG)(K)    3.5241   3.4695   3.5199   3.5199   3.5199   3.5199   3.5199   3.5199
 CONDUCTIVITY      5.1593   4.7246   5.1238   5.1238   5.1238   5.1238   5.1238   5.1238
 PRANDTL NUMBER    0.7109   0.7122   0.7110   0.7110   0.7110   0.7110   0.7110   0.7110

 PERFORMANCE PARAMETERS

 Ae/At                      1.0000   2.2306   2.2302   2.2298   2.2294   2.2290   2.2286
 CSTAR, M/SEC               2154.1   2154.1   2154.1   2154.1   2154.1   2154.1   2154.1
 CF                         0.6785   0.1961   0.1962   0.1962   0.1963   0.1963   0.1963
 Ivac, M/SEC                2675.8   5012.2   5011.4   5010.5   5009.7   5008.9   5008.1
 Isp, M/SEC                 1461.6    422.5    422.6    422.7    422.8    422.8    422.9

 MOLE FRACTIONS

 *H              0.05034   HO2             0.00005   *H2             0.19404
 H2O             0.65468   H2O2            0.00001   *O              0.01080
 *OH             0.07595   *O2             0.01413

  * THERMODYNAMIC PROPERTIES FITTED TO 20000.K

    PRODUCTS WHICH WERE CONSIDERED BUT WHOSE MOLE FRACTIONS
    WERE LESS THAN 5.000000E-06 FOR ALL ASSIGNED CONDITIONS

 O3              H2O(cr)         H2O(L)         

 NOTE. WEIGHT FRACTION OF FUEL IN TOTAL FUELS AND OF OXIDANT IN TOTAL OXIDANTS



