
 *******************************************************************************

         NASA-GLENN CHEMICAL EQUILIBRIUM PROGRAM CEA2, MAY 21, 2004
                   BY  BONNIE MCBRIDE AND SANFORD GORDON
      REFS: NASA RP-1311, PART I, 1994 AND NASA RP-1311, PART II, 1996

 *******************************************************************************



 problem rocket eq fr
     p(bar) = 11.73
     o/f = 6.7
     sub = 1.2829, 1.276, 1.2691, 1.2623, 1.2555, 1.2488
 reac
     fuel = H2(L) t(K) = 30.000
     ox = O2(L) t(K) = 96.700
 outp trans
 end

 OPTIONS: TP=F  HP=F  SP=F  TV=F  UV=F  SV=F  DETN=F  SHOCK=F  REFL=F  INCD=F
 RKT=T  FROZ=T  EQL=T  IONS=F  SIUNIT=T  DEBUGF=F  SHKDBG=F  DETDBG=F  TRNSPT=T

 TRACE= 0.00E+00  S/R= 0.000000E+00  H/R= 0.000000E+00  U/R= 0.000000E+00

 Pc,BAR =    11.730000

 Pc/P =

 SUBSONIC AREA RATIOS =     1.2829     1.2760     1.2691     1.2623     1.2555
     1.2488

 SUPERSONIC AREA RATIOS =

 NFZ=  1  Mdot/Ac= 0.000000E+00  Ac/At= 0.000000E+00

 NOTE! REACTANT H2(L)          HAS BEEN DEFINED FOR TEMPERATURE   20.27K ONLY.
 YOUR TEMPERATURE ASSIGNMENT   30.00 IS NOT = BUT <10 K FROM THIS VALUE. (REACT)

 WARNING!!  AMOUNT MISSING FOR REACTANT  1.
 PROGRAM SETS WEIGHT PERCENT = 100. (REACT)

 NOTE! REACTANT O2(L)          HAS BEEN DEFINED FOR TEMPERATURE   90.17K ONLY.
 YOUR TEMPERATURE ASSIGNMENT   96.70 IS NOT = BUT <10 K FROM THIS VALUE. (REACT)

 WARNING!!  AMOUNT MISSING FOR REACTANT  2.
 PROGRAM SETS WEIGHT PERCENT = 100. (REACT)

    REACTANT          WT.FRAC   (ENERGY/R),K   TEMP,K  DENSITY
        EXPLODED FORMULA
 F: H2(L)            1.000000  -0.108389E+04    20.27  0.0000
          H  2.00000
 O: O2(L)            1.000000  -0.156101E+04    90.17  0.0000
          O  2.00000

  SPECIES BEING CONSIDERED IN THIS SYSTEM
 (CONDENSED PHASE MAY HAVE NAME LISTED SEVERAL TIMES)
  LAST thermo.inp UPDATE:    9/09/04

  g 6/97  *H               g 4/02  HO2              tpis78  *H2            
  g 8/89  H2O              g 6/99  H2O2             g 5/97  *O             
  g 4/02  *OH              tpis89  *O2              g 8/01  O3             
  g11/99  H2O(cr)          g 8/01  H2O(L)           g 8/01  H2O(L)         

 SPECIES WITH TRANSPORT PROPERTIES

        PURE SPECIES

  H                 H2                H2O               O               
  OH                O2              

     BINARY INTERACTIONS

     H               H2              
     H               O               
     H2              H2O             
     H2              O2              
     H2O             O2              
     O               O2              


 O/F =   6.700000

                       EFFECTIVE FUEL     EFFECTIVE OXIDANT        MIXTURE
 ENTHALPY                  h(2)/R              h(1)/R               h0/R
 (KG-MOL)(K)/KG       -0.53767500E+03     -0.48783267E+02     -0.11227570E+03

 KG-FORM.WT./KG             bi(2)               bi(1)               b0i
  *H                   0.99212255E+00      0.00000000E+00      0.12884708E+00
  *O                   0.00000000E+00      0.62502344E-01      0.54385156E-01

 POINT ITN      T            H           O 
   1    9    3326.707     -10.197     -16.247
 Pinf/Pt = 1.725231
   2    3    3177.948     -10.404     -16.506
 Pinf/Pt = 1.723576
   2    2    3178.203     -10.404     -16.506
   3    3    3286.825     -10.251     -16.313
   3    2    3281.429     -10.259     -16.323
   3    2    3280.882     -10.259     -16.324
   4    2    3286.101     -10.252     -16.315
   4    2    3280.711     -10.260     -16.324
   4    2    3280.172     -10.260     -16.325
   5    2    3285.352     -10.253     -16.316
   5    2    3279.973     -10.261     -16.325
   5    2    3279.442     -10.261     -16.326
   6    2    3284.588     -10.254     -16.317
   6    2    3279.224     -10.262     -16.326
   6    2    3278.702     -10.262     -16.327
   7    2    3283.796     -10.255     -16.319
   7    2    3278.453     -10.263     -16.328
   7    2    3277.941     -10.263     -16.329
   8    2    3282.987     -10.257     -16.320
   8    2    3277.670     -10.264     -16.329
   8    2    3277.169     -10.265     -16.330





              THEORETICAL ROCKET PERFORMANCE ASSUMING EQUILIBRIUM

           COMPOSITION DURING EXPANSION FROM INFINITE AREA COMBUSTOR

 Pin =   170.1 PSIA
 CASE =                

             REACTANT                    WT FRACTION      ENERGY      TEMP
                                          (SEE NOTE)     KJ/KG-MOL      K  
 FUEL        H2(L)                        1.0000000     -9012.000     20.270
 OXIDANT     O2(L)                        1.0000000    -12979.000     90.170

 O/F=    6.70000  %FUEL= 12.987013  R,EQ.RATIO= 1.184580  PHI,EQ.RATIO= 1.184580

                 CHAMBER   THROAT     EXIT     EXIT     EXIT     EXIT     EXIT     EXIT
 Pinf/P            1.0000   1.7236   1.1791   1.1821   1.1852   1.1884   1.1917   1.1951
 P, BAR            11.730   6.8056   9.9485   9.9230   9.8967   9.8702   9.8429   9.8154
 T, K             3326.71  3178.20  3280.88  3280.17  3279.44  3278.70  3277.94  3277.17
 RHO, KG/CU M    6.0027-1 3.6967-1 5.1844-1 5.1725-1 5.1603-1 5.1480-1 5.1353-1 5.1226-1
 H, KJ/KG         -933.52 -1966.15 -1252.50 -1257.44 -1262.52 -1267.67 -1272.97 -1278.34
 U, KJ/KG        -2887.62 -3807.16 -3171.45 -3175.85 -3180.37 -3184.95 -3189.67 -3194.45
 G, KJ/KG        -60782.5 -59143.5 -60277.1 -60269.2 -60261.2 -60253.0 -60244.6 -60236.1
 S, KJ/(KG)(K)    17.9905  17.9905  17.9905  17.9905  17.9905  17.9905  17.9905  17.9905

 M, (1/n)          14.155   14.354   14.216   14.216   14.217   14.218   14.219   14.220
 (dLV/dLP)t      -1.04668 -1.04060 -1.04485 -1.04482 -1.04479 -1.04476 -1.04473 -1.04470
 (dLV/dLT)p        1.8632   1.7866   1.8411   1.8408   1.8404   1.8400   1.8396   1.8393
 Cp, KJ/(KG)(K)   12.9713  12.3934  12.8130  12.8104  12.8077  12.8050  12.8023  12.7994
 GAMMAs            1.1243   1.1218   1.1235   1.1234   1.1234   1.1234   1.1234   1.1234
 SON VEL,M/SEC     1482.2   1437.1   1468.3   1468.1   1467.8   1467.6   1467.4   1467.2
 MACH NUMBER        0.000    1.000    0.544    0.548    0.553    0.557    0.562    0.566

 TRANSPORT PROPERTIES (GASES ONLY)
   CONDUCTIVITY IN UNITS OF MILLIWATTS/(CM)(K)

 VISC,MILLIPOISE   1.0408   1.0060   1.0301   1.0299   1.0298   1.0296   1.0294   1.0292

  WITH EQUILIBRIUM REACTIONS

 Cp, KJ/(KG)(K)   12.9713  12.3934  12.8130  12.8104  12.8077  12.8050  12.8023  12.7994
 CONDUCTIVITY     25.9572  23.8289  25.3352  25.3254  25.3152  25.3049  25.2943  25.2835
 PRANDTL NUMBER    0.5201   0.5232   0.5210   0.5210   0.5210   0.5210   0.5210   0.5210

  WITH FROZEN REACTIONS

 Cp, KJ/(KG)(K)    3.5241   3.4986   3.5165   3.5163   3.5162   3.5161   3.5160   3.5158
 CONDUCTIVITY      5.1593   4.9042   5.0807   5.0795   5.0782   5.0769   5.0756   5.0743
 PRANDTL NUMBER    0.7109   0.7177   0.7130   0.7130   0.7130   0.7131   0.7131   0.7131

 PERFORMANCE PARAMETERS

 Ae/At                      1.0000   1.2829   1.2760   1.2691   1.2623   1.2555   1.2488
 CSTAR, M/SEC               2208.0   2208.0   2208.0   2208.0   2208.0   2208.0   2208.0
 CF                         0.6509   0.3617   0.3645   0.3674   0.3702   0.3732   0.3761
 Ivac, M/SEC                2718.2   3201.2   3188.3   3175.5   3162.8   3150.2   3137.8
 Isp, M/SEC                 1437.1    798.7    804.9    811.2    817.5    824.0    830.4


 MOLE FRACTIONS

 *H               0.05034  0.04402  0.04840  0.04837  0.04834  0.04831  0.04828  0.04825
 HO2              0.00005  0.00003  0.00004  0.00004  0.00004  0.00004  0.00004  0.00004
 *H2              0.19404  0.18749  0.19206  0.19203  0.19200  0.19197  0.19193  0.19190
 H2O              0.65468  0.68254  0.66317  0.66330  0.66344  0.66358  0.66372  0.66386
 H2O2             0.00001  0.00000  0.00001  0.00001  0.00001  0.00001  0.00001  0.00001
 *O               0.01080  0.00850  0.01008  0.01006  0.01005  0.01004  0.01003  0.01002
 *OH              0.07595  0.06531  0.07271  0.07266  0.07261  0.07255  0.07250  0.07244
 *O2              0.01413  0.01210  0.01353  0.01352  0.01351  0.01350  0.01349  0.01348

  * THERMODYNAMIC PROPERTIES FITTED TO 20000.K

    PRODUCTS WHICH WERE CONSIDERED BUT WHOSE MOLE FRACTIONS
    WERE LESS THAN 5.000000E-06 FOR ALL ASSIGNED CONDITIONS

 O3              H2O(cr)         H2O(L)         

 NOTE. WEIGHT FRACTION OF FUEL IN TOTAL FUELS AND OF OXIDANT IN TOTAL OXIDANTS





           THEORETICAL ROCKET PERFORMANCE ASSUMING FROZEN COMPOSITION

 Pin =   170.1 PSIA
 CASE =                

             REACTANT                    WT FRACTION      ENERGY      TEMP
                                          (SEE NOTE)     KJ/KG-MOL      K  
 FUEL        H2(L)                        1.0000000     -9012.000     20.270
 OXIDANT     O2(L)                        1.0000000    -12979.000     90.170

 O/F=    6.70000  %FUEL= 12.987013  R,EQ.RATIO= 1.184580  PHI,EQ.RATIO= 1.184580

                 CHAMBER   THROAT     EXIT     EXIT     EXIT     EXIT     EXIT     EXIT
 Pinf/P            1.0000   1.7741   1.1891   1.1923   1.1956   1.1990   1.2025   1.2061
 P, BAR            11.730   6.6116   9.8647   9.8380   9.8106   9.7829   9.7545   9.7258
 T, K             3326.71  3021.30  3231.84  3230.37  3228.86  3227.34  3225.76  3224.17
 RHO, KG/CU M    6.0027-1 3.7255-1 5.1964-1 5.1847-1 5.1726-1 5.1605-1 5.1480-1 5.1354-1
 H, KJ/KG         -933.52 -2001.73 -1267.10 -1272.24 -1277.53 -1282.89 -1288.40 -1293.98
 U, KJ/KG        -2887.62 -3776.43 -3165.48 -3169.76 -3174.16 -3178.62 -3183.21 -3187.86
 G, KJ/KG        -60782.5 -56356.2 -59409.3 -59388.1 -59366.3 -59344.1 -59321.4 -59298.3
 S, KJ/(KG)(K)    17.9905  17.9905  17.9905  17.9905  17.9905  17.9905  17.9905  17.9905

 M, (1/n)          14.155   14.155   14.155   14.155   14.155   14.155   14.155   14.155
 Cp, KJ/(KG)(K)    3.5241   3.4695   3.5082   3.5079   3.5076   3.5074   3.5071   3.5068
 GAMMAs            1.2000   1.2038   1.2011   1.2011   1.2011   1.2012   1.2012   1.2012
 SON VEL,M/SEC     1531.3   1461.6   1510.0   1509.7   1509.3   1509.0   1508.6   1508.3
 MACH NUMBER        0.000    1.000    0.541    0.545    0.550    0.554    0.558    0.563

 TRANSPORT PROPERTIES (GASES ONLY)
   CONDUCTIVITY IN UNITS OF MILLIWATTS/(CM)(K)

 VISC,MILLIPOISE   1.0408  0.96978   1.0190   1.0187   1.0183   1.0180   1.0176   1.0173

  WITH FROZEN REACTIONS

 Cp, KJ/(KG)(K)    3.5241   3.4695   3.5082   3.5079   3.5076   3.5074   3.5071   3.5068
 CONDUCTIVITY      5.1593   4.7246   5.0259   5.0239   5.0217   5.0196   5.0174   5.0151
 PRANDTL NUMBER    0.7109   0.7122   0.7113   0.7113   0.7113   0.7113   0.7113   0.7113

 PERFORMANCE PARAMETERS

 Ae/At                      1.0000   1.2829   1.2760   1.2691   1.2623   1.2555   1.2488
 CSTAR, M/SEC               2154.1   2154.1   2154.1   2154.1   2154.1   2154.1   2154.1
 CF                         0.6785   0.3792   0.3821   0.3851   0.3880   0.3911   0.3942
 Ivac, M/SEC                2675.8   3141.0   3128.5   3116.0   3103.8   3091.6   3079.6
 Isp, M/SEC                 1461.6    816.8    823.1    829.5    835.9    842.5    849.1

 MOLE FRACTIONS

 *H              0.05034   HO2             0.00005   *H2             0.19404
 H2O             0.65468   H2O2            0.00001   *O              0.01080
 *OH             0.07595   *O2             0.01413

  * THERMODYNAMIC PROPERTIES FITTED TO 20000.K

    PRODUCTS WHICH WERE CONSIDERED BUT WHOSE MOLE FRACTIONS
    WERE LESS THAN 5.000000E-06 FOR ALL ASSIGNED CONDITIONS

 O3              H2O(cr)         H2O(L)         

 NOTE. WEIGHT FRACTION OF FUEL IN TOTAL FUELS AND OF OXIDANT IN TOTAL OXIDANTS



