
 *******************************************************************************

         NASA-GLENN CHEMICAL EQUILIBRIUM PROGRAM CEA2, MAY 21, 2004
                   BY  BONNIE MCBRIDE AND SANFORD GORDON
      REFS: NASA RP-1311, PART I, 1994 AND NASA RP-1311, PART II, 1996

 *******************************************************************************



 problem rocket eq fr
     p(bar) = 11.73
     o/f = 6.7
     sup = 1.7028, 1.7148, 1.7269, 1.739, 1.7511, 1.7633
 reac
     fuel = H2(L) t(K) = 30.000
     ox = O2(L) t(K) = 96.700
 outp trans
 end

 OPTIONS: TP=F  HP=F  SP=F  TV=F  UV=F  SV=F  DETN=F  SHOCK=F  REFL=F  INCD=F
 RKT=T  FROZ=T  EQL=T  IONS=F  SIUNIT=T  DEBUGF=F  SHKDBG=F  DETDBG=F  TRNSPT=T

 TRACE= 0.00E+00  S/R= 0.000000E+00  H/R= 0.000000E+00  U/R= 0.000000E+00

 Pc,BAR =    11.730000

 Pc/P =

 SUBSONIC AREA RATIOS =

 SUPERSONIC AREA RATIOS =     1.7028     1.7148     1.7269     1.7390     1.7511
     1.7633

 NFZ=  1  Mdot/Ac= 0.000000E+00  Ac/At= 0.000000E+00

 NOTE! REACTANT H2(L)          HAS BEEN DEFINED FOR TEMPERATURE   20.27K ONLY.
 YOUR TEMPERATURE ASSIGNMENT   30.00 IS NOT = BUT <10 K FROM THIS VALUE. (REACT)

 WARNING!!  AMOUNT MISSING FOR REACTANT  1.
 PROGRAM SETS WEIGHT PERCENT = 100. (REACT)

 NOTE! REACTANT O2(L)          HAS BEEN DEFINED FOR TEMPERATURE   90.17K ONLY.
 YOUR TEMPERATURE ASSIGNMENT   96.70 IS NOT = BUT <10 K FROM THIS VALUE. (REACT)

 WARNING!!  AMOUNT MISSING FOR REACTANT  2.
 PROGRAM SETS WEIGHT PERCENT = 100. (REACT)

    REACTANT          WT.FRAC   (ENERGY/R),K   TEMP,K  DENSITY
        EXPLODED FORMULA
 F: H2(L)            1.000000  -0.108389E+04    20.27  0.0000
          H  2.00000
 O: O2(L)            1.000000  -0.156101E+04    90.17  0.0000
          O  2.00000

  SPECIES BEING CONSIDERED IN THIS SYSTEM
 (CONDENSED PHASE MAY HAVE NAME LISTED SEVERAL TIMES)
  LAST thermo.inp UPDATE:    9/09/04

  g 6/97  *H               g 4/02  HO2              tpis78  *H2            
  g 8/89  H2O              g 6/99  H2O2             g 5/97  *O             
  g 4/02  *OH              tpis89  *O2              g 8/01  O3             
  g11/99  H2O(cr)          g 8/01  H2O(L)           g 8/01  H2O(L)         

 SPECIES WITH TRANSPORT PROPERTIES

        PURE SPECIES

  H                 H2                H2O               O               
  OH                O2              

     BINARY INTERACTIONS

     H               H2              
     H               O               
     H2              H2O             
     H2              O2              
     H2O             O2              
     O               O2              


 O/F =   6.700000

                       EFFECTIVE FUEL     EFFECTIVE OXIDANT        MIXTURE
 ENTHALPY                  h(2)/R              h(1)/R               h0/R
 (KG-MOL)(K)/KG       -0.53767500E+03     -0.48783267E+02     -0.11227570E+03

 KG-FORM.WT./KG             bi(2)               bi(1)               b0i
  *H                   0.99212255E+00      0.00000000E+00      0.12884708E+00
  *O                   0.00000000E+00      0.62502344E-01      0.54385156E-01

 POINT ITN      T            H           O 
   1    9    3326.707     -10.197     -16.247
 Pinf/Pt = 1.725231
   2    3    3177.948     -10.404     -16.506
 Pinf/Pt = 1.723576
   2    2    3178.203     -10.404     -16.506
   3    4    2844.948     -10.911     -17.229
   3    3    2870.045     -10.871     -17.166
   3    2    2870.347     -10.871     -17.165
   4    3    2841.715     -10.916     -17.237
   4    3    2867.357     -10.875     -17.173
   4    2    2867.668     -10.875     -17.172
   5    3    2838.482     -10.921     -17.245
   5    3    2864.675     -10.880     -17.179
   5    2    2864.994     -10.879     -17.178
   6    3    2835.276     -10.926     -17.254
   6    3    2862.020     -10.884     -17.186
   6    2    2862.347     -10.883     -17.185
   7    3    2832.097     -10.931     -17.262
   7    3    2859.391     -10.888     -17.192
   7    2    2859.726     -10.888     -17.192
   8    3    2828.918     -10.936     -17.270
   8    3    2856.767     -10.892     -17.199
   8    2    2857.110     -10.892     -17.198





              THEORETICAL ROCKET PERFORMANCE ASSUMING EQUILIBRIUM

           COMPOSITION DURING EXPANSION FROM INFINITE AREA COMBUSTOR

 Pin =   170.1 PSIA
 CASE =                

             REACTANT                    WT FRACTION      ENERGY      TEMP
                                          (SEE NOTE)     KJ/KG-MOL      K  
 FUEL        H2(L)                        1.0000000     -9012.000     20.270
 OXIDANT     O2(L)                        1.0000000    -12979.000     90.170

 O/F=    6.70000  %FUEL= 12.987013  R,EQ.RATIO= 1.184580  PHI,EQ.RATIO= 1.184580

                 CHAMBER   THROAT     EXIT     EXIT     EXIT     EXIT     EXIT     EXIT
 Pinf/P            1.0000   1.7236   5.8274   5.8921   5.9573   6.0227   6.0881   6.1542
 P, BAR            11.730   6.8056   2.0129   1.9908   1.9690   1.9476   1.9267   1.9060
 T, K             3326.71  3178.20  2870.35  2867.67  2864.99  2862.35  2859.73  2857.11
 RHO, KG/CU M    6.0027-1 3.6967-1 1.2461-1 1.2338-1 1.2218-1 1.2099-1 1.1983-1 1.1868-1
 H, KJ/KG         -933.52 -1966.15 -4068.00 -4085.82 -4103.58 -4121.16 -4138.54 -4155.89
 U, KJ/KG        -2887.62 -3807.16 -5683.41 -5699.33 -5715.20 -5730.89 -5746.43 -5761.92
 G, KJ/KG        -60782.5 -59143.5 -55706.9 -55676.5 -55646.1 -55616.1 -55586.3 -55556.6
 S, KJ/(KG)(K)    17.9905  17.9905  17.9905  17.9905  17.9905  17.9905  17.9905  17.9905

 M, (1/n)          14.155   14.354   14.774   14.777   14.781   14.784   14.788   14.791
 (dLV/dLP)t      -1.04668 -1.04060 -1.02698 -1.02686 -1.02673 -1.02661 -1.02649 -1.02637
 (dLV/dLT)p        1.8632   1.7866   1.5799   1.5778   1.5757   1.5737   1.5716   1.5696
 Cp, KJ/(KG)(K)   12.9713  12.3934  10.5073  10.4864  10.4654  10.4446  10.4239  10.4032
 GAMMAs            1.1243   1.1218   1.1195   1.1195   1.1195   1.1195   1.1195   1.1195
 SON VEL,M/SEC     1482.2   1437.1   1344.8   1344.0   1343.2   1342.4   1341.6   1340.9
 MACH NUMBER        0.000    1.000    1.862    1.868    1.875    1.881    1.887    1.893

 TRANSPORT PROPERTIES (GASES ONLY)
   CONDUCTIVITY IN UNITS OF MILLIWATTS/(CM)(K)

 VISC,MILLIPOISE   1.0408   1.0060  0.93180  0.93114  0.93048  0.92983  0.92918  0.92854

  WITH EQUILIBRIUM REACTIONS

 Cp, KJ/(KG)(K)   12.9713  12.3934  10.5073  10.4864  10.4654  10.4446  10.4239  10.4032
 CONDUCTIVITY     25.9572  23.8289  18.3811  18.3281  18.2751  18.2226  18.1705  18.1185
 PRANDTL NUMBER    0.5201   0.5232   0.5327   0.5328   0.5329   0.5329   0.5330   0.5331

  WITH FROZEN REACTIONS

 Cp, KJ/(KG)(K)    3.5241   3.4986   3.4368   3.4362   3.4356   3.4350   3.4345   3.4339
 CONDUCTIVITY      5.1593   4.9042   4.3742   4.3696   4.3650   4.3604   4.3559   4.3514
 PRANDTL NUMBER    0.7109   0.7177   0.7321   0.7322   0.7324   0.7325   0.7326   0.7327

 PERFORMANCE PARAMETERS

 Ae/At                      1.0000   1.7028   1.7148   1.7269   1.7390   1.7511   1.7633
 CSTAR, M/SEC               2208.0   2208.0   2208.0   2208.0   2208.0   2208.0   2208.0
 CF                         0.6509   1.1340   1.1372   1.1404   1.1435   1.1467   1.1498
 Ivac, M/SEC                2718.2   3149.0   3153.5   3158.0   3162.5   3166.9   3171.3
 Isp, M/SEC                 1437.1   2503.8   2510.9   2518.0   2524.9   2531.8   2538.6


 MOLE FRACTIONS

 *H               0.05034  0.04402  0.03061  0.03050  0.03038  0.03026  0.03015  0.03004
 HO2              0.00005  0.00003  0.00001  0.00001  0.00001  0.00001  0.00001  0.00001
 *H2              0.19404  0.18749  0.17325  0.17313  0.17301  0.17289  0.17277  0.17265
 H2O              0.65468  0.68254  0.74190  0.74241  0.74292  0.74343  0.74393  0.74442
 H2O2             0.00001  0.00000  0.00000  0.00000  0.00000  0.00000  0.00000  0.00000
 *O               0.01080  0.00850  0.00429  0.00426  0.00422  0.00419  0.00416  0.00413
 *OH              0.07595  0.06531  0.04261  0.04241  0.04222  0.04202  0.04183  0.04164
 *O2              0.01413  0.01210  0.00732  0.00728  0.00724  0.00720  0.00715  0.00711

  * THERMODYNAMIC PROPERTIES FITTED TO 20000.K

    PRODUCTS WHICH WERE CONSIDERED BUT WHOSE MOLE FRACTIONS
    WERE LESS THAN 5.000000E-06 FOR ALL ASSIGNED CONDITIONS

 O3              H2O(cr)         H2O(L)         

 NOTE. WEIGHT FRACTION OF FUEL IN TOTAL FUELS AND OF OXIDANT IN TOTAL OXIDANTS





           THEORETICAL ROCKET PERFORMANCE ASSUMING FROZEN COMPOSITION

 Pin =   170.1 PSIA
 CASE =                

             REACTANT                    WT FRACTION      ENERGY      TEMP
                                          (SEE NOTE)     KJ/KG-MOL      K  
 FUEL        H2(L)                        1.0000000     -9012.000     20.270
 OXIDANT     O2(L)                        1.0000000    -12979.000     90.170

 O/F=    6.70000  %FUEL= 12.987013  R,EQ.RATIO= 1.184580  PHI,EQ.RATIO= 1.184580

                 CHAMBER   THROAT     EXIT     EXIT     EXIT     EXIT     EXIT     EXIT
 Pinf/P            1.0000   1.7741   6.4609   6.5374   6.6146   6.6920   6.7696   6.8480
 P, BAR            11.730   6.6116   1.8155   1.7943   1.7733   1.7528   1.7327   1.7129
 T, K             3326.71  3021.30  2416.47  2411.45  2406.44  2401.49  2396.60  2391.71
 RHO, KG/CU M    6.0027-1 3.7255-1 1.2791-1 1.2667-1 1.2545-1 1.2426-1 1.2309-1 1.2193-1
 H, KJ/KG         -933.52 -2001.73 -4058.96 -4075.64 -4092.27 -4108.70 -4124.94 -4141.13
 U, KJ/KG        -2887.62 -3776.43 -5478.39 -5492.13 -5505.81 -5519.33 -5532.70 -5546.02
 G, KJ/KG        -60782.5 -56356.2 -47532.3 -47458.7 -47385.2 -47312.6 -47240.8 -47169.1
 S, KJ/(KG)(K)    17.9905  17.9905  17.9905  17.9905  17.9905  17.9905  17.9905  17.9905

 M, (1/n)          14.155   14.155   14.155   14.155   14.155   14.155   14.155   14.155
 Cp, KJ/(KG)(K)    3.5241   3.4695   3.3230   3.3215   3.3200   3.3185   3.3171   3.3156
 GAMMAs            1.2000   1.2038   1.2147   1.2148   1.2150   1.2151   1.2152   1.2153
 SON VEL,M/SEC     1531.3   1461.6   1313.1   1311.8   1310.5   1309.2   1307.9   1306.7
 MACH NUMBER        0.000    1.000    1.904    1.911    1.918    1.925    1.932    1.938

 TRANSPORT PROPERTIES (GASES ONLY)
   CONDUCTIVITY IN UNITS OF MILLIWATTS/(CM)(K)

 VISC,MILLIPOISE   1.0408  0.96978  0.81950  0.81819  0.81688  0.81559  0.81431  0.81303

  WITH FROZEN REACTIONS

 Cp, KJ/(KG)(K)    3.5241   3.4695   3.3230   3.3215   3.3200   3.3185   3.3171   3.3156
 CONDUCTIVITY      5.1593   4.7246   3.8153   3.8075   3.7997   3.7920   3.7843   3.7767
 PRANDTL NUMBER    0.7109   0.7122   0.7138   0.7138   0.7138   0.7138   0.7138   0.7138

 PERFORMANCE PARAMETERS

 Ae/At                      1.0000   1.7028   1.7148   1.7269   1.7390   1.7511   1.7633
 CSTAR, M/SEC               2154.1   2154.1   2154.1   2154.1   2154.1   2154.1   2154.1
 CF                         0.6785   1.1606   1.1637   1.1668   1.1698   1.1728   1.1758
 Ivac, M/SEC                2675.8   3067.9   3071.9   3075.9   3079.8   3083.6   3087.5
 Isp, M/SEC                 1461.6   2500.2   2506.8   2513.5   2520.0   2526.4   2532.8

 MOLE FRACTIONS

 *H              0.05034   HO2             0.00005   *H2             0.19404
 H2O             0.65468   H2O2            0.00001   *O              0.01080
 *OH             0.07595   *O2             0.01413

  * THERMODYNAMIC PROPERTIES FITTED TO 20000.K

    PRODUCTS WHICH WERE CONSIDERED BUT WHOSE MOLE FRACTIONS
    WERE LESS THAN 5.000000E-06 FOR ALL ASSIGNED CONDITIONS

 O3              H2O(cr)         H2O(L)         

 NOTE. WEIGHT FRACTION OF FUEL IN TOTAL FUELS AND OF OXIDANT IN TOTAL OXIDANTS



