
 *******************************************************************************

         NASA-GLENN CHEMICAL EQUILIBRIUM PROGRAM CEA2, MAY 21, 2004
                   BY  BONNIE MCBRIDE AND SANFORD GORDON
      REFS: NASA RP-1311, PART I, 1994 AND NASA RP-1311, PART II, 1996

 *******************************************************************************



 problem rocket eq fr
     p(bar) = 11.73
     o/f = 6.7
     sup = 1.8495, 1.862, 1.8745, 1.887, 1.8996, 1.9122
 reac
     fuel = H2(L) t(K) = 30.000
     ox = O2(L) t(K) = 96.700
 outp trans
 end

 OPTIONS: TP=F  HP=F  SP=F  TV=F  UV=F  SV=F  DETN=F  SHOCK=F  REFL=F  INCD=F
 RKT=T  FROZ=T  EQL=T  IONS=F  SIUNIT=T  DEBUGF=F  SHKDBG=F  DETDBG=F  TRNSPT=T

 TRACE= 0.00E+00  S/R= 0.000000E+00  H/R= 0.000000E+00  U/R= 0.000000E+00

 Pc,BAR =    11.730000

 Pc/P =

 SUBSONIC AREA RATIOS =

 SUPERSONIC AREA RATIOS =     1.8495     1.8620     1.8745     1.8870     1.8996
     1.9122

 NFZ=  1  Mdot/Ac= 0.000000E+00  Ac/At= 0.000000E+00

 NOTE! REACTANT H2(L)          HAS BEEN DEFINED FOR TEMPERATURE   20.27K ONLY.
 YOUR TEMPERATURE ASSIGNMENT   30.00 IS NOT = BUT <10 K FROM THIS VALUE. (REACT)

 WARNING!!  AMOUNT MISSING FOR REACTANT  1.
 PROGRAM SETS WEIGHT PERCENT = 100. (REACT)

 NOTE! REACTANT O2(L)          HAS BEEN DEFINED FOR TEMPERATURE   90.17K ONLY.
 YOUR TEMPERATURE ASSIGNMENT   96.70 IS NOT = BUT <10 K FROM THIS VALUE. (REACT)

 WARNING!!  AMOUNT MISSING FOR REACTANT  2.
 PROGRAM SETS WEIGHT PERCENT = 100. (REACT)

    REACTANT          WT.FRAC   (ENERGY/R),K   TEMP,K  DENSITY
        EXPLODED FORMULA
 F: H2(L)            1.000000  -0.108389E+04    20.27  0.0000
          H  2.00000
 O: O2(L)            1.000000  -0.156101E+04    90.17  0.0000
          O  2.00000

  SPECIES BEING CONSIDERED IN THIS SYSTEM
 (CONDENSED PHASE MAY HAVE NAME LISTED SEVERAL TIMES)
  LAST thermo.inp UPDATE:    9/09/04

  g 6/97  *H               g 4/02  HO2              tpis78  *H2            
  g 8/89  H2O              g 6/99  H2O2             g 5/97  *O             
  g 4/02  *OH              tpis89  *O2              g 8/01  O3             
  g11/99  H2O(cr)          g 8/01  H2O(L)           g 8/01  H2O(L)         

 SPECIES WITH TRANSPORT PROPERTIES

        PURE SPECIES

  H                 H2                H2O               O               
  OH                O2              

     BINARY INTERACTIONS

     H               H2              
     H               O               
     H2              H2O             
     H2              O2              
     H2O             O2              
     O               O2              


 O/F =   6.700000

                       EFFECTIVE FUEL     EFFECTIVE OXIDANT        MIXTURE
 ENTHALPY                  h(2)/R              h(1)/R               h0/R
 (KG-MOL)(K)/KG       -0.53767500E+03     -0.48783267E+02     -0.11227570E+03

 KG-FORM.WT./KG             bi(2)               bi(1)               b0i
  *H                   0.99212255E+00      0.00000000E+00      0.12884708E+00
  *O                   0.00000000E+00      0.62502344E-01      0.54385156E-01

 POINT ITN      T            H           O 
   1    9    3326.707     -10.197     -16.247
 Pinf/Pt = 1.725231
   2    3    3177.948     -10.404     -16.506
 Pinf/Pt = 1.723576
   2    2    3178.203     -10.404     -16.506
   3    4    2807.168     -10.971     -17.327
   3    3    2838.926     -10.920     -17.244
   3    2    2839.329     -10.920     -17.243
   4    3    2804.112     -10.976     -17.335
   4    3    2836.435     -10.924     -17.251
   4    2    2836.847     -10.924     -17.250
   5    3    2801.079     -10.980     -17.343
   5    3    2833.967     -10.928     -17.257
   5    2    2834.387     -10.928     -17.256
   6    3    2798.070     -10.985     -17.351
   6    3    2831.521     -10.932     -17.263
   6    2    2831.949     -10.931     -17.262
   7    3    2795.059     -10.990     -17.359
   7    3    2829.078     -10.936     -17.270
   7    2    2829.515     -10.935     -17.269
   8    3    2792.071     -10.995     -17.367
   8    3    2826.657     -10.940     -17.276
   8    2    2827.102     -10.939     -17.275





              THEORETICAL ROCKET PERFORMANCE ASSUMING EQUILIBRIUM

           COMPOSITION DURING EXPANSION FROM INFINITE AREA COMBUSTOR

 Pin =   170.1 PSIA
 CASE =                

             REACTANT                    WT FRACTION      ENERGY      TEMP
                                          (SEE NOTE)     KJ/KG-MOL      K  
 FUEL        H2(L)                        1.0000000     -9012.000     20.270
 OXIDANT     O2(L)                        1.0000000    -12979.000     90.170

 O/F=    6.70000  %FUEL= 12.987013  R,EQ.RATIO= 1.184580  PHI,EQ.RATIO= 1.184580

                 CHAMBER   THROAT     EXIT     EXIT     EXIT     EXIT     EXIT     EXIT
 Pinf/P            1.0000   1.7236   6.6235   6.6920   6.7605   6.8291   6.8984   6.9677
 P, BAR            11.730   6.8056   1.7710   1.7528   1.7351   1.7176   1.7004   1.6835
 T, K             3326.71  3178.20  2839.33  2836.85  2834.39  2831.95  2829.51  2827.10
 RHO, KG/CU M    6.0027-1 3.6967-1 1.1114-1 1.1012-1 1.0912-1 1.0814-1 1.0717-1 1.0622-1
 H, KJ/KG         -933.52 -1966.15 -4273.46 -4289.83 -4306.03 -4322.08 -4338.10 -4353.97
 U, KJ/KG        -2887.62 -3807.16 -5866.94 -5881.56 -5896.03 -5910.37 -5924.67 -5938.84
 G, KJ/KG        -60782.5 -59143.5 -55354.3 -55326.0 -55298.0 -55270.1 -55242.4 -55214.8
 S, KJ/(KG)(K)    17.9905  17.9905  17.9905  17.9905  17.9905  17.9905  17.9905  17.9905

 M, (1/n)          14.155   14.354   14.815   14.818   14.822   14.825   14.828   14.831
 (dLV/dLP)t      -1.04668 -1.04060 -1.02556 -1.02545 -1.02534 -1.02523 -1.02511 -1.02500
 (dLV/dLT)p        1.8632   1.7866   1.5556   1.5536   1.5517   1.5497   1.5478   1.5458
 Cp, KJ/(KG)(K)   12.9713  12.3934  10.2603  10.2400  10.2199  10.1999  10.1799  10.1600
 GAMMAs            1.1243   1.1218   1.1196   1.1196   1.1196   1.1196   1.1196   1.1196
 SON VEL,M/SEC     1482.2   1437.1   1335.7   1334.9   1334.2   1333.5   1332.8   1332.1
 MACH NUMBER        0.000    1.000    1.935    1.941    1.947    1.952    1.958    1.963

 TRANSPORT PROPERTIES (GASES ONLY)
   CONDUCTIVITY IN UNITS OF MILLIWATTS/(CM)(K)

 VISC,MILLIPOISE   1.0408   1.0060  0.92414  0.92353  0.92292  0.92231  0.92171  0.92111

  WITH EQUILIBRIUM REACTIONS

 Cp, KJ/(KG)(K)   12.9713  12.3934  10.2603  10.2400  10.2199  10.1999  10.1799  10.1600
 CONDUCTIVITY     25.9572  23.8289  17.7628  17.7129  17.6634  17.6143  17.5652  17.5164
 PRANDTL NUMBER    0.5201   0.5232   0.5338   0.5339   0.5340   0.5341   0.5342   0.5343

  WITH FROZEN REACTIONS

 Cp, KJ/(KG)(K)    3.5241   3.4986   3.4298   3.4293   3.4287   3.4281   3.4276   3.4270
 CONDUCTIVITY      5.1593   4.9042   4.3209   4.3166   4.3124   4.3082   4.3040   4.2999
 PRANDTL NUMBER    0.7109   0.7177   0.7336   0.7337   0.7338   0.7339   0.7340   0.7341

 PERFORMANCE PARAMETERS

 Ae/At                      1.0000   1.8495   1.8620   1.8745   1.8870   1.8996   1.9122
 CSTAR, M/SEC               2208.0   2208.0   2208.0   2208.0   2208.0   2208.0   2208.0
 CF                         0.6509   1.1705   1.1734   1.1762   1.1790   1.1818   1.1846
 Ivac, M/SEC                2718.2   3201.1   3205.2   3209.3   3213.4   3217.5   3221.5
 Isp, M/SEC                 1437.1   2584.5   2590.9   2597.1   2603.3   2609.4   2615.5


 MOLE FRACTIONS

 *H               0.05034  0.04402  0.02926  0.02916  0.02905  0.02894  0.02884  0.02873
 HO2              0.00005  0.00003  0.00001  0.00001  0.00001  0.00001  0.00001  0.00001
 *H2              0.19404  0.18749  0.17185  0.17173  0.17162  0.17151  0.17141  0.17130
 H2O              0.65468  0.68254  0.74779  0.74826  0.74873  0.74919  0.74965  0.75010
 H2O2             0.00001  0.00000  0.00000  0.00000  0.00000  0.00000  0.00000  0.00000
 *O               0.01080  0.00850  0.00392  0.00390  0.00387  0.00384  0.00381  0.00379
 *OH              0.07595  0.06531  0.04034  0.04016  0.03998  0.03980  0.03962  0.03945
 *O2              0.01413  0.01210  0.00683  0.00679  0.00675  0.00671  0.00667  0.00663

  * THERMODYNAMIC PROPERTIES FITTED TO 20000.K

    PRODUCTS WHICH WERE CONSIDERED BUT WHOSE MOLE FRACTIONS
    WERE LESS THAN 5.000000E-06 FOR ALL ASSIGNED CONDITIONS

 O3              H2O(cr)         H2O(L)         

 NOTE. WEIGHT FRACTION OF FUEL IN TOTAL FUELS AND OF OXIDANT IN TOTAL OXIDANTS





           THEORETICAL ROCKET PERFORMANCE ASSUMING FROZEN COMPOSITION

 Pin =   170.1 PSIA
 CASE =                

             REACTANT                    WT FRACTION      ENERGY      TEMP
                                          (SEE NOTE)     KJ/KG-MOL      K  
 FUEL        H2(L)                        1.0000000     -9012.000     20.270
 OXIDANT     O2(L)                        1.0000000    -12979.000     90.170

 O/F=    6.70000  %FUEL= 12.987013  R,EQ.RATIO= 1.184580  PHI,EQ.RATIO= 1.184580

                 CHAMBER   THROAT     EXIT     EXIT     EXIT     EXIT     EXIT     EXIT
 Pinf/P            1.0000   1.7741   7.4065   7.4882   7.5701   7.6521   7.7350   7.8180
 P, BAR            11.730   6.6116   1.5837   1.5665   1.5495   1.5329   1.5165   1.5004
 T, K             3326.71  3021.30  2358.67  2354.08  2349.53  2345.03  2340.54  2336.09
 RHO, KG/CU M    6.0027-1 3.7255-1 1.1431-1 1.1328-1 1.1228-1 1.1128-1 1.1030-1 1.0934-1
 H, KJ/KG         -933.52 -2001.73 -4250.52 -4265.70 -4280.72 -4295.59 -4310.41 -4325.08
 U, KJ/KG        -2887.62 -3776.43 -5636.00 -5648.49 -5660.83 -5673.05 -5685.24 -5697.30
 G, KJ/KG        -60782.5 -56356.2 -46684.1 -46616.6 -46549.8 -46483.7 -46417.7 -46352.4
 S, KJ/(KG)(K)    17.9905  17.9905  17.9905  17.9905  17.9905  17.9905  17.9905  17.9905

 M, (1/n)          14.155   14.155   14.155   14.155   14.155   14.155   14.155   14.155
 Cp, KJ/(KG)(K)    3.5241   3.4695   3.3055   3.3040   3.3026   3.3012   3.2998   3.2984
 GAMMAs            1.2000   1.2038   1.2161   1.2162   1.2163   1.2164   1.2166   1.2167
 SON VEL,M/SEC     1531.3   1461.6   1298.0   1296.8   1295.6   1294.5   1293.3   1292.1
 MACH NUMBER        0.000    1.000    1.984    1.991    1.997    2.003    2.009    2.016

 TRANSPORT PROPERTIES (GASES ONLY)
   CONDUCTIVITY IN UNITS OF MILLIWATTS/(CM)(K)

 VISC,MILLIPOISE   1.0408  0.96978  0.80435  0.80314  0.80194  0.80075  0.79956  0.79839

  WITH FROZEN REACTIONS

 Cp, KJ/(KG)(K)    3.5241   3.4695   3.3055   3.3040   3.3026   3.3012   3.2998   3.2984
 CONDUCTIVITY      5.1593   4.7246   3.7250   3.7178   3.7106   3.7035   3.6965   3.6895
 PRANDTL NUMBER    0.7109   0.7122   0.7138   0.7138   0.7138   0.7138   0.7138   0.7138

 PERFORMANCE PARAMETERS

 Ae/At                      1.0000   1.8495   1.8620   1.8745   1.8870   1.8996   1.9122
 CSTAR, M/SEC               2154.1   2154.1   2154.1   2154.1   2154.1   2154.1   2154.1
 CF                         0.6785   1.1957   1.1984   1.2011   1.2038   1.2064   1.2090
 Ivac, M/SEC                2675.8   3113.6   3117.2   3120.8   3124.3   3127.8   3131.3
 Isp, M/SEC                 1461.6   2575.7   2581.5   2587.4   2593.1   2598.8   2604.4

 MOLE FRACTIONS

 *H              0.05034   HO2             0.00005   *H2             0.19404
 H2O             0.65468   H2O2            0.00001   *O              0.01080
 *OH             0.07595   *O2             0.01413

  * THERMODYNAMIC PROPERTIES FITTED TO 20000.K

    PRODUCTS WHICH WERE CONSIDERED BUT WHOSE MOLE FRACTIONS
    WERE LESS THAN 5.000000E-06 FOR ALL ASSIGNED CONDITIONS

 O3              H2O(cr)         H2O(L)         

 NOTE. WEIGHT FRACTION OF FUEL IN TOTAL FUELS AND OF OXIDANT IN TOTAL OXIDANTS



