
 *******************************************************************************

         NASA-GLENN CHEMICAL EQUILIBRIUM PROGRAM CEA2, MAY 21, 2004
                   BY  BONNIE MCBRIDE AND SANFORD GORDON
      REFS: NASA RP-1311, PART I, 1994 AND NASA RP-1311, PART II, 1996

 *******************************************************************************



 problem rocket eq fr
     p(bar) = 11.73
     o/f = 6.7
     sub = 1.7937, 1.7861, 1.7786, 1.7709, 1.7633, 1.7556
 reac
     fuel = H2(L) t(K) = 30.000
     ox = O2(L) t(K) = 96.700
 outp trans
 end

 OPTIONS: TP=F  HP=F  SP=F  TV=F  UV=F  SV=F  DETN=F  SHOCK=F  REFL=F  INCD=F
 RKT=T  FROZ=T  EQL=T  IONS=F  SIUNIT=T  DEBUGF=F  SHKDBG=F  DETDBG=F  TRNSPT=T

 TRACE= 0.00E+00  S/R= 0.000000E+00  H/R= 0.000000E+00  U/R= 0.000000E+00

 Pc,BAR =    11.730000

 Pc/P =

 SUBSONIC AREA RATIOS =     1.7937     1.7861     1.7786     1.7709     1.7633
     1.7556

 SUPERSONIC AREA RATIOS =

 NFZ=  1  Mdot/Ac= 0.000000E+00  Ac/At= 0.000000E+00

 NOTE! REACTANT H2(L)          HAS BEEN DEFINED FOR TEMPERATURE   20.27K ONLY.
 YOUR TEMPERATURE ASSIGNMENT   30.00 IS NOT = BUT <10 K FROM THIS VALUE. (REACT)

 WARNING!!  AMOUNT MISSING FOR REACTANT  1.
 PROGRAM SETS WEIGHT PERCENT = 100. (REACT)

 NOTE! REACTANT O2(L)          HAS BEEN DEFINED FOR TEMPERATURE   90.17K ONLY.
 YOUR TEMPERATURE ASSIGNMENT   96.70 IS NOT = BUT <10 K FROM THIS VALUE. (REACT)

 WARNING!!  AMOUNT MISSING FOR REACTANT  2.
 PROGRAM SETS WEIGHT PERCENT = 100. (REACT)

    REACTANT          WT.FRAC   (ENERGY/R),K   TEMP,K  DENSITY
        EXPLODED FORMULA
 F: H2(L)            1.000000  -0.108389E+04    20.27  0.0000
          H  2.00000
 O: O2(L)            1.000000  -0.156101E+04    90.17  0.0000
          O  2.00000

  SPECIES BEING CONSIDERED IN THIS SYSTEM
 (CONDENSED PHASE MAY HAVE NAME LISTED SEVERAL TIMES)
  LAST thermo.inp UPDATE:    9/09/04

  g 6/97  *H               g 4/02  HO2              tpis78  *H2            
  g 8/89  H2O              g 6/99  H2O2             g 5/97  *O             
  g 4/02  *OH              tpis89  *O2              g 8/01  O3             
  g11/99  H2O(cr)          g 8/01  H2O(L)           g 8/01  H2O(L)         

 SPECIES WITH TRANSPORT PROPERTIES

        PURE SPECIES

  H                 H2                H2O               O               
  OH                O2              

     BINARY INTERACTIONS

     H               H2              
     H               O               
     H2              H2O             
     H2              O2              
     H2O             O2              
     O               O2              


 O/F =   6.700000

                       EFFECTIVE FUEL     EFFECTIVE OXIDANT        MIXTURE
 ENTHALPY                  h(2)/R              h(1)/R               h0/R
 (KG-MOL)(K)/KG       -0.53767500E+03     -0.48783267E+02     -0.11227570E+03

 KG-FORM.WT./KG             bi(2)               bi(1)               b0i
  *H                   0.99212255E+00      0.00000000E+00      0.12884708E+00
  *O                   0.00000000E+00      0.62502344E-01      0.54385156E-01

 POINT ITN      T            H           O 
   1    9    3326.707     -10.197     -16.247
 Pinf/Pt = 1.725231
   2    3    3177.948     -10.404     -16.506
 Pinf/Pt = 1.723576
   2    2    3178.203     -10.404     -16.506
   3    3    3310.552     -10.219     -16.274
   3    2    3307.279     -10.223     -16.279
   3    2    3306.874     -10.224     -16.280
   3    1    3306.869     -10.224     -16.280
   4    2    3310.391     -10.219     -16.274
   4    2    3307.089     -10.224     -16.280
   4    2    3306.680     -10.224     -16.280
   4    1    3306.675     -10.224     -16.280
   5    2    3310.229     -10.219     -16.274
   5    2    3306.898     -10.224     -16.280
   5    2    3306.486     -10.225     -16.281
   5    1    3306.481     -10.225     -16.281
   6    2    3310.060     -10.220     -16.275
   6    2    3306.699     -10.224     -16.280
   6    2    3306.283     -10.225     -16.281
   6    1    3306.278     -10.225     -16.281
   7    2    3309.891     -10.220     -16.275
   7    2    3306.500     -10.224     -16.281
   7    2    3306.080     -10.225     -16.281
   7    1    3306.075     -10.225     -16.281
   8    2    3309.716     -10.220     -16.275
   8    2    3306.294     -10.225     -16.281
   8    2    3305.871     -10.225     -16.282
   8    1    3305.866     -10.225     -16.282





              THEORETICAL ROCKET PERFORMANCE ASSUMING EQUILIBRIUM

           COMPOSITION DURING EXPANSION FROM INFINITE AREA COMBUSTOR

 Pin =   170.1 PSIA
 CASE =                

             REACTANT                    WT FRACTION      ENERGY      TEMP
                                          (SEE NOTE)     KJ/KG-MOL      K  
 FUEL        H2(L)                        1.0000000     -9012.000     20.270
 OXIDANT     O2(L)                        1.0000000    -12979.000     90.170

 O/F=    6.70000  %FUEL= 12.987013  R,EQ.RATIO= 1.184580  PHI,EQ.RATIO= 1.184580

                 CHAMBER   THROAT     EXIT     EXIT     EXIT     EXIT     EXIT     EXIT
 Pinf/P            1.0000   1.7236   1.0735   1.0743   1.0750   1.0758   1.0766   1.0774
 P, BAR            11.730   6.8056   10.927   10.919   10.911   10.903   10.895   10.887
 T, K             3326.71  3178.20  3306.87  3306.68  3306.48  3306.28  3306.07  3305.87
 RHO, KG/CU M    6.0027-1 3.6967-1 5.6356-1 5.6321-1 5.6286-1 5.6249-1 5.6213-1 5.6175-1
 H, KJ/KG         -933.52 -1966.15 -1071.62 -1072.97 -1074.32 -1075.73 -1077.15 -1078.60
 U, KJ/KG        -2887.62 -3807.16 -3010.48 -3011.68 -3012.88 -3014.14 -3015.40 -3016.69
 G, KJ/KG        -60782.5 -59143.5 -60563.7 -60561.6 -60559.4 -60557.2 -60554.9 -60552.6
 S, KJ/(KG)(K)    17.9905  17.9905  17.9905  17.9905  17.9905  17.9905  17.9905  17.9905

 M, (1/n)          14.155   14.354   14.181   14.181   14.182   14.182   14.182   14.182
 (dLV/dLP)t      -1.04668 -1.04060 -1.04589 -1.04588 -1.04588 -1.04587 -1.04586 -1.04585
 (dLV/dLT)p        1.8632   1.7866   1.8538   1.8537   1.8536   1.8535   1.8534   1.8533
 Cp, KJ/(KG)(K)   12.9713  12.3934  12.9048  12.9042  12.9035  12.9028  12.9021  12.9014
 GAMMAs            1.1243   1.1218   1.1239   1.1239   1.1239   1.1239   1.1239   1.1239
 SON VEL,M/SEC     1482.2   1437.1   1476.2   1476.1   1476.1   1476.0   1475.9   1475.9
 MACH NUMBER        0.000    1.000    0.356    0.358    0.360    0.361    0.363    0.365

 TRANSPORT PROPERTIES (GASES ONLY)
   CONDUCTIVITY IN UNITS OF MILLIWATTS/(CM)(K)

 VISC,MILLIPOISE   1.0408   1.0060   1.0362   1.0361   1.0361   1.0360   1.0360   1.0359

  WITH EQUILIBRIUM REACTIONS

 Cp, KJ/(KG)(K)   12.9713  12.3934  12.9048  12.9042  12.9035  12.9028  12.9021  12.9014
 CONDUCTIVITY     25.9572  23.8289  25.6917  25.6891  25.6865  25.6837  25.6810  25.6781
 PRANDTL NUMBER    0.5201   0.5232   0.5205   0.5205   0.5205   0.5205   0.5205   0.5205

  WITH FROZEN REACTIONS

 Cp, KJ/(KG)(K)    3.5241   3.4986   3.5208   3.5208   3.5208   3.5207   3.5207   3.5206
 CONDUCTIVITY      5.1593   4.9042   5.1253   5.1250   5.1246   5.1243   5.1239   5.1236
 PRANDTL NUMBER    0.7109   0.7177   0.7118   0.7118   0.7118   0.7118   0.7118   0.7118

 PERFORMANCE PARAMETERS

 Ae/At                      1.0000   1.7937   1.7861   1.7786   1.7709   1.7633   1.7556
 CSTAR, M/SEC               2208.0   2208.0   2208.0   2208.0   2208.0   2208.0   2208.0
 CF                         0.6509   0.2380   0.2392   0.2403   0.2415   0.2427   0.2440
 Ivac, M/SEC                2718.2   4214.8   4199.1   4183.7   4167.9   4152.3   4136.5
 Isp, M/SEC                 1437.1    525.5    528.1    530.7    533.3    536.0    538.7


 MOLE FRACTIONS

 *H               0.05034  0.04402  0.04950  0.04949  0.04948  0.04948  0.04947  0.04946
 HO2              0.00005  0.00003  0.00004  0.00004  0.00004  0.00004  0.00004  0.00004
 *H2              0.19404  0.18749  0.19319  0.19318  0.19317  0.19316  0.19315  0.19315
 H2O              0.65468  0.68254  0.65835  0.65838  0.65842  0.65846  0.65849  0.65853
 H2O2             0.00001  0.00000  0.00001  0.00001  0.00001  0.00001  0.00001  0.00001
 *O               0.01080  0.00850  0.01048  0.01048  0.01048  0.01047  0.01047  0.01047
 *OH              0.07595  0.06531  0.07455  0.07454  0.07453  0.07451  0.07450  0.07448
 *O2              0.01413  0.01210  0.01388  0.01387  0.01387  0.01387  0.01387  0.01386

  * THERMODYNAMIC PROPERTIES FITTED TO 20000.K

    PRODUCTS WHICH WERE CONSIDERED BUT WHOSE MOLE FRACTIONS
    WERE LESS THAN 5.000000E-06 FOR ALL ASSIGNED CONDITIONS

 O3              H2O(cr)         H2O(L)         

 NOTE. WEIGHT FRACTION OF FUEL IN TOTAL FUELS AND OF OXIDANT IN TOTAL OXIDANTS





           THEORETICAL ROCKET PERFORMANCE ASSUMING FROZEN COMPOSITION

 Pin =   170.1 PSIA
 CASE =                

             REACTANT                    WT FRACTION      ENERGY      TEMP
                                          (SEE NOTE)     KJ/KG-MOL      K  
 FUEL        H2(L)                        1.0000000     -9012.000     20.270
 OXIDANT     O2(L)                        1.0000000    -12979.000     90.170

 O/F=    6.70000  %FUEL= 12.987013  R,EQ.RATIO= 1.184580  PHI,EQ.RATIO= 1.184580

                 CHAMBER   THROAT     EXIT     EXIT     EXIT     EXIT     EXIT     EXIT
 Pinf/P            1.0000   1.7741   1.0774   1.0782   1.0790   1.0798   1.0807   1.0815
 P, BAR            11.730   6.6116   10.887   10.879   10.871   10.863   10.855   10.846
 T, K             3326.71  3021.30  3285.58  3285.18  3284.77  3284.35  3283.93  3283.50
 RHO, KG/CU M    6.0027-1 3.7255-1 5.6412-1 5.6377-1 5.6343-1 5.6307-1 5.6271-1 5.6234-1
 H, KJ/KG         -933.52 -2001.73 -1078.32 -1079.73 -1081.15 -1082.63 -1084.11 -1085.63
 U, KJ/KG        -2887.62 -3776.43 -3008.27 -3009.44 -3010.62 -3011.85 -3013.09 -3014.36
 G, KJ/KG        -60782.5 -56356.2 -60187.4 -60181.6 -60175.7 -60169.6 -60163.6 -60157.3
 S, KJ/(KG)(K)    17.9905  17.9905  17.9905  17.9905  17.9905  17.9905  17.9905  17.9905

 M, (1/n)          14.155   14.155   14.155   14.155   14.155   14.155   14.155   14.155
 Cp, KJ/(KG)(K)    3.5241   3.4695   3.5173   3.5172   3.5172   3.5171   3.5170   3.5169
 GAMMAs            1.2000   1.2038   1.2005   1.2005   1.2005   1.2005   1.2005   1.2005
 SON VEL,M/SEC     1531.3   1461.6   1522.1   1522.0   1521.9   1521.9   1521.8   1521.7
 MACH NUMBER        0.000    1.000    0.354    0.355    0.357    0.359    0.361    0.362

 TRANSPORT PROPERTIES (GASES ONLY)
   CONDUCTIVITY IN UNITS OF MILLIWATTS/(CM)(K)

 VISC,MILLIPOISE   1.0408  0.96978   1.0314   1.0313   1.0312   1.0311   1.0310   1.0309

  WITH FROZEN REACTIONS

 Cp, KJ/(KG)(K)    3.5241   3.4695   3.5173   3.5172   3.5172   3.5171   3.5170   3.5169
 CONDUCTIVITY      5.1593   4.7246   5.1017   5.1011   5.1006   5.1000   5.0994   5.0988
 PRANDTL NUMBER    0.7109   0.7122   0.7111   0.7111   0.7111   0.7111   0.7111   0.7111

 PERFORMANCE PARAMETERS

 Ae/At                      1.0000   1.7937   1.7861   1.7786   1.7709   1.7633   1.7556
 CSTAR, M/SEC               2154.1   2154.1   2154.1   2154.1   2154.1   2154.1   2154.1
 CF                         0.6785   0.2498   0.2510   0.2523   0.2535   0.2548   0.2561
 Ivac, M/SEC                2675.8   4124.4   4109.2   4094.2   4078.9   4063.7   4048.4
 Isp, M/SEC                 1461.6    538.2    540.8    543.4    546.1    548.8    551.6

 MOLE FRACTIONS

 *H              0.05034   HO2             0.00005   *H2             0.19404
 H2O             0.65468   H2O2            0.00001   *O              0.01080
 *OH             0.07595   *O2             0.01413

  * THERMODYNAMIC PROPERTIES FITTED TO 20000.K

    PRODUCTS WHICH WERE CONSIDERED BUT WHOSE MOLE FRACTIONS
    WERE LESS THAN 5.000000E-06 FOR ALL ASSIGNED CONDITIONS

 O3              H2O(cr)         H2O(L)         

 NOTE. WEIGHT FRACTION OF FUEL IN TOTAL FUELS AND OF OXIDANT IN TOTAL OXIDANTS



