
 *******************************************************************************

         NASA-GLENN CHEMICAL EQUILIBRIUM PROGRAM CEA2, MAY 21, 2004
                   BY  BONNIE MCBRIDE AND SANFORD GORDON
      REFS: NASA RP-1311, PART I, 1994 AND NASA RP-1311, PART II, 1996

 *******************************************************************************



 problem rocket eq fr
     p(bar) = 11.73
     o/f = 6.7
     sub = 1.9628, 1.9563, 1.9497, 1.9431, 1.9365, 1.9297
 reac
     fuel = H2(L) t(K) = 30.000
     ox = O2(L) t(K) = 96.700
 outp trans
 end

 OPTIONS: TP=F  HP=F  SP=F  TV=F  UV=F  SV=F  DETN=F  SHOCK=F  REFL=F  INCD=F
 RKT=T  FROZ=T  EQL=T  IONS=F  SIUNIT=T  DEBUGF=F  SHKDBG=F  DETDBG=F  TRNSPT=T

 TRACE= 0.00E+00  S/R= 0.000000E+00  H/R= 0.000000E+00  U/R= 0.000000E+00

 Pc,BAR =    11.730000

 Pc/P =

 SUBSONIC AREA RATIOS =     1.9628     1.9563     1.9497     1.9431     1.9365
     1.9297

 SUPERSONIC AREA RATIOS =

 NFZ=  1  Mdot/Ac= 0.000000E+00  Ac/At= 0.000000E+00

 NOTE! REACTANT H2(L)          HAS BEEN DEFINED FOR TEMPERATURE   20.27K ONLY.
 YOUR TEMPERATURE ASSIGNMENT   30.00 IS NOT = BUT <10 K FROM THIS VALUE. (REACT)

 WARNING!!  AMOUNT MISSING FOR REACTANT  1.
 PROGRAM SETS WEIGHT PERCENT = 100. (REACT)

 NOTE! REACTANT O2(L)          HAS BEEN DEFINED FOR TEMPERATURE   90.17K ONLY.
 YOUR TEMPERATURE ASSIGNMENT   96.70 IS NOT = BUT <10 K FROM THIS VALUE. (REACT)

 WARNING!!  AMOUNT MISSING FOR REACTANT  2.
 PROGRAM SETS WEIGHT PERCENT = 100. (REACT)

    REACTANT          WT.FRAC   (ENERGY/R),K   TEMP,K  DENSITY
        EXPLODED FORMULA
 F: H2(L)            1.000000  -0.108389E+04    20.27  0.0000
          H  2.00000
 O: O2(L)            1.000000  -0.156101E+04    90.17  0.0000
          O  2.00000

  SPECIES BEING CONSIDERED IN THIS SYSTEM
 (CONDENSED PHASE MAY HAVE NAME LISTED SEVERAL TIMES)
  LAST thermo.inp UPDATE:    9/09/04

  g 6/97  *H               g 4/02  HO2              tpis78  *H2            
  g 8/89  H2O              g 6/99  H2O2             g 5/97  *O             
  g 4/02  *OH              tpis89  *O2              g 8/01  O3             
  g11/99  H2O(cr)          g 8/01  H2O(L)           g 8/01  H2O(L)         

 SPECIES WITH TRANSPORT PROPERTIES

        PURE SPECIES

  H                 H2                H2O               O               
  OH                O2              

     BINARY INTERACTIONS

     H               H2              
     H               O               
     H2              H2O             
     H2              O2              
     H2O             O2              
     O               O2              


 O/F =   6.700000

                       EFFECTIVE FUEL     EFFECTIVE OXIDANT        MIXTURE
 ENTHALPY                  h(2)/R              h(1)/R               h0/R
 (KG-MOL)(K)/KG       -0.53767500E+03     -0.48783267E+02     -0.11227570E+03

 KG-FORM.WT./KG             bi(2)               bi(1)               b0i
  *H                   0.99212255E+00      0.00000000E+00      0.12884708E+00
  *O                   0.00000000E+00      0.62502344E-01      0.54385156E-01

 POINT ITN      T            H           O 
   1    9    3326.707     -10.197     -16.247
 Pinf/Pt = 1.725231
   2    3    3177.948     -10.404     -16.506
 Pinf/Pt = 1.723576
   2    2    3178.203     -10.404     -16.506
   3    3    3313.551     -10.215     -16.269
   3    2    3310.854     -10.219     -16.273
   3    2    3310.526     -10.219     -16.274
   3    1    3310.522     -10.219     -16.274
   4    2    3313.453     -10.215     -16.269
   4    2    3310.737     -10.219     -16.274
   4    2    3310.406     -10.219     -16.274
   4    1    3310.402     -10.219     -16.274
   5    2    3313.353     -10.215     -16.269
   5    2    3310.616     -10.219     -16.274
   5    2    3310.282     -10.219     -16.274
   5    1    3310.278     -10.219     -16.274
   6    2    3313.251     -10.215     -16.269
   6    2    3310.494     -10.219     -16.274
   6    2    3310.157     -10.220     -16.274
   6    1    3310.153     -10.220     -16.274
   7    2    3313.148     -10.215     -16.270
   7    2    3310.370     -10.219     -16.274
   7    2    3310.031     -10.220     -16.275
   7    1    3310.027     -10.220     -16.275
   8    2    3313.041     -10.216     -16.270
   8    2    3310.241     -10.219     -16.274
   8    2    3309.899     -10.220     -16.275
   8    1    3309.895     -10.220     -16.275





              THEORETICAL ROCKET PERFORMANCE ASSUMING EQUILIBRIUM

           COMPOSITION DURING EXPANSION FROM INFINITE AREA COMBUSTOR

 Pin =   170.1 PSIA
 CASE =                

             REACTANT                    WT FRACTION      ENERGY      TEMP
                                          (SEE NOTE)     KJ/KG-MOL      K  
 FUEL        H2(L)                        1.0000000     -9012.000     20.270
 OXIDANT     O2(L)                        1.0000000    -12979.000     90.170

 O/F=    6.70000  %FUEL= 12.987013  R,EQ.RATIO= 1.184580  PHI,EQ.RATIO= 1.184580

                 CHAMBER   THROAT     EXIT     EXIT     EXIT     EXIT     EXIT     EXIT
 Pinf/P            1.0000   1.7236   1.0595   1.0600   1.0605   1.0610   1.0614   1.0619
 P, BAR            11.730   6.8056   11.071   11.066   11.061   11.056   11.051   11.046
 T, K             3326.71  3178.20  3310.52  3310.40  3310.28  3310.15  3310.03  3309.89
 RHO, KG/CU M    6.0027-1 3.6967-1 5.7017-1 5.6995-1 5.6972-1 5.6950-1 5.6927-1 5.6903-1
 H, KJ/KG         -933.52 -1966.15 -1046.19 -1047.03 -1047.89 -1048.76 -1049.64 -1050.55
 U, KJ/KG        -2887.62 -3807.16 -2987.85 -2988.60 -2989.36 -2990.14 -2990.92 -2991.74
 G, KJ/KG        -60782.5 -59143.5 -60604.0 -60602.7 -60601.3 -60599.9 -60598.5 -60597.1
 S, KJ/(KG)(K)    17.9905  17.9905  17.9905  17.9905  17.9905  17.9905  17.9905  17.9905

 M, (1/n)          14.155   14.354   14.176   14.176   14.176   14.177   14.177   14.177
 (dLV/dLP)t      -1.04668 -1.04060 -1.04604 -1.04603 -1.04603 -1.04602 -1.04602 -1.04601
 (dLV/dLT)p        1.8632   1.7866   1.8556   1.8555   1.8555   1.8554   1.8553   1.8553
 Cp, KJ/(KG)(K)   12.9713  12.3934  12.9173  12.9169  12.9165  12.9161  12.9156  12.9152
 GAMMAs            1.1243   1.1218   1.1240   1.1240   1.1240   1.1240   1.1240   1.1240
 SON VEL,M/SEC     1482.2   1437.1   1477.3   1477.3   1477.2   1477.2   1477.1   1477.1
 MACH NUMBER        0.000    1.000    0.321    0.323    0.324    0.325    0.326    0.328

 TRANSPORT PROPERTIES (GASES ONLY)
   CONDUCTIVITY IN UNITS OF MILLIWATTS/(CM)(K)

 VISC,MILLIPOISE   1.0408   1.0060   1.0370   1.0370   1.0370   1.0369   1.0369   1.0369

  WITH EQUILIBRIUM REACTIONS

 Cp, KJ/(KG)(K)   12.9713  12.3934  12.9173  12.9169  12.9165  12.9161  12.9156  12.9152
 CONDUCTIVITY     25.9572  23.8289  25.7410  25.7394  25.7378  25.7361  25.7344  25.7326
 PRANDTL NUMBER    0.5201   0.5232   0.5204   0.5204   0.5204   0.5204   0.5204   0.5204

  WITH FROZEN REACTIONS

 Cp, KJ/(KG)(K)    3.5241   3.4986   3.5214   3.5214   3.5214   3.5214   3.5213   3.5213
 CONDUCTIVITY      5.1593   4.9042   5.1316   5.1314   5.1311   5.1309   5.1307   5.1305
 PRANDTL NUMBER    0.7109   0.7177   0.7116   0.7116   0.7116   0.7116   0.7117   0.7117

 PERFORMANCE PARAMETERS

 Ae/At                      1.0000   1.9628   1.9563   1.9497   1.9431   1.9365   1.9297
 CSTAR, M/SEC               2208.0   2208.0   2208.0   2208.0   2208.0   2208.0   2208.0
 CF                         0.6509   0.2150   0.2158   0.2166   0.2174   0.2183   0.2191
 Ivac, M/SEC                2718.2   4565.0   4551.4   4537.7   4524.0   4510.2   4496.1
 Isp, M/SEC                 1437.1    474.7    476.5    478.3    480.1    481.9    483.8


 MOLE FRACTIONS

 *H               0.05034  0.04402  0.04966  0.04965  0.04964  0.04964  0.04963  0.04963
 HO2              0.00005  0.00003  0.00004  0.00004  0.00004  0.00004  0.00004  0.00004
 *H2              0.19404  0.18749  0.19335  0.19334  0.19334  0.19333  0.19333  0.19332
 H2O              0.65468  0.68254  0.65767  0.65769  0.65772  0.65774  0.65776  0.65779
 H2O2             0.00001  0.00000  0.00001  0.00001  0.00001  0.00001  0.00001  0.00001
 *O               0.01080  0.00850  0.01054  0.01054  0.01054  0.01054  0.01053  0.01053
 *OH              0.07595  0.06531  0.07481  0.07480  0.07479  0.07479  0.07478  0.07477
 *O2              0.01413  0.01210  0.01392  0.01392  0.01392  0.01392  0.01392  0.01392

  * THERMODYNAMIC PROPERTIES FITTED TO 20000.K

    PRODUCTS WHICH WERE CONSIDERED BUT WHOSE MOLE FRACTIONS
    WERE LESS THAN 5.000000E-06 FOR ALL ASSIGNED CONDITIONS

 O3              H2O(cr)         H2O(L)         

 NOTE. WEIGHT FRACTION OF FUEL IN TOTAL FUELS AND OF OXIDANT IN TOTAL OXIDANTS





           THEORETICAL ROCKET PERFORMANCE ASSUMING FROZEN COMPOSITION

 Pin =   170.1 PSIA
 CASE =                

             REACTANT                    WT FRACTION      ENERGY      TEMP
                                          (SEE NOTE)     KJ/KG-MOL      K  
 FUEL        H2(L)                        1.0000000     -9012.000     20.270
 OXIDANT     O2(L)                        1.0000000    -12979.000     90.170

 O/F=    6.70000  %FUEL= 12.987013  R,EQ.RATIO= 1.184580  PHI,EQ.RATIO= 1.184580

                 CHAMBER   THROAT     EXIT     EXIT     EXIT     EXIT     EXIT     EXIT
 Pinf/P            1.0000   1.7741   1.0627   1.0632   1.0636   1.0642   1.0647   1.0652
 P, BAR            11.730   6.6116   11.038   11.033   11.028   11.023   11.018   11.012
 T, K             3326.71  3021.30  3293.14  3292.90  3292.64  3292.38  3292.12  3291.85
 RHO, KG/CU M    6.0027-1 3.7255-1 5.7063-1 5.7041-1 5.7019-1 5.6997-1 5.6974-1 5.6951-1
 H, KJ/KG         -933.52 -2001.73 -1051.70 -1052.58 -1053.48 -1054.39 -1055.31 -1056.27
 U, KJ/KG        -2887.62 -3776.43 -2986.09 -2986.82 -2987.57 -2988.33 -2989.10 -2989.90
 G, KJ/KG        -60782.5 -56356.2 -60296.9 -60293.3 -60289.6 -60285.8 -60282.0 -60278.1
 S, KJ/(KG)(K)    17.9905  17.9905  17.9905  17.9905  17.9905  17.9905  17.9905  17.9905

 M, (1/n)          14.155   14.155   14.155   14.155   14.155   14.155   14.155   14.155
 Cp, KJ/(KG)(K)    3.5241   3.4695   3.5186   3.5185   3.5185   3.5184   3.5184   3.5183
 GAMMAs            1.2000   1.2038   1.2004   1.2004   1.2004   1.2004   1.2004   1.2004
 SON VEL,M/SEC     1531.3   1461.6   1523.8   1523.8   1523.7   1523.7   1523.6   1523.5
 MACH NUMBER        0.000    1.000    0.319    0.320    0.321    0.323    0.324    0.325

 TRANSPORT PROPERTIES (GASES ONLY)
   CONDUCTIVITY IN UNITS OF MILLIWATTS/(CM)(K)

 VISC,MILLIPOISE   1.0408  0.96978   1.0331   1.0331   1.0330   1.0329   1.0329   1.0328

  WITH FROZEN REACTIONS

 Cp, KJ/(KG)(K)    3.5241   3.4695   3.5186   3.5185   3.5185   3.5184   3.5184   3.5183
 CONDUCTIVITY      5.1593   4.7246   5.1123   5.1120   5.1116   5.1112   5.1109   5.1105
 PRANDTL NUMBER    0.7109   0.7122   0.7110   0.7110   0.7110   0.7110   0.7110   0.7110

 PERFORMANCE PARAMETERS

 Ae/At                      1.0000   1.9628   1.9563   1.9497   1.9431   1.9365   1.9297
 CSTAR, M/SEC               2154.1   2154.1   2154.1   2154.1   2154.1   2154.1   2154.1
 CF                         0.6785   0.2257   0.2265   0.2274   0.2282   0.2291   0.2300
 Ivac, M/SEC                2675.8   4465.0   4451.8   4438.4   4425.0   4411.7   4397.9
 Isp, M/SEC                 1461.6    486.2    488.0    489.8    491.7    493.5    495.5

 MOLE FRACTIONS

 *H              0.05034   HO2             0.00005   *H2             0.19404
 H2O             0.65468   H2O2            0.00001   *O              0.01080
 *OH             0.07595   *O2             0.01413

  * THERMODYNAMIC PROPERTIES FITTED TO 20000.K

    PRODUCTS WHICH WERE CONSIDERED BUT WHOSE MOLE FRACTIONS
    WERE LESS THAN 5.000000E-06 FOR ALL ASSIGNED CONDITIONS

 O3              H2O(cr)         H2O(L)         

 NOTE. WEIGHT FRACTION OF FUEL IN TOTAL FUELS AND OF OXIDANT IN TOTAL OXIDANTS



