
 *******************************************************************************

         NASA-GLENN CHEMICAL EQUILIBRIUM PROGRAM CEA2, MAY 21, 2004
                   BY  BONNIE MCBRIDE AND SANFORD GORDON
      REFS: NASA RP-1311, PART I, 1994 AND NASA RP-1311, PART II, 1996

 *******************************************************************************



 problem rocket eq fr
     p(bar) = 11.73
     o/f = 6.7
     sup = 2.7466, 2.7613, 2.776, 2.7908, 2.8056, 2.8205
 reac
     fuel = H2(L) t(K) = 30.000
     ox = O2(L) t(K) = 96.700
 outp trans
 end

 OPTIONS: TP=F  HP=F  SP=F  TV=F  UV=F  SV=F  DETN=F  SHOCK=F  REFL=F  INCD=F
 RKT=T  FROZ=T  EQL=T  IONS=F  SIUNIT=T  DEBUGF=F  SHKDBG=F  DETDBG=F  TRNSPT=T

 TRACE= 0.00E+00  S/R= 0.000000E+00  H/R= 0.000000E+00  U/R= 0.000000E+00

 Pc,BAR =    11.730000

 Pc/P =

 SUBSONIC AREA RATIOS =

 SUPERSONIC AREA RATIOS =     2.7466     2.7613     2.7760     2.7908     2.8056
     2.8205

 NFZ=  1  Mdot/Ac= 0.000000E+00  Ac/At= 0.000000E+00

 NOTE! REACTANT H2(L)          HAS BEEN DEFINED FOR TEMPERATURE   20.27K ONLY.
 YOUR TEMPERATURE ASSIGNMENT   30.00 IS NOT = BUT <10 K FROM THIS VALUE. (REACT)

 WARNING!!  AMOUNT MISSING FOR REACTANT  1.
 PROGRAM SETS WEIGHT PERCENT = 100. (REACT)

 NOTE! REACTANT O2(L)          HAS BEEN DEFINED FOR TEMPERATURE   90.17K ONLY.
 YOUR TEMPERATURE ASSIGNMENT   96.70 IS NOT = BUT <10 K FROM THIS VALUE. (REACT)

 WARNING!!  AMOUNT MISSING FOR REACTANT  2.
 PROGRAM SETS WEIGHT PERCENT = 100. (REACT)

    REACTANT          WT.FRAC   (ENERGY/R),K   TEMP,K  DENSITY
        EXPLODED FORMULA
 F: H2(L)            1.000000  -0.108389E+04    20.27  0.0000
          H  2.00000
 O: O2(L)            1.000000  -0.156101E+04    90.17  0.0000
          O  2.00000

  SPECIES BEING CONSIDERED IN THIS SYSTEM
 (CONDENSED PHASE MAY HAVE NAME LISTED SEVERAL TIMES)
  LAST thermo.inp UPDATE:    9/09/04

  g 6/97  *H               g 4/02  HO2              tpis78  *H2            
  g 8/89  H2O              g 6/99  H2O2             g 5/97  *O             
  g 4/02  *OH              tpis89  *O2              g 8/01  O3             
  g11/99  H2O(cr)          g 8/01  H2O(L)           g 8/01  H2O(L)         

 SPECIES WITH TRANSPORT PROPERTIES

        PURE SPECIES

  H                 H2                H2O               O               
  OH                O2              

     BINARY INTERACTIONS

     H               H2              
     H               O               
     H2              H2O             
     H2              O2              
     H2O             O2              
     O               O2              


 O/F =   6.700000

                       EFFECTIVE FUEL     EFFECTIVE OXIDANT        MIXTURE
 ENTHALPY                  h(2)/R              h(1)/R               h0/R
 (KG-MOL)(K)/KG       -0.53767500E+03     -0.48783267E+02     -0.11227570E+03

 KG-FORM.WT./KG             bi(2)               bi(1)               b0i
  *H                   0.99212255E+00      0.00000000E+00      0.12884708E+00
  *O                   0.00000000E+00      0.62502344E-01      0.54385156E-01

 POINT ITN      T            H           O 
   1    9    3326.707     -10.197     -16.247
 Pinf/Pt = 1.725231
   2    3    3177.948     -10.404     -16.506
 Pinf/Pt = 1.723576
   2    2    3178.203     -10.404     -16.506
   3    5    2684.574     -11.165     -17.674
   3    3    2701.363     -11.138     -17.624
   3    2    2701.424     -11.138     -17.624
   4    2    2699.702     -11.141     -17.629
   4    2    2699.641     -11.141     -17.629
   5    2    2697.807     -11.144     -17.634
   5    2    2697.869     -11.144     -17.634
   6    2    2696.156     -11.146     -17.639
   6    2    2696.095     -11.147     -17.639
   7    2    2694.271     -11.149     -17.645
   7    2    2694.333     -11.149     -17.645
   8    2    2692.630     -11.152     -17.650
   8    2    2692.569     -11.152     -17.650





              THEORETICAL ROCKET PERFORMANCE ASSUMING EQUILIBRIUM

           COMPOSITION DURING EXPANSION FROM INFINITE AREA COMBUSTOR

 Pin =   170.1 PSIA
 CASE =                

             REACTANT                    WT FRACTION      ENERGY      TEMP
                                          (SEE NOTE)     KJ/KG-MOL      K  
 FUEL        H2(L)                        1.0000000     -9012.000     20.270
 OXIDANT     O2(L)                        1.0000000    -12979.000     90.170

 O/F=    6.70000  %FUEL= 12.987013  R,EQ.RATIO= 1.184580  PHI,EQ.RATIO= 1.184580

                 CHAMBER   THROAT     EXIT     EXIT     EXIT     EXIT     EXIT     EXIT
 Pinf/P            1.0000   1.7236   11.773   11.861   11.949   12.038   12.128   12.217
 P, BAR            11.730   6.8056  0.99637  0.98896  0.98165  0.97439  0.96722  0.96011
 T, K             3326.71  3178.20  2701.42  2699.64  2697.87  2696.10  2694.33  2692.57
 RHO, KG/CU M    6.0027-1 3.6967-1 6.6509-2 6.6068-2 6.5632-2 6.5199-2 6.4771-2 6.4346-2
 H, KJ/KG         -933.52 -1966.15 -5162.30 -5173.48 -5184.58 -5195.69 -5206.71 -5217.73
 U, KJ/KG        -2887.62 -3807.16 -6660.39 -6670.36 -6680.26 -6690.16 -6699.99 -6709.82
 G, KJ/KG        -60782.5 -59143.5 -53762.2 -53741.3 -53720.5 -53699.7 -53679.0 -53658.3
 S, KJ/(KG)(K)    17.9905  17.9905  17.9905  17.9905  17.9905  17.9905  17.9905  17.9905

 M, (1/n)          14.155   14.354   14.993   14.995   14.998   15.000   15.002   15.004
 (dLV/dLP)t      -1.04668 -1.04060 -1.01933 -1.01925 -1.01917 -1.01909 -1.01901 -1.01894
 (dLV/dLT)p        1.8632   1.7866   1.4418   1.4403   1.4388   1.4373   1.4358   1.4343
 Cp, KJ/(KG)(K)   12.9713  12.3934   9.0429   9.0261   9.0093   8.9925   8.9757   8.9589
 GAMMAs            1.1243   1.1218   1.1213   1.1213   1.1213   1.1214   1.1214   1.1215
 SON VEL,M/SEC     1482.2   1437.1   1296.1   1295.6   1295.1   1294.6   1294.1   1293.6
 MACH NUMBER        0.000    1.000    2.244    2.248    2.252    2.255    2.259    2.263

 TRANSPORT PROPERTIES (GASES ONLY)
   CONDUCTIVITY IN UNITS OF MILLIWATTS/(CM)(K)

 VISC,MILLIPOISE   1.0408   1.0060  0.88963  0.88917  0.88873  0.88828  0.88783  0.88738

  WITH EQUILIBRIUM REACTIONS

 Cp, KJ/(KG)(K)   12.9713  12.3934   9.0429   9.0261   9.0093   8.9925   8.9757   8.9589
 CONDUCTIVITY     25.9572  23.8289  14.9176  14.8801  14.8429  14.8057  14.7686  14.7316
 PRANDTL NUMBER    0.5201   0.5232   0.5393   0.5394   0.5394   0.5395   0.5396   0.5397

  WITH FROZEN REACTIONS

 Cp, KJ/(KG)(K)    3.5241   3.4986   3.3965   3.3961   3.3956   3.3952   3.3947   3.3943
 CONDUCTIVITY      5.1593   4.9042   4.0847   4.0816   4.0786   4.0756   4.0726   4.0696
 PRANDTL NUMBER    0.7109   0.7177   0.7398   0.7398   0.7399   0.7400   0.7401   0.7401

 PERFORMANCE PARAMETERS

 Ae/At                      1.0000   2.7466   2.7613   2.7760   2.7908   2.8056   2.8205
 CSTAR, M/SEC               2208.0   2208.0   2208.0   2208.0   2208.0   2208.0   2208.0
 CF                         0.6509   1.3171   1.3189   1.3206   1.3223   1.3240   1.3257
 Ivac, M/SEC                2718.2   3423.3   3426.1   3428.8   3431.5   3434.2   3436.9
 Isp, M/SEC                 1437.1   2908.2   2912.0   2915.8   2919.6   2923.4   2927.2


 MOLE FRACTIONS

 *H               0.05034  0.04402  0.02335  0.02328  0.02320  0.02313  0.02305  0.02298
 HO2              0.00005  0.00003  0.00000  0.00000  0.00000  0.00000  0.00000  0.00000
 *H2              0.19404  0.18749  0.16593  0.16586  0.16579  0.16571  0.16564  0.16557
 H2O              0.65468  0.68254  0.77306  0.77337  0.77368  0.77399  0.77430  0.77461
 H2O2             0.00001  0.00000  0.00000  0.00000  0.00000  0.00000  0.00000  0.00000
 *O               0.01080  0.00850  0.00249  0.00247  0.00246  0.00244  0.00242  0.00241
 *OH              0.07595  0.06531  0.03049  0.03037  0.03024  0.03012  0.03000  0.02988
 *O2              0.01413  0.01210  0.00468  0.00465  0.00463  0.00460  0.00457  0.00455

  * THERMODYNAMIC PROPERTIES FITTED TO 20000.K

    PRODUCTS WHICH WERE CONSIDERED BUT WHOSE MOLE FRACTIONS
    WERE LESS THAN 5.000000E-06 FOR ALL ASSIGNED CONDITIONS

 O3              H2O(cr)         H2O(L)         

 NOTE. WEIGHT FRACTION OF FUEL IN TOTAL FUELS AND OF OXIDANT IN TOTAL OXIDANTS





           THEORETICAL ROCKET PERFORMANCE ASSUMING FROZEN COMPOSITION

 Pin =   170.1 PSIA
 CASE =                

             REACTANT                    WT FRACTION      ENERGY      TEMP
                                          (SEE NOTE)     KJ/KG-MOL      K  
 FUEL        H2(L)                        1.0000000     -9012.000     20.270
 OXIDANT     O2(L)                        1.0000000    -12979.000     90.170

 O/F=    6.70000  %FUEL= 12.987013  R,EQ.RATIO= 1.184580  PHI,EQ.RATIO= 1.184580

                 CHAMBER   THROAT     EXIT     EXIT     EXIT     EXIT     EXIT     EXIT
 Pinf/P            1.0000   1.7741   13.699   13.809   13.919   14.031   14.142   14.254
 P, BAR            11.730   6.6116  0.85625  0.84943  0.84271  0.83603  0.82945  0.82291
 T, K             3326.71  3021.30  2111.54  2108.47  2105.41  2102.36  2099.33  2096.29
 RHO, KG/CU M    6.0027-1 3.7255-1 6.9035-2 6.8585-2 6.8141-2 6.7699-2 6.7263-2 6.6829-2
 H, KJ/KG         -933.52 -2001.73 -5057.30 -5067.21 -5077.05 -5086.87 -5096.63 -5106.38
 U, KJ/KG        -2887.62 -3776.43 -6297.62 -6305.72 -6313.76 -6321.80 -6329.77 -6337.74
 G, KJ/KG        -60782.5 -56356.2 -43044.9 -42999.5 -42954.4 -42909.2 -42864.5 -42819.7
 S, KJ/(KG)(K)    17.9905  17.9905  17.9905  17.9905  17.9905  17.9905  17.9905  17.9905

 M, (1/n)          14.155   14.155   14.155   14.155   14.155   14.155   14.155   14.155
 Cp, KJ/(KG)(K)    3.5241   3.4695   3.2213   3.2201   3.2190   3.2178   3.2167   3.2156
 GAMMAs            1.2000   1.2038   1.2230   1.2231   1.2232   1.2233   1.2234   1.2235
 SON VEL,M/SEC     1531.3   1461.6   1231.6   1230.8   1229.9   1229.1   1228.3   1227.4
 MACH NUMBER        0.000    1.000    2.332    2.336    2.341    2.345    2.349    2.354

 TRANSPORT PROPERTIES (GASES ONLY)
   CONDUCTIVITY IN UNITS OF MILLIWATTS/(CM)(K)

 VISC,MILLIPOISE   1.0408  0.96978  0.73773  0.73688  0.73603  0.73519  0.73435  0.73351

  WITH FROZEN REACTIONS

 Cp, KJ/(KG)(K)    3.5241   3.4695   3.2213   3.2201   3.2190   3.2178   3.2167   3.2156
 CONDUCTIVITY      5.1593   4.7246   3.3317   3.3268   3.3218   3.3169   3.3120   3.3071
 PRANDTL NUMBER    0.7109   0.7122   0.7133   0.7133   0.7132   0.7132   0.7132   0.7132

 PERFORMANCE PARAMETERS

 Ae/At                      1.0000   2.7466   2.7613   2.7760   2.7908   2.8056   2.8205
 CSTAR, M/SEC               2154.1   2154.1   2154.1   2154.1   2154.1   2154.1   2154.1
 CF                         0.6785   1.3332   1.3348   1.3364   1.3380   1.3395   1.3411
 Ivac, M/SEC                2675.8   3303.7   3306.0   3308.3   3310.6   3312.9   3315.1
 Isp, M/SEC                 1461.6   2871.9   2875.3   2878.7   2882.1   2885.5   2888.9

 MOLE FRACTIONS

 *H              0.05034   HO2             0.00005   *H2             0.19404
 H2O             0.65468   H2O2            0.00001   *O              0.01080
 *OH             0.07595   *O2             0.01413

  * THERMODYNAMIC PROPERTIES FITTED TO 20000.K

    PRODUCTS WHICH WERE CONSIDERED BUT WHOSE MOLE FRACTIONS
    WERE LESS THAN 5.000000E-06 FOR ALL ASSIGNED CONDITIONS

 O3              H2O(cr)         H2O(L)         

 NOTE. WEIGHT FRACTION OF FUEL IN TOTAL FUELS AND OF OXIDANT IN TOTAL OXIDANTS



