
 *******************************************************************************

         NASA-GLENN CHEMICAL EQUILIBRIUM PROGRAM CEA2, MAY 21, 2004
                   BY  BONNIE MCBRIDE AND SANFORD GORDON
      REFS: NASA RP-1311, PART I, 1994 AND NASA RP-1311, PART II, 1996

 *******************************************************************************



 problem rocket eq fr
     p(bar) = 11.73
     o/f = 6.7
     sup = 4.0908, 4.108, 4.1253, 4.1427, 4.16, 4.1774
 reac
     fuel = H2(L) t(K) = 30.000
     ox = O2(L) t(K) = 96.700
 outp trans
 end

 OPTIONS: TP=F  HP=F  SP=F  TV=F  UV=F  SV=F  DETN=F  SHOCK=F  REFL=F  INCD=F
 RKT=T  FROZ=T  EQL=T  IONS=F  SIUNIT=T  DEBUGF=F  SHKDBG=F  DETDBG=F  TRNSPT=T

 TRACE= 0.00E+00  S/R= 0.000000E+00  H/R= 0.000000E+00  U/R= 0.000000E+00

 Pc,BAR =    11.730000

 Pc/P =

 SUBSONIC AREA RATIOS =

 SUPERSONIC AREA RATIOS =     4.0908     4.1080     4.1253     4.1427     4.1600
     4.1774

 NFZ=  1  Mdot/Ac= 0.000000E+00  Ac/At= 0.000000E+00

 NOTE! REACTANT H2(L)          HAS BEEN DEFINED FOR TEMPERATURE   20.27K ONLY.
 YOUR TEMPERATURE ASSIGNMENT   30.00 IS NOT = BUT <10 K FROM THIS VALUE. (REACT)

 WARNING!!  AMOUNT MISSING FOR REACTANT  1.
 PROGRAM SETS WEIGHT PERCENT = 100. (REACT)

 NOTE! REACTANT O2(L)          HAS BEEN DEFINED FOR TEMPERATURE   90.17K ONLY.
 YOUR TEMPERATURE ASSIGNMENT   96.70 IS NOT = BUT <10 K FROM THIS VALUE. (REACT)

 WARNING!!  AMOUNT MISSING FOR REACTANT  2.
 PROGRAM SETS WEIGHT PERCENT = 100. (REACT)

    REACTANT          WT.FRAC   (ENERGY/R),K   TEMP,K  DENSITY
        EXPLODED FORMULA
 F: H2(L)            1.000000  -0.108389E+04    20.27  0.0000
          H  2.00000
 O: O2(L)            1.000000  -0.156101E+04    90.17  0.0000
          O  2.00000

  SPECIES BEING CONSIDERED IN THIS SYSTEM
 (CONDENSED PHASE MAY HAVE NAME LISTED SEVERAL TIMES)
  LAST thermo.inp UPDATE:    9/09/04

  g 6/97  *H               g 4/02  HO2              tpis78  *H2            
  g 8/89  H2O              g 6/99  H2O2             g 5/97  *O             
  g 4/02  *OH              tpis89  *O2              g 8/01  O3             
  g11/99  H2O(cr)          g 8/01  H2O(L)           g 8/01  H2O(L)         

 SPECIES WITH TRANSPORT PROPERTIES

        PURE SPECIES

  H                 H2                H2O               O               
  OH                O2              

     BINARY INTERACTIONS

     H               H2              
     H               O               
     H2              H2O             
     H2              O2              
     H2O             O2              
     O               O2              


 O/F =   6.700000

                       EFFECTIVE FUEL     EFFECTIVE OXIDANT        MIXTURE
 ENTHALPY                  h(2)/R              h(1)/R               h0/R
 (KG-MOL)(K)/KG       -0.53767500E+03     -0.48783267E+02     -0.11227570E+03

 KG-FORM.WT./KG             bi(2)               bi(1)               b0i
  *H                   0.99212255E+00      0.00000000E+00      0.12884708E+00
  *O                   0.00000000E+00      0.62502344E-01      0.54385156E-01

 POINT ITN      T            H           O 
   1    9    3326.707     -10.197     -16.247
 Pinf/Pt = 1.725231
   2    3    3177.948     -10.404     -16.506
 Pinf/Pt = 1.723576
   2    2    3178.203     -10.404     -16.506
   3    5    2550.477     -11.370     -18.113
   3    3    2570.940     -11.339     -18.042
   3    1    2570.990     -11.339     -18.041
   4    2    2569.683     -11.341     -18.046
   4    1    2569.633     -11.341     -18.046
   5    2    2568.222     -11.344     -18.051
   5    1    2568.273     -11.343     -18.051
   6    2    2566.962     -11.345     -18.055
   6    1    2566.911     -11.345     -18.056
   7    2    2565.512     -11.348     -18.060
   7    1    2565.563     -11.347     -18.060
   8    2    2564.263     -11.349     -18.065
   8    1    2564.213     -11.350     -18.065





              THEORETICAL ROCKET PERFORMANCE ASSUMING EQUILIBRIUM

           COMPOSITION DURING EXPANSION FROM INFINITE AREA COMBUSTOR

 Pin =   170.1 PSIA
 CASE =                

             REACTANT                    WT FRACTION      ENERGY      TEMP
                                          (SEE NOTE)     KJ/KG-MOL      K  
 FUEL        H2(L)                        1.0000000     -9012.000     20.270
 OXIDANT     O2(L)                        1.0000000    -12979.000     90.170

 O/F=    6.70000  %FUEL= 12.987013  R,EQ.RATIO= 1.184580  PHI,EQ.RATIO= 1.184580

                 CHAMBER   THROAT     EXIT     EXIT     EXIT     EXIT     EXIT     EXIT
 Pinf/P            1.0000   1.7236   20.277   20.391   20.506   20.621   20.737   20.852
 P, BAR            11.730   6.8056  0.57849  0.57525  0.57203  0.56883  0.56567  0.56253
 T, K             3326.71  3178.20  2570.99  2569.63  2568.27  2566.91  2565.56  2564.21
 RHO, KG/CU M    6.0027-1 3.6967-1 4.0987-2 4.0783-2 4.0580-2 4.0378-2 4.0179-2 3.9980-2
 H, KJ/KG         -933.52 -1966.15 -5953.13 -5961.04 -5968.96 -5976.89 -5984.72 -5992.57
 U, KJ/KG        -2887.62 -3807.16 -7364.54 -7371.57 -7378.61 -7385.65 -7392.61 -7399.57
 G, KJ/KG        -60782.5 -59143.5 -52206.4 -52189.9 -52173.4 -52156.8 -52140.4 -52123.9
 S, KJ/(KG)(K)    17.9905  17.9905  17.9905  17.9905  17.9905  17.9905  17.9905  17.9905

 M, (1/n)          14.155   14.354   15.145   15.147   15.148   15.150   15.151   15.153
 (dLV/dLP)t      -1.04668 -1.04060 -1.01377 -1.01372 -1.01366 -1.01361 -1.01355 -1.01350
 (dLV/dLT)p        1.8632   1.7866   1.3308   1.3296   1.3285   1.3273   1.3262   1.3251
 Cp, KJ/(KG)(K)   12.9713  12.3934   7.7608   7.7472   7.7335   7.7198   7.7062   7.6927
 GAMMAs            1.1243   1.1218   1.1255   1.1256   1.1256   1.1257   1.1257   1.1258
 SON VEL,M/SEC     1482.2   1437.1   1260.4   1260.0   1259.6   1259.3   1258.9   1258.6
 MACH NUMBER        0.000    1.000    2.514    2.517    2.519    2.522    2.525    2.527

 TRANSPORT PROPERTIES (GASES ONLY)
   CONDUCTIVITY IN UNITS OF MILLIWATTS/(CM)(K)

 VISC,MILLIPOISE   1.0408   1.0060  0.85626  0.85590  0.85555  0.85520  0.85485  0.85450

  WITH EQUILIBRIUM REACTIONS

 Cp, KJ/(KG)(K)   12.9713  12.3934   7.7608   7.7472   7.7335   7.7198   7.7062   7.6927
 CONDUCTIVITY     25.9572  23.8289  12.1889  12.1610  12.1330  12.1050  12.0772  12.0495
 PRANDTL NUMBER    0.5201   0.5232   0.5452   0.5453   0.5453   0.5454   0.5455   0.5455

  WITH FROZEN REACTIONS

 Cp, KJ/(KG)(K)    3.5241   3.4986   3.3616   3.3612   3.3608   3.3604   3.3600   3.3596
 CONDUCTIVITY      5.1593   4.9042   3.8631   3.8608   3.8585   3.8562   3.8540   3.8517
 PRANDTL NUMBER    0.7109   0.7177   0.7451   0.7451   0.7452   0.7452   0.7453   0.7453

 PERFORMANCE PARAMETERS

 Ae/At                      1.0000   4.0908   4.1080   4.1253   4.1427   4.1600   4.1774
 CSTAR, M/SEC               2208.0   2208.0   2208.0   2208.0   2208.0   2208.0   2208.0
 CF                         0.6509   1.4350   1.4361   1.4373   1.4384   1.4395   1.4406
 Ivac, M/SEC                2718.2   3613.9   3615.8   3617.7   3619.5   3621.4   3623.2
 Isp, M/SEC                 1437.1   3168.5   3171.0   3173.5   3176.0   3178.4   3180.9


 MOLE FRACTIONS

 *H               0.05034  0.04402  0.01801  0.01796  0.01790  0.01785  0.01780  0.01774
 HO2              0.00005  0.00003  0.00000  0.00000  0.00000  0.00000  0.00000  0.00000
 *H2              0.19404  0.18749  0.16119  0.16115  0.16111  0.16106  0.16102  0.16098
 H2O              0.65468  0.68254  0.79459  0.79480  0.79501  0.79521  0.79542  0.79562
 H2O2             0.00001  0.00000  0.00000  0.00000  0.00000  0.00000  0.00000  0.00000
 *O               0.01080  0.00850  0.00144  0.00143  0.00142  0.00141  0.00140  0.00139
 *OH              0.07595  0.06531  0.02187  0.02179  0.02170  0.02162  0.02153  0.02145
 *O2              0.01413  0.01210  0.00289  0.00288  0.00286  0.00284  0.00283  0.00281

  * THERMODYNAMIC PROPERTIES FITTED TO 20000.K

    PRODUCTS WHICH WERE CONSIDERED BUT WHOSE MOLE FRACTIONS
    WERE LESS THAN 5.000000E-06 FOR ALL ASSIGNED CONDITIONS

 O3              H2O(cr)         H2O(L)         

 NOTE. WEIGHT FRACTION OF FUEL IN TOTAL FUELS AND OF OXIDANT IN TOTAL OXIDANTS





           THEORETICAL ROCKET PERFORMANCE ASSUMING FROZEN COMPOSITION

 Pin =   170.1 PSIA
 CASE =                

             REACTANT                    WT FRACTION      ENERGY      TEMP
                                          (SEE NOTE)     KJ/KG-MOL      K  
 FUEL        H2(L)                        1.0000000     -9012.000     20.270
 OXIDANT     O2(L)                        1.0000000    -12979.000     90.170

 O/F=    6.70000  %FUEL= 12.987013  R,EQ.RATIO= 1.184580  PHI,EQ.RATIO= 1.184580

                 CHAMBER   THROAT     EXIT     EXIT     EXIT     EXIT     EXIT     EXIT
 Pinf/P            1.0000   1.7741   24.543   24.691   24.840   24.991   25.140   25.291
 P, BAR            11.730   6.6116  0.47794  0.47507  0.47222  0.46938  0.46658  0.46380
 T, K             3326.71  3021.30  1895.82  1893.68  1891.54  1889.40  1887.29  1885.17
 RHO, KG/CU M    6.0027-1 3.7255-1 4.2919-2 4.2709-2 4.2500-2 4.2293-2 4.2088-2 4.1884-2
 H, KJ/KG         -933.52 -2001.73 -5743.06 -5749.76 -5756.46 -5763.16 -5769.79 -5776.41
 U, KJ/KG        -2887.62 -3776.43 -6856.66 -6862.10 -6867.55 -6872.99 -6878.38 -6883.76
 G, KJ/KG        -60782.5 -56356.2 -39849.7 -39818.0 -39786.2 -39754.4 -39722.9 -39691.5
 S, KJ/(KG)(K)    17.9905  17.9905  17.9905  17.9905  17.9905  17.9905  17.9905  17.9905

 M, (1/n)          14.155   14.155   14.155   14.155   14.155   14.155   14.155   14.155
 Cp, KJ/(KG)(K)    3.5241   3.4695   3.1342   3.1332   3.1323   3.1314   3.1304   3.1295
 GAMMAs            1.2000   1.2038   1.2306   1.2307   1.2308   1.2309   1.2310   1.2311
 SON VEL,M/SEC     1531.3   1461.6   1170.7   1170.0   1169.4   1168.8   1168.2   1167.6
 MACH NUMBER        0.000    1.000    2.649    2.653    2.656    2.659    2.662    2.666

 TRANSPORT PROPERTIES (GASES ONLY)
   CONDUCTIVITY IN UNITS OF MILLIWATTS/(CM)(K)

 VISC,MILLIPOISE   1.0408  0.96978  0.67686  0.67625  0.67563  0.67501  0.67440  0.67379

  WITH FROZEN REACTIONS

 Cp, KJ/(KG)(K)    3.5241   3.4695   3.1342   3.1332   3.1323   3.1314   3.1304   3.1295
 CONDUCTIVITY      5.1593   4.7246   2.9799   2.9763   2.9728   2.9693   2.9658   2.9623
 PRANDTL NUMBER    0.7109   0.7122   0.7119   0.7119   0.7119   0.7119   0.7118   0.7118

 PERFORMANCE PARAMETERS

 Ae/At                      1.0000   4.0908   4.1080   4.1253   4.1427   4.1600   4.1774
 CSTAR, M/SEC               2154.1   2154.1   2154.1   2154.1   2154.1   2154.1   2154.1
 CF                         0.6785   1.4398   1.4408   1.4418   1.4428   1.4438   1.4448
 Ivac, M/SEC                2675.8   3460.5   3462.0   3463.5   3465.0   3466.5   3468.0
 Isp, M/SEC                 1461.6   3101.5   3103.6   3105.8   3107.9   3110.1   3112.2

 MOLE FRACTIONS

 *H              0.05034   HO2             0.00005   *H2             0.19404
 H2O             0.65468   H2O2            0.00001   *O              0.01080
 *OH             0.07595   *O2             0.01413

  * THERMODYNAMIC PROPERTIES FITTED TO 20000.K

    PRODUCTS WHICH WERE CONSIDERED BUT WHOSE MOLE FRACTIONS
    WERE LESS THAN 5.000000E-06 FOR ALL ASSIGNED CONDITIONS

 O3              H2O(cr)         H2O(L)         

 NOTE. WEIGHT FRACTION OF FUEL IN TOTAL FUELS AND OF OXIDANT IN TOTAL OXIDANTS



