
 *******************************************************************************

         NASA-GLENN CHEMICAL EQUILIBRIUM PROGRAM CEA2, MAY 21, 2004
                   BY  BONNIE MCBRIDE AND SANFORD GORDON
      REFS: NASA RP-1311, PART I, 1994 AND NASA RP-1311, PART II, 1996

 *******************************************************************************



 problem rocket eq fr
     p(bar) = 11.73
     o/f = 6.7
     sub = 2.2707, 2.2703, 2.2699, 2.2695, 2.2691, 2.2687
 reac
     fuel = H2(L) t(K) = 30.000
     ox = O2(L) t(K) = 96.700
 outp trans
 end

 OPTIONS: TP=F  HP=F  SP=F  TV=F  UV=F  SV=F  DETN=F  SHOCK=F  REFL=F  INCD=F
 RKT=T  FROZ=T  EQL=T  IONS=F  SIUNIT=T  DEBUGF=F  SHKDBG=F  DETDBG=F  TRNSPT=T

 TRACE= 0.00E+00  S/R= 0.000000E+00  H/R= 0.000000E+00  U/R= 0.000000E+00

 Pc,BAR =    11.730000

 Pc/P =

 SUBSONIC AREA RATIOS =     2.2707     2.2703     2.2699     2.2695     2.2691
     2.2687

 SUPERSONIC AREA RATIOS =

 NFZ=  1  Mdot/Ac= 0.000000E+00  Ac/At= 0.000000E+00

 NOTE! REACTANT H2(L)          HAS BEEN DEFINED FOR TEMPERATURE   20.27K ONLY.
 YOUR TEMPERATURE ASSIGNMENT   30.00 IS NOT = BUT <10 K FROM THIS VALUE. (REACT)

 WARNING!!  AMOUNT MISSING FOR REACTANT  1.
 PROGRAM SETS WEIGHT PERCENT = 100. (REACT)

 NOTE! REACTANT O2(L)          HAS BEEN DEFINED FOR TEMPERATURE   90.17K ONLY.
 YOUR TEMPERATURE ASSIGNMENT   96.70 IS NOT = BUT <10 K FROM THIS VALUE. (REACT)

 WARNING!!  AMOUNT MISSING FOR REACTANT  2.
 PROGRAM SETS WEIGHT PERCENT = 100. (REACT)

    REACTANT          WT.FRAC   (ENERGY/R),K   TEMP,K  DENSITY
        EXPLODED FORMULA
 F: H2(L)            1.000000  -0.108389E+04    20.27  0.0000
          H  2.00000
 O: O2(L)            1.000000  -0.156101E+04    90.17  0.0000
          O  2.00000

  SPECIES BEING CONSIDERED IN THIS SYSTEM
 (CONDENSED PHASE MAY HAVE NAME LISTED SEVERAL TIMES)
  LAST thermo.inp UPDATE:    9/09/04

  g 6/97  *H               g 4/02  HO2              tpis78  *H2            
  g 8/89  H2O              g 6/99  H2O2             g 5/97  *O             
  g 4/02  *OH              tpis89  *O2              g 8/01  O3             
  g11/99  H2O(cr)          g 8/01  H2O(L)           g 8/01  H2O(L)         

 SPECIES WITH TRANSPORT PROPERTIES

        PURE SPECIES

  H                 H2                H2O               O               
  OH                O2              

     BINARY INTERACTIONS

     H               H2              
     H               O               
     H2              H2O             
     H2              O2              
     H2O             O2              
     O               O2              


 O/F =   6.700000

                       EFFECTIVE FUEL     EFFECTIVE OXIDANT        MIXTURE
 ENTHALPY                  h(2)/R              h(1)/R               h0/R
 (KG-MOL)(K)/KG       -0.53767500E+03     -0.48783267E+02     -0.11227570E+03

 KG-FORM.WT./KG             bi(2)               bi(1)               b0i
  *H                   0.99212255E+00      0.00000000E+00      0.12884708E+00
  *O                   0.00000000E+00      0.62502344E-01      0.54385156E-01

 POINT ITN      T            H           O 
   1    9    3326.707     -10.197     -16.247
 Pinf/Pt = 1.725231
   2    3    3177.948     -10.404     -16.506
 Pinf/Pt = 1.723576
   2    2    3178.203     -10.404     -16.506
   3    2    3317.092     -10.210     -16.263
   3    2    3315.173     -10.213     -16.266
   3    2    3314.953     -10.213     -16.267
   3    1    3314.950     -10.213     -16.267
   4    2    3317.088     -10.210     -16.263
   4    2    3315.169     -10.213     -16.266
   4    2    3314.948     -10.213     -16.267
   4    1    3314.946     -10.213     -16.267
   5    2    3317.085     -10.210     -16.263
   5    2    3315.164     -10.213     -16.266
   5    2    3314.944     -10.213     -16.267
   5    1    3314.941     -10.213     -16.267
   6    2    3317.081     -10.210     -16.263
   6    2    3315.160     -10.213     -16.266
   6    2    3314.939     -10.213     -16.267
   6    1    3314.937     -10.213     -16.267
   7    2    3317.078     -10.210     -16.263
   7    2    3315.155     -10.213     -16.266
   7    2    3314.935     -10.213     -16.267
   7    1    3314.932     -10.213     -16.267
   8    2    3317.074     -10.210     -16.263
   8    2    3315.151     -10.213     -16.266
   8    2    3314.930     -10.213     -16.267
   8    1    3314.928     -10.213     -16.267





              THEORETICAL ROCKET PERFORMANCE ASSUMING EQUILIBRIUM

           COMPOSITION DURING EXPANSION FROM INFINITE AREA COMBUSTOR

 Pin =   170.1 PSIA
 CASE =                

             REACTANT                    WT FRACTION      ENERGY      TEMP
                                          (SEE NOTE)     KJ/KG-MOL      K  
 FUEL        H2(L)                        1.0000000     -9012.000     20.270
 OXIDANT     O2(L)                        1.0000000    -12979.000     90.170

 O/F=    6.70000  %FUEL= 12.987013  R,EQ.RATIO= 1.184580  PHI,EQ.RATIO= 1.184580

                 CHAMBER   THROAT     EXIT     EXIT     EXIT     EXIT     EXIT     EXIT
 Pinf/P            1.0000   1.7236   1.0429   1.0429   1.0429   1.0429   1.0429   1.0430
 P, BAR            11.730   6.8056   11.248   11.248   11.247   11.247   11.247   11.247
 T, K             3326.71  3178.20  3314.95  3314.95  3314.94  3314.94  3314.93  3314.93
 RHO, KG/CU M    6.0027-1 3.6967-1 5.7827-1 5.7826-1 5.7826-1 5.7825-1 5.7824-1 5.7823-1
 H, KJ/KG         -933.52 -1966.15 -1015.36 -1015.39 -1015.42 -1015.46 -1015.49 -1015.52
 U, KJ/KG        -2887.62 -3807.16 -2960.43 -2960.45 -2960.48 -2960.51 -2960.54 -2960.57
 G, KJ/KG        -60782.5 -59143.5 -60652.8 -60652.8 -60652.7 -60652.7 -60652.6 -60652.6
 S, KJ/(KG)(K)    17.9905  17.9905  17.9905  17.9905  17.9905  17.9905  17.9905  17.9905

 M, (1/n)          14.155   14.354   14.170   14.170   14.170   14.170   14.170   14.170
 (dLV/dLP)t      -1.04668 -1.04060 -1.04622 -1.04621 -1.04621 -1.04621 -1.04621 -1.04621
 (dLV/dLT)p        1.8632   1.7866   1.8577   1.8577   1.8577   1.8577   1.8577   1.8577
 Cp, KJ/(KG)(K)   12.9713  12.3934  12.9323  12.9323  12.9322  12.9322  12.9322  12.9322
 GAMMAs            1.1243   1.1218   1.1241   1.1241   1.1241   1.1241   1.1241   1.1241
 SON VEL,M/SEC     1482.2   1437.1   1478.6   1478.6   1478.6   1478.6   1478.6   1478.6
 MACH NUMBER        0.000    1.000    0.274    0.274    0.274    0.274    0.274    0.274

 TRANSPORT PROPERTIES (GASES ONLY)
   CONDUCTIVITY IN UNITS OF MILLIWATTS/(CM)(K)

 VISC,MILLIPOISE   1.0408   1.0060   1.0380   1.0380   1.0380   1.0380   1.0380   1.0380

  WITH EQUILIBRIUM REACTIONS

 Cp, KJ/(KG)(K)   12.9713  12.3934  12.9323  12.9323  12.9322  12.9322  12.9322  12.9322
 CONDUCTIVITY     25.9572  23.8289  25.8006  25.8005  25.8005  25.8004  25.8003  25.8003
 PRANDTL NUMBER    0.5201   0.5232   0.5203   0.5203   0.5203   0.5203   0.5203   0.5203

  WITH FROZEN REACTIONS

 Cp, KJ/(KG)(K)    3.5241   3.4986   3.5222   3.5222   3.5222   3.5222   3.5222   3.5222
 CONDUCTIVITY      5.1593   4.9042   5.1392   5.1392   5.1391   5.1391   5.1391   5.1391
 PRANDTL NUMBER    0.7109   0.7177   0.7114   0.7114   0.7114   0.7114   0.7114   0.7114

 PERFORMANCE PARAMETERS

 Ae/At                      1.0000   2.2707   2.2703   2.2699   2.2695   2.2691   2.2687
 CSTAR, M/SEC               2208.0   2208.0   2208.0   2208.0   2208.0   2208.0   2208.0
 CF                         0.6509   0.1832   0.1833   0.1833   0.1833   0.1834   0.1834
 Ivac, M/SEC                2718.2   5212.1   5211.3   5210.5   5209.6   5208.8   5207.9
 Isp, M/SEC                 1437.1    404.6    404.7    404.7    404.8    404.9    405.0


 MOLE FRACTIONS

 *H               0.05034  0.04402  0.04984  0.04984  0.04984  0.04984  0.04984  0.04984
 HO2              0.00005  0.00003  0.00004  0.00004  0.00004  0.00004  0.00004  0.00004
 *H2              0.19404  0.18749  0.19354  0.19354  0.19354  0.19354  0.19354  0.19354
 H2O              0.65468  0.68254  0.65685  0.65685  0.65685  0.65685  0.65686  0.65686
 H2O2             0.00001  0.00000  0.00001  0.00001  0.00001  0.00001  0.00001  0.00001
 *O               0.01080  0.00850  0.01061  0.01061  0.01061  0.01061  0.01061  0.01061
 *OH              0.07595  0.06531  0.07512  0.07512  0.07512  0.07512  0.07512  0.07512
 *O2              0.01413  0.01210  0.01398  0.01398  0.01398  0.01398  0.01398  0.01398

  * THERMODYNAMIC PROPERTIES FITTED TO 20000.K

    PRODUCTS WHICH WERE CONSIDERED BUT WHOSE MOLE FRACTIONS
    WERE LESS THAN 5.000000E-06 FOR ALL ASSIGNED CONDITIONS

 O3              H2O(cr)         H2O(L)         

 NOTE. WEIGHT FRACTION OF FUEL IN TOTAL FUELS AND OF OXIDANT IN TOTAL OXIDANTS





           THEORETICAL ROCKET PERFORMANCE ASSUMING FROZEN COMPOSITION

 Pin =   170.1 PSIA
 CASE =                

             REACTANT                    WT FRACTION      ENERGY      TEMP
                                          (SEE NOTE)     KJ/KG-MOL      K  
 FUEL        H2(L)                        1.0000000     -9012.000     20.270
 OXIDANT     O2(L)                        1.0000000    -12979.000     90.170

 O/F=    6.70000  %FUEL= 12.987013  R,EQ.RATIO= 1.184580  PHI,EQ.RATIO= 1.184580

                 CHAMBER   THROAT     EXIT     EXIT     EXIT     EXIT     EXIT     EXIT
 Pinf/P            1.0000   1.7741   1.0451   1.0451   1.0451   1.0452   1.0452   1.0452
 P, BAR            11.730   6.6116   11.224   11.224   11.223   11.223   11.223   11.223
 T, K             3326.71  3021.30  3302.32  3302.31  3302.30  3302.29  3302.28  3302.28
 RHO, KG/CU M    6.0027-1 3.7255-1 5.7861-1 5.7860-1 5.7860-1 5.7859-1 5.7858-1 5.7857-1
 H, KJ/KG         -933.52 -2001.73 -1019.40 -1019.44 -1019.47 -1019.50 -1019.54 -1019.57
 U, KJ/KG        -2887.62 -3776.43 -2959.19 -2959.21 -2959.24 -2959.27 -2959.29 -2959.32
 G, KJ/KG        -60782.5 -56356.2 -60429.7 -60429.5 -60429.4 -60429.3 -60429.1 -60429.0
 S, KJ/(KG)(K)    17.9905  17.9905  17.9905  17.9905  17.9905  17.9905  17.9905  17.9905

 M, (1/n)          14.155   14.155   14.155   14.155   14.155   14.155   14.155   14.155
 Cp, KJ/(KG)(K)    3.5241   3.4695   3.5201   3.5201   3.5201   3.5201   3.5201   3.5201
 GAMMAs            1.2000   1.2038   1.2003   1.2003   1.2003   1.2003   1.2003   1.2003
 SON VEL,M/SEC     1531.3   1461.6   1525.9   1525.9   1525.9   1525.9   1525.9   1525.9
 MACH NUMBER        0.000    1.000    0.272    0.272    0.272    0.272    0.272    0.272

 TRANSPORT PROPERTIES (GASES ONLY)
   CONDUCTIVITY IN UNITS OF MILLIWATTS/(CM)(K)

 VISC,MILLIPOISE   1.0408  0.96978   1.0352   1.0352   1.0352   1.0352   1.0352   1.0352

  WITH FROZEN REACTIONS

 Cp, KJ/(KG)(K)    3.5241   3.4695   3.5201   3.5201   3.5201   3.5201   3.5201   3.5201
 CONDUCTIVITY      5.1593   4.7246   5.1252   5.1252   5.1252   5.1251   5.1251   5.1251
 PRANDTL NUMBER    0.7109   0.7122   0.7110   0.7110   0.7110   0.7110   0.7110   0.7110

 PERFORMANCE PARAMETERS

 Ae/At                      1.0000   2.2707   2.2703   2.2699   2.2695   2.2691   2.2687
 CSTAR, M/SEC               2154.1   2154.1   2154.1   2154.1   2154.1   2154.1   2154.1
 CF                         0.6785   0.1924   0.1924   0.1925   0.1925   0.1925   0.1926
 Ivac, M/SEC                2675.8   5094.8   5093.9   5093.1   5092.3   5091.5   5090.6
 Isp, M/SEC                 1461.6    414.5    414.5    414.6    414.7    414.8    414.9

 MOLE FRACTIONS

 *H              0.05034   HO2             0.00005   *H2             0.19404
 H2O             0.65468   H2O2            0.00001   *O              0.01080
 *OH             0.07595   *O2             0.01413

  * THERMODYNAMIC PROPERTIES FITTED TO 20000.K

    PRODUCTS WHICH WERE CONSIDERED BUT WHOSE MOLE FRACTIONS
    WERE LESS THAN 5.000000E-06 FOR ALL ASSIGNED CONDITIONS

 O3              H2O(cr)         H2O(L)         

 NOTE. WEIGHT FRACTION OF FUEL IN TOTAL FUELS AND OF OXIDANT IN TOTAL OXIDANTS



