
 *******************************************************************************

         NASA-GLENN CHEMICAL EQUILIBRIUM PROGRAM CEA2, MAY 21, 2004
                   BY  BONNIE MCBRIDE AND SANFORD GORDON
      REFS: NASA RP-1311, PART I, 1994 AND NASA RP-1311, PART II, 1996

 *******************************************************************************



 problem rocket eq fr
     p(bar) = 11.73
     o/f = 6.7
     sup = 2.659, 2.6735, 2.688, 2.7026, 2.7172, 2.7319
 reac
     fuel = H2(L) t(K) = 30.000
     ox = O2(L) t(K) = 96.700
 outp trans
 end

 OPTIONS: TP=F  HP=F  SP=F  TV=F  UV=F  SV=F  DETN=F  SHOCK=F  REFL=F  INCD=F
 RKT=T  FROZ=T  EQL=T  IONS=F  SIUNIT=T  DEBUGF=F  SHKDBG=F  DETDBG=F  TRNSPT=T

 TRACE= 0.00E+00  S/R= 0.000000E+00  H/R= 0.000000E+00  U/R= 0.000000E+00

 Pc,BAR =    11.730000

 Pc/P =

 SUBSONIC AREA RATIOS =

 SUPERSONIC AREA RATIOS =     2.6590     2.6735     2.6880     2.7026     2.7172
     2.7319

 NFZ=  1  Mdot/Ac= 0.000000E+00  Ac/At= 0.000000E+00

 NOTE! REACTANT H2(L)          HAS BEEN DEFINED FOR TEMPERATURE   20.27K ONLY.
 YOUR TEMPERATURE ASSIGNMENT   30.00 IS NOT = BUT <10 K FROM THIS VALUE. (REACT)

 WARNING!!  AMOUNT MISSING FOR REACTANT  1.
 PROGRAM SETS WEIGHT PERCENT = 100. (REACT)

 NOTE! REACTANT O2(L)          HAS BEEN DEFINED FOR TEMPERATURE   90.17K ONLY.
 YOUR TEMPERATURE ASSIGNMENT   96.70 IS NOT = BUT <10 K FROM THIS VALUE. (REACT)

 WARNING!!  AMOUNT MISSING FOR REACTANT  2.
 PROGRAM SETS WEIGHT PERCENT = 100. (REACT)

    REACTANT          WT.FRAC   (ENERGY/R),K   TEMP,K  DENSITY
        EXPLODED FORMULA
 F: H2(L)            1.000000  -0.108389E+04    20.27  0.0000
          H  2.00000
 O: O2(L)            1.000000  -0.156101E+04    90.17  0.0000
          O  2.00000

  SPECIES BEING CONSIDERED IN THIS SYSTEM
 (CONDENSED PHASE MAY HAVE NAME LISTED SEVERAL TIMES)
  LAST thermo.inp UPDATE:    9/09/04

  g 6/97  *H               g 4/02  HO2              tpis78  *H2            
  g 8/89  H2O              g 6/99  H2O2             g 5/97  *O             
  g 4/02  *OH              tpis89  *O2              g 8/01  O3             
  g11/99  H2O(cr)          g 8/01  H2O(L)           g 8/01  H2O(L)         

 SPECIES WITH TRANSPORT PROPERTIES

        PURE SPECIES

  H                 H2                H2O               O               
  OH                O2              

     BINARY INTERACTIONS

     H               H2              
     H               O               
     H2              H2O             
     H2              O2              
     H2O             O2              
     O               O2              


 O/F =   6.700000

                       EFFECTIVE FUEL     EFFECTIVE OXIDANT        MIXTURE
 ENTHALPY                  h(2)/R              h(1)/R               h0/R
 (KG-MOL)(K)/KG       -0.53767500E+03     -0.48783267E+02     -0.11227570E+03

 KG-FORM.WT./KG             bi(2)               bi(1)               b0i
  *H                   0.99212255E+00      0.00000000E+00      0.12884708E+00
  *O                   0.00000000E+00      0.62502344E-01      0.54385156E-01

 POINT ITN      T            H           O 
   1    9    3326.707     -10.197     -16.247
 Pinf/Pt = 1.725231
   2    3    3177.948     -10.404     -16.506
 Pinf/Pt = 1.723576
   2    2    3178.203     -10.404     -16.506
   3    5    2695.415     -11.148     -17.641
   3    3    2712.219     -11.121     -17.592
   3    2    2712.284     -11.121     -17.591
   4    2    2710.522     -11.124     -17.597
   4    2    2710.458     -11.124     -17.597
   5    2    2708.579     -11.127     -17.602
   5    2    2708.644     -11.127     -17.602
   6    2    2706.892     -11.130     -17.607
   6    2    2706.828     -11.130     -17.608
   7    2    2704.959     -11.133     -17.613
   7    2    2705.024     -11.132     -17.613
   8    2    2703.283     -11.135     -17.618
   8    2    2703.218     -11.135     -17.618





              THEORETICAL ROCKET PERFORMANCE ASSUMING EQUILIBRIUM

           COMPOSITION DURING EXPANSION FROM INFINITE AREA COMBUSTOR

 Pin =   170.1 PSIA
 CASE =                

             REACTANT                    WT FRACTION      ENERGY      TEMP
                                          (SEE NOTE)     KJ/KG-MOL      K  
 FUEL        H2(L)                        1.0000000     -9012.000     20.270
 OXIDANT     O2(L)                        1.0000000    -12979.000     90.170

 O/F=    6.70000  %FUEL= 12.987013  R,EQ.RATIO= 1.184580  PHI,EQ.RATIO= 1.184580

                 CHAMBER   THROAT     EXIT     EXIT     EXIT     EXIT     EXIT     EXIT
 Pinf/P            1.0000   1.7236   11.249   11.336   11.422   11.509   11.597   11.685
 P, BAR            11.730   6.8056   1.0427   1.0348   1.0269   1.0192   1.0115   1.0039
 T, K             3326.71  3178.20  2712.28  2710.46  2708.64  2706.83  2705.02  2703.22
 RHO, KG/CU M    6.0027-1 3.6967-1 6.9262-2 6.8791-2 6.8327-2 6.7865-2 6.7409-2 6.6956-2
 H, KJ/KG         -933.52 -1966.15 -5094.02 -5105.53 -5116.95 -5128.37 -5139.71 -5151.05
 U, KJ/KG        -2887.62 -3807.16 -6599.49 -6609.75 -6619.94 -6630.13 -6640.24 -6650.35
 G, KJ/KG        -60782.5 -59143.5 -53889.3 -53867.9 -53846.7 -53825.4 -53804.3 -53783.2
 S, KJ/(KG)(K)    17.9905  17.9905  17.9905  17.9905  17.9905  17.9905  17.9905  17.9905

 M, (1/n)          14.155   14.354   14.980   14.982   14.984   14.986   14.989   14.991
 (dLV/dLP)t      -1.04668 -1.04060 -1.01981 -1.01973 -1.01965 -1.01957 -1.01949 -1.01941
 (dLV/dLT)p        1.8632   1.7866   1.4510   1.4495   1.4479   1.4464   1.4449   1.4433
 Cp, KJ/(KG)(K)   12.9713  12.3934   9.1451   9.1280   9.1110   9.0939   9.0769   9.0599
 GAMMAs            1.1243   1.1218   1.1210   1.1211   1.1211   1.1212   1.1212   1.1212
 SON VEL,M/SEC     1482.2   1437.1   1299.1   1298.6   1298.1   1297.6   1297.1   1296.6
 MACH NUMBER        0.000    1.000    2.220    2.224    2.228    2.232    2.236    2.240

 TRANSPORT PROPERTIES (GASES ONLY)
   CONDUCTIVITY IN UNITS OF MILLIWATTS/(CM)(K)

 VISC,MILLIPOISE   1.0408   1.0060  0.89237  0.89191  0.89145  0.89099  0.89054  0.89008

  WITH EQUILIBRIUM REACTIONS

 Cp, KJ/(KG)(K)   12.9713  12.3934   9.1451   9.1280   9.1110   9.0939   9.0769   9.0599
 CONDUCTIVITY     25.9572  23.8289  15.1454  15.1071  15.0691  15.0310  14.9931  14.9552
 PRANDTL NUMBER    0.5201   0.5232   0.5388   0.5389   0.5390   0.5391   0.5391   0.5392

  WITH FROZEN REACTIONS

 Cp, KJ/(KG)(K)    3.5241   3.4986   3.3993   3.3988   3.3984   3.3979   3.3974   3.3970
 CONDUCTIVITY      5.1593   4.9042   4.1032   4.1001   4.0970   4.0939   4.0908   4.0877
 PRANDTL NUMBER    0.7109   0.7177   0.7393   0.7394   0.7394   0.7395   0.7396   0.7397

 PERFORMANCE PARAMETERS

 Ae/At                      1.0000   2.6590   2.6735   2.6880   2.7026   2.7172   2.7319
 CSTAR, M/SEC               2208.0   2208.0   2208.0   2208.0   2208.0   2208.0   2208.0
 CF                         0.6509   1.3064   1.3082   1.3100   1.3118   1.3136   1.3154
 Ivac, M/SEC                2718.2   3406.5   3409.3   3412.2   3415.0   3417.8   3420.6
 Isp, M/SEC                 1437.1   2884.6   2888.6   2892.6   2896.5   2900.4   2904.3


 MOLE FRACTIONS

 *H               0.05034  0.04402  0.02381  0.02373  0.02366  0.02358  0.02350  0.02343
 HO2              0.00005  0.00003  0.00000  0.00000  0.00000  0.00000  0.00000  0.00000
 *H2              0.19404  0.18749  0.16637  0.16629  0.16622  0.16615  0.16607  0.16600
 H2O              0.65468  0.68254  0.77114  0.77147  0.77179  0.77211  0.77243  0.77274
 H2O2             0.00001  0.00000  0.00000  0.00000  0.00000  0.00000  0.00000  0.00000
 *O               0.01080  0.00850  0.00259  0.00257  0.00256  0.00254  0.00252  0.00250
 *OH              0.07595  0.06531  0.03124  0.03112  0.03099  0.03087  0.03074  0.03061
 *O2              0.01413  0.01210  0.00484  0.00481  0.00479  0.00476  0.00473  0.00471

  * THERMODYNAMIC PROPERTIES FITTED TO 20000.K

    PRODUCTS WHICH WERE CONSIDERED BUT WHOSE MOLE FRACTIONS
    WERE LESS THAN 5.000000E-06 FOR ALL ASSIGNED CONDITIONS

 O3              H2O(cr)         H2O(L)         

 NOTE. WEIGHT FRACTION OF FUEL IN TOTAL FUELS AND OF OXIDANT IN TOTAL OXIDANTS





           THEORETICAL ROCKET PERFORMANCE ASSUMING FROZEN COMPOSITION

 Pin =   170.1 PSIA
 CASE =                

             REACTANT                    WT FRACTION      ENERGY      TEMP
                                          (SEE NOTE)     KJ/KG-MOL      K  
 FUEL        H2(L)                        1.0000000     -9012.000     20.270
 OXIDANT     O2(L)                        1.0000000    -12979.000     90.170

 O/F=    6.70000  %FUEL= 12.987013  R,EQ.RATIO= 1.184580  PHI,EQ.RATIO= 1.184580

                 CHAMBER   THROAT     EXIT     EXIT     EXIT     EXIT     EXIT     EXIT
 Pinf/P            1.0000   1.7741   13.048   13.155   13.263   13.371   13.480   13.590
 P, BAR            11.730   6.6116  0.89897  0.89164  0.88442  0.87725  0.87018  0.86317
 T, K             3326.71  3021.30  2130.36  2127.18  2124.04  2120.89  2117.77  2114.64
 RHO, KG/CU M    6.0027-1 3.7255-1 7.1839-2 7.1360-2 7.0887-2 7.0416-2 6.9952-2 6.9490-2
 H, KJ/KG         -933.52 -2001.73 -4996.64 -5006.87 -5017.03 -5027.18 -5037.25 -5047.31
 U, KJ/KG        -2887.62 -3776.43 -6248.00 -6256.38 -6264.69 -6272.99 -6281.22 -6289.45
 G, KJ/KG        -60782.5 -56356.2 -43322.7 -43275.9 -43229.4 -43182.9 -43136.8 -43090.7
 S, KJ/(KG)(K)    17.9905  17.9905  17.9905  17.9905  17.9905  17.9905  17.9905  17.9905

 M, (1/n)          14.155   14.155   14.155   14.155   14.155   14.155   14.155   14.155
 Cp, KJ/(KG)(K)    3.5241   3.4695   3.2282   3.2271   3.2259   3.2248   3.2236   3.2224
 GAMMAs            1.2000   1.2038   1.2224   1.2225   1.2226   1.2227   1.2228   1.2229
 SON VEL,M/SEC     1531.3   1461.6   1236.8   1235.9   1235.1   1234.2   1233.4   1232.5
 MACH NUMBER        0.000    1.000    2.305    2.309    2.314    2.318    2.323    2.327

 TRANSPORT PROPERTIES (GASES ONLY)
   CONDUCTIVITY IN UNITS OF MILLIWATTS/(CM)(K)

 VISC,MILLIPOISE   1.0408  0.96978  0.74291  0.74204  0.74117  0.74030  0.73944  0.73858

  WITH FROZEN REACTIONS

 Cp, KJ/(KG)(K)    3.5241   3.4695   3.2282   3.2271   3.2259   3.2248   3.2236   3.2224
 CONDUCTIVITY      5.1593   4.7246   3.3621   3.3569   3.3519   3.3468   3.3418   3.3367
 PRANDTL NUMBER    0.7109   0.7122   0.7133   0.7133   0.7133   0.7133   0.7133   0.7133

 PERFORMANCE PARAMETERS

 Ae/At                      1.0000   2.6590   2.6735   2.6880   2.7026   2.7172   2.7319
 CSTAR, M/SEC               2154.1   2154.1   2154.1   2154.1   2154.1   2154.1   2154.1
 CF                         0.6785   1.3233   1.3250   1.3267   1.3283   1.3299   1.3316
 Ivac, M/SEC                2675.8   3289.6   3292.0   3294.4   3296.7   3299.1   3301.4
 Isp, M/SEC                 1461.6   2850.7   2854.2   2857.8   2861.3   2864.9   2868.4

 MOLE FRACTIONS

 *H              0.05034   HO2             0.00005   *H2             0.19404
 H2O             0.65468   H2O2            0.00001   *O              0.01080
 *OH             0.07595   *O2             0.01413

  * THERMODYNAMIC PROPERTIES FITTED TO 20000.K

    PRODUCTS WHICH WERE CONSIDERED BUT WHOSE MOLE FRACTIONS
    WERE LESS THAN 5.000000E-06 FOR ALL ASSIGNED CONDITIONS

 O3              H2O(cr)         H2O(L)         

 NOTE. WEIGHT FRACTION OF FUEL IN TOTAL FUELS AND OF OXIDANT IN TOTAL OXIDANTS



