
 *******************************************************************************

         NASA-GLENN CHEMICAL EQUILIBRIUM PROGRAM CEA2, MAY 21, 2004
                   BY  BONNIE MCBRIDE AND SANFORD GORDON
      REFS: NASA RP-1311, PART I, 1994 AND NASA RP-1311, PART II, 1996

 *******************************************************************************



 problem rocket eq fr
     p(bar) = 11.73
     o/f = 6.7
     sub = 2.2282, 2.2278, 2.2274, 2.227, 2.2267, 2.2263
 reac
     fuel = H2(L) t(K) = 30.000
     ox = O2(L) t(K) = 96.700
 outp trans
 end

 OPTIONS: TP=F  HP=F  SP=F  TV=F  UV=F  SV=F  DETN=F  SHOCK=F  REFL=F  INCD=F
 RKT=T  FROZ=T  EQL=T  IONS=F  SIUNIT=T  DEBUGF=F  SHKDBG=F  DETDBG=F  TRNSPT=T

 TRACE= 0.00E+00  S/R= 0.000000E+00  H/R= 0.000000E+00  U/R= 0.000000E+00

 Pc,BAR =    11.730000

 Pc/P =

 SUBSONIC AREA RATIOS =     2.2282     2.2278     2.2274     2.2270     2.2267
     2.2263

 SUPERSONIC AREA RATIOS =

 NFZ=  1  Mdot/Ac= 0.000000E+00  Ac/At= 0.000000E+00

 NOTE! REACTANT H2(L)          HAS BEEN DEFINED FOR TEMPERATURE   20.27K ONLY.
 YOUR TEMPERATURE ASSIGNMENT   30.00 IS NOT = BUT <10 K FROM THIS VALUE. (REACT)

 WARNING!!  AMOUNT MISSING FOR REACTANT  1.
 PROGRAM SETS WEIGHT PERCENT = 100. (REACT)

 NOTE! REACTANT O2(L)          HAS BEEN DEFINED FOR TEMPERATURE   90.17K ONLY.
 YOUR TEMPERATURE ASSIGNMENT   96.70 IS NOT = BUT <10 K FROM THIS VALUE. (REACT)

 WARNING!!  AMOUNT MISSING FOR REACTANT  2.
 PROGRAM SETS WEIGHT PERCENT = 100. (REACT)

    REACTANT          WT.FRAC   (ENERGY/R),K   TEMP,K  DENSITY
        EXPLODED FORMULA
 F: H2(L)            1.000000  -0.108389E+04    20.27  0.0000
          H  2.00000
 O: O2(L)            1.000000  -0.156101E+04    90.17  0.0000
          O  2.00000

  SPECIES BEING CONSIDERED IN THIS SYSTEM
 (CONDENSED PHASE MAY HAVE NAME LISTED SEVERAL TIMES)
  LAST thermo.inp UPDATE:    9/09/04

  g 6/97  *H               g 4/02  HO2              tpis78  *H2            
  g 8/89  H2O              g 6/99  H2O2             g 5/97  *O             
  g 4/02  *OH              tpis89  *O2              g 8/01  O3             
  g11/99  H2O(cr)          g 8/01  H2O(L)           g 8/01  H2O(L)         

 SPECIES WITH TRANSPORT PROPERTIES

        PURE SPECIES

  H                 H2                H2O               O               
  OH                O2              

     BINARY INTERACTIONS

     H               H2              
     H               O               
     H2              H2O             
     H2              O2              
     H2O             O2              
     O               O2              


 O/F =   6.700000

                       EFFECTIVE FUEL     EFFECTIVE OXIDANT        MIXTURE
 ENTHALPY                  h(2)/R              h(1)/R               h0/R
 (KG-MOL)(K)/KG       -0.53767500E+03     -0.48783267E+02     -0.11227570E+03

 KG-FORM.WT./KG             bi(2)               bi(1)               b0i
  *H                   0.99212255E+00      0.00000000E+00      0.12884708E+00
  *O                   0.00000000E+00      0.62502344E-01      0.54385156E-01

 POINT ITN      T            H           O 
   1    9    3326.707     -10.197     -16.247
 Pinf/Pt = 1.725231
   2    3    3177.948     -10.404     -16.506
 Pinf/Pt = 1.723576
   2    2    3178.203     -10.404     -16.506
   3    2    3316.705     -10.211     -16.264
   3    2    3314.695     -10.213     -16.267
   3    2    3314.462     -10.214     -16.267
   3    1    3314.459     -10.214     -16.267
   4    2    3316.701     -10.211     -16.264
   4    2    3314.690     -10.213     -16.267
   4    2    3314.457     -10.214     -16.267
   4    1    3314.455     -10.214     -16.267
   5    2    3316.697     -10.211     -16.264
   5    2    3314.686     -10.213     -16.267
   5    2    3314.452     -10.214     -16.267
   5    1    3314.450     -10.214     -16.267
   6    2    3316.693     -10.211     -16.264
   6    2    3314.681     -10.213     -16.267
   6    2    3314.448     -10.214     -16.267
   6    1    3314.445     -10.214     -16.267
   7    2    3316.690     -10.211     -16.264
   7    2    3314.677     -10.213     -16.267
   7    2    3314.444     -10.214     -16.267
   7    1    3314.442     -10.214     -16.267
   8    2    3316.687     -10.211     -16.264
   8    2    3314.673     -10.213     -16.267
   8    2    3314.439     -10.214     -16.267
   8    1    3314.437     -10.214     -16.267





              THEORETICAL ROCKET PERFORMANCE ASSUMING EQUILIBRIUM

           COMPOSITION DURING EXPANSION FROM INFINITE AREA COMBUSTOR

 Pin =   170.1 PSIA
 CASE =                

             REACTANT                    WT FRACTION      ENERGY      TEMP
                                          (SEE NOTE)     KJ/KG-MOL      K  
 FUEL        H2(L)                        1.0000000     -9012.000     20.270
 OXIDANT     O2(L)                        1.0000000    -12979.000     90.170

 O/F=    6.70000  %FUEL= 12.987013  R,EQ.RATIO= 1.184580  PHI,EQ.RATIO= 1.184580

                 CHAMBER   THROAT     EXIT     EXIT     EXIT     EXIT     EXIT     EXIT
 Pinf/P            1.0000   1.7236   1.0447   1.0447   1.0447   1.0448   1.0448   1.0448
 P, BAR            11.730   6.8056   11.228   11.228   11.228   11.227   11.227   11.227
 T, K             3326.71  3178.20  3314.46  3314.45  3314.45  3314.45  3314.44  3314.44
 RHO, KG/CU M    6.0027-1 3.6967-1 5.7737-1 5.7736-1 5.7735-1 5.7734-1 5.7734-1 5.7733-1
 H, KJ/KG         -933.52 -1966.15 -1018.78 -1018.81 -1018.85 -1018.88 -1018.90 -1018.94
 U, KJ/KG        -2887.62 -3807.16 -2963.47 -2963.50 -2963.53 -2963.56 -2963.58 -2963.61
 G, KJ/KG        -60782.5 -59143.5 -60647.4 -60647.4 -60647.3 -60647.3 -60647.2 -60647.2
 S, KJ/(KG)(K)    17.9905  17.9905  17.9905  17.9905  17.9905  17.9905  17.9905  17.9905

 M, (1/n)          14.155   14.354   14.171   14.171   14.171   14.171   14.171   14.171
 (dLV/dLP)t      -1.04668 -1.04060 -1.04620 -1.04620 -1.04620 -1.04619 -1.04619 -1.04619
 (dLV/dLT)p        1.8632   1.7866   1.8575   1.8575   1.8575   1.8575   1.8575   1.8574
 Cp, KJ/(KG)(K)   12.9713  12.3934  12.9306  12.9306  12.9306  12.9306  12.9306  12.9306
 GAMMAs            1.1243   1.1218   1.1240   1.1240   1.1240   1.1240   1.1240   1.1240
 SON VEL,M/SEC     1482.2   1437.1   1478.5   1478.5   1478.5   1478.5   1478.5   1478.5
 MACH NUMBER        0.000    1.000    0.279    0.279    0.279    0.279    0.280    0.280

 TRANSPORT PROPERTIES (GASES ONLY)
   CONDUCTIVITY IN UNITS OF MILLIWATTS/(CM)(K)

 VISC,MILLIPOISE   1.0408   1.0060   1.0379   1.0379   1.0379   1.0379   1.0379   1.0379

  WITH EQUILIBRIUM REACTIONS

 Cp, KJ/(KG)(K)   12.9713  12.3934  12.9306  12.9306  12.9306  12.9306  12.9306  12.9306
 CONDUCTIVITY     25.9572  23.8289  25.7940  25.7939  25.7939  25.7938  25.7938  25.7937
 PRANDTL NUMBER    0.5201   0.5232   0.5203   0.5203   0.5203   0.5203   0.5203   0.5203

  WITH FROZEN REACTIONS

 Cp, KJ/(KG)(K)    3.5241   3.4986   3.5221   3.5221   3.5221   3.5221   3.5221   3.5221
 CONDUCTIVITY      5.1593   4.9042   5.1383   5.1383   5.1383   5.1383   5.1383   5.1383
 PRANDTL NUMBER    0.7109   0.7177   0.7115   0.7115   0.7115   0.7115   0.7115   0.7115

 PERFORMANCE PARAMETERS

 Ae/At                      1.0000   2.2282   2.2278   2.2274   2.2270   2.2267   2.2263
 CSTAR, M/SEC               2208.0   2208.0   2208.0   2208.0   2208.0   2208.0   2208.0
 CF                         0.6509   0.1870   0.1871   0.1871   0.1871   0.1872   0.1872
 Ivac, M/SEC                2718.2   5122.2   5121.4   5120.6   5119.7   5119.1   5118.2
 Isp, M/SEC                 1437.1    412.9    413.0    413.1    413.2    413.2    413.3


 MOLE FRACTIONS

 *H               0.05034  0.04402  0.04982  0.04982  0.04982  0.04982  0.04982  0.04982
 HO2              0.00005  0.00003  0.00004  0.00004  0.00004  0.00004  0.00004  0.00004
 *H2              0.19404  0.18749  0.19352  0.19352  0.19352  0.19352  0.19352  0.19352
 H2O              0.65468  0.68254  0.65694  0.65694  0.65694  0.65695  0.65695  0.65695
 H2O2             0.00001  0.00000  0.00001  0.00001  0.00001  0.00001  0.00001  0.00001
 *O               0.01080  0.00850  0.01060  0.01060  0.01060  0.01060  0.01060  0.01060
 *OH              0.07595  0.06531  0.07509  0.07509  0.07509  0.07509  0.07509  0.07509
 *O2              0.01413  0.01210  0.01398  0.01398  0.01398  0.01398  0.01398  0.01398

  * THERMODYNAMIC PROPERTIES FITTED TO 20000.K

    PRODUCTS WHICH WERE CONSIDERED BUT WHOSE MOLE FRACTIONS
    WERE LESS THAN 5.000000E-06 FOR ALL ASSIGNED CONDITIONS

 O3              H2O(cr)         H2O(L)         

 NOTE. WEIGHT FRACTION OF FUEL IN TOTAL FUELS AND OF OXIDANT IN TOTAL OXIDANTS





           THEORETICAL ROCKET PERFORMANCE ASSUMING FROZEN COMPOSITION

 Pin =   170.1 PSIA
 CASE =                

             REACTANT                    WT FRACTION      ENERGY      TEMP
                                          (SEE NOTE)     KJ/KG-MOL      K  
 FUEL        H2(L)                        1.0000000     -9012.000     20.270
 OXIDANT     O2(L)                        1.0000000    -12979.000     90.170

 O/F=    6.70000  %FUEL= 12.987013  R,EQ.RATIO= 1.184580  PHI,EQ.RATIO= 1.184580

                 CHAMBER   THROAT     EXIT     EXIT     EXIT     EXIT     EXIT     EXIT
 Pinf/P            1.0000   1.7741   1.0470   1.0471   1.0471   1.0471   1.0471   1.0471
 P, BAR            11.730   6.6116   11.203   11.203   11.203   11.202   11.202   11.202
 T, K             3326.71  3021.30  3301.30  3301.29  3301.28  3301.27  3301.27  3301.26
 RHO, KG/CU M    6.0027-1 3.7255-1 5.7772-1 5.7771-1 5.7770-1 5.7770-1 5.7769-1 5.7768-1
 H, KJ/KG         -933.52 -2001.73 -1022.99 -1023.02 -1023.06 -1023.09 -1023.12 -1023.15
 U, KJ/KG        -2887.62 -3776.43 -2962.17 -2962.20 -2962.23 -2962.26 -2962.28 -2962.31
 G, KJ/KG        -60782.5 -56356.2 -60415.0 -60414.8 -60414.7 -60414.5 -60414.4 -60414.3
 S, KJ/(KG)(K)    17.9905  17.9905  17.9905  17.9905  17.9905  17.9905  17.9905  17.9905

 M, (1/n)          14.155   14.155   14.155   14.155   14.155   14.155   14.155   14.155
 Cp, KJ/(KG)(K)    3.5241   3.4695   3.5199   3.5199   3.5199   3.5199   3.5199   3.5199
 GAMMAs            1.2000   1.2038   1.2003   1.2003   1.2003   1.2003   1.2003   1.2003
 SON VEL,M/SEC     1531.3   1461.6   1525.7   1525.6   1525.6   1525.6   1525.6   1525.6
 MACH NUMBER        0.000    1.000    0.277    0.277    0.277    0.277    0.277    0.278

 TRANSPORT PROPERTIES (GASES ONLY)
   CONDUCTIVITY IN UNITS OF MILLIWATTS/(CM)(K)

 VISC,MILLIPOISE   1.0408  0.96978   1.0350   1.0350   1.0350   1.0350   1.0350   1.0350

  WITH FROZEN REACTIONS

 Cp, KJ/(KG)(K)    3.5241   3.4695   3.5199   3.5199   3.5199   3.5199   3.5199   3.5199
 CONDUCTIVITY      5.1593   4.7246   5.1238   5.1237   5.1237   5.1237   5.1237   5.1237
 PRANDTL NUMBER    0.7109   0.7122   0.7110   0.7110   0.7110   0.7110   0.7110   0.7110

 PERFORMANCE PARAMETERS

 Ae/At                      1.0000   2.2282   2.2278   2.2274   2.2270   2.2267   2.2263
 CSTAR, M/SEC               2154.1   2154.1   2154.1   2154.1   2154.1   2154.1   2154.1
 CF                         0.6785   0.1964   0.1964   0.1964   0.1965   0.1965   0.1966
 Ivac, M/SEC                2675.8   5007.2   5006.4   5005.6   5004.8   5004.2   5003.3
 Isp, M/SEC                 1461.6    423.0    423.1    423.2    423.3    423.3    423.4

 MOLE FRACTIONS

 *H              0.05034   HO2             0.00005   *H2             0.19404
 H2O             0.65468   H2O2            0.00001   *O              0.01080
 *OH             0.07595   *O2             0.01413

  * THERMODYNAMIC PROPERTIES FITTED TO 20000.K

    PRODUCTS WHICH WERE CONSIDERED BUT WHOSE MOLE FRACTIONS
    WERE LESS THAN 5.000000E-06 FOR ALL ASSIGNED CONDITIONS

 O3              H2O(cr)         H2O(L)         

 NOTE. WEIGHT FRACTION OF FUEL IN TOTAL FUELS AND OF OXIDANT IN TOTAL OXIDANTS



