
 *******************************************************************************

         NASA-GLENN CHEMICAL EQUILIBRIUM PROGRAM CEA2, MAY 21, 2004
                   BY  BONNIE MCBRIDE AND SANFORD GORDON
      REFS: NASA RP-1311, PART I, 1994 AND NASA RP-1311, PART II, 1996

 *******************************************************************************



 problem rocket eq fr
     p(bar) = 11.73
     o/f = 6.7
     sup = 3.0163, 3.0316, 3.047, 3.0623, 3.0777, 3.0931
 reac
     fuel = H2(L) t(K) = 30.000
     ox = O2(L) t(K) = 96.700
 outp trans
 end

 OPTIONS: TP=F  HP=F  SP=F  TV=F  UV=F  SV=F  DETN=F  SHOCK=F  REFL=F  INCD=F
 RKT=T  FROZ=T  EQL=T  IONS=F  SIUNIT=T  DEBUGF=F  SHKDBG=F  DETDBG=F  TRNSPT=T

 TRACE= 0.00E+00  S/R= 0.000000E+00  H/R= 0.000000E+00  U/R= 0.000000E+00

 Pc,BAR =    11.730000

 Pc/P =

 SUBSONIC AREA RATIOS =

 SUPERSONIC AREA RATIOS =     3.0163     3.0316     3.0470     3.0623     3.0777
     3.0931

 NFZ=  1  Mdot/Ac= 0.000000E+00  Ac/At= 0.000000E+00

 NOTE! REACTANT H2(L)          HAS BEEN DEFINED FOR TEMPERATURE   20.27K ONLY.
 YOUR TEMPERATURE ASSIGNMENT   30.00 IS NOT = BUT <10 K FROM THIS VALUE. (REACT)

 WARNING!!  AMOUNT MISSING FOR REACTANT  1.
 PROGRAM SETS WEIGHT PERCENT = 100. (REACT)

 NOTE! REACTANT O2(L)          HAS BEEN DEFINED FOR TEMPERATURE   90.17K ONLY.
 YOUR TEMPERATURE ASSIGNMENT   96.70 IS NOT = BUT <10 K FROM THIS VALUE. (REACT)

 WARNING!!  AMOUNT MISSING FOR REACTANT  2.
 PROGRAM SETS WEIGHT PERCENT = 100. (REACT)

    REACTANT          WT.FRAC   (ENERGY/R),K   TEMP,K  DENSITY
        EXPLODED FORMULA
 F: H2(L)            1.000000  -0.108389E+04    20.27  0.0000
          H  2.00000
 O: O2(L)            1.000000  -0.156101E+04    90.17  0.0000
          O  2.00000

  SPECIES BEING CONSIDERED IN THIS SYSTEM
 (CONDENSED PHASE MAY HAVE NAME LISTED SEVERAL TIMES)
  LAST thermo.inp UPDATE:    9/09/04

  g 6/97  *H               g 4/02  HO2              tpis78  *H2            
  g 8/89  H2O              g 6/99  H2O2             g 5/97  *O             
  g 4/02  *OH              tpis89  *O2              g 8/01  O3             
  g11/99  H2O(cr)          g 8/01  H2O(L)           g 8/01  H2O(L)         

 SPECIES WITH TRANSPORT PROPERTIES

        PURE SPECIES

  H                 H2                H2O               O               
  OH                O2              

     BINARY INTERACTIONS

     H               H2              
     H               O               
     H2              H2O             
     H2              O2              
     H2O             O2              
     O               O2              


 O/F =   6.700000

                       EFFECTIVE FUEL     EFFECTIVE OXIDANT        MIXTURE
 ENTHALPY                  h(2)/R              h(1)/R               h0/R
 (KG-MOL)(K)/KG       -0.53767500E+03     -0.48783267E+02     -0.11227570E+03

 KG-FORM.WT./KG             bi(2)               bi(1)               b0i
  *H                   0.99212255E+00      0.00000000E+00      0.12884708E+00
  *O                   0.00000000E+00      0.62502344E-01      0.54385156E-01

 POINT ITN      T            H           O 
   1    9    3326.707     -10.197     -16.247
 Pinf/Pt = 1.725231
   2    3    3177.948     -10.404     -16.506
 Pinf/Pt = 1.723576
   2    2    3178.203     -10.404     -16.506
   3    5    2653.224     -11.214     -17.771
   3    3    2670.269     -11.187     -17.718
   3    2    2670.325     -11.187     -17.718
   4    2    2668.710     -11.189     -17.723
   4    2    2668.655     -11.190     -17.723
   5    2    2666.929     -11.192     -17.728
   5    2    2666.984     -11.192     -17.728
   6    2    2665.388     -11.195     -17.733
   6    2    2665.333     -11.195     -17.733
   7    2    2663.626     -11.197     -17.738
   7    2    2663.681     -11.197     -17.738
   8    2    2662.093     -11.200     -17.743
   8    2    2662.038     -11.200     -17.743





              THEORETICAL ROCKET PERFORMANCE ASSUMING EQUILIBRIUM

           COMPOSITION DURING EXPANSION FROM INFINITE AREA COMBUSTOR

 Pin =   170.1 PSIA
 CASE =                

             REACTANT                    WT FRACTION      ENERGY      TEMP
                                          (SEE NOTE)     KJ/KG-MOL      K  
 FUEL        H2(L)                        1.0000000     -9012.000     20.270
 OXIDANT     O2(L)                        1.0000000    -12979.000     90.170

 O/F=    6.70000  %FUEL= 12.987013  R,EQ.RATIO= 1.184580  PHI,EQ.RATIO= 1.184580

                 CHAMBER   THROAT     EXIT     EXIT     EXIT     EXIT     EXIT     EXIT
 Pinf/P            1.0000   1.7236   13.409   13.503   13.598   13.692   13.787   13.882
 P, BAR            11.730   6.8056  0.87476  0.86867  0.86262  0.85669  0.85079  0.84496
 T, K             3326.71  3178.20  2670.32  2668.66  2666.98  2665.33  2663.68  2662.04
 RHO, KG/CU M    6.0027-1 3.6967-1 5.9222-2 5.8854-2 5.8489-2 5.8130-2 5.7773-2 5.7421-2
 H, KJ/KG         -933.52 -1966.15 -5355.94 -5366.25 -5376.56 -5386.74 -5396.92 -5407.04
 U, KJ/KG        -2887.62 -3807.16 -6833.03 -6842.22 -6851.41 -6860.48 -6869.55 -6878.57
 G, KJ/KG        -60782.5 -59143.5 -53396.3 -53376.6 -53356.8 -53337.3 -53317.8 -53298.3
 S, KJ/(KG)(K)    17.9905  17.9905  17.9905  17.9905  17.9905  17.9905  17.9905  17.9905

 M, (1/n)          14.155   14.354   15.031   15.033   15.035   15.037   15.039   15.041
 (dLV/dLP)t      -1.04668 -1.04060 -1.01796 -1.01789 -1.01781 -1.01774 -1.01767 -1.01760
 (dLV/dLT)p        1.8632   1.7866   1.4153   1.4139   1.4124   1.4110   1.4096   1.4082
 Cp, KJ/(KG)(K)   12.9713  12.3934   8.7454   8.7293   8.7131   8.6971   8.6810   8.6651
 GAMMAs            1.1243   1.1218   1.1220   1.1220   1.1221   1.1221   1.1222   1.1222
 SON VEL,M/SEC     1482.2   1437.1   1287.4   1286.9   1286.4   1286.0   1285.5   1285.1
 MACH NUMBER        0.000    1.000    2.310    2.314    2.317    2.321    2.324    2.328

 TRANSPORT PROPERTIES (GASES ONLY)
   CONDUCTIVITY IN UNITS OF MILLIWATTS/(CM)(K)

 VISC,MILLIPOISE   1.0408   1.0060  0.88173  0.88131  0.88088  0.88046  0.88004  0.87963

  WITH EQUILIBRIUM REACTIONS

 Cp, KJ/(KG)(K)   12.9713  12.3934   8.7454   8.7293   8.7131   8.6971   8.6810   8.6651
 CONDUCTIVITY     25.9572  23.8289  14.2639  14.2288  14.1937  14.1590  14.1242  14.0897
 PRANDTL NUMBER    0.5201   0.5232   0.5406   0.5407   0.5407   0.5408   0.5409   0.5410

  WITH FROZEN REACTIONS

 Cp, KJ/(KG)(K)    3.5241   3.4986   3.3885   3.3881   3.3876   3.3872   3.3868   3.3863
 CONDUCTIVITY      5.1593   4.9042   4.0316   4.0288   4.0259   4.0231   4.0203   4.0175
 PRANDTL NUMBER    0.7109   0.7177   0.7411   0.7412   0.7412   0.7413   0.7414   0.7414

 PERFORMANCE PARAMETERS

 Ae/At                      1.0000   3.0163   3.0316   3.0470   3.0623   3.0777   3.0931
 CSTAR, M/SEC               2208.0   2208.0   2208.0   2208.0   2208.0   2208.0   2208.0
 CF                         0.6509   1.3469   1.3485   1.3501   1.3516   1.3532   1.3547
 Ivac, M/SEC                2718.2   3470.7   3473.2   3475.7   3478.2   3480.7   3483.1
 Isp, M/SEC                 1437.1   2974.0   2977.5   2981.0   2984.4   2987.8   2991.2


 MOLE FRACTIONS

 *H               0.05034  0.04402  0.02205  0.02198  0.02191  0.02184  0.02177  0.02171
 HO2              0.00005  0.00003  0.00000  0.00000  0.00000  0.00000  0.00000  0.00000
 *H2              0.19404  0.18749  0.16470  0.16464  0.16458  0.16451  0.16445  0.16439
 H2O              0.65468  0.68254  0.77845  0.77874  0.77902  0.77931  0.77959  0.77987
 H2O2             0.00001  0.00000  0.00000  0.00000  0.00000  0.00000  0.00000  0.00000
 *O               0.01080  0.00850  0.00221  0.00219  0.00218  0.00217  0.00215  0.00214
 *OH              0.07595  0.06531  0.02836  0.02824  0.02813  0.02802  0.02791  0.02780
 *O2              0.01413  0.01210  0.00422  0.00420  0.00418  0.00415  0.00413  0.00411

  * THERMODYNAMIC PROPERTIES FITTED TO 20000.K

    PRODUCTS WHICH WERE CONSIDERED BUT WHOSE MOLE FRACTIONS
    WERE LESS THAN 5.000000E-06 FOR ALL ASSIGNED CONDITIONS

 O3              H2O(cr)         H2O(L)         

 NOTE. WEIGHT FRACTION OF FUEL IN TOTAL FUELS AND OF OXIDANT IN TOTAL OXIDANTS





           THEORETICAL ROCKET PERFORMANCE ASSUMING FROZEN COMPOSITION

 Pin =   170.1 PSIA
 CASE =                

             REACTANT                    WT FRACTION      ENERGY      TEMP
                                          (SEE NOTE)     KJ/KG-MOL      K  
 FUEL        H2(L)                        1.0000000     -9012.000     20.270
 OXIDANT     O2(L)                        1.0000000    -12979.000     90.170

 O/F=    6.70000  %FUEL= 12.987013  R,EQ.RATIO= 1.184580  PHI,EQ.RATIO= 1.184580

                 CHAMBER   THROAT     EXIT     EXIT     EXIT     EXIT     EXIT     EXIT
 Pinf/P            1.0000   1.7741   15.750   15.868   15.987   16.106   16.106   16.346
 P, BAR            11.730   6.6116  0.74478  0.73923  0.73371  0.72830  0.72828  0.71762
 T, K             3326.71  3021.30  2058.35  2055.53  2052.70  2049.91  2049.90  2044.36
 RHO, KG/CU M    6.0027-1 3.7255-1 6.1599-2 6.1224-2 6.0850-2 6.0484-2 6.0483-2 5.9759-2
 H, KJ/KG         -933.52 -2001.73 -5228.10 -5237.15 -5246.19 -5255.11 -5255.14 -5272.87
 U, KJ/KG        -2887.62 -3776.43 -6437.18 -6444.56 -6451.94 -6459.22 -6459.25 -6473.72
 G, KJ/KG        -60782.5 -56356.2 -42258.8 -42217.0 -42175.3 -42134.0 -42133.9 -42051.8
 S, KJ/(KG)(K)    17.9905  17.9905  17.9905  17.9905  17.9905  17.9905  17.9905  17.9905

 M, (1/n)          14.155   14.155   14.155   14.155   14.155   14.155   14.155   14.155
 Cp, KJ/(KG)(K)    3.5241   3.4695   3.2011   3.2000   3.1989   3.1978   3.1978   3.1956
 GAMMAs            1.2000   1.2038   1.2247   1.2248   1.2249   1.2250   1.2250   1.2252
 SON VEL,M/SEC     1531.3   1461.6   1216.9   1216.1   1215.3   1214.5   1214.5   1213.0
 MACH NUMBER        0.000    1.000    2.408    2.412    2.417    2.421    2.421    2.429

 TRANSPORT PROPERTIES (GASES ONLY)
   CONDUCTIVITY IN UNITS OF MILLIWATTS/(CM)(K)

 VISC,MILLIPOISE   1.0408  0.96978  0.72297  0.72218  0.72139  0.72061  0.72061  0.71906

  WITH FROZEN REACTIONS

 Cp, KJ/(KG)(K)    3.5241   3.4695   3.2011   3.2000   3.1989   3.1978   3.1978   3.1956
 CONDUCTIVITY      5.1593   4.7246   3.2457   3.2411   3.2365   3.2320   3.2320   3.2230
 PRANDTL NUMBER    0.7109   0.7122   0.7130   0.7130   0.7130   0.7130   0.7130   0.7130

 PERFORMANCE PARAMETERS

 Ae/At                      1.0000   3.0163   3.0316   3.0470   3.0623   3.0777   3.0931
 CSTAR, M/SEC               2154.1   2154.1   2154.1   2154.1   2154.1   2154.1   2154.1
 CF                         0.6785   1.3605   1.3619   1.3634   1.3648   1.3648   1.3676
 Ivac, M/SEC                2675.8   3343.3   3345.4   3347.4   3349.5   3349.5   3353.6
 Isp, M/SEC                 1461.6   2930.7   2933.8   2936.9   2939.9   2939.9   2946.0

 MOLE FRACTIONS

 *H              0.05034   HO2             0.00005   *H2             0.19404
 H2O             0.65468   H2O2            0.00001   *O              0.01080
 *OH             0.07595   *O2             0.01413

  * THERMODYNAMIC PROPERTIES FITTED TO 20000.K

    PRODUCTS WHICH WERE CONSIDERED BUT WHOSE MOLE FRACTIONS
    WERE LESS THAN 5.000000E-06 FOR ALL ASSIGNED CONDITIONS

 O3              H2O(cr)         H2O(L)         

 NOTE. WEIGHT FRACTION OF FUEL IN TOTAL FUELS AND OF OXIDANT IN TOTAL OXIDANTS



