
 *******************************************************************************

         NASA-GLENN CHEMICAL EQUILIBRIUM PROGRAM CEA2, MAY 21, 2004
                   BY  BONNIE MCBRIDE AND SANFORD GORDON
      REFS: NASA RP-1311, PART I, 1994 AND NASA RP-1311, PART II, 1996

 *******************************************************************************



 problem rocket eq fr
     p(bar) = 11.73
     o/f = 6.7
     sup = 1.7755, 1.7877, 1.8, 1.8123, 1.8247, 1.8371
 reac
     fuel = H2(L) t(K) = 30.000
     ox = O2(L) t(K) = 96.700
 outp trans
 end

 OPTIONS: TP=F  HP=F  SP=F  TV=F  UV=F  SV=F  DETN=F  SHOCK=F  REFL=F  INCD=F
 RKT=T  FROZ=T  EQL=T  IONS=F  SIUNIT=T  DEBUGF=F  SHKDBG=F  DETDBG=F  TRNSPT=T

 TRACE= 0.00E+00  S/R= 0.000000E+00  H/R= 0.000000E+00  U/R= 0.000000E+00

 Pc,BAR =    11.730000

 Pc/P =

 SUBSONIC AREA RATIOS =

 SUPERSONIC AREA RATIOS =     1.7755     1.7877     1.8000     1.8123     1.8247
     1.8371

 NFZ=  1  Mdot/Ac= 0.000000E+00  Ac/At= 0.000000E+00

 NOTE! REACTANT H2(L)          HAS BEEN DEFINED FOR TEMPERATURE   20.27K ONLY.
 YOUR TEMPERATURE ASSIGNMENT   30.00 IS NOT = BUT <10 K FROM THIS VALUE. (REACT)

 WARNING!!  AMOUNT MISSING FOR REACTANT  1.
 PROGRAM SETS WEIGHT PERCENT = 100. (REACT)

 NOTE! REACTANT O2(L)          HAS BEEN DEFINED FOR TEMPERATURE   90.17K ONLY.
 YOUR TEMPERATURE ASSIGNMENT   96.70 IS NOT = BUT <10 K FROM THIS VALUE. (REACT)

 WARNING!!  AMOUNT MISSING FOR REACTANT  2.
 PROGRAM SETS WEIGHT PERCENT = 100. (REACT)

    REACTANT          WT.FRAC   (ENERGY/R),K   TEMP,K  DENSITY
        EXPLODED FORMULA
 F: H2(L)            1.000000  -0.108389E+04    20.27  0.0000
          H  2.00000
 O: O2(L)            1.000000  -0.156101E+04    90.17  0.0000
          O  2.00000

  SPECIES BEING CONSIDERED IN THIS SYSTEM
 (CONDENSED PHASE MAY HAVE NAME LISTED SEVERAL TIMES)
  LAST thermo.inp UPDATE:    9/09/04

  g 6/97  *H               g 4/02  HO2              tpis78  *H2            
  g 8/89  H2O              g 6/99  H2O2             g 5/97  *O             
  g 4/02  *OH              tpis89  *O2              g 8/01  O3             
  g11/99  H2O(cr)          g 8/01  H2O(L)           g 8/01  H2O(L)         

 SPECIES WITH TRANSPORT PROPERTIES

        PURE SPECIES

  H                 H2                H2O               O               
  OH                O2              

     BINARY INTERACTIONS

     H               H2              
     H               O               
     H2              H2O             
     H2              O2              
     H2O             O2              
     O               O2              


 O/F =   6.700000

                       EFFECTIVE FUEL     EFFECTIVE OXIDANT        MIXTURE
 ENTHALPY                  h(2)/R              h(1)/R               h0/R
 (KG-MOL)(K)/KG       -0.53767500E+03     -0.48783267E+02     -0.11227570E+03

 KG-FORM.WT./KG             bi(2)               bi(1)               b0i
  *H                   0.99212255E+00      0.00000000E+00      0.12884708E+00
  *O                   0.00000000E+00      0.62502344E-01      0.54385156E-01

 POINT ITN      T            H           O 
   1    9    3326.707     -10.197     -16.247
 Pinf/Pt = 1.725231
   2    3    3177.948     -10.404     -16.506
 Pinf/Pt = 1.723576
   2    2    3178.203     -10.404     -16.506
   3    4    2825.765     -10.941     -17.278
   3    3    2854.168     -10.896     -17.206
   3    2    2854.520     -10.896     -17.205
   4    3    2822.637     -10.946     -17.286
   4    3    2851.595     -10.900     -17.212
   4    2    2851.955     -10.900     -17.211
   5    3    2819.509     -10.951     -17.295
   5    3    2849.025     -10.904     -17.219
   5    2    2849.394     -10.904     -17.218
   6    3    2816.406     -10.956     -17.303
   6    3    2846.480     -10.908     -17.225
   6    2    2846.857     -10.908     -17.224
   7    3    2813.302     -10.961     -17.311
   7    3    2843.938     -10.913     -17.232
   7    2    2844.324     -10.912     -17.231
   8    3    2810.223     -10.966     -17.319
   8    3    2841.421     -10.916     -17.238
   8    2    2841.815     -10.916     -17.237





              THEORETICAL ROCKET PERFORMANCE ASSUMING EQUILIBRIUM

           COMPOSITION DURING EXPANSION FROM INFINITE AREA COMBUSTOR

 Pin =   170.1 PSIA
 CASE =                

             REACTANT                    WT FRACTION      ENERGY      TEMP
                                          (SEE NOTE)     KJ/KG-MOL      K  
 FUEL        H2(L)                        1.0000000     -9012.000     20.270
 OXIDANT     O2(L)                        1.0000000    -12979.000     90.170

 O/F=    6.70000  %FUEL= 12.987013  R,EQ.RATIO= 1.184580  PHI,EQ.RATIO= 1.184580

                 CHAMBER   THROAT     EXIT     EXIT     EXIT     EXIT     EXIT     EXIT
 Pinf/P            1.0000   1.7236   6.2204   6.2866   6.3535   6.4205   6.4881   6.5558
 P, BAR            11.730   6.8056   1.8857   1.8659   1.8462   1.8270   1.8079   1.7893
 T, K             3326.71  3178.20  2854.52  2851.96  2849.39  2846.86  2844.32  2841.82
 RHO, KG/CU M    6.0027-1 3.6967-1 1.1755-1 1.1644-1 1.1535-1 1.1427-1 1.1321-1 1.1216-1
 H, KJ/KG         -933.52 -1966.15 -4173.05 -4190.04 -4206.98 -4223.75 -4240.49 -4257.06
 U, KJ/KG        -2887.62 -3807.16 -5777.25 -5792.42 -5807.56 -5822.54 -5837.49 -5852.29
 G, KJ/KG        -60782.5 -59143.5 -55527.2 -55498.0 -55468.9 -55440.0 -55411.2 -55382.6
 S, KJ/(KG)(K)    17.9905  17.9905  17.9905  17.9905  17.9905  17.9905  17.9905  17.9905

 M, (1/n)          14.155   14.354   14.795   14.798   14.802   14.805   14.809   14.812
 (dLV/dLP)t      -1.04668 -1.04060 -1.02626 -1.02614 -1.02602 -1.02591 -1.02579 -1.02568
 (dLV/dLT)p        1.8632   1.7866   1.5676   1.5655   1.5635   1.5615   1.5595   1.5575
 Cp, KJ/(KG)(K)   12.9713  12.3934  10.3826  10.3621  10.3416  10.3212  10.3007  10.2804
 GAMMAs            1.1243   1.1218   1.1195   1.1195   1.1195   1.1195   1.1195   1.1196
 SON VEL,M/SEC     1482.2   1437.1   1340.1   1339.4   1338.6   1337.9   1337.1   1336.4
 MACH NUMBER        0.000    1.000    1.899    1.905    1.911    1.917    1.923    1.929

 TRANSPORT PROPERTIES (GASES ONLY)
   CONDUCTIVITY IN UNITS OF MILLIWATTS/(CM)(K)

 VISC,MILLIPOISE   1.0408   1.0060  0.92790  0.92727  0.92663  0.92601  0.92538  0.92476

  WITH EQUILIBRIUM REACTIONS

 Cp, KJ/(KG)(K)   12.9713  12.3934  10.3826  10.3621  10.3416  10.3212  10.3007  10.2804
 CONDUCTIVITY     25.9572  23.8289  18.0669  18.0157  17.9645  17.9138  17.8631  17.8128
 PRANDTL NUMBER    0.5201   0.5232   0.5332   0.5333   0.5334   0.5335   0.5336   0.5337

  WITH FROZEN REACTIONS

 Cp, KJ/(KG)(K)    3.5241   3.4986   3.4333   3.4327   3.4321   3.4315   3.4310   3.4304
 CONDUCTIVITY      5.1593   4.9042   4.3470   4.3426   4.3382   4.3338   4.3295   4.3252
 PRANDTL NUMBER    0.7109   0.7177   0.7329   0.7330   0.7331   0.7332   0.7333   0.7334

 PERFORMANCE PARAMETERS

 Ae/At                      1.0000   1.7755   1.7877   1.8000   1.8123   1.8247   1.8371
 CSTAR, M/SEC               2208.0   2208.0   2208.0   2208.0   2208.0   2208.0   2208.0
 CF                         0.6509   1.1528   1.1558   1.1588   1.1618   1.1648   1.1677
 Ivac, M/SEC                2718.2   3175.6   3179.9   3184.2   3188.5   3192.7   3196.9
 Isp, M/SEC                 1437.1   2545.4   2552.1   2558.7   2565.2   2571.8   2578.2


 MOLE FRACTIONS

 *H               0.05034  0.04402  0.02992  0.02981  0.02970  0.02959  0.02948  0.02937
 HO2              0.00005  0.00003  0.00001  0.00001  0.00001  0.00001  0.00001  0.00001
 *H2              0.19404  0.18749  0.17253  0.17242  0.17230  0.17219  0.17207  0.17196
 H2O              0.65468  0.68254  0.74491  0.74540  0.74589  0.74637  0.74685  0.74732
 H2O2             0.00001  0.00000  0.00000  0.00000  0.00000  0.00000  0.00000  0.00000
 *O               0.01080  0.00850  0.00410  0.00407  0.00404  0.00401  0.00398  0.00395
 *OH              0.07595  0.06531  0.04145  0.04126  0.04107  0.04089  0.04070  0.04052
 *O2              0.01413  0.01210  0.00707  0.00703  0.00699  0.00695  0.00691  0.00687

  * THERMODYNAMIC PROPERTIES FITTED TO 20000.K

    PRODUCTS WHICH WERE CONSIDERED BUT WHOSE MOLE FRACTIONS
    WERE LESS THAN 5.000000E-06 FOR ALL ASSIGNED CONDITIONS

 O3              H2O(cr)         H2O(L)         

 NOTE. WEIGHT FRACTION OF FUEL IN TOTAL FUELS AND OF OXIDANT IN TOTAL OXIDANTS





           THEORETICAL ROCKET PERFORMANCE ASSUMING FROZEN COMPOSITION

 Pin =   170.1 PSIA
 CASE =                

             REACTANT                    WT FRACTION      ENERGY      TEMP
                                          (SEE NOTE)     KJ/KG-MOL      K  
 FUEL        H2(L)                        1.0000000     -9012.000     20.270
 OXIDANT     O2(L)                        1.0000000    -12979.000     90.170

 O/F=    6.70000  %FUEL= 12.987013  R,EQ.RATIO= 1.184580  PHI,EQ.RATIO= 1.184580

                 CHAMBER   THROAT     EXIT     EXIT     EXIT     EXIT     EXIT     EXIT
 Pinf/P            1.0000   1.7741   6.9265   7.0052   7.0848   7.1645   7.2450   7.3257
 P, BAR            11.730   6.6116   1.6935   1.6745   1.6557   1.6372   1.6191   1.6012
 T, K             3326.71  3021.30  2386.88  2382.11  2377.34  2372.63  2367.93  2363.27
 RHO, KG/CU M    6.0027-1 3.7255-1 1.2079-1 1.1967-1 1.1856-1 1.1748-1 1.1640-1 1.1535-1
 H, KJ/KG         -933.52 -2001.73 -4157.13 -4172.96 -4188.74 -4204.35 -4219.91 -4235.30
 U, KJ/KG        -2887.62 -3776.43 -5559.19 -5572.21 -5585.19 -5598.03 -5610.83 -5623.48
 G, KJ/KG        -60782.5 -56356.2 -47098.3 -47028.2 -46958.2 -46889.0 -46820.0 -46751.7
 S, KJ/(KG)(K)    17.9905  17.9905  17.9905  17.9905  17.9905  17.9905  17.9905  17.9905

 M, (1/n)          14.155   14.155   14.155   14.155   14.155   14.155   14.155   14.155
 Cp, KJ/(KG)(K)    3.5241   3.4695   3.3141   3.3127   3.3112   3.3098   3.3083   3.3069
 GAMMAs            1.2000   1.2038   1.2154   1.2155   1.2157   1.2158   1.2159   1.2160
 SON VEL,M/SEC     1531.3   1461.6   1305.4   1304.2   1302.9   1301.7   1300.5   1299.2
 MACH NUMBER        0.000    1.000    1.945    1.952    1.958    1.965    1.971    1.978

 TRANSPORT PROPERTIES (GASES ONLY)
   CONDUCTIVITY IN UNITS OF MILLIWATTS/(CM)(K)

 VISC,MILLIPOISE   1.0408  0.96978  0.81177  0.81051  0.80926  0.80802  0.80679  0.80556

  WITH FROZEN REACTIONS

 Cp, KJ/(KG)(K)    3.5241   3.4695   3.3141   3.3127   3.3112   3.3098   3.3083   3.3069
 CONDUCTIVITY      5.1593   4.7246   3.7692   3.7617   3.7542   3.7469   3.7395   3.7322
 PRANDTL NUMBER    0.7109   0.7122   0.7138   0.7138   0.7138   0.7138   0.7138   0.7138

 PERFORMANCE PARAMETERS

 Ae/At                      1.0000   1.7755   1.7877   1.8000   1.8123   1.8247   1.8371
 CSTAR, M/SEC               2154.1   2154.1   2154.1   2154.1   2154.1   2154.1   2154.1
 CF                         0.6785   1.1787   1.1816   1.1845   1.1873   1.1901   1.1929
 Ivac, M/SEC                2675.8   3091.3   3095.1   3098.9   3102.6   3106.3   3109.9
 Isp, M/SEC                 1461.6   2539.1   2545.4   2551.6   2557.7   2563.7   2569.7

 MOLE FRACTIONS

 *H              0.05034   HO2             0.00005   *H2             0.19404
 H2O             0.65468   H2O2            0.00001   *O              0.01080
 *OH             0.07595   *O2             0.01413

  * THERMODYNAMIC PROPERTIES FITTED TO 20000.K

    PRODUCTS WHICH WERE CONSIDERED BUT WHOSE MOLE FRACTIONS
    WERE LESS THAN 5.000000E-06 FOR ALL ASSIGNED CONDITIONS

 O3              H2O(cr)         H2O(L)         

 NOTE. WEIGHT FRACTION OF FUEL IN TOTAL FUELS AND OF OXIDANT IN TOTAL OXIDANTS



