
 *******************************************************************************

         NASA-GLENN CHEMICAL EQUILIBRIUM PROGRAM CEA2, MAY 21, 2004
                   BY  BONNIE MCBRIDE AND SANFORD GORDON
      REFS: NASA RP-1311, PART I, 1994 AND NASA RP-1311, PART II, 1996

 *******************************************************************************



 problem rocket eq fr
     p(bar) = 11.73
     o/f = 6.7
     sup = 3.9878, 4.0049, 4.022, 4.0392, 4.0563, 4.0735
 reac
     fuel = H2(L) t(K) = 30.000
     ox = O2(L) t(K) = 96.700
 outp trans
 end

 OPTIONS: TP=F  HP=F  SP=F  TV=F  UV=F  SV=F  DETN=F  SHOCK=F  REFL=F  INCD=F
 RKT=T  FROZ=T  EQL=T  IONS=F  SIUNIT=T  DEBUGF=F  SHKDBG=F  DETDBG=F  TRNSPT=T

 TRACE= 0.00E+00  S/R= 0.000000E+00  H/R= 0.000000E+00  U/R= 0.000000E+00

 Pc,BAR =    11.730000

 Pc/P =

 SUBSONIC AREA RATIOS =

 SUPERSONIC AREA RATIOS =     3.9878     4.0049     4.0220     4.0392     4.0563
     4.0735

 NFZ=  1  Mdot/Ac= 0.000000E+00  Ac/At= 0.000000E+00

 NOTE! REACTANT H2(L)          HAS BEEN DEFINED FOR TEMPERATURE   20.27K ONLY.
 YOUR TEMPERATURE ASSIGNMENT   30.00 IS NOT = BUT <10 K FROM THIS VALUE. (REACT)

 WARNING!!  AMOUNT MISSING FOR REACTANT  1.
 PROGRAM SETS WEIGHT PERCENT = 100. (REACT)

 NOTE! REACTANT O2(L)          HAS BEEN DEFINED FOR TEMPERATURE   90.17K ONLY.
 YOUR TEMPERATURE ASSIGNMENT   96.70 IS NOT = BUT <10 K FROM THIS VALUE. (REACT)

 WARNING!!  AMOUNT MISSING FOR REACTANT  2.
 PROGRAM SETS WEIGHT PERCENT = 100. (REACT)

    REACTANT          WT.FRAC   (ENERGY/R),K   TEMP,K  DENSITY
        EXPLODED FORMULA
 F: H2(L)            1.000000  -0.108389E+04    20.27  0.0000
          H  2.00000
 O: O2(L)            1.000000  -0.156101E+04    90.17  0.0000
          O  2.00000

  SPECIES BEING CONSIDERED IN THIS SYSTEM
 (CONDENSED PHASE MAY HAVE NAME LISTED SEVERAL TIMES)
  LAST thermo.inp UPDATE:    9/09/04

  g 6/97  *H               g 4/02  HO2              tpis78  *H2            
  g 8/89  H2O              g 6/99  H2O2             g 5/97  *O             
  g 4/02  *OH              tpis89  *O2              g 8/01  O3             
  g11/99  H2O(cr)          g 8/01  H2O(L)           g 8/01  H2O(L)         

 SPECIES WITH TRANSPORT PROPERTIES

        PURE SPECIES

  H                 H2                H2O               O               
  OH                O2              

     BINARY INTERACTIONS

     H               H2              
     H               O               
     H2              H2O             
     H2              O2              
     H2O             O2              
     O               O2              


 O/F =   6.700000

                       EFFECTIVE FUEL     EFFECTIVE OXIDANT        MIXTURE
 ENTHALPY                  h(2)/R              h(1)/R               h0/R
 (KG-MOL)(K)/KG       -0.53767500E+03     -0.48783267E+02     -0.11227570E+03

 KG-FORM.WT./KG             bi(2)               bi(1)               b0i
  *H                   0.99212255E+00      0.00000000E+00      0.12884708E+00
  *O                   0.00000000E+00      0.62502344E-01      0.54385156E-01

 POINT ITN      T            H           O 
   1    9    3326.707     -10.197     -16.247
 Pinf/Pt = 1.725231
   2    3    3177.948     -10.404     -16.506
 Pinf/Pt = 1.723576
   2    2    3178.203     -10.404     -16.506
   3    5    2559.148     -11.357     -18.083
   3    3    2579.194     -11.327     -18.013
   3    1    2579.244     -11.327     -18.013
   4    2    2577.909     -11.329     -18.018
   4    1    2577.859     -11.329     -18.018
   5    2    2576.429     -11.331     -18.023
   5    1    2576.480     -11.331     -18.023
   6    2    2575.149     -11.333     -18.027
   6    1    2575.098     -11.333     -18.027
   7    2    2573.680     -11.335     -18.032
   7    1    2573.731     -11.335     -18.032
   8    2    2572.412     -11.337     -18.037
   8    1    2572.362     -11.337     -18.037





              THEORETICAL ROCKET PERFORMANCE ASSUMING EQUILIBRIUM

           COMPOSITION DURING EXPANSION FROM INFINITE AREA COMBUSTOR

 Pin =   170.1 PSIA
 CASE =                

             REACTANT                    WT FRACTION      ENERGY      TEMP
                                          (SEE NOTE)     KJ/KG-MOL      K  
 FUEL        H2(L)                        1.0000000     -9012.000     20.270
 OXIDANT     O2(L)                        1.0000000    -12979.000     90.170

 O/F=    6.70000  %FUEL= 12.987013  R,EQ.RATIO= 1.184580  PHI,EQ.RATIO= 1.184580

                 CHAMBER   THROAT     EXIT     EXIT     EXIT     EXIT     EXIT     EXIT
 Pinf/P            1.0000   1.7236   19.596   19.709   19.822   19.935   20.049   20.162
 P, BAR            11.730   6.8056  0.59858  0.59515  0.59177  0.58840  0.58508  0.58178
 T, K             3326.71  3178.20  2579.24  2577.86  2576.48  2575.10  2573.73  2572.36
 RHO, KG/CU M    6.0027-1 3.6967-1 4.2249-2 4.2034-2 4.1822-2 4.1610-2 4.1401-2 4.1194-2
 H, KJ/KG         -933.52 -1966.15 -5904.86 -5912.98 -5921.06 -5929.14 -5937.13 -5945.13
 U, KJ/KG        -2887.62 -3807.16 -7321.65 -7328.86 -7336.04 -7343.22 -7350.32 -7357.43
 G, KJ/KG        -60782.5 -59143.5 -52306.6 -52289.8 -52273.1 -52256.3 -52239.7 -52223.1
 S, KJ/(KG)(K)    17.9905  17.9905  17.9905  17.9905  17.9905  17.9905  17.9905  17.9905

 M, (1/n)          14.155   14.354   15.136   15.138   15.140   15.141   15.143   15.144
 (dLV/dLP)t      -1.04668 -1.04060 -1.01411 -1.01405 -1.01399 -1.01394 -1.01388 -1.01383
 (dLV/dLT)p        1.8632   1.7866   1.3377   1.3365   1.3354   1.3342   1.3331   1.3319
 Cp, KJ/(KG)(K)   12.9713  12.3934   7.8438   7.8299   7.8160   7.8021   7.7884   7.7746
 GAMMAs            1.1243   1.1218   1.1251   1.1252   1.1252   1.1253   1.1254   1.1254
 SON VEL,M/SEC     1482.2   1437.1   1262.6   1262.2   1261.8   1261.5   1261.1   1260.7
 MACH NUMBER        0.000    1.000    2.497    2.500    2.503    2.506    2.508    2.511

 TRANSPORT PROPERTIES (GASES ONLY)
   CONDUCTIVITY IN UNITS OF MILLIWATTS/(CM)(K)

 VISC,MILLIPOISE   1.0408   1.0060  0.85839  0.85803  0.85767  0.85732  0.85696  0.85661

  WITH EQUILIBRIUM REACTIONS

 Cp, KJ/(KG)(K)   12.9713  12.3934   7.8438   7.8299   7.8160   7.8021   7.7884   7.7746
 CONDUCTIVITY     25.9572  23.8289  12.3593  12.3306  12.3022  12.2736  12.2454  12.2172
 PRANDTL NUMBER    0.5201   0.5232   0.5448   0.5448   0.5449   0.5450   0.5451   0.5451

  WITH FROZEN REACTIONS

 Cp, KJ/(KG)(K)    3.5241   3.4986   3.3639   3.3635   3.3631   3.3627   3.3623   3.3619
 CONDUCTIVITY      5.1593   4.9042   3.8771   3.8747   3.8724   3.8701   3.8678   3.8654
 PRANDTL NUMBER    0.7109   0.7177   0.7448   0.7448   0.7449   0.7449   0.7450   0.7450

 PERFORMANCE PARAMETERS

 Ae/At                      1.0000   3.9878   4.0049   4.0220   4.0392   4.0563   4.0735
 CSTAR, M/SEC               2208.0   2208.0   2208.0   2208.0   2208.0   2208.0   2208.0
 CF                         0.6509   1.4281   1.4293   1.4304   1.4316   1.4327   1.4339
 Ivac, M/SEC                2718.2   3602.5   3604.4   3606.4   3608.3   3610.1   3612.0
 Isp, M/SEC                 1437.1   3153.2   3155.8   3158.3   3160.9   3163.4   3165.9


 MOLE FRACTIONS

 *H               0.05034  0.04402  0.01834  0.01828  0.01823  0.01817  0.01812  0.01807
 HO2              0.00005  0.00003  0.00000  0.00000  0.00000  0.00000  0.00000  0.00000
 *H2              0.19404  0.18749  0.16146  0.16141  0.16137  0.16132  0.16128  0.16124
 H2O              0.65468  0.68254  0.79332  0.79354  0.79375  0.79396  0.79417  0.79438
 H2O2             0.00001  0.00000  0.00000  0.00000  0.00000  0.00000  0.00000  0.00000
 *O               0.01080  0.00850  0.00150  0.00149  0.00148  0.00147  0.00146  0.00145
 *OH              0.07595  0.06531  0.02239  0.02230  0.02221  0.02213  0.02204  0.02196
 *O2              0.01413  0.01210  0.00299  0.00298  0.00296  0.00294  0.00293  0.00291

  * THERMODYNAMIC PROPERTIES FITTED TO 20000.K

    PRODUCTS WHICH WERE CONSIDERED BUT WHOSE MOLE FRACTIONS
    WERE LESS THAN 5.000000E-06 FOR ALL ASSIGNED CONDITIONS

 O3              H2O(cr)         H2O(L)         

 NOTE. WEIGHT FRACTION OF FUEL IN TOTAL FUELS AND OF OXIDANT IN TOTAL OXIDANTS





           THEORETICAL ROCKET PERFORMANCE ASSUMING FROZEN COMPOSITION

 Pin =   170.1 PSIA
 CASE =                

             REACTANT                    WT FRACTION      ENERGY      TEMP
                                          (SEE NOTE)     KJ/KG-MOL      K  
 FUEL        H2(L)                        1.0000000     -9012.000     20.270
 OXIDANT     O2(L)                        1.0000000    -12979.000     90.170

 O/F=    6.70000  %FUEL= 12.987013  R,EQ.RATIO= 1.184580  PHI,EQ.RATIO= 1.184580

                 CHAMBER   THROAT     EXIT     EXIT     EXIT     EXIT     EXIT     EXIT
 Pinf/P            1.0000   1.7741   23.660   23.806   23.952   24.099   24.246   24.394
 P, BAR            11.730   6.6116  0.49578  0.49274  0.48973  0.48673  0.48379  0.48086
 T, K             3326.71  3021.30  1908.87  1906.67  1904.49  1902.30  1900.14  1897.98
 RHO, KG/CU M    6.0027-1 3.7255-1 4.4216-2 4.3995-2 4.3777-2 4.3559-2 4.3345-2 4.3131-2
 H, KJ/KG         -933.52 -2001.73 -5702.12 -5709.01 -5715.87 -5722.72 -5729.50 -5736.28
 U, KJ/KG        -2887.62 -3776.43 -6823.39 -6828.99 -6834.56 -6840.14 -6845.64 -6851.15
 G, KJ/KG        -60782.5 -56356.2 -40043.6 -40011.0 -39978.5 -39946.1 -39914.0 -39881.9
 S, KJ/(KG)(K)    17.9905  17.9905  17.9905  17.9905  17.9905  17.9905  17.9905  17.9905

 M, (1/n)          14.155   14.155   14.155   14.155   14.155   14.155   14.155   14.155
 Cp, KJ/(KG)(K)    3.5241   3.4695   3.1398   3.1389   3.1379   3.1370   3.1360   3.1351
 GAMMAs            1.2000   1.2038   1.2301   1.2302   1.2303   1.2304   1.2305   1.2306
 SON VEL,M/SEC     1531.3   1461.6   1174.4   1173.8   1173.2   1172.5   1171.9   1171.3
 MACH NUMBER        0.000    1.000    2.630    2.633    2.636    2.639    2.643    2.646

 TRANSPORT PROPERTIES (GASES ONLY)
   CONDUCTIVITY IN UNITS OF MILLIWATTS/(CM)(K)

 VISC,MILLIPOISE   1.0408  0.96978  0.68062  0.67999  0.67936  0.67873  0.67811  0.67749

  WITH FROZEN REACTIONS

 Cp, KJ/(KG)(K)    3.5241   3.4695   3.1398   3.1389   3.1379   3.1370   3.1360   3.1351
 CONDUCTIVITY      5.1593   4.7246   3.0014   2.9977   2.9942   2.9906   2.9870   2.9834
 PRANDTL NUMBER    0.7109   0.7122   0.7120   0.7120   0.7120   0.7120   0.7119   0.7119

 PERFORMANCE PARAMETERS

 Ae/At                      1.0000   3.9878   4.0049   4.0220   4.0392   4.0563   4.0735
 CSTAR, M/SEC               2154.1   2154.1   2154.1   2154.1   2154.1   2154.1   2154.1
 CF                         0.6785   1.4336   1.4347   1.4357   1.4367   1.4377   1.4388
 Ivac, M/SEC                2675.8   3451.3   3452.9   3454.4   3456.0   3457.5   3459.0
 Isp, M/SEC                 1461.6   3088.2   3090.5   3092.7   3094.9   3097.1   3099.3

 MOLE FRACTIONS

 *H              0.05034   HO2             0.00005   *H2             0.19404
 H2O             0.65468   H2O2            0.00001   *O              0.01080
 *OH             0.07595   *O2             0.01413

  * THERMODYNAMIC PROPERTIES FITTED TO 20000.K

    PRODUCTS WHICH WERE CONSIDERED BUT WHOSE MOLE FRACTIONS
    WERE LESS THAN 5.000000E-06 FOR ALL ASSIGNED CONDITIONS

 O3              H2O(cr)         H2O(L)         

 NOTE. WEIGHT FRACTION OF FUEL IN TOTAL FUELS AND OF OXIDANT IN TOTAL OXIDANTS



