
 *******************************************************************************

         NASA-GLENN CHEMICAL EQUILIBRIUM PROGRAM CEA2, MAY 21, 2004
                   BY  BONNIE MCBRIDE AND SANFORD GORDON
      REFS: NASA RP-1311, PART I, 1994 AND NASA RP-1311, PART II, 1996

 *******************************************************************************



 problem rocket eq fr
     p(bar) = 11.73
     o/f = 6.7
     sup = 4.9507, 4.9693, 4.9879, 5.0065
 reac
     fuel = H2(L) t(K) = 30.000
     ox = O2(L) t(K) = 96.700
 outp trans
 end

 OPTIONS: TP=F  HP=F  SP=F  TV=F  UV=F  SV=F  DETN=F  SHOCK=F  REFL=F  INCD=F
 RKT=T  FROZ=T  EQL=T  IONS=F  SIUNIT=T  DEBUGF=F  SHKDBG=F  DETDBG=F  TRNSPT=T

 TRACE= 0.00E+00  S/R= 0.000000E+00  H/R= 0.000000E+00  U/R= 0.000000E+00

 Pc,BAR =    11.730000

 Pc/P =

 SUBSONIC AREA RATIOS =

 SUPERSONIC AREA RATIOS =     4.9507     4.9693     4.9879     5.0065

 NFZ=  1  Mdot/Ac= 0.000000E+00  Ac/At= 0.000000E+00

 NOTE! REACTANT H2(L)          HAS BEEN DEFINED FOR TEMPERATURE   20.27K ONLY.
 YOUR TEMPERATURE ASSIGNMENT   30.00 IS NOT = BUT <10 K FROM THIS VALUE. (REACT)

 WARNING!!  AMOUNT MISSING FOR REACTANT  1.
 PROGRAM SETS WEIGHT PERCENT = 100. (REACT)

 NOTE! REACTANT O2(L)          HAS BEEN DEFINED FOR TEMPERATURE   90.17K ONLY.
 YOUR TEMPERATURE ASSIGNMENT   96.70 IS NOT = BUT <10 K FROM THIS VALUE. (REACT)

 WARNING!!  AMOUNT MISSING FOR REACTANT  2.
 PROGRAM SETS WEIGHT PERCENT = 100. (REACT)

    REACTANT          WT.FRAC   (ENERGY/R),K   TEMP,K  DENSITY
        EXPLODED FORMULA
 F: H2(L)            1.000000  -0.108389E+04    20.27  0.0000
          H  2.00000
 O: O2(L)            1.000000  -0.156101E+04    90.17  0.0000
          O  2.00000

  SPECIES BEING CONSIDERED IN THIS SYSTEM
 (CONDENSED PHASE MAY HAVE NAME LISTED SEVERAL TIMES)
  LAST thermo.inp UPDATE:    9/09/04

  g 6/97  *H               g 4/02  HO2              tpis78  *H2            
  g 8/89  H2O              g 6/99  H2O2             g 5/97  *O             
  g 4/02  *OH              tpis89  *O2              g 8/01  O3             
  g11/99  H2O(cr)          g 8/01  H2O(L)           g 8/01  H2O(L)         

 SPECIES WITH TRANSPORT PROPERTIES

        PURE SPECIES

  H                 H2                H2O               O               
  OH                O2              

     BINARY INTERACTIONS

     H               H2              
     H               O               
     H2              H2O             
     H2              O2              
     H2O             O2              
     O               O2              


 O/F =   6.700000

                       EFFECTIVE FUEL     EFFECTIVE OXIDANT        MIXTURE
 ENTHALPY                  h(2)/R              h(1)/R               h0/R
 (KG-MOL)(K)/KG       -0.53767500E+03     -0.48783267E+02     -0.11227570E+03

 KG-FORM.WT./KG             bi(2)               bi(1)               b0i
  *H                   0.99212255E+00      0.00000000E+00      0.12884708E+00
  *O                   0.00000000E+00      0.62502344E-01      0.54385156E-01

 POINT ITN      T            H           O 
   1    9    3326.707     -10.197     -16.247
 Pinf/Pt = 1.725231
   2    3    3177.948     -10.404     -16.506
 Pinf/Pt = 1.723576
   2    2    3178.203     -10.404     -16.506
   3    5    2484.960     -11.465     -18.354
   3    3    2509.196     -11.430     -18.263
   3    1    2509.248     -11.430     -18.263
   4    2    2508.084     -11.432     -18.267
   4    1    2508.032     -11.432     -18.267
   5    2    2506.769     -11.434     -18.272
   5    1    2506.821     -11.434     -18.272
   6    2    2505.666     -11.435     -18.276
   6    1    2505.614     -11.435     -18.276





              THEORETICAL ROCKET PERFORMANCE ASSUMING EQUILIBRIUM

           COMPOSITION DURING EXPANSION FROM INFINITE AREA COMBUSTOR

 Pin =   170.1 PSIA
 CASE =                

             REACTANT                    WT FRACTION      ENERGY      TEMP
                                          (SEE NOTE)     KJ/KG-MOL      K  
 FUEL        H2(L)                        1.0000000     -9012.000     20.270
 OXIDANT     O2(L)                        1.0000000    -12979.000     90.170

 O/F=    6.70000  %FUEL= 12.987013  R,EQ.RATIO= 1.184580  PHI,EQ.RATIO= 1.184580

                 CHAMBER   THROAT     EXIT     EXIT     EXIT     EXIT
 Pinf/P            1.0000   1.7236   26.121   26.250   26.380   26.510
 P, BAR            11.730   6.8056  0.44906  0.44685  0.44465  0.44248
 T, K             3326.71  3178.20  2509.25  2508.03  2506.82  2505.61
 RHO, KG/CU M    6.0027-1 3.6967-1 3.2738-2 3.2595-2 3.2453-2 3.2312-2
 H, KJ/KG         -933.52 -1966.15 -6305.54 -6312.32 -6319.07 -6325.79
 U, KJ/KG        -2887.62 -3807.16 -7677.24 -7683.25 -7689.23 -7695.18
 G, KJ/KG        -60782.5 -59143.5 -51448.1 -51433.0 -51417.9 -51402.9
 S, KJ/(KG)(K)    17.9905  17.9905  17.9905  17.9905  17.9905  17.9905

 M, (1/n)          14.155   14.354   15.210   15.211   15.212   15.213
 (dLV/dLP)t      -1.04668 -1.04060 -1.01138 -1.01133 -1.01129 -1.01124
 (dLV/dLT)p        1.8632   1.7866   1.2799   1.2789   1.2779   1.2769
 Cp, KJ/(KG)(K)   12.9713  12.3934   7.1411   7.1289   7.1169   7.1048
 GAMMAs            1.1243   1.1218   1.1287   1.1288   1.1288   1.1289
 SON VEL,M/SEC     1482.2   1437.1   1244.3   1244.0   1243.7   1243.3
 MACH NUMBER        0.000    1.000    2.634    2.637    2.639    2.641

 TRANSPORT PROPERTIES (GASES ONLY)
   CONDUCTIVITY IN UNITS OF MILLIWATTS/(CM)(K)

 VISC,MILLIPOISE   1.0408   1.0060  0.84020  0.83989  0.83957  0.83925

  WITH EQUILIBRIUM REACTIONS

 Cp, KJ/(KG)(K)   12.9713  12.3934   7.1411   7.1289   7.1169   7.1048
 CONDUCTIVITY     25.9572  23.8289  10.9374  10.9133  10.8892  10.8653
 PRANDTL NUMBER    0.5201   0.5232   0.5486   0.5486   0.5487   0.5488

  WITH FROZEN REACTIONS

 Cp, KJ/(KG)(K)    3.5241   3.4986   3.3437   3.3434   3.3430   3.3426
 CONDUCTIVITY      5.1593   4.9042   3.7592   3.7572   3.7551   3.7531
 PRANDTL NUMBER    0.7109   0.7177   0.7473   0.7474   0.7474   0.7475

 PERFORMANCE PARAMETERS

 Ae/At                      1.0000   4.9507   4.9693   4.9879   5.0065
 CSTAR, M/SEC               2208.0   2208.0   2208.0   2208.0   2208.0
 CF                         0.6509   1.4845   1.4855   1.4864   1.4873
 Ivac, M/SEC                2718.2   3696.3   3697.9   3699.4   3701.0
 Isp, M/SEC                 1437.1   3277.8   3279.9   3281.9   3284.0


 MOLE FRACTIONS

 *H               0.05034  0.04402  0.01562  0.01558  0.01553  0.01549
 HO2              0.00005  0.00003  0.00000  0.00000  0.00000  0.00000
 *H2              0.19404  0.18749  0.15938  0.15934  0.15931  0.15928
 H2O              0.65468  0.68254  0.80360  0.80376  0.80393  0.80410
 H2O2             0.00001  0.00000  0.00000  0.00000  0.00000  0.00000
 *O               0.01080  0.00850  0.00106  0.00105  0.00104  0.00104
 *OH              0.07595  0.06531  0.01816  0.01809  0.01802  0.01795
 *O2              0.01413  0.01210  0.00218  0.00217  0.00216  0.00214

  * THERMODYNAMIC PROPERTIES FITTED TO 20000.K

    PRODUCTS WHICH WERE CONSIDERED BUT WHOSE MOLE FRACTIONS
    WERE LESS THAN 5.000000E-06 FOR ALL ASSIGNED CONDITIONS

 O3              H2O(cr)         H2O(L)         

 NOTE. WEIGHT FRACTION OF FUEL IN TOTAL FUELS AND OF OXIDANT IN TOTAL OXIDANTS





           THEORETICAL ROCKET PERFORMANCE ASSUMING FROZEN COMPOSITION

 Pin =   170.1 PSIA
 CASE =                

             REACTANT                    WT FRACTION      ENERGY      TEMP
                                          (SEE NOTE)     KJ/KG-MOL      K  
 FUEL        H2(L)                        1.0000000     -9012.000     20.270
 OXIDANT     O2(L)                        1.0000000    -12979.000     90.170

 O/F=    6.70000  %FUEL= 12.987013  R,EQ.RATIO= 1.184580  PHI,EQ.RATIO= 1.184580

                 CHAMBER   THROAT     EXIT     EXIT     EXIT     EXIT
 Pinf/P            1.0000   1.7741   32.210   32.382   32.553   32.725
 P, BAR            11.730   6.6116  0.36417  0.36224  0.36033  0.35844
 T, K             3326.71  3021.30  1801.01  1799.20  1797.39  1795.59
 RHO, KG/CU M    6.0027-1 3.7255-1 3.4423-2 3.4276-2 3.4129-2 3.3984-2
 H, KJ/KG         -933.52 -2001.73 -6038.20 -6043.81 -6049.39 -6054.95
 U, KJ/KG        -2887.62 -3776.43 -7096.11 -7100.65 -7105.18 -7109.68
 G, KJ/KG        -60782.5 -56356.2 -38439.2 -38412.2 -38385.2 -38358.4
 S, KJ/(KG)(K)    17.9905  17.9905  17.9905  17.9905  17.9905  17.9905

 M, (1/n)          14.155   14.155   14.155   14.155   14.155   14.155
 Cp, KJ/(KG)(K)    3.5241   3.4695   3.0913   3.0905   3.0896   3.0888
 GAMMAs            1.2000   1.2038   1.2346   1.2347   1.2348   1.2348
 SON VEL,M/SEC     1531.3   1461.6   1142.8   1142.3   1141.8   1141.2
 MACH NUMBER        0.000    1.000    2.796    2.799    2.802    2.804

 TRANSPORT PROPERTIES (GASES ONLY)
   CONDUCTIVITY IN UNITS OF MILLIWATTS/(CM)(K)

 VISC,MILLIPOISE   1.0408  0.96978  0.64921  0.64868  0.64815  0.64762

  WITH FROZEN REACTIONS

 Cp, KJ/(KG)(K)    3.5241   3.4695   3.0913   3.0905   3.0896   3.0888
 CONDUCTIVITY      5.1593   4.7246   2.8229   2.8199   2.8169   2.8139
 PRANDTL NUMBER    0.7109   0.7122   0.7109   0.7109   0.7109   0.7109

 PERFORMANCE PARAMETERS

 Ae/At                      1.0000   4.9507   4.9693   4.9879   5.0065
 CSTAR, M/SEC               2154.1   2154.1   2154.1   2154.1   2154.1
 CF                         0.6785   1.4833   1.4841   1.4849   1.4857
 Ivac, M/SEC                2675.8   3526.3   3527.5   3528.8   3530.0
 Isp, M/SEC                 1461.6   3195.2   3197.0   3198.7   3200.4

 MOLE FRACTIONS

 *H              0.05034   HO2             0.00005   *H2             0.19404
 H2O             0.65468   H2O2            0.00001   *O              0.01080
 *OH             0.07595   *O2             0.01413

  * THERMODYNAMIC PROPERTIES FITTED TO 20000.K

    PRODUCTS WHICH WERE CONSIDERED BUT WHOSE MOLE FRACTIONS
    WERE LESS THAN 5.000000E-06 FOR ALL ASSIGNED CONDITIONS

 O3              H2O(cr)         H2O(L)         

 NOTE. WEIGHT FRACTION OF FUEL IN TOTAL FUELS AND OF OXIDANT IN TOTAL OXIDANTS



