
 *******************************************************************************

         NASA-GLENN CHEMICAL EQUILIBRIUM PROGRAM CEA2, MAY 21, 2004
                   BY  BONNIE MCBRIDE AND SANFORD GORDON
      REFS: NASA RP-1311, PART I, 1994 AND NASA RP-1311, PART II, 1996

 *******************************************************************************



 problem rocket eq fr
     p(bar) = 11.73
     o/f = 6.7
     sup = 1.0003, 1.0007, 1.0012, 1.0019, 1.0028, 1.0038
 reac
     fuel = H2(L) t(K) = 30.000
     ox = O2(L) t(K) = 96.700
 outp trans
 end

 OPTIONS: TP=F  HP=F  SP=F  TV=F  UV=F  SV=F  DETN=F  SHOCK=F  REFL=F  INCD=F
 RKT=T  FROZ=T  EQL=T  IONS=F  SIUNIT=T  DEBUGF=F  SHKDBG=F  DETDBG=F  TRNSPT=T

 TRACE= 0.00E+00  S/R= 0.000000E+00  H/R= 0.000000E+00  U/R= 0.000000E+00

 Pc,BAR =    11.730000

 Pc/P =

 SUBSONIC AREA RATIOS =

 SUPERSONIC AREA RATIOS =     1.0003     1.0007     1.0012     1.0019     1.0028
     1.0038

 NFZ=  1  Mdot/Ac= 0.000000E+00  Ac/At= 0.000000E+00

 NOTE! REACTANT H2(L)          HAS BEEN DEFINED FOR TEMPERATURE   20.27K ONLY.
 YOUR TEMPERATURE ASSIGNMENT   30.00 IS NOT = BUT <10 K FROM THIS VALUE. (REACT)

 WARNING!!  AMOUNT MISSING FOR REACTANT  1.
 PROGRAM SETS WEIGHT PERCENT = 100. (REACT)

 NOTE! REACTANT O2(L)          HAS BEEN DEFINED FOR TEMPERATURE   90.17K ONLY.
 YOUR TEMPERATURE ASSIGNMENT   96.70 IS NOT = BUT <10 K FROM THIS VALUE. (REACT)

 WARNING!!  AMOUNT MISSING FOR REACTANT  2.
 PROGRAM SETS WEIGHT PERCENT = 100. (REACT)

    REACTANT          WT.FRAC   (ENERGY/R),K   TEMP,K  DENSITY
        EXPLODED FORMULA
 F: H2(L)            1.000000  -0.108389E+04    20.27  0.0000
          H  2.00000
 O: O2(L)            1.000000  -0.156101E+04    90.17  0.0000
          O  2.00000

  SPECIES BEING CONSIDERED IN THIS SYSTEM
 (CONDENSED PHASE MAY HAVE NAME LISTED SEVERAL TIMES)
  LAST thermo.inp UPDATE:    9/09/04

  g 6/97  *H               g 4/02  HO2              tpis78  *H2            
  g 8/89  H2O              g 6/99  H2O2             g 5/97  *O             
  g 4/02  *OH              tpis89  *O2              g 8/01  O3             
  g11/99  H2O(cr)          g 8/01  H2O(L)           g 8/01  H2O(L)         

 SPECIES WITH TRANSPORT PROPERTIES

        PURE SPECIES

  H                 H2                H2O               O               
  OH                O2              

     BINARY INTERACTIONS

     H               H2              
     H               O               
     H2              H2O             
     H2              O2              
     H2O             O2              
     O               O2              


 O/F =   6.700000

                       EFFECTIVE FUEL     EFFECTIVE OXIDANT        MIXTURE
 ENTHALPY                  h(2)/R              h(1)/R               h0/R
 (KG-MOL)(K)/KG       -0.53767500E+03     -0.48783267E+02     -0.11227570E+03

 KG-FORM.WT./KG             bi(2)               bi(1)               b0i
  *H                   0.99212255E+00      0.00000000E+00      0.12884708E+00
  *O                   0.00000000E+00      0.62502344E-01      0.54385156E-01

 POINT ITN      T            H           O 
   1    9    3326.707     -10.197     -16.247
 Pinf/Pt = 1.725231
   2    3    3177.948     -10.404     -16.506
 Pinf/Pt = 1.723576
   2    2    3178.203     -10.404     -16.506
   3    2    3172.512     -10.412     -16.516
   3    2    3173.113     -10.411     -16.515
   4    2    3169.512     -10.416     -16.522
   4    2    3170.392     -10.415     -16.520
   5    2    3166.824     -10.420     -16.527
   5    2    3167.932     -10.419     -16.525
   6    2    3163.884     -10.424     -16.532
   6    2    3165.220     -10.422     -16.530
   7    2    3160.818     -10.429     -16.538
   7    2    3162.366     -10.427     -16.535
   8    2    3157.944     -10.433     -16.543
   8    2    3159.671     -10.430     -16.540





              THEORETICAL ROCKET PERFORMANCE ASSUMING EQUILIBRIUM

           COMPOSITION DURING EXPANSION FROM INFINITE AREA COMBUSTOR

 Pin =   170.1 PSIA
 CASE =                

             REACTANT                    WT FRACTION      ENERGY      TEMP
                                          (SEE NOTE)     KJ/KG-MOL      K  
 FUEL        H2(L)                        1.0000000     -9012.000     20.270
 OXIDANT     O2(L)                        1.0000000    -12979.000     90.170

 O/F=    6.70000  %FUEL= 12.987013  R,EQ.RATIO= 1.184580  PHI,EQ.RATIO= 1.184580

                 CHAMBER   THROAT     EXIT     EXIT     EXIT     EXIT     EXIT     EXIT
 Pinf/P            1.0000   1.7236   1.7570   1.7751   1.7917   1.8102   1.8299   1.8487
 P, BAR            11.730   6.8056   6.6762   6.6080   6.5468   6.4800   6.4103   6.3451
 T, K             3326.71  3178.20  3173.11  3170.39  3167.93  3165.22  3162.37  3159.67
 RHO, KG/CU M    6.0027-1 3.6967-1 3.6340-1 3.6008-1 3.5711-1 3.5386-1 3.5046-1 3.4729-1
 H, KJ/KG         -933.52 -1966.15 -2001.45 -2020.32 -2037.37 -2056.18 -2075.96 -2094.64
 U, KJ/KG        -2887.62 -3807.16 -3838.63 -3855.45 -3870.65 -3887.42 -3905.05 -3921.71
 G, KJ/KG        -60782.5 -59143.5 -59087.2 -59057.1 -59029.9 -58999.9 -58968.4 -58938.6
 S, KJ/(KG)(K)    17.9905  17.9905  17.9905  17.9905  17.9905  17.9905  17.9905  17.9905

 M, (1/n)          14.155   14.354   14.361   14.364   14.368   14.371   14.375   14.379
 (dLV/dLP)t      -1.04668 -1.04060 -1.04038 -1.04027 -1.04017 -1.04005 -1.03993 -1.03981
 (dLV/dLT)p        1.8632   1.7866   1.7837   1.7822   1.7808   1.7792   1.7776   1.7760
 Cp, KJ/(KG)(K)   12.9713  12.3934  12.3702  12.3576  12.3462  12.3336  12.3202  12.3075
 GAMMAs            1.1243   1.1218   1.1217   1.1217   1.1217   1.1216   1.1216   1.1216
 SON VEL,M/SEC     1482.2   1437.1   1435.6   1434.7   1434.0   1433.2   1432.3   1431.5
 MACH NUMBER        0.000    1.000    1.018    1.028    1.036    1.046    1.055    1.065

 TRANSPORT PROPERTIES (GASES ONLY)
   CONDUCTIVITY IN UNITS OF MILLIWATTS/(CM)(K)

 VISC,MILLIPOISE   1.0408   1.0060   1.0048   1.0042   1.0036   1.0030   1.0023   1.0016

  WITH EQUILIBRIUM REACTIONS

 Cp, KJ/(KG)(K)   12.9713  12.3934  12.3702  12.3576  12.3462  12.3336  12.3202  12.3075
 CONDUCTIVITY     25.9572  23.8289  23.7501  23.7078  23.6695  23.6272  23.5825  23.5402
 PRANDTL NUMBER    0.5201   0.5232   0.5234   0.5234   0.5235   0.5235   0.5236   0.5237

  WITH FROZEN REACTIONS

 Cp, KJ/(KG)(K)    3.5241   3.4986   3.4977   3.4972   3.4967   3.4962   3.4957   3.4952
 CONDUCTIVITY      5.1593   4.9042   4.8954   4.8908   4.8865   4.8819   4.8769   4.8723
 PRANDTL NUMBER    0.7109   0.7177   0.7179   0.7180   0.7182   0.7183   0.7184   0.7185

 PERFORMANCE PARAMETERS

 Ae/At                      1.0000   1.0003   1.0007   1.0012   1.0019   1.0028   1.0038
 CSTAR, M/SEC               2208.0   2208.0   2208.0   2208.0   2208.0   2208.0   2208.0
 CF                         0.6509   0.6619   0.6677   0.6729   0.6786   0.6846   0.6902
 Ivac, M/SEC                2718.2   2718.5   2719.0   2719.7   2720.5   2721.6   2722.8
 Isp, M/SEC                 1437.1   1461.5   1474.3   1485.8   1498.4   1511.6   1523.9


 MOLE FRACTIONS

 *H               0.05034  0.04402  0.04380  0.04368  0.04358  0.04346  0.04334  0.04322
 HO2              0.00005  0.00003  0.00003  0.00003  0.00003  0.00003  0.00003  0.00003
 *H2              0.19404  0.18749  0.18726  0.18714  0.18702  0.18690  0.18677  0.18665
 H2O              0.65468  0.68254  0.68351  0.68403  0.68450  0.68502  0.68556  0.68608
 H2O2             0.00001  0.00000  0.00000  0.00000  0.00000  0.00000  0.00000  0.00000
 *O               0.01080  0.00850  0.00842  0.00838  0.00834  0.00830  0.00826  0.00822
 *OH              0.07595  0.06531  0.06494  0.06475  0.06457  0.06437  0.06416  0.06396
 *O2              0.01413  0.01210  0.01203  0.01199  0.01196  0.01192  0.01187  0.01184

  * THERMODYNAMIC PROPERTIES FITTED TO 20000.K

    PRODUCTS WHICH WERE CONSIDERED BUT WHOSE MOLE FRACTIONS
    WERE LESS THAN 5.000000E-06 FOR ALL ASSIGNED CONDITIONS

 O3              H2O(cr)         H2O(L)         

 NOTE. WEIGHT FRACTION OF FUEL IN TOTAL FUELS AND OF OXIDANT IN TOTAL OXIDANTS





           THEORETICAL ROCKET PERFORMANCE ASSUMING FROZEN COMPOSITION

 Pin =   170.1 PSIA
 CASE =                

             REACTANT                    WT FRACTION      ENERGY      TEMP
                                          (SEE NOTE)     KJ/KG-MOL      K  
 FUEL        H2(L)                        1.0000000     -9012.000     20.270
 OXIDANT     O2(L)                        1.0000000    -12979.000     90.170

 O/F=    6.70000  %FUEL= 12.987013  R,EQ.RATIO= 1.184580  PHI,EQ.RATIO= 1.184580

                 CHAMBER   THROAT     EXIT     EXIT     EXIT     EXIT     EXIT     EXIT
 Pinf/P            1.0000   1.7741   1.8103   1.8300   1.8480   1.8680   1.8894   1.9099
 P, BAR            11.730   6.6116   6.4796   6.4100   6.3476   6.2793   6.2082   6.1416
 T, K             3326.71  3021.30  3011.00  3005.49  3000.50  2995.01  2989.23  2983.77
 RHO, KG/CU M    6.0027-1 3.7255-1 3.6636-1 3.6308-1 3.6015-1 3.5693-1 3.5357-1 3.5042-1
 H, KJ/KG         -933.52 -2001.73 -2037.45 -2056.55 -2073.82 -2092.85 -2112.87 -2131.78
 U, KJ/KG        -2887.62 -3776.43 -3806.11 -3821.97 -3836.31 -3852.12 -3868.74 -3884.44
 G, KJ/KG        -60782.5 -56356.2 -56206.6 -56126.6 -56054.3 -55974.5 -55890.5 -55811.2
 S, KJ/(KG)(K)    17.9905  17.9905  17.9905  17.9905  17.9905  17.9905  17.9905  17.9905

 M, (1/n)          14.155   14.155   14.155   14.155   14.155   14.155   14.155   14.155
 Cp, KJ/(KG)(K)    3.5241   3.4695   3.4674   3.4664   3.4654   3.4643   3.4631   3.4620
 GAMMAs            1.2000   1.2038   1.2040   1.2040   1.2041   1.2042   1.2043   1.2043
 SON VEL,M/SEC     1531.3   1461.6   1459.2   1458.0   1456.8   1455.5   1454.1   1452.9
 MACH NUMBER        0.000    1.000    1.018    1.028    1.037    1.046    1.056    1.066

 TRANSPORT PROPERTIES (GASES ONLY)
   CONDUCTIVITY IN UNITS OF MILLIWATTS/(CM)(K)

 VISC,MILLIPOISE   1.0408  0.96978  0.96733  0.96602  0.96484  0.96353  0.96215  0.96085

  WITH FROZEN REACTIONS

 Cp, KJ/(KG)(K)    3.5241   3.4695   3.4674   3.4664   3.4654   3.4643   3.4631   3.4620
 CONDUCTIVITY      5.1593   4.7246   4.7096   4.7016   4.6944   4.6864   4.6780   4.6700
 PRANDTL NUMBER    0.7109   0.7122   0.7122   0.7122   0.7122   0.7123   0.7123   0.7123

 PERFORMANCE PARAMETERS

 Ae/At                      1.0000   1.0003   1.0007   1.0012   1.0019   1.0028   1.0038
 CSTAR, M/SEC               2154.1   2154.1   2154.1   2154.1   2154.1   2154.1   2154.1
 CF                         0.6785   0.6898   0.6957   0.7011   0.7069   0.7130   0.7187
 Ivac, M/SEC                2675.8   2676.2   2676.7   2677.3   2678.1   2679.1   2680.2
 Isp, M/SEC                 1461.6   1485.9   1498.7   1510.2   1522.7   1535.8   1548.1

 MOLE FRACTIONS

 *H              0.05034   HO2             0.00005   *H2             0.19404
 H2O             0.65468   H2O2            0.00001   *O              0.01080
 *OH             0.07595   *O2             0.01413

  * THERMODYNAMIC PROPERTIES FITTED TO 20000.K

    PRODUCTS WHICH WERE CONSIDERED BUT WHOSE MOLE FRACTIONS
    WERE LESS THAN 5.000000E-06 FOR ALL ASSIGNED CONDITIONS

 O3              H2O(cr)         H2O(L)         

 NOTE. WEIGHT FRACTION OF FUEL IN TOTAL FUELS AND OF OXIDANT IN TOTAL OXIDANTS



