
 *******************************************************************************

         NASA-GLENN CHEMICAL EQUILIBRIUM PROGRAM CEA2, MAY 21, 2004
                   BY  BONNIE MCBRIDE AND SANFORD GORDON
      REFS: NASA RP-1311, PART I, 1994 AND NASA RP-1311, PART II, 1996

 *******************************************************************************



 problem rocket eq fr
     p(bar) = 11.73
     o/f = 6.7
     sub = 2.3064, 2.306, 2.3056, 2.3052, 2.3048, 2.3044
 reac
     fuel = H2(L) t(K) = 30.000
     ox = O2(L) t(K) = 96.700
 outp trans
 end

 OPTIONS: TP=F  HP=F  SP=F  TV=F  UV=F  SV=F  DETN=F  SHOCK=F  REFL=F  INCD=F
 RKT=T  FROZ=T  EQL=T  IONS=F  SIUNIT=T  DEBUGF=F  SHKDBG=F  DETDBG=F  TRNSPT=T

 TRACE= 0.00E+00  S/R= 0.000000E+00  H/R= 0.000000E+00  U/R= 0.000000E+00

 Pc,BAR =    11.730000

 Pc/P =

 SUBSONIC AREA RATIOS =     2.3064     2.3060     2.3056     2.3052     2.3048
     2.3044

 SUPERSONIC AREA RATIOS =

 NFZ=  1  Mdot/Ac= 0.000000E+00  Ac/At= 0.000000E+00

 NOTE! REACTANT H2(L)          HAS BEEN DEFINED FOR TEMPERATURE   20.27K ONLY.
 YOUR TEMPERATURE ASSIGNMENT   30.00 IS NOT = BUT <10 K FROM THIS VALUE. (REACT)

 WARNING!!  AMOUNT MISSING FOR REACTANT  1.
 PROGRAM SETS WEIGHT PERCENT = 100. (REACT)

 NOTE! REACTANT O2(L)          HAS BEEN DEFINED FOR TEMPERATURE   90.17K ONLY.
 YOUR TEMPERATURE ASSIGNMENT   96.70 IS NOT = BUT <10 K FROM THIS VALUE. (REACT)

 WARNING!!  AMOUNT MISSING FOR REACTANT  2.
 PROGRAM SETS WEIGHT PERCENT = 100. (REACT)

    REACTANT          WT.FRAC   (ENERGY/R),K   TEMP,K  DENSITY
        EXPLODED FORMULA
 F: H2(L)            1.000000  -0.108389E+04    20.27  0.0000
          H  2.00000
 O: O2(L)            1.000000  -0.156101E+04    90.17  0.0000
          O  2.00000

  SPECIES BEING CONSIDERED IN THIS SYSTEM
 (CONDENSED PHASE MAY HAVE NAME LISTED SEVERAL TIMES)
  LAST thermo.inp UPDATE:    9/09/04

  g 6/97  *H               g 4/02  HO2              tpis78  *H2            
  g 8/89  H2O              g 6/99  H2O2             g 5/97  *O             
  g 4/02  *OH              tpis89  *O2              g 8/01  O3             
  g11/99  H2O(cr)          g 8/01  H2O(L)           g 8/01  H2O(L)         

 SPECIES WITH TRANSPORT PROPERTIES

        PURE SPECIES

  H                 H2                H2O               O               
  OH                O2              

     BINARY INTERACTIONS

     H               H2              
     H               O               
     H2              H2O             
     H2              O2              
     H2O             O2              
     O               O2              


 O/F =   6.700000

                       EFFECTIVE FUEL     EFFECTIVE OXIDANT        MIXTURE
 ENTHALPY                  h(2)/R              h(1)/R               h0/R
 (KG-MOL)(K)/KG       -0.53767500E+03     -0.48783267E+02     -0.11227570E+03

 KG-FORM.WT./KG             bi(2)               bi(1)               b0i
  *H                   0.99212255E+00      0.00000000E+00      0.12884708E+00
  *O                   0.00000000E+00      0.62502344E-01      0.54385156E-01

 POINT ITN      T            H           O 
   1    9    3326.707     -10.197     -16.247
 Pinf/Pt = 1.725231
   2    3    3177.948     -10.404     -16.506
 Pinf/Pt = 1.723576
   2    2    3178.203     -10.404     -16.506
   3    2    3317.398     -10.210     -16.263
   3    2    3315.552     -10.212     -16.266
   3    2    3315.342     -10.213     -16.266
   3    1    3315.340     -10.213     -16.266
   4    2    3317.395     -10.210     -16.263
   4    2    3315.548     -10.212     -16.266
   4    2    3315.338     -10.213     -16.266
   4    1    3315.336     -10.213     -16.266
   5    2    3317.392     -10.210     -16.263
   5    2    3315.544     -10.212     -16.266
   5    2    3315.333     -10.213     -16.266
   5    1    3315.331     -10.213     -16.266
   6    2    3317.388     -10.210     -16.263
   6    2    3315.539     -10.212     -16.266
   6    2    3315.329     -10.213     -16.266
   6    1    3315.327     -10.213     -16.266
   7    2    3317.385     -10.210     -16.263
   7    2    3315.535     -10.212     -16.266
   7    2    3315.325     -10.213     -16.266
   7    1    3315.323     -10.213     -16.266
   8    2    3317.381     -10.210     -16.263
   8    2    3315.531     -10.212     -16.266
   8    2    3315.321     -10.213     -16.266
   8    1    3315.318     -10.213     -16.266





              THEORETICAL ROCKET PERFORMANCE ASSUMING EQUILIBRIUM

           COMPOSITION DURING EXPANSION FROM INFINITE AREA COMBUSTOR

 Pin =   170.1 PSIA
 CASE =                

             REACTANT                    WT FRACTION      ENERGY      TEMP
                                          (SEE NOTE)     KJ/KG-MOL      K  
 FUEL        H2(L)                        1.0000000     -9012.000     20.270
 OXIDANT     O2(L)                        1.0000000    -12979.000     90.170

 O/F=    6.70000  %FUEL= 12.987013  R,EQ.RATIO= 1.184580  PHI,EQ.RATIO= 1.184580

                 CHAMBER   THROAT     EXIT     EXIT     EXIT     EXIT     EXIT     EXIT
 Pinf/P            1.0000   1.7236   1.0414   1.0414   1.0415   1.0415   1.0415   1.0415
 P, BAR            11.730   6.8056   11.263   11.263   11.263   11.263   11.263   11.263
 T, K             3326.71  3178.20  3315.34  3315.34  3315.33  3315.33  3315.32  3315.32
 RHO, KG/CU M    6.0027-1 3.6967-1 5.7899-1 5.7898-1 5.7897-1 5.7897-1 5.7896-1 5.7895-1
 H, KJ/KG         -933.52 -1966.15 -1012.65 -1012.68 -1012.71 -1012.74 -1012.77 -1012.80
 U, KJ/KG        -2887.62 -3807.16 -2958.02 -2958.04 -2958.07 -2958.09 -2958.12 -2958.15
 G, KJ/KG        -60782.5 -59143.5 -60657.1 -60657.1 -60657.0 -60657.0 -60656.9 -60656.9
 S, KJ/(KG)(K)    17.9905  17.9905  17.9905  17.9905  17.9905  17.9905  17.9905  17.9905

 M, (1/n)          14.155   14.354   14.170   14.170   14.170   14.170   14.170   14.170
 (dLV/dLP)t      -1.04668 -1.04060 -1.04623 -1.04623 -1.04623 -1.04623 -1.04623 -1.04623
 (dLV/dLT)p        1.8632   1.7866   1.8579   1.8579   1.8579   1.8579   1.8579   1.8579
 Cp, KJ/(KG)(K)   12.9713  12.3934  12.9336  12.9336  12.9336  12.9335  12.9335  12.9335
 GAMMAs            1.1243   1.1218   1.1241   1.1241   1.1241   1.1241   1.1241   1.1241
 SON VEL,M/SEC     1482.2   1437.1   1478.8   1478.8   1478.7   1478.7   1478.7   1478.7
 MACH NUMBER        0.000    1.000    0.269    0.269    0.269    0.269    0.269    0.269

 TRANSPORT PROPERTIES (GASES ONLY)
   CONDUCTIVITY IN UNITS OF MILLIWATTS/(CM)(K)

 VISC,MILLIPOISE   1.0408   1.0060   1.0381   1.0381   1.0381   1.0381   1.0381   1.0381

  WITH EQUILIBRIUM REACTIONS

 Cp, KJ/(KG)(K)   12.9713  12.3934  12.9336  12.9336  12.9336  12.9335  12.9335  12.9335
 CONDUCTIVITY     25.9572  23.8289  25.8058  25.8057  25.8057  25.8056  25.8056  25.8055
 PRANDTL NUMBER    0.5201   0.5232   0.5203   0.5203   0.5203   0.5203   0.5203   0.5203

  WITH FROZEN REACTIONS

 Cp, KJ/(KG)(K)    3.5241   3.4986   3.5222   3.5222   3.5222   3.5222   3.5222   3.5222
 CONDUCTIVITY      5.1593   4.9042   5.1398   5.1398   5.1398   5.1398   5.1398   5.1398
 PRANDTL NUMBER    0.7109   0.7177   0.7114   0.7114   0.7114   0.7114   0.7114   0.7114

 PERFORMANCE PARAMETERS

 Ae/At                      1.0000   2.3064   2.3060   2.3056   2.3052   2.3048   2.3044
 CSTAR, M/SEC               2208.0   2208.0   2208.0   2208.0   2208.0   2208.0   2208.0
 CF                         0.6509   0.1802   0.1802   0.1802   0.1803   0.1803   0.1803
 Ivac, M/SEC                2718.2   5287.8   5286.9   5286.1   5285.2   5284.4   5283.5
 Isp, M/SEC                 1437.1    397.8    397.9    398.0    398.1    398.1    398.2


 MOLE FRACTIONS

 *H               0.05034  0.04402  0.04986  0.04986  0.04986  0.04986  0.04986  0.04986
 HO2              0.00005  0.00003  0.00004  0.00004  0.00004  0.00004  0.00004  0.00004
 *H2              0.19404  0.18749  0.19355  0.19355  0.19355  0.19355  0.19355  0.19355
 H2O              0.65468  0.68254  0.65678  0.65678  0.65678  0.65678  0.65678  0.65678
 H2O2             0.00001  0.00000  0.00001  0.00001  0.00001  0.00001  0.00001  0.00001
 *O               0.01080  0.00850  0.01062  0.01062  0.01062  0.01062  0.01062  0.01062
 *OH              0.07595  0.06531  0.07515  0.07515  0.07515  0.07515  0.07515  0.07515
 *O2              0.01413  0.01210  0.01399  0.01399  0.01399  0.01399  0.01399  0.01399

  * THERMODYNAMIC PROPERTIES FITTED TO 20000.K

    PRODUCTS WHICH WERE CONSIDERED BUT WHOSE MOLE FRACTIONS
    WERE LESS THAN 5.000000E-06 FOR ALL ASSIGNED CONDITIONS

 O3              H2O(cr)         H2O(L)         

 NOTE. WEIGHT FRACTION OF FUEL IN TOTAL FUELS AND OF OXIDANT IN TOTAL OXIDANTS





           THEORETICAL ROCKET PERFORMANCE ASSUMING FROZEN COMPOSITION

 Pin =   170.1 PSIA
 CASE =                

             REACTANT                    WT FRACTION      ENERGY      TEMP
                                          (SEE NOTE)     KJ/KG-MOL      K  
 FUEL        H2(L)                        1.0000000     -9012.000     20.270
 OXIDANT     O2(L)                        1.0000000    -12979.000     90.170

 O/F=    6.70000  %FUEL= 12.987013  R,EQ.RATIO= 1.184580  PHI,EQ.RATIO= 1.184580

                 CHAMBER   THROAT     EXIT     EXIT     EXIT     EXIT     EXIT     EXIT
 Pinf/P            1.0000   1.7741   1.0436   1.0436   1.0436   1.0436   1.0436   1.0437
 P, BAR            11.730   6.6116   11.240   11.240   11.240   11.240   11.240   11.239
 T, K             3326.71  3021.30  3303.13  3303.12  3303.11  3303.10  3303.09  3303.08
 RHO, KG/CU M    6.0027-1 3.7255-1 5.7932-1 5.7931-1 5.7930-1 5.7929-1 5.7929-1 5.7928-1
 H, KJ/KG         -933.52 -2001.73 -1016.56 -1016.59 -1016.63 -1016.66 -1016.69 -1016.72
 U, KJ/KG        -2887.62 -3776.43 -2956.82 -2956.84 -2956.87 -2956.90 -2956.92 -2956.95
 G, KJ/KG        -60782.5 -56356.2 -60441.4 -60441.2 -60441.1 -60441.0 -60440.9 -60440.7
 S, KJ/(KG)(K)    17.9905  17.9905  17.9905  17.9905  17.9905  17.9905  17.9905  17.9905

 M, (1/n)          14.155   14.155   14.155   14.155   14.155   14.155   14.155   14.155
 Cp, KJ/(KG)(K)    3.5241   3.4695   3.5202   3.5202   3.5202   3.5202   3.5202   3.5202
 GAMMAs            1.2000   1.2038   1.2003   1.2003   1.2003   1.2003   1.2003   1.2003
 SON VEL,M/SEC     1531.3   1461.6   1526.1   1526.1   1526.1   1526.1   1526.1   1526.1
 MACH NUMBER        0.000    1.000    0.267    0.267    0.267    0.267    0.267    0.267

 TRANSPORT PROPERTIES (GASES ONLY)
   CONDUCTIVITY IN UNITS OF MILLIWATTS/(CM)(K)

 VISC,MILLIPOISE   1.0408  0.96978   1.0354   1.0354   1.0354   1.0354   1.0354   1.0354

  WITH FROZEN REACTIONS

 Cp, KJ/(KG)(K)    3.5241   3.4695   3.5202   3.5202   3.5202   3.5202   3.5202   3.5202
 CONDUCTIVITY      5.1593   4.7246   5.1263   5.1263   5.1263   5.1263   5.1263   5.1263
 PRANDTL NUMBER    0.7109   0.7122   0.7110   0.7110   0.7110   0.7110   0.7110   0.7110

 PERFORMANCE PARAMETERS

 Ae/At                      1.0000   2.3064   2.3060   2.3056   2.3052   2.3048   2.3044
 CSTAR, M/SEC               2154.1   2154.1   2154.1   2154.1   2154.1   2154.1   2154.1
 CF                         0.6785   0.1892   0.1892   0.1893   0.1893   0.1893   0.1894
 Ivac, M/SEC                2675.8   5168.4   5167.6   5166.7   5165.9   5165.1   5164.3
 Isp, M/SEC                 1461.6    407.5    407.6    407.7    407.8    407.8    407.9

 MOLE FRACTIONS

 *H              0.05034   HO2             0.00005   *H2             0.19404
 H2O             0.65468   H2O2            0.00001   *O              0.01080
 *OH             0.07595   *O2             0.01413

  * THERMODYNAMIC PROPERTIES FITTED TO 20000.K

    PRODUCTS WHICH WERE CONSIDERED BUT WHOSE MOLE FRACTIONS
    WERE LESS THAN 5.000000E-06 FOR ALL ASSIGNED CONDITIONS

 O3              H2O(cr)         H2O(L)         

 NOTE. WEIGHT FRACTION OF FUEL IN TOTAL FUELS AND OF OXIDANT IN TOTAL OXIDANTS



