
 *******************************************************************************

         NASA-GLENN CHEMICAL EQUILIBRIUM PROGRAM CEA2, MAY 21, 2004
                   BY  BONNIE MCBRIDE AND SANFORD GORDON
      REFS: NASA RP-1311, PART I, 1994 AND NASA RP-1311, PART II, 1996

 *******************************************************************************



 problem rocket eq fr
     p(bar) = 11.73
     o/f = 6.7
     sub = 2.0006, 1.9945, 1.9882, 1.9819, 1.9756, 1.9692
 reac
     fuel = H2(L) t(K) = 30.000
     ox = O2(L) t(K) = 96.700
 outp trans
 end

 OPTIONS: TP=F  HP=F  SP=F  TV=F  UV=F  SV=F  DETN=F  SHOCK=F  REFL=F  INCD=F
 RKT=T  FROZ=T  EQL=T  IONS=F  SIUNIT=T  DEBUGF=F  SHKDBG=F  DETDBG=F  TRNSPT=T

 TRACE= 0.00E+00  S/R= 0.000000E+00  H/R= 0.000000E+00  U/R= 0.000000E+00

 Pc,BAR =    11.730000

 Pc/P =

 SUBSONIC AREA RATIOS =     2.0006     1.9945     1.9882     1.9819     1.9756
     1.9692

 SUPERSONIC AREA RATIOS =

 NFZ=  1  Mdot/Ac= 0.000000E+00  Ac/At= 0.000000E+00

 NOTE! REACTANT H2(L)          HAS BEEN DEFINED FOR TEMPERATURE   20.27K ONLY.
 YOUR TEMPERATURE ASSIGNMENT   30.00 IS NOT = BUT <10 K FROM THIS VALUE. (REACT)

 WARNING!!  AMOUNT MISSING FOR REACTANT  1.
 PROGRAM SETS WEIGHT PERCENT = 100. (REACT)

 NOTE! REACTANT O2(L)          HAS BEEN DEFINED FOR TEMPERATURE   90.17K ONLY.
 YOUR TEMPERATURE ASSIGNMENT   96.70 IS NOT = BUT <10 K FROM THIS VALUE. (REACT)

 WARNING!!  AMOUNT MISSING FOR REACTANT  2.
 PROGRAM SETS WEIGHT PERCENT = 100. (REACT)

    REACTANT          WT.FRAC   (ENERGY/R),K   TEMP,K  DENSITY
        EXPLODED FORMULA
 F: H2(L)            1.000000  -0.108389E+04    20.27  0.0000
          H  2.00000
 O: O2(L)            1.000000  -0.156101E+04    90.17  0.0000
          O  2.00000

  SPECIES BEING CONSIDERED IN THIS SYSTEM
 (CONDENSED PHASE MAY HAVE NAME LISTED SEVERAL TIMES)
  LAST thermo.inp UPDATE:    9/09/04

  g 6/97  *H               g 4/02  HO2              tpis78  *H2            
  g 8/89  H2O              g 6/99  H2O2             g 5/97  *O             
  g 4/02  *OH              tpis89  *O2              g 8/01  O3             
  g11/99  H2O(cr)          g 8/01  H2O(L)           g 8/01  H2O(L)         

 SPECIES WITH TRANSPORT PROPERTIES

        PURE SPECIES

  H                 H2                H2O               O               
  OH                O2              

     BINARY INTERACTIONS

     H               H2              
     H               O               
     H2              H2O             
     H2              O2              
     H2O             O2              
     O               O2              


 O/F =   6.700000

                       EFFECTIVE FUEL     EFFECTIVE OXIDANT        MIXTURE
 ENTHALPY                  h(2)/R              h(1)/R               h0/R
 (KG-MOL)(K)/KG       -0.53767500E+03     -0.48783267E+02     -0.11227570E+03

 KG-FORM.WT./KG             bi(2)               bi(1)               b0i
  *H                   0.99212255E+00      0.00000000E+00      0.12884708E+00
  *O                   0.00000000E+00      0.62502344E-01      0.54385156E-01

 POINT ITN      T            H           O 
   1    9    3326.707     -10.197     -16.247
 Pinf/Pt = 1.725231
   2    3    3177.948     -10.404     -16.506
 Pinf/Pt = 1.723576
   2    2    3178.203     -10.404     -16.506
   3    3    3314.095     -10.214     -16.268
   3    2    3311.511     -10.218     -16.272
   3    2    3311.198     -10.218     -16.273
   3    1    3311.195     -10.218     -16.273
   4    2    3314.010     -10.214     -16.268
   4    2    3311.408     -10.218     -16.272
   4    2    3311.093     -10.218     -16.273
   4    1    3311.089     -10.218     -16.273
   5    2    3313.921     -10.214     -16.268
   5    2    3311.301     -10.218     -16.273
   5    2    3310.983     -10.218     -16.273
   5    1    3310.979     -10.218     -16.273
   6    2    3313.831     -10.215     -16.268
   6    2    3311.192     -10.218     -16.273
   6    2    3310.871     -10.219     -16.273
   6    1    3310.868     -10.219     -16.273
   7    2    3313.740     -10.215     -16.269
   7    2    3311.082     -10.218     -16.273
   7    2    3310.759     -10.219     -16.273
   7    1    3310.755     -10.219     -16.273
   8    2    3313.646     -10.215     -16.269
   8    2    3310.969     -10.218     -16.273
   8    2    3310.643     -10.219     -16.274
   8    1    3310.639     -10.219     -16.274





              THEORETICAL ROCKET PERFORMANCE ASSUMING EQUILIBRIUM

           COMPOSITION DURING EXPANSION FROM INFINITE AREA COMBUSTOR

 Pin =   170.1 PSIA
 CASE =                

             REACTANT                    WT FRACTION      ENERGY      TEMP
                                          (SEE NOTE)     KJ/KG-MOL      K  
 FUEL        H2(L)                        1.0000000     -9012.000     20.270
 OXIDANT     O2(L)                        1.0000000    -12979.000     90.170

 O/F=    6.70000  %FUEL= 12.987013  R,EQ.RATIO= 1.184580  PHI,EQ.RATIO= 1.184580

                 CHAMBER   THROAT     EXIT     EXIT     EXIT     EXIT     EXIT     EXIT
 Pinf/P            1.0000   1.7236   1.0570   1.0574   1.0578   1.0582   1.0587   1.0591
 P, BAR            11.730   6.8056   11.097   11.093   11.089   11.084   11.080   11.075
 T, K             3326.71  3178.20  3311.19  3311.09  3310.98  3310.87  3310.75  3310.64
 RHO, KG/CU M    6.0027-1 3.6967-1 5.7139-1 5.7120-1 5.7100-1 5.7080-1 5.7059-1 5.7038-1
 H, KJ/KG         -933.52 -1966.15 -1041.51 -1042.24 -1043.01 -1043.78 -1044.57 -1045.37
 U, KJ/KG        -2887.62 -3807.16 -2983.69 -2984.34 -2985.02 -2985.71 -2986.41 -2987.13
 G, KJ/KG        -60782.5 -59143.5 -60611.4 -60610.3 -60609.0 -60607.8 -60606.6 -60605.3
 S, KJ/(KG)(K)    17.9905  17.9905  17.9905  17.9905  17.9905  17.9905  17.9905  17.9905

 M, (1/n)          14.155   14.354   14.175   14.175   14.176   14.176   14.176   14.176
 (dLV/dLP)t      -1.04668 -1.04060 -1.04607 -1.04606 -1.04606 -1.04605 -1.04605 -1.04604
 (dLV/dLT)p        1.8632   1.7866   1.8559   1.8559   1.8558   1.8557   1.8557   1.8556
 Cp, KJ/(KG)(K)   12.9713  12.3934  12.9196  12.9192  12.9189  12.9185  12.9181  12.9177
 GAMMAs            1.1243   1.1218   1.1240   1.1240   1.1240   1.1240   1.1240   1.1240
 SON VEL,M/SEC     1482.2   1437.1   1477.5   1477.5   1477.4   1477.4   1477.4   1477.3
 MACH NUMBER        0.000    1.000    0.315    0.316    0.317    0.318    0.319    0.320

 TRANSPORT PROPERTIES (GASES ONLY)
   CONDUCTIVITY IN UNITS OF MILLIWATTS/(CM)(K)

 VISC,MILLIPOISE   1.0408   1.0060   1.0372   1.0371   1.0371   1.0371   1.0371   1.0370

  WITH EQUILIBRIUM REACTIONS

 Cp, KJ/(KG)(K)   12.9713  12.3934  12.9196  12.9192  12.9189  12.9185  12.9181  12.9177
 CONDUCTIVITY     25.9572  23.8289  25.7501  25.7487  25.7472  25.7457  25.7442  25.7426
 PRANDTL NUMBER    0.5201   0.5232   0.5204   0.5204   0.5204   0.5204   0.5204   0.5204

  WITH FROZEN REACTIONS

 Cp, KJ/(KG)(K)    3.5241   3.4986   3.5215   3.5215   3.5215   3.5215   3.5215   3.5214
 CONDUCTIVITY      5.1593   4.9042   5.1327   5.1325   5.1324   5.1322   5.1320   5.1318
 PRANDTL NUMBER    0.7109   0.7177   0.7116   0.7116   0.7116   0.7116   0.7116   0.7116

 PERFORMANCE PARAMETERS

 Ae/At                      1.0000   2.0006   1.9945   1.9882   1.9819   1.9756   1.9692
 CSTAR, M/SEC               2208.0   2208.0   2208.0   2208.0   2208.0   2208.0   2208.0
 CF                         0.6509   0.2105   0.2112   0.2119   0.2127   0.2134   0.2142
 Ivac, M/SEC                2718.2   4643.8   4631.1   4618.0   4604.8   4591.7   4578.3
 Isp, M/SEC                 1437.1    464.7    466.3    468.0    469.6    471.3    473.0


 MOLE FRACTIONS

 *H               0.05034  0.04402  0.04968  0.04968  0.04967  0.04967  0.04966  0.04966
 HO2              0.00005  0.00003  0.00004  0.00004  0.00004  0.00004  0.00004  0.00004
 *H2              0.19404  0.18749  0.19338  0.19337  0.19337  0.19336  0.19336  0.19335
 H2O              0.65468  0.68254  0.65755  0.65757  0.65759  0.65761  0.65763  0.65765
 H2O2             0.00001  0.00000  0.00001  0.00001  0.00001  0.00001  0.00001  0.00001
 *O               0.01080  0.00850  0.01055  0.01055  0.01055  0.01055  0.01054  0.01054
 *OH              0.07595  0.06531  0.07486  0.07485  0.07484  0.07484  0.07483  0.07482
 *O2              0.01413  0.01210  0.01393  0.01393  0.01393  0.01393  0.01393  0.01393

  * THERMODYNAMIC PROPERTIES FITTED TO 20000.K

    PRODUCTS WHICH WERE CONSIDERED BUT WHOSE MOLE FRACTIONS
    WERE LESS THAN 5.000000E-06 FOR ALL ASSIGNED CONDITIONS

 O3              H2O(cr)         H2O(L)         

 NOTE. WEIGHT FRACTION OF FUEL IN TOTAL FUELS AND OF OXIDANT IN TOTAL OXIDANTS





           THEORETICAL ROCKET PERFORMANCE ASSUMING FROZEN COMPOSITION

 Pin =   170.1 PSIA
 CASE =                

             REACTANT                    WT FRACTION      ENERGY      TEMP
                                          (SEE NOTE)     KJ/KG-MOL      K  
 FUEL        H2(L)                        1.0000000     -9012.000     20.270
 OXIDANT     O2(L)                        1.0000000    -12979.000     90.170

 O/F=    6.70000  %FUEL= 12.987013  R,EQ.RATIO= 1.184580  PHI,EQ.RATIO= 1.184580

                 CHAMBER   THROAT     EXIT     EXIT     EXIT     EXIT     EXIT     EXIT
 Pinf/P            1.0000   1.7741   1.0600   1.0604   1.0608   1.0613   1.0617   1.0622
 P, BAR            11.730   6.6116   11.066   11.062   11.057   11.053   11.048   11.043
 T, K             3326.71  3021.30  3294.54  3294.32  3294.09  3293.86  3293.63  3293.39
 RHO, KG/CU M    6.0027-1 3.7255-1 5.7184-1 5.7165-1 5.7145-1 5.7125-1 5.7105-1 5.7084-1
 H, KJ/KG         -933.52 -2001.73 -1046.80 -1047.57 -1048.37 -1049.18 -1050.00 -1050.85
 U, KJ/KG        -2887.62 -3776.43 -2982.01 -2982.65 -2983.32 -2983.99 -2984.68 -2985.38
 G, KJ/KG        -60782.5 -56356.2 -60317.0 -60313.9 -60310.6 -60307.2 -60303.9 -60300.4
 S, KJ/(KG)(K)    17.9905  17.9905  17.9905  17.9905  17.9905  17.9905  17.9905  17.9905

 M, (1/n)          14.155   14.155   14.155   14.155   14.155   14.155   14.155   14.155
 Cp, KJ/(KG)(K)    3.5241   3.4695   3.5188   3.5187   3.5187   3.5187   3.5186   3.5186
 GAMMAs            1.2000   1.2038   1.2004   1.2004   1.2004   1.2004   1.2004   1.2004
 SON VEL,M/SEC     1531.3   1461.6   1524.1   1524.1   1524.0   1524.0   1523.9   1523.9
 MACH NUMBER        0.000    1.000    0.312    0.313    0.314    0.316    0.317    0.318

 TRANSPORT PROPERTIES (GASES ONLY)
   CONDUCTIVITY IN UNITS OF MILLIWATTS/(CM)(K)

 VISC,MILLIPOISE   1.0408  0.96978   1.0334   1.0334   1.0333   1.0333   1.0332   1.0332

  WITH FROZEN REACTIONS

 Cp, KJ/(KG)(K)    3.5241   3.4695   3.5188   3.5187   3.5187   3.5187   3.5186   3.5186
 CONDUCTIVITY      5.1593   4.7246   5.1143   5.1140   5.1136   5.1133   5.1130   5.1127
 PRANDTL NUMBER    0.7109   0.7122   0.7110   0.7110   0.7110   0.7110   0.7110   0.7110

 PERFORMANCE PARAMETERS

 Ae/At                      1.0000   2.0006   1.9945   1.9882   1.9819   1.9756   1.9692
 CSTAR, M/SEC               2154.1   2154.1   2154.1   2154.1   2154.1   2154.1   2154.1
 CF                         0.6785   0.2210   0.2217   0.2225   0.2233   0.2241   0.2249
 Ivac, M/SEC                2675.8   4541.7   4529.3   4516.5   4503.7   4490.9   4477.9
 Isp, M/SEC                 1461.6    476.0    477.6    479.3    481.0    482.7    484.4

 MOLE FRACTIONS

 *H              0.05034   HO2             0.00005   *H2             0.19404
 H2O             0.65468   H2O2            0.00001   *O              0.01080
 *OH             0.07595   *O2             0.01413

  * THERMODYNAMIC PROPERTIES FITTED TO 20000.K

    PRODUCTS WHICH WERE CONSIDERED BUT WHOSE MOLE FRACTIONS
    WERE LESS THAN 5.000000E-06 FOR ALL ASSIGNED CONDITIONS

 O3              H2O(cr)         H2O(L)         

 NOTE. WEIGHT FRACTION OF FUEL IN TOTAL FUELS AND OF OXIDANT IN TOTAL OXIDANTS



